Log file open, 05/29/17 19:08:26
LogInit:Display: Running engine for game: ProjectActual
LogPlatformFile: Not using cached read wrapper
LogInit:Display: RandInit(-1324394650) SRandInit(-1324394650).
LogTaskGraph: Started task graph with 5 named threads and 6 total threads with 1 sets of task threads.
LogStats: Stats thread started at 0.078259
LogPluginManager: Loaded Plugin Paper2D, From C:/Program Files/Epic Games/UE_4.14/Engine/Plugins/2D/Paper2D/Paper2D.uplugin
LogPluginManager: Loaded Plugin LightPropagationVolume, From C:/Program Files/Epic Games/UE_4.14/Engine/Plugins/Blendables/LightPropagationVolume/LightPropagationVolume.uplugin
LogPluginManager: Loaded Plugin BlankPlugin, From C:/Program Files/Epic Games/UE_4.14/Engine/Plugins/Developer/BlankPlugin/BlankPlugin.uplugin
LogPluginManager: Loaded Plugin CodeLiteSourceCodeAccess, From C:/Program Files/Epic Games/UE_4.14/Engine/Plugins/Developer/CodeLiteSourceCodeAccess/CodeLiteSourceCodeAccess.uplugin
LogPluginManager: Loaded Plugin GitSourceControl, From C:/Program Files/Epic Games/UE_4.14/Engine/Plugins/Developer/GitSourceControl/GitSourceControl.uplugin
LogPluginManager: Loaded Plugin KDevelopSourceCodeAccess, From C:/Program Files/Epic Games/UE_4.14/Engine/Plugins/Developer/KDevelopSourceCodeAccess/KDevelopSourceCodeAccess.uplugin
LogPluginManager: Loaded Plugin NullSourceCodeAccess, From C:/Program Files/Epic Games/UE_4.14/Engine/Plugins/Developer/NullSourceCodeAccess/NullSourceCodeAccess.uplugin
LogPluginManager: Loaded Plugin OneSkyLocalizationService, From C:/Program Files/Epic Games/UE_4.14/Engine/Plugins/Developer/OneSkyLocalizationService/OneSkyLocalizationService.uplugin
LogPluginManager: Loaded Plugin PerforceSourceControl, From C:/Program Files/Epic Games/UE_4.14/Engine/Plugins/Developer/PerforceSourceControl/PerforceSourceControl.uplugin
LogPluginManager: Loaded Plugin SubversionSourceControl, From C:/Program Files/Epic Games/UE_4.14/Engine/Plugins/Developer/SubversionSourceControl/SubversionSourceControl.uplugin
LogPluginManager: Loaded Plugin UObjectPlugin, From C:/Program Files/Epic Games/UE_4.14/Engine/Plugins/Developer/UObjectPlugin/UObjectPlugin.uplugin
LogPluginManager: Loaded Plugin VisualStudioSourceCodeAccess, From C:/Program Files/Epic Games/UE_4.14/Engine/Plugins/Developer/VisualStudioSourceCodeAccess/VisualStudioSourceCodeAccess.uplugin
LogPluginManager: Loaded Plugin XCodeSourceCodeAccess, From C:/Program Files/Epic Games/UE_4.14/Engine/Plugins/Developer/XCodeSourceCodeAccess/XCodeSourceCodeAccess.uplugin
LogPluginManager: Loaded Plugin AudioCapture, From C:/Program Files/Epic Games/UE_4.14/Engine/Plugins/Editor/AudioCapture/AudioCapture.uplugin
LogPluginManager: Loaded Plugin EpicSurvey, From C:/Program Files/Epic Games/UE_4.14/Engine/Plugins/Editor/EpicSurvey/EpicSurvey.uplugin
LogPluginManager: Loaded Plugin MacGraphicsSwitching, From C:/Program Files/Epic Games/UE_4.14/Engine/Plugins/Editor/MacGraphicsSwitching/MacGraphicsSwitching.uplugin
LogPluginManager: Loaded Plugin MobileLauncherProfileWizard, From C:/Program Files/Epic Games/UE_4.14/Engine/Plugins/Editor/MobileLauncherProfileWizard/MobileLauncherProfileWizard.uplugin
LogPluginManager: Loaded Plugin PluginBrowser, From C:/Program Files/Epic Games/UE_4.14/Engine/Plugins/Editor/PluginBrowser/PluginBrowser.uplugin
LogPluginManager: Loaded Plugin SpeedTreeImporter, From C:/Program Files/Epic Games/UE_4.14/Engine/Plugins/Editor/SpeedTreeImporter/SpeedTreeImporter.uplugin
LogPluginManager: Loaded Plugin SuperSearchEditor, From C:/Program Files/Epic Games/UE_4.14/Engine/Plugins/Editor/SuperSearchEditor/SuperSearchEditor.uplugin
LogPluginManager: Loaded Plugin AlembicImporter, From C:/Program Files/Epic Games/UE_4.14/Engine/Plugins/Experimental/AlembicImporter/AlembicImporter.uplugin
LogPluginManager: Loaded Plugin BlueprintStats, From C:/Program Files/Epic Games/UE_4.14/Engine/Plugins/Experimental/BlueprintStats/BlueprintStats.uplugin
LogPluginManager: Loaded Plugin CharacterAI, From C:/Program Files/Epic Games/UE_4.14/Engine/Plugins/Experimental/CharacterAI/CharacterAI.uplugin
LogPluginManager: Loaded Plugin CodeEditor, From C:/Program Files/Epic Games/UE_4.14/Engine/Plugins/Experimental/CodeEditor/CodeEditor.uplugin
LogPluginManager: Loaded Plugin CodeView, From C:/Program Files/Epic Games/UE_4.14/Engine/Plugins/Experimental/CodeView/CodeView.uplugin
LogPluginManager: Loaded Plugin HTML5Networking, From C:/Program Files/Epic Games/UE_4.14/Engine/Plugins/Experimental/HTML5Networking/HTML5Networking.uplugin
LogPluginManager: Loaded Plugin OSVR, From C:/Program Files/Epic Games/UE_4.14/Engine/Plugins/Experimental/OSVR/OSVR.uplugin
LogPluginManager: Loaded Plugin Phya, From C:/Program Files/Epic Games/UE_4.14/Engine/Plugins/Experimental/Phya/Phya.uplugin
LogPluginManager: Loaded Plugin SignificanceManager, From C:/Program Files/Epic Games/UE_4.14/Engine/Plugins/Experimental/SignificanceManager/SignificanceManager.uplugin
LogPluginManager: Loaded Plugin SimpleHMD, From C:/Program Files/Epic Games/UE_4.14/Engine/Plugins/Experimental/SimpleHMD/SimpleHMD.uplugin
LogPluginManager: Loaded Plugin StereoPanorama, From C:/Program Files/Epic Games/UE_4.14/Engine/Plugins/Experimental/StereoPanorama/StereoPanorama.uplugin
LogPluginManager: Loaded Plugin StructBox, From C:/Program Files/Epic Games/UE_4.14/Engine/Plugins/Experimental/StructBox/StructBox.uplugin
LogPluginManager: Loaded Plugin AndroidMedia, From C:/Program Files/Epic Games/UE_4.14/Engine/Plugins/Media/AndroidMedia/AndroidMedia.uplugin
LogPluginManager: Loaded Plugin AvfMedia, From C:/Program Files/Epic Games/UE_4.14/Engine/Plugins/Media/AvfMedia/AvfMedia.uplugin
LogPluginManager: Loaded Plugin MediaPlayerEditor, From C:/Program Files/Epic Games/UE_4.14/Engine/Plugins/Media/MediaPlayerEditor/MediaPlayerEditor.uplugin
LogPluginManager: Loaded Plugin WmfMedia, From C:/Program Files/Epic Games/UE_4.14/Engine/Plugins/Media/WmfMedia/WmfMedia.uplugin
LogPluginManager: Loaded Plugin MessagingDebugger, From C:/Program Files/Epic Games/UE_4.14/Engine/Plugins/Messaging/MessagingDebugger/MessagingDebugger.uplugin
LogPluginManager: Loaded Plugin TcpMessaging, From C:/Program Files/Epic Games/UE_4.14/Engine/Plugins/Messaging/TcpMessaging/TcpMessaging.uplugin
LogPluginManager: Loaded Plugin UdpMessaging, From C:/Program Files/Epic Games/UE_4.14/Engine/Plugins/Messaging/UdpMessaging/UdpMessaging.uplugin
LogPluginManager: Loaded Plugin LevelSequenceEditor, From C:/Program Files/Epic Games/UE_4.14/Engine/Plugins/MovieScene/LevelSequenceEditor/LevelSequenceEditor.uplugin
LogPluginManager: Loaded Plugin MatineeToLevelSequence, From C:/Program Files/Epic Games/UE_4.14/Engine/Plugins/MovieScene/MatineeToLevelSequence/MatineeToLevelSequence.uplugin
LogPluginManager: Loaded Plugin NetcodeUnitTest, From C:/Program Files/Epic Games/UE_4.14/Engine/Plugins/NetcodeUnitTest/NetcodeUnitTest/NetcodeUnitTest.uplugin
LogPluginManager: Loaded Plugin NUTUnrealEngine4, From C:/Program Files/Epic Games/UE_4.14/Engine/Plugins/NetcodeUnitTest/NUTUnrealEngine4/NUTUnrealEngine4.uplugin
LogPluginManager: Loaded Plugin OnlineSubsystemGameCircle, From C:/Program Files/Epic Games/UE_4.14/Engine/Plugins/Online/Android/OnlineSubsystemGameCircle/OnlineSubsystemGameCircle.uplugin
LogPluginManager: Loaded Plugin OnlineSubsystemGooglePlay, From C:/Program Files/Epic Games/UE_4.14/Engine/Plugins/Online/Android/OnlineSubsystemGooglePlay/OnlineSubsystemGooglePlay.uplugin
LogPluginManager: Loaded Plugin OnlineSubsystemIOS, From C:/Program Files/Epic Games/UE_4.14/Engine/Plugins/Online/IOS/OnlineSubsystemIOS/OnlineSubsystemIOS.uplugin
LogPluginManager: Loaded Plugin OnlineFramework, From C:/Program Files/Epic Games/UE_4.14/Engine/Plugins/Online/OnlineFramework/OnlineFramework.uplugin
LogPluginManager: Loaded Plugin OnlineSubsystem, From C:/Program Files/Epic Games/UE_4.14/Engine/Plugins/Online/OnlineSubsystem/OnlineSubsystem.uplugin
LogPluginManager: Loaded Plugin OnlineSubsystemAmazon, From C:/Program Files/Epic Games/UE_4.14/Engine/Plugins/Online/OnlineSubsystemAmazon/OnlineSubsystemAmazon.uplugin
LogPluginManager: Loaded Plugin OnlineSubsystemFacebook, From C:/Program Files/Epic Games/UE_4.14/Engine/Plugins/Online/OnlineSubsystemFacebook/OnlineSubsystemFacebook.uplugin
LogPluginManager: Loaded Plugin OnlineSubsystemNull, From C:/Program Files/Epic Games/UE_4.14/Engine/Plugins/Online/OnlineSubsystemNull/OnlineSubsystemNull.uplugin
LogPluginManager: Loaded Plugin OnlineSubsystemOculus, From C:/Program Files/Epic Games/UE_4.14/Engine/Plugins/Online/OnlineSubsystemOculus/OnlineSubsystemOculus.uplugin
LogPluginManager: Loaded Plugin OnlineSubsystemSteam, From C:/Program Files/Epic Games/UE_4.14/Engine/Plugins/Online/OnlineSubsystemSteam/OnlineSubsystemSteam.uplugin
LogPluginManager: Loaded Plugin OnlineSubsystemUtils, From C:/Program Files/Epic Games/UE_4.14/Engine/Plugins/Online/OnlineSubsystemUtils/OnlineSubsystemUtils.uplugin
LogPluginManager: Loaded Plugin IOSTapJoy, From C:/Program Files/Epic Games/UE_4.14/Engine/Plugins/Runtime/Advertising/IOSTapJoy/IOSTapJoy.uplugin
LogPluginManager: Loaded Plugin AnalyticsBlueprintLibrary, From C:/Program Files/Epic Games/UE_4.14/Engine/Plugins/Runtime/Analytics/AnalyticsBlueprintLibrary/AnalyticsBlueprintLibrary.uplugin
LogPluginManager: Loaded Plugin AnalyticsMulticast, From C:/Program Files/Epic Games/UE_4.14/Engine/Plugins/Runtime/Analytics/AnalyticsMulticast/AnalyticsMulticast.uplugin
LogPluginManager: Loaded Plugin Apsalar, From C:/Program Files/Epic Games/UE_4.14/Engine/Plugins/Runtime/Analytics/Apsalar/Apsalar.uplugin
LogPluginManager: Loaded Plugin FileLogging, From C:/Program Files/Epic Games/UE_4.14/Engine/Plugins/Runtime/Analytics/FileLogging/FileLogging.uplugin
LogPluginManager: Loaded Plugin Flurry, From C:/Program Files/Epic Games/UE_4.14/Engine/Plugins/Runtime/Analytics/Flurry/Flurry.uplugin
LogPluginManager: Loaded Plugin AndroidDeviceProfileSelector, From C:/Program Files/Epic Games/UE_4.14/Engine/Plugins/Runtime/AndroidDeviceProfileSelector/AndroidDeviceProfileSelector.uplugin
LogPluginManager: Loaded Plugin AndroidMoviePlayer, From C:/Program Files/Epic Games/UE_4.14/Engine/Plugins/Runtime/AndroidMoviePlayer/AndroidMoviePlayer.uplugin
LogPluginManager: Loaded Plugin AppleMoviePlayer, From C:/Program Files/Epic Games/UE_4.14/Engine/Plugins/Runtime/AppleMoviePlayer/AppleMoviePlayer.uplugin
LogPluginManager: Loaded Plugin ArchVisCharacter, From C:/Program Files/Epic Games/UE_4.14/Engine/Plugins/Runtime/ArchVisCharacter/ArchVisCharacter.uplugin
LogPluginManager: Loaded Plugin CableComponent, From C:/Program Files/Epic Games/UE_4.14/Engine/Plugins/Runtime/CableComponent/CableComponent.uplugin
LogPluginManager: Loaded Plugin CustomMeshComponent, From C:/Program Files/Epic Games/UE_4.14/Engine/Plugins/Runtime/CustomMeshComponent/CustomMeshComponent.uplugin
LogPluginManager: Loaded Plugin ExampleDeviceProfileSelector, From C:/Program Files/Epic Games/UE_4.14/Engine/Plugins/Runtime/ExampleDeviceProfileSelector/ExampleDeviceProfileSelector.uplugin
LogPluginManager: Loaded Plugin GearVR, From C:/Program Files/Epic Games/UE_4.14/Engine/Plugins/Runtime/GearVR/GearVR.uplugin
LogPluginManager: Loaded Plugin GoogleVRController, From C:/Program Files/Epic Games/UE_4.14/Engine/Plugins/Runtime/GoogleVR/GoogleVRController/GoogleVRController.uplugin
LogPluginManager: Loaded Plugin GoogleVRHMD, From C:/Program Files/Epic Games/UE_4.14/Engine/Plugins/Runtime/GoogleVR/GoogleVRHMD/GoogleVRHMD.uplugin
LogPluginManager: Loaded Plugin IOSDeviceProfileSelector, From C:/Program Files/Epic Games/UE_4.14/Engine/Plugins/Runtime/IOSDeviceProfileSelector/IOSDeviceProfileSelector.uplugin
LogPluginManager: Loaded Plugin LeapMotion, From C:/Program Files/Epic Games/UE_4.14/Engine/Plugins/Runtime/LeapMotion/LeapMotion.uplugin
LogPluginManager: Loaded Plugin LinuxDeviceProfileSelector, From C:/Program Files/Epic Games/UE_4.14/Engine/Plugins/Runtime/LinuxDeviceProfileSelector/LinuxDeviceProfileSelector.uplugin
LogPluginManager: Loaded Plugin MIDIDevice, From C:/Program Files/Epic Games/UE_4.14/Engine/Plugins/Runtime/MIDIDevice/MIDIDevice.uplugin
LogPluginManager: Loaded Plugin MobilePatchingUtils, From C:/Program Files/Epic Games/UE_4.14/Engine/Plugins/Runtime/MobilePatchingUtils/MobilePatchingUtils.uplugin
LogPluginManager: Loaded Plugin Ansel, From C:/Program Files/Epic Games/UE_4.14/Engine/Plugins/Runtime/Nvidia/Ansel/Ansel.uplugin
LogPluginManager: Loaded Plugin OculusAudio, From C:/Program Files/Epic Games/UE_4.14/Engine/Plugins/Runtime/OculusAudio/OculusAudio.uplugin
LogPluginManager: Loaded Plugin OculusInput, From C:/Program Files/Epic Games/UE_4.14/Engine/Plugins/Runtime/OculusInput/OculusInput.uplugin
LogPluginManager: Loaded Plugin OculusLibrary, From C:/Program Files/Epic Games/UE_4.14/Engine/Plugins/Runtime/OculusLibrary/OculusLibrary.uplugin
LogPluginManager: Loaded Plugin OculusRift, From C:/Program Files/Epic Games/UE_4.14/Engine/Plugins/Runtime/OculusRift/OculusRift.uplugin
LogPluginManager: Loaded Plugin Oodle, From C:/Program Files/Epic Games/UE_4.14/Engine/Plugins/Runtime/PacketHandlers/CompressionComponents/Oodle/Oodle.uplugin
LogPluginManager: Loaded Plugin ProceduralMeshComponent, From C:/Program Files/Epic Games/UE_4.14/Engine/Plugins/Runtime/ProceduralMeshComponent/ProceduralMeshComponent.uplugin
LogPluginManager: Loaded Plugin SoundMod, From C:/Program Files/Epic Games/UE_4.14/Engine/Plugins/Runtime/SoundMod/SoundMod.uplugin
LogPluginManager: Loaded Plugin SoundVisualizations, From C:/Program Files/Epic Games/UE_4.14/Engine/Plugins/Runtime/SoundVisualizations/SoundVisualizations.uplugin
LogPluginManager: Loaded Plugin SteamController, From C:/Program Files/Epic Games/UE_4.14/Engine/Plugins/Runtime/Steam/SteamController/SteamController.uplugin
LogPluginManager: Loaded Plugin SteamVR, From C:/Program Files/Epic Games/UE_4.14/Engine/Plugins/Runtime/Steam/SteamVR/SteamVR.uplugin
LogPluginManager: Loaded Plugin WebBrowserWidget, From C:/Program Files/Epic Games/UE_4.14/Engine/Plugins/Runtime/WebBrowserWidget/WebBrowserWidget.uplugin
LogPluginManager: Loaded Plugin WindowsDeviceProfileSelector, From C:/Program Files/Epic Games/UE_4.14/Engine/Plugins/Runtime/WindowsDeviceProfileSelector/WindowsDeviceProfileSelector.uplugin
LogPluginManager: Loaded Plugin WindowsMoviePlayer, From C:/Program Files/Epic Games/UE_4.14/Engine/Plugins/Runtime/WindowsMoviePlayer/WindowsMoviePlayer.uplugin
LogPluginManager: Loaded Plugin ScriptPlugin, From C:/Program Files/Epic Games/UE_4.14/Engine/Plugins/ScriptPlugin/ScriptPlugin.uplugin
LogPluginManager: Loaded Plugin SlateRemote, From C:/Program Files/Epic Games/UE_4.14/Engine/Plugins/Slate/SlateRemote/SlateRemote.uplugin
LogPluginManager: Loaded Plugin EditorTests, From C:/Program Files/Epic Games/UE_4.14/Engine/Plugins/Tests/EditorTests/EditorTests.uplugin
LogPluginManager: Loaded Plugin FbxAutomationTestBuilder, From C:/Program Files/Epic Games/UE_4.14/Engine/Plugins/Tests/FbxAutomationTestBuilder/FbxAutomationTestBuilder.uplugin
LogPluginManager: Loaded Plugin FunctionalTestingEditor, From C:/Program Files/Epic Games/UE_4.14/Engine/Plugins/Tests/FunctionalTestingEditor/FunctionalTestingEditor.uplugin
LogPluginManager: Loaded Plugin RuntimeTests, From C:/Program Files/Epic Games/UE_4.14/Engine/Plugins/Tests/RuntimeTests/RuntimeTests.uplugin
LogPluginManager: Loaded Plugin ScreenshotTools, From C:/Program Files/Epic Games/UE_4.14/Engine/Plugins/Tests/ScreenshotTools/ScreenshotTools.uplugin
LogInit: Using libcurl 7.47.1
LogInit:  - built for x86_64-pc-win32
LogInit:  - supports SSL with OpenSSL/1.0.2g
LogInit:  - supports HTTP deflate (compression) using libz 1.2.8
LogInit:  - other features:
LogInit:      CURL_VERSION_SSL
LogInit:      CURL_VERSION_LIBZ
LogInit:      CURL_VERSION_IPV6
LogInit:      CURL_VERSION_ASYNCHDNS
LogInit:      CURL_VERSION_LARGEFILE
LogInit:      CURL_VERSION_IDN
LogInit:  CurlRequestOptions (configurable via config and command line):
LogInit:  - bVerifyPeer = false  - Libcurl will NOT verify peer certificate
LogInit:  - bUseHttpProxy = false  - Libcurl will NOT use HTTP proxy
LogInit:  - bDontReuseConnections = false  - Libcurl will reuse connections
LogInit:  - CertBundlePath = nullptr  - Libcurl will use whatever was configured at build time.
LogInit: Build: ++UE4+Release-4.14-CL-3249277
LogInit: Engine Version: 4.14.3-3249277+++UE4+Release-4.14
LogInit: Compatible Engine Version: 4.14.0-3195953+++UE4+Release-4.14
LogInit: Net CL: 3195953
LogDevObjectVersion: Number of dev versions registered: 13
LogDevObjectVersion:   Dev-Blueprints (B0D832E4-1F89-4F0D-ACCF-7EB736FD4AA2): 7
LogDevObjectVersion:   Dev-Build (E1C64328-A22C-4D53-A36C-8E866417BD8C): 0
LogDevObjectVersion:   Dev-Core (375EC13C-06E4-48FB-B500-84F0262A717E): 1
LogDevObjectVersion:   Dev-Editor (E4B068ED-F494-42E9-A231-DA0B2E46BB41): 8
LogDevObjectVersion:   Dev-Framework (CFFC743F-43B0-4480-9391-14DF171D2073): 17
LogDevObjectVersion:   Dev-Mobile (B02B49B5-BB20-44E9-A304-32B752E40360): 0
LogDevObjectVersion:   Dev-Networking (A4E4105C-59A1-49B5-A7C5-40C4547EDFEE): 0
LogDevObjectVersion:   Dev-Online (39C831C9-5AE6-47DC-9A44-9C173E1C8E7C): 0
LogDevObjectVersion:   Dev-Physics (78F01B33-EBEA-4F98-B9B4-84EACCB95AA2): 0
LogDevObjectVersion:   Dev-Platform (6631380F-2D4D-43E0-8009-CF276956A95A): 0
LogDevObjectVersion:   Dev-Rendering (12F88B9F-8875-4AFC-A67C-D90C383ABD29): 12
LogDevObjectVersion:   Dev-Sequencer (7B5AE74C-D270-4C10-A958-57980B212A5A): 1
LogDevObjectVersion:   Dev-VR (D7296918-1DD6-4BDD-9DE2-64A83CC13884): 0
LogInit: Compiled (64-bit): Jan  6 2017 10:49:43
LogInit: Compiled with Visual C++: 19.00.23026.00
LogInit: Build Configuration: Development
LogInit: Branch Name: ++UE4+Release-4.14
LogInit: Command line:  
LogInit: Base directory: C:/Program Files/Epic Games/UE_4.14/Engine/Binaries/Win64/
LogInit: Installed Engine Build: 1
LogInit: Presizing for max 8388607 objects, including 0 objects not considered by GC, pre-allocating 0 bytes for permanent pool.
LogInit: Object subsystem initialized
[2017.05.29-09.38.27:106][  0]LogInit: Selected Device Profile: [Windows]
[2017.05.29-09.38.27:106][  0]LogInit: Applying CVar settings loaded from the selected device profile: [Windows]
[2017.05.29-09.38.27:128][  0]LogInit: Computer: C215CG54555TB
[2017.05.29-09.38.27:128][  0]LogInit: User: gouthambalaji
[2017.05.29-09.38.27:128][  0]LogInit: CPU Page size=65536, Cores=2
[2017.05.29-09.38.27:128][  0]LogInit: High frequency timer resolution =2.338340 MHz
[2017.05.29-09.38.27:129][  0]LogMemory: Memory total: Physical=7.9GB (8GB approx)
[2017.05.29-09.38.27:129][  0]LogMemory: Platform Memory Stats for Windows
[2017.05.29-09.38.27:129][  0]LogMemory: Process Physical Memory: 262.10 MB used, 262.10 MB peak
[2017.05.29-09.38.27:129][  0]LogMemory: Process Virtual Memory: 262.05 MB used, 262.05 MB peak
[2017.05.29-09.38.27:129][  0]LogMemory: Physical Memory: 4811.26 MB used,  3261.85 MB free, 8073.11 MB total
[2017.05.29-09.38.27:129][  0]LogMemory: Virtual Memory: 654.19 MB used,  3261.85 MB free, 134217728.00 MB total
[2017.05.29-09.38.27:164][  0]LogTextLocalizationManager: No specific translations for ('en-AU') exist, so ('en') translations will be used.
[2017.05.29-09.38.28:198][  0]LogD3D11RHI: D3D11 adapters:
[2017.05.29-09.38.28:207][  0]LogD3D11RHI:    0. 'Intel(R) HD Graphics Family' (Feature Level 11_0)
[2017.05.29-09.38.28:207][  0]LogD3D11RHI:       0/0/1792 MB DedicatedVideo/DedicatedSystem/SharedSystem, Outputs:1, VendorId:0x8086
[2017.05.29-09.38.28:208][  0]LogD3D11RHI:    1. 'Microsoft Basic Render Driver' (Feature Level 11_0)
[2017.05.29-09.38.28:208][  0]LogD3D11RHI:       0/0/256 MB DedicatedVideo/DedicatedSystem/SharedSystem, Outputs:0, VendorId:0x1414
[2017.05.29-09.38.28:208][  0]LogD3D11RHI: Chosen D3D11 Adapter: 0
[2017.05.29-09.38.28:214][  0]LogD3D11RHI: Creating new Direct3DDevice
[2017.05.29-09.38.28:214][  0]LogD3D11RHI:     GPU DeviceId: 0xa16 (for the marketing name, search the web for "GPU Device Id")
[2017.05.29-09.38.28:214][  0]LogWindows: EnumDisplayDevices:
[2017.05.29-09.38.28:214][  0]LogWindows:    0. 'Intel(R) HD Graphics Family' (P:1 D:1)
[2017.05.29-09.38.28:215][  0]LogWindows:    1. 'Intel(R) HD Graphics Family' (P:0 D:0)
[2017.05.29-09.38.28:215][  0]LogWindows:    2. 'Intel(R) HD Graphics Family' (P:0 D:0)
[2017.05.29-09.38.28:215][  0]LogWindows: DebugString: FoundDriverCount:3 
[2017.05.29-09.38.28:215][  0]LogD3D11RHI:     Adapter Name: Intel(R) HD Graphics Family
[2017.05.29-09.38.28:215][  0]LogD3D11RHI:   Driver Version: 10.18.10.3574 (internal:10.18.10.3574, unified:10.18.10.3574)
[2017.05.29-09.38.28:215][  0]LogD3D11RHI:      Driver Date: 4-23-2014
[2017.05.29-09.38.28:215][  0]LogRHI: Texture pool is 627 MB (70% of 896 MB)
[2017.05.29-09.38.28:222][  0]LogD3D11RHI: Async texture creation enabled
[2017.05.29-09.38.28:230][  0]LogD3D11RHI: GPU Timing Frequency: 12.500000 (Debug: 2 0)
[2017.05.29-09.38.28:230][  0]LogShaderCompilers: Guid format shader working directory is -24 characters bigger than the processId version (../../../../../../Users/goutham.balaji/Documents/Unreal Projects/ProjectActual/Intermediate/Shaders/WorkingDirectory/20016/).
[2017.05.29-09.38.28:230][  0]LogShaderCompilers: Cleaned the shader compiler working directory 'C:/Users/goutham.balaji/AppData/Local/Temp/UnrealShaderWorkingDir/21060A1D4AE90082A087C79BA1397A45/'.
[2017.05.29-09.38.28:230][  0]LogShaderCompilers:Display: Using Local Shader Compiler.
[2017.05.29-09.38.30:264][  0]LogTemp:Display: Loaded TP AllDesktopTargetPlatform
[2017.05.29-09.38.30:351][  0]LogTemp:Display: Loaded TP MacClientTargetPlatform
[2017.05.29-09.38.30:445][  0]LogTemp:Display: Loaded TP MacNoEditorTargetPlatform
[2017.05.29-09.38.30:527][  0]LogTemp:Display: Loaded TP MacServerTargetPlatform
[2017.05.29-09.38.30:607][  0]LogTemp:Display: Loaded TP MacTargetPlatform
[2017.05.29-09.38.30:681][  0]LogTemp:Display: Loaded TP WindowsClientTargetPlatform
[2017.05.29-09.38.30:765][  0]LogTemp:Display: Loaded TP WindowsNoEditorTargetPlatform
[2017.05.29-09.38.30:853][  0]LogTemp:Display: Loaded TP WindowsServerTargetPlatform
[2017.05.29-09.38.30:919][  0]LogTemp:Display: Loaded TP WindowsTargetPlatform
[2017.05.29-09.38.31:003][  0]LogTemp:Display: Loaded TP AndroidTargetPlatform
[2017.05.29-09.38.31:074][  0]LogTemp:Display: Loaded TP Android_ASTCTargetPlatform
[2017.05.29-09.38.31:153][  0]LogTemp:Display: Loaded TP Android_ATCTargetPlatform
[2017.05.29-09.38.31:238][  0]LogTemp:Display: Loaded TP Android_DXTTargetPlatform
[2017.05.29-09.38.31:343][  0]LogTemp:Display: Loaded TP Android_ETC1TargetPlatform
[2017.05.29-09.38.31:440][  0]LogTemp:Display: Loaded TP Android_ETC2TargetPlatform
[2017.05.29-09.38.31:597][  0]LogTemp:Display: Loaded TP Android_MultiTargetPlatform
[2017.05.29-09.38.31:597][  0]LogTemp:Display: Loaded TP Android_PVRTCTargetPlatform
[2017.05.29-09.38.31:653][  0]LogTemp:Display: Loaded TP HTML5TargetPlatform
[2017.05.29-09.38.31:774][  0]LogTemp:Display: Loaded TP IOSTargetPlatform
[2017.05.29-09.38.31:833][  0]LogTemp:Display: Loaded TP TVOSTargetPlatform
[2017.05.29-09.38.31:912][  0]LogTemp:Display: Loaded TP LinuxClientTargetPlatform
[2017.05.29-09.38.31:986][  0]LogTemp:Display: Loaded TP LinuxNoEditorTargetPlatform
[2017.05.29-09.38.32:064][  0]LogTemp:Display: Loaded TP LinuxServerTargetPlatform
[2017.05.29-09.38.32:147][  0]LogTemp:Display: Loaded TP LinuxTargetPlatform
[2017.05.29-09.38.32:147][  0]LogTargetPlatformManager:Display: Building Assets For Windows
[2017.05.29-09.38.32:711][  0]LogDerivedDataCache:Display: Max Cache Size: 512 MB
[2017.05.29-09.38.32:797][  0]LogDerivedDataCache: Loaded boot cache 0.09s 50MB C:/Users/goutham.balaji/AppData/Local/UnrealEngine/4.14/DerivedDataCache/Boot.ddc.
[2017.05.29-09.38.32:797][  0]LogDerivedDataCache:Display: Loaded Boot cache: C:/Users/goutham.balaji/AppData/Local/UnrealEngine/4.14/DerivedDataCache/Boot.ddc
[2017.05.29-09.38.32:797][  0]LogDerivedDataCache: FDerivedDataBackendGraph:  Pak pak cache file ../../../../../../Users/goutham.balaji/Documents/Unreal Projects/ProjectActual/DerivedDataCache/DDC.ddp not found, will not use a pak cache.
[2017.05.29-09.38.32:797][  0]LogDerivedDataCache: Unable to find inner node Pak for hierarchical cache Hierarchy.
[2017.05.29-09.38.32:797][  0]LogDerivedDataCache: FDerivedDataBackendGraph:  CompressedPak pak cache file ../../../../../../Users/goutham.balaji/Documents/Unreal Projects/ProjectActual/DerivedDataCache/Compressed.ddp not found, will not use a pak cache.
[2017.05.29-09.38.32:797][  0]LogDerivedDataCache: Unable to find inner node CompressedPak for hierarchical cache Hierarchy.
[2017.05.29-09.38.32:833][  0]LogDerivedDataCache:Display: Pak cache opened for reading ../../../Engine/DerivedDataCache/Compressed.ddp.
[2017.05.29-09.38.32:846][  0]LogDerivedDataCache: Using Local data cache path C:/Users/goutham.balaji/AppData/Local/UnrealEngine/Common/DerivedDataCache: Writable
[2017.05.29-09.38.33:179][  0]LogInit: Selected Device Profile: [Windows]
[2017.05.29-09.38.33:184][  0]LogContentStreaming: Texture pool size is 0.00 MB
[2017.05.29-09.38.33:541][  0]LogMeshUtilities: Using QuadricMeshReduction for automatic static mesh reduction
[2017.05.29-09.38.33:606][  0]LogSimplygon: Simplygon DLL not present - disabling.
[2017.05.29-09.38.33:665][  0]LogMeshUtilities: Using SimplygonSwarm for distributed automatic mesh merging
[2017.05.29-09.38.33:665][  0]LogMeshUtilities: No automatic skeletal mesh reduction module available
[2017.05.29-09.38.33:665][  0]LogMeshUtilities: No automatic mesh merging module available
[2017.05.29-09.38.34:656][  0]LogNetVersion: GetLocalNetworkVersion: CL: 3195953, ProjectName: projectactual, ProjectVersion: , EngineNetworkVersion: 2, GameNetworkVersion: 0, NetworkChecksum: 4264748301
[2017.05.29-09.38.34:725][  0]LogAssetRegistry: FAssetRegistry took 0.0219 seconds to start up
[2017.05.29-09.38.34:812][  0]LogPackageLocalizationCache: Processed 3 localized package path(s) for 2 prioritized culture(s) in 0.048954 seconds
[2017.05.29-09.38.34:823][  0]LogUObjectArray: 31946 objects as part of root set at end of initial load.
[2017.05.29-09.38.34:823][  0]LogUObjectAllocator: 6935840 out of 0 bytes used by permanent object pool.
[2017.05.29-09.38.34:823][  0]LogUObjectArray: CloseDisregardForGC: 0/0 objects in disregard for GC pool
[2017.05.29-09.38.34:930][  0]LogInit: WinSock: version 1.1 (2.2), MaxSocks=32767, MaxUdp=65467
[2017.05.29-09.38.36:030][  0]LogSlate: Using Freetype 2.6.0
[2017.05.29-09.38.36:030][  0]LogSlate: SlateFontCache - WITH_FREETYPE: 1, WITH_HARFBUZZ: 1
[2017.05.29-09.38.36:030][  0]LogSlate: SlateFontCache - WITH_FREETYPE: 1, WITH_HARFBUZZ: 1
[2017.05.29-09.38.37:363][  0]LogTcpMessaging: Initializing TcpMessaging bridge
[2017.05.29-09.38.37:411][  0]LogUdpMessaging: Initializing bridge on interface 0.0.0.0:0 to multicast group 230.0.0.1:6666.
[2017.05.29-09.38.37:824][  0]LogMaterial: Uniform references updated for custom material expression Custom.
[2017.05.29-09.38.38:402][  0]SourceControl: Info Source control is disabled
[2017.05.29-09.38.38:610][  0]SourceControl: Info Source control is disabled
[2017.05.29-09.38.38:681][  0]SourceControl: Info Source control is disabled
[2017.05.29-09.38.38:742][  0]SourceControl: Info Source control is disabled
[2017.05.29-09.38.40:470][  0]LogEngine: Initializing Engine...
[2017.05.29-09.38.40:470][  0]LogHMD: Failed to initialize OpenVR with code 110
[2017.05.29-09.38.40:850][  0]LogAIModule: Creating AISystem for world Untitled
[2017.05.29-09.38.40:857][  0]LogInit: XAudio2 using 'Speakers/Headphones (Realtek High Definition Audio)' : 2 channels at 48 kHz using 32 bits per sample (channel mask 0x3)
[2017.05.29-09.38.40:874][  0]LogInit: FAudioDevice initialized.
[2017.05.29-09.38.40:915][  0]LogDerivedDataCache: Saved boot cache 0.04s 50MB C:/Users/goutham.balaji/AppData/Local/UnrealEngine/4.14/DerivedDataCache/Boot.ddc.
[2017.05.29-09.38.40:927][  0]LogInit: Texture streaming: Enabled
[2017.05.29-09.38.41:184][  0]LogInit: Transaction tracking system initialized
[2017.05.29-09.38.41:658][  0]BlueprintLog: New page: Editor Load
[2017.05.29-09.38.42:880][  0]LocalizationService: Info Localization service is disabled
[2017.05.29-09.38.44:106][  0]LogConsoleResponse:Display: 
[2017.05.29-09.38.44:345][  0]LogCook:Display: Max memory allowance for cook 16384mb min free memory 0mb
[2017.05.29-09.38.44:345][  0]LogCook:Display: Mobile HDR setting 1
[2017.05.29-09.38.45:267][  0]LogFileCache: Scanning file cache for directory 'C:/Users/goutham.balaji/Documents/Unreal Projects/ProjectActual/Content/' took 0.04s
[2017.05.29-09.38.45:681][  0]SourceControl: Info Source control is disabled
[2017.05.29-09.38.45:681][  0]Cmd: MAP LOAD FILE="../../../../../../Users/goutham.balaji/Documents/Unreal Projects/ProjectActual/Content/NewLevel1.umap" TEMPLATE=0 SHOWPROGRESS=1 FEATURELEVEL=3
[2017.05.29-09.38.45:682][  0]LightingResults: New page: Lighting Build
[2017.05.29-09.38.45:739][  0]MapCheck: New page: Map Check
[2017.05.29-09.38.45:739][  0]LightingResults: New page: Lighting Build
[2017.05.29-09.38.46:704][  0]LogSpawn:Warning: UWorld::DestroyActor: World has no context! World: NewLevel1, Actor: /Game/NewLevel1.NewLevel1:PersistentLevel.DESTROYED_Monster_C_CHILDACTOR_5329
[2017.05.29-09.38.46:705][  0]LogSpawn:Warning: UWorld::DestroyActor: World has no context! World: NewLevel1, Actor: /Game/NewLevel1.NewLevel1:PersistentLevel.DESTROYED_Monster_C_CHILDACTOR_5410
[2017.05.29-09.38.46:705][  0]LogSpawn:Warning: UWorld::DestroyActor: World has no context! World: NewLevel1, Actor: /Game/NewLevel1.NewLevel1:PersistentLevel.DESTROYED_Monster_C_CHILDACTOR_5411
[2017.05.29-09.38.46:705][  0]LogSpawn:Warning: UWorld::DestroyActor: World has no context! World: NewLevel1, Actor: /Game/NewLevel1.NewLevel1:PersistentLevel.DESTROYED_Monster_C_CHILDACTOR_5412
[2017.05.29-09.38.46:705][  0]LogSpawn:Warning: UWorld::DestroyActor: World has no context! World: NewLevel1, Actor: /Game/NewLevel1.NewLevel1:PersistentLevel.DESTROYED_Monster_C_CHILDACTOR_5413
[2017.05.29-09.38.46:705][  0]LogSpawn:Warning: UWorld::DestroyActor: World has no context! World: NewLevel1, Actor: /Game/NewLevel1.NewLevel1:PersistentLevel.DESTROYED_Monster_C_CHILDACTOR_5414
[2017.05.29-09.38.46:706][  0]LogSpawn:Warning: UWorld::DestroyActor: World has no context! World: NewLevel1, Actor: /Game/NewLevel1.NewLevel1:PersistentLevel.DESTROYED_Monster_C_CHILDACTOR_5415
[2017.05.29-09.38.46:706][  0]LogSpawn:Warning: UWorld::DestroyActor: World has no context! World: NewLevel1, Actor: /Game/NewLevel1.NewLevel1:PersistentLevel.DESTROYED_Monster_C_CHILDACTOR_5416
[2017.05.29-09.38.46:706][  0]LogSpawn:Warning: UWorld::DestroyActor: World has no context! World: NewLevel1, Actor: /Game/NewLevel1.NewLevel1:PersistentLevel.DESTROYED_Monster_C_CHILDACTOR_5417
[2017.05.29-09.38.46:706][  0]LogSpawn:Warning: UWorld::DestroyActor: World has no context! World: NewLevel1, Actor: /Game/NewLevel1.NewLevel1:PersistentLevel.DESTROYED_Monster_C_CHILDACTOR_5418
[2017.05.29-09.38.46:898][  0]LogAIModule: Creating AISystem for world NewLevel1
[2017.05.29-09.38.47:110][  0]LogEditorServer: Finished looking for orphan Actors (0.000 secs)
[2017.05.29-09.38.47:138][  0]Cmd: MAP CHECKDEP NOCLEARLOG
[2017.05.29-09.38.47:214][  0]MapCheck: Info Map check complete: 0 Error(s), 0 Warning(s), took 75.986ms to complete.
[2017.05.29-09.38.47:214][  0]LogFileHelpers: Loading map 'NewLevel1' took 1.533
[2017.05.29-09.38.47:382][  0]LogCollectionManager: Loaded 0 collections in 0.002529 seconds
[2017.05.29-09.38.47:473][  0]LogFileCache: Scanning file cache for directory 'C:/Users/goutham.balaji/Documents/Unreal Projects/ProjectActual/Saved/Collections/' took 0.01s
[2017.05.29-09.38.47:473][  0]LogFileCache: Scanning file cache for directory 'C:/Users/goutham.balaji/Documents/Unreal Projects/ProjectActual/Content/Developers/gouthambalaji/Collections/' took 0.01s
[2017.05.29-09.38.47:473][  0]LogFileCache: Scanning file cache for directory 'C:/Users/goutham.balaji/Documents/Unreal Projects/ProjectActual/Content/Collections/' took 0.01s
[2017.05.29-09.38.47:473][  0]LogCollectionManager: Rebuilt the GUID cache for 0 collections in 0.000002 seconds
[2017.05.29-09.38.47:488][  0]LogContentBrowser: Native class hierarchy populated in 0.0142 seconds. Added 2190 classes and 428 folders.
[2017.05.29-09.38.47:539][  0]LogStats: UGameplayTagsManager::ConstructGameplayTagTree: Construct from data asset -  0.000 s
[2017.05.29-09.38.47:539][  0]LogStats: UGameplayTagsManager::ConstructGameplayTagTree: GameplayTagTreeChangedEvent.Broadcast -  0.000 s
[2017.05.29-09.38.47:540][  0]LogContentBrowser: Native class hierarchy updated for 'GameplayTags' in 0.0007 seconds. Added 13 classes and 0 folders.
[2017.05.29-09.38.47:626][  0]LogContentBrowser: Native class hierarchy updated for 'WidgetCarousel' in 0.0008 seconds. Added 0 classes and 0 folders.
[2017.05.29-09.38.47:687][  0]LogContentBrowser: Native class hierarchy updated for 'AddContentDialog' in 0.0009 seconds. Added 0 classes and 0 folders.
[2017.05.29-09.38.47:752][  0]LogContentBrowser: Native class hierarchy updated for 'SceneOutliner' in 0.0009 seconds. Added 1 classes and 2 folders.
[2017.05.29-09.38.47:894][  0]LogCrashTracker: Crashtracker disabled due to settings.
[2017.05.29-09.38.47:899][  0]LogUObjectGlobals:Warning: Failed to find object 'Class None.'
[2017.05.29-09.38.47:997][  0]LogContentBrowser: Native class hierarchy updated for 'HierarchicalLODOutliner' in 0.0010 seconds. Added 1 classes and 2 folders.
[2017.05.29-09.38.47:997][  0]LogLoad: (Engine Initialization) Total time: 23.21 seconds
[2017.05.29-09.38.47:997][  0]LogLoad: (Engine Initialization) Total Blueprint compile time: 0.34 seconds
[2017.05.29-09.38.47:997][  0]LogExternalProfiler: No external profilers were discovered.  External profiling features will not be available.
[2017.05.29-09.38.48:338][  0]LogOcInput: OculusInput pre-init called
[2017.05.29-09.38.48:359][  0]LogContentStreaming: Texture pool size now 400 MB
[2017.05.29-09.38.48:598][  0]LogRenderer: Reallocating scene render targets to support 1024x364 NumSamples 1 (Frame:2).
[2017.05.29-09.38.51:359][  5]LogAssetRegistry: Asset discovery search completed in 16.6560 seconds
[2017.05.29-09.38.51:359][  5]LogCollectionManager: Rebuilt the object cache for 0 collections in 0.000001 seconds (found 0 objects)
[2017.05.29-09.38.51:359][  5]LogCollectionManager: Fixed up redirectors for 0 collections in 0.000030 seconds (updated 0 objects)
[2017.05.29-10.02.05:601][260]LogEditorViewport: Clicking on Actor (LMB): Monster_C (Monster5425)
[2017.05.29-10.02.06:622][281]Cmd: DELETE
[2017.05.29-10.02.06:622][281]Cmd: ACTOR DELETE
[2017.05.29-10.02.06:630][281]LogEditorActor: Deleted Actor: MonsterStartPointBP_C
[2017.05.29-10.02.06:733][281]LogEditorActor: Deleted 1 Actors (0.111 secs)
[2017.05.29-10.02.12:140][410]LogEditorViewport: Clicking on Actor (LMB): StaticMeshActor (Wall_500x746)
[2017.05.29-10.02.12:838][423]Cmd: DELETE
[2017.05.29-10.02.12:838][423]Cmd: ACTOR DELETE
[2017.05.29-10.02.12:841][423]LogEditorActor: Deleted Actor: StaticMeshActor
[2017.05.29-10.02.12:924][423]LogEditorActor: Deleted 1 Actors (0.086 secs)
[2017.05.29-10.02.14:180][455]LogEditorViewport: Clicking on Actor (LMB): Monster_C (Monster5427)
[2017.05.29-10.02.14:760][467]Cmd: DELETE
[2017.05.29-10.02.14:761][467]Cmd: ACTOR DELETE
[2017.05.29-10.02.14:765][467]LogEditorActor: Deleted Actor: MonsterStartPointBP_C
[2017.05.29-10.02.14:815][467]LogEditorActor: Deleted 1 Actors (0.054 secs)
[2017.05.29-10.02.16:999][521]Cmd: TRANSACTION UNDO
[2017.05.29-10.02.16:999][521]LogEditorTransaction: Undo Delete Actors
[2017.05.29-10.02.18:283][584]Cmd: TRANSACTION UNDO
[2017.05.29-10.02.18:283][584]LogEditorTransaction: Undo Clicking on Actors
[2017.05.29-10.02.19:814][618]LogEditorViewport: Clicking on Actor (LMB): Monster_C (Monster5451)
[2017.05.29-10.02.20:233][627]Cmd: DELETE
[2017.05.29-10.02.20:233][627]Cmd: ACTOR DELETE
[2017.05.29-10.02.20:237][627]LogEditorActor: Deleted Actor: MonsterStartPointBP_C
[2017.05.29-10.02.20:285][627]LogEditorActor: Deleted 1 Actors (0.052 secs)
[2017.05.29-10.02.27:865][797]LogEditorViewport: Clicking on Actor (LMB): Monster_C (Monster5428)
[2017.05.29-10.02.28:525][811]Cmd: DELETE
[2017.05.29-10.02.28:525][811]Cmd: ACTOR DELETE
[2017.05.29-10.02.28:528][811]LogEditorActor: Deleted Actor: MonsterStartPointBP_C
[2017.05.29-10.02.28:590][811]LogEditorActor: Deleted 1 Actors (0.065 secs)
[2017.05.29-10.02.30:749][861]LogEditorViewport: Clicking on Actor (LMB): Landscape (Landscape)
[2017.05.29-10.02.32:637][898]LogEditorViewport: Clicking on Actor (LMB): Landscape (Landscape)
[2017.05.29-10.02.32:882][901]Cmd: DELETE
[2017.05.29-10.02.32:882][901]Cmd: ACTOR DELETE
[2017.05.29-10.02.32:885][901]LogEditorActor: Deleted Actor: Landscape
[2017.05.29-10.02.32:987][901]LogEditorActor: Deleted 1 Actors (0.105 secs)
[2017.05.29-10.02.34:439][981]Cmd: TRANSACTION UNDO
[2017.05.29-10.02.34:439][981]LogEditorTransaction: Undo Delete Actors
[2017.05.29-10.02.34:499][981]LogMaterial: 0.00 seconds spent updating 1 materials, 1 interfaces, 0 instances, 0 with static permutations.
[2017.05.29-10.02.34:500][981]LogMaterial: 0.00 seconds spent updating 1 materials, 1 interfaces, 0 instances, 0 with static permutations.
[2017.05.29-10.02.34:501][981]LogMaterial: 0.00 seconds spent updating 1 materials, 1 interfaces, 0 instances, 0 with static permutations.
[2017.05.29-10.02.34:502][981]LogMaterial: 0.00 seconds spent updating 1 materials, 1 interfaces, 0 instances, 0 with static permutations.
[2017.05.29-10.02.34:502][981]LogMaterial: 0.00 seconds spent updating 1 materials, 1 interfaces, 0 instances, 0 with static permutations.
[2017.05.29-10.02.34:502][981]LogMaterial: 0.00 seconds spent updating 1 materials, 1 interfaces, 0 instances, 0 with static permutations.
[2017.05.29-10.02.34:502][981]LogMaterial: 0.00 seconds spent updating 1 materials, 1 interfaces, 0 instances, 0 with static permutations.
[2017.05.29-10.02.34:503][981]LogMaterial: 0.00 seconds spent updating 1 materials, 1 interfaces, 0 instances, 0 with static permutations.
[2017.05.29-10.02.34:503][981]LogMaterial: 0.00 seconds spent updating 1 materials, 1 interfaces, 0 instances, 0 with static permutations.
[2017.05.29-10.02.34:503][981]LogMaterial: 0.00 seconds spent updating 1 materials, 1 interfaces, 0 instances, 0 with static permutations.
[2017.05.29-10.02.34:503][981]LogMaterial: 0.00 seconds spent updating 1 materials, 1 interfaces, 0 instances, 0 with static permutations.
[2017.05.29-10.02.34:503][981]LogMaterial: 0.00 seconds spent updating 1 materials, 1 interfaces, 0 instances, 0 with static permutations.
[2017.05.29-10.02.34:504][981]LogMaterial: 0.00 seconds spent updating 1 materials, 1 interfaces, 0 instances, 0 with static permutations.
[2017.05.29-10.02.34:504][981]LogMaterial: 0.00 seconds spent updating 1 materials, 1 interfaces, 0 instances, 0 with static permutations.
[2017.05.29-10.02.34:504][981]LogMaterial: 0.00 seconds spent updating 1 materials, 1 interfaces, 0 instances, 0 with static permutations.
[2017.05.29-10.02.34:504][981]LogMaterial: 0.00 seconds spent updating 1 materials, 1 interfaces, 0 instances, 0 with static permutations.
[2017.05.29-10.02.34:505][981]LogMaterial: 0.00 seconds spent updating 1 materials, 1 interfaces, 0 instances, 0 with static permutations.
[2017.05.29-10.02.34:505][981]LogMaterial: 0.00 seconds spent updating 1 materials, 1 interfaces, 0 instances, 0 with static permutations.
[2017.05.29-10.02.34:505][981]LogMaterial: 0.00 seconds spent updating 1 materials, 1 interfaces, 0 instances, 0 with static permutations.
[2017.05.29-10.02.34:505][981]LogMaterial: 0.00 seconds spent updating 1 materials, 1 interfaces, 0 instances, 0 with static permutations.
[2017.05.29-10.02.34:506][981]LogMaterial: 0.00 seconds spent updating 1 materials, 1 interfaces, 0 instances, 0 with static permutations.
[2017.05.29-10.02.34:508][981]LogMaterial: 0.00 seconds spent updating 1 materials, 1 interfaces, 0 instances, 0 with static permutations.
[2017.05.29-10.02.34:509][981]LogMaterial: 0.00 seconds spent updating 1 materials, 1 interfaces, 0 instances, 0 with static permutations.
[2017.05.29-10.02.34:510][981]LogMaterial: 0.00 seconds spent updating 1 materials, 1 interfaces, 0 instances, 0 with static permutations.
[2017.05.29-10.02.34:512][981]LogMaterial: 0.00 seconds spent updating 1 materials, 1 interfaces, 0 instances, 0 with static permutations.
[2017.05.29-10.02.34:513][981]LogMaterial: 0.00 seconds spent updating 1 materials, 1 interfaces, 0 instances, 0 with static permutations.
[2017.05.29-10.02.34:513][981]LogMaterial: 0.00 seconds spent updating 1 materials, 1 interfaces, 0 instances, 0 with static permutations.
[2017.05.29-10.02.34:514][981]LogMaterial: 0.00 seconds spent updating 1 materials, 1 interfaces, 0 instances, 0 with static permutations.
[2017.05.29-10.02.34:514][981]LogMaterial: 0.00 seconds spent updating 1 materials, 1 interfaces, 0 instances, 0 with static permutations.
[2017.05.29-10.02.34:514][981]LogMaterial: 0.00 seconds spent updating 1 materials, 1 interfaces, 0 instances, 0 with static permutations.
[2017.05.29-10.02.34:515][981]LogMaterial: 0.00 seconds spent updating 1 materials, 1 interfaces, 0 instances, 0 with static permutations.
[2017.05.29-10.02.34:515][981]LogMaterial: 0.00 seconds spent updating 1 materials, 1 interfaces, 0 instances, 0 with static permutations.
[2017.05.29-10.02.34:516][981]LogMaterial: 0.00 seconds spent updating 1 materials, 1 interfaces, 0 instances, 0 with static permutations.
[2017.05.29-10.02.34:517][981]LogMaterial: 0.00 seconds spent updating 1 materials, 1 interfaces, 0 instances, 0 with static permutations.
[2017.05.29-10.02.34:517][981]LogMaterial: 0.00 seconds spent updating 1 materials, 1 interfaces, 0 instances, 0 with static permutations.
[2017.05.29-10.02.34:518][981]LogMaterial: 0.00 seconds spent updating 1 materials, 1 interfaces, 0 instances, 0 with static permutations.
[2017.05.29-10.02.34:518][981]LogMaterial: 0.00 seconds spent updating 1 materials, 1 interfaces, 0 instances, 0 with static permutations.
[2017.05.29-10.02.34:518][981]LogMaterial: 0.00 seconds spent updating 1 materials, 1 interfaces, 0 instances, 0 with static permutations.
[2017.05.29-10.02.34:518][981]LogMaterial: 0.00 seconds spent updating 1 materials, 1 interfaces, 0 instances, 0 with static permutations.
[2017.05.29-10.02.34:519][981]LogMaterial: 0.00 seconds spent updating 1 materials, 1 interfaces, 0 instances, 0 with static permutations.
[2017.05.29-10.02.34:519][981]LogMaterial: 0.00 seconds spent updating 1 materials, 1 interfaces, 0 instances, 0 with static permutations.
[2017.05.29-10.02.34:519][981]LogMaterial: 0.00 seconds spent updating 1 materials, 1 interfaces, 0 instances, 0 with static permutations.
[2017.05.29-10.02.34:520][981]LogMaterial: 0.00 seconds spent updating 1 materials, 1 interfaces, 0 instances, 0 with static permutations.
[2017.05.29-10.02.34:521][981]LogMaterial: 0.00 seconds spent updating 1 materials, 1 interfaces, 0 instances, 0 with static permutations.
[2017.05.29-10.02.34:521][981]LogMaterial: 0.00 seconds spent updating 1 materials, 1 interfaces, 0 instances, 0 with static permutations.
[2017.05.29-10.02.34:522][981]LogMaterial: 0.00 seconds spent updating 1 materials, 1 interfaces, 0 instances, 0 with static permutations.
[2017.05.29-10.02.34:522][981]LogMaterial: 0.00 seconds spent updating 1 materials, 1 interfaces, 0 instances, 0 with static permutations.
[2017.05.29-10.02.34:522][981]LogMaterial: 0.00 seconds spent updating 1 materials, 1 interfaces, 0 instances, 0 with static permutations.
[2017.05.29-10.02.34:523][981]LogMaterial: 0.00 seconds spent updating 1 materials, 1 interfaces, 0 instances, 0 with static permutations.
[2017.05.29-10.02.34:523][981]LogMaterial: 0.00 seconds spent updating 1 materials, 1 interfaces, 0 instances, 0 with static permutations.
[2017.05.29-10.02.34:523][981]LogMaterial: 0.00 seconds spent updating 1 materials, 1 interfaces, 0 instances, 0 with static permutations.
[2017.05.29-10.02.34:524][981]LogMaterial: 0.00 seconds spent updating 1 materials, 1 interfaces, 0 instances, 0 with static permutations.
[2017.05.29-10.02.34:524][981]LogMaterial: 0.00 seconds spent updating 1 materials, 1 interfaces, 0 instances, 0 with static permutations.
[2017.05.29-10.02.34:525][981]LogMaterial: 0.00 seconds spent updating 1 materials, 1 interfaces, 0 instances, 0 with static permutations.
[2017.05.29-10.02.34:525][981]LogMaterial: 0.00 seconds spent updating 1 materials, 1 interfaces, 0 instances, 0 with static permutations.
[2017.05.29-10.02.34:525][981]LogMaterial: 0.00 seconds spent updating 1 materials, 1 interfaces, 0 instances, 0 with static permutations.
[2017.05.29-10.02.34:526][981]LogMaterial: 0.00 seconds spent updating 1 materials, 1 interfaces, 0 instances, 0 with static permutations.
[2017.05.29-10.02.34:526][981]LogMaterial: 0.00 seconds spent updating 1 materials, 1 interfaces, 0 instances, 0 with static permutations.
[2017.05.29-10.02.34:526][981]LogMaterial: 0.00 seconds spent updating 1 materials, 1 interfaces, 0 instances, 0 with static permutations.
[2017.05.29-10.02.34:527][981]LogMaterial: 0.00 seconds spent updating 1 materials, 1 interfaces, 0 instances, 0 with static permutations.
[2017.05.29-10.02.34:527][981]LogMaterial: 0.00 seconds spent updating 1 materials, 1 interfaces, 0 instances, 0 with static permutations.
[2017.05.29-10.02.34:528][981]LogMaterial: 0.00 seconds spent updating 1 materials, 1 interfaces, 0 instances, 0 with static permutations.
[2017.05.29-10.02.34:528][981]LogMaterial: 0.00 seconds spent updating 1 materials, 1 interfaces, 0 instances, 0 with static permutations.
[2017.05.29-10.02.34:528][981]LogMaterial: 0.00 seconds spent updating 1 materials, 1 interfaces, 0 instances, 0 with static permutations.
[2017.05.29-10.02.38:578][ 88]LogEditorViewport: Clicking on Actor (LMB): Monster_C (Monster5421)
[2017.05.29-10.02.39:080][ 98]Cmd: DELETE
[2017.05.29-10.02.39:080][ 98]Cmd: ACTOR DELETE
[2017.05.29-10.02.39:082][ 98]LogEditorActor: Deleted Actor: MonsterStartPointBP_C
[2017.05.29-10.02.39:141][ 98]LogEditorActor: Deleted 1 Actors (0.061 secs)
[2017.05.29-10.02.41:672][156]LogEditorViewport: Clicking on Actor (LMB): Monster_C (Monster5423)
[2017.05.29-10.02.42:197][167]Cmd: DELETE
[2017.05.29-10.02.42:197][167]Cmd: ACTOR DELETE
[2017.05.29-10.02.42:199][167]LogEditorActor: Deleted Actor: MonsterStartPointBP_C
[2017.05.29-10.02.42:254][167]LogEditorActor: Deleted 1 Actors (0.057 secs)
[2017.05.29-10.02.46:068][252]LogEditorViewport: Clicking on Actor (LMB): Monster_C (Monster5426)
[2017.05.29-10.02.47:368][281]Cmd: DELETE
[2017.05.29-10.02.47:368][281]Cmd: ACTOR DELETE
[2017.05.29-10.02.47:372][281]LogEditorActor: Deleted Actor: MonsterStartPointBP_C
[2017.05.29-10.02.47:421][281]LogEditorActor: Deleted 1 Actors (0.052 secs)
[2017.05.29-10.02.52:678][397]LogEditorViewport: Clicking on Actor (LMB): Monster_C (Monster5420)
[2017.05.29-10.02.52:961][403]Cmd: DELETE
[2017.05.29-10.02.52:961][403]Cmd: ACTOR DELETE
[2017.05.29-10.02.52:964][403]LogEditorActor: Deleted Actor: MonsterStartPointBP_C
[2017.05.29-10.02.53:018][403]LogEditorActor: Deleted 1 Actors (0.057 secs)
[2017.05.29-10.02.55:705][462]LogEditorViewport: Clicking on Actor (LMB): Monster_C (Monster5424)
[2017.05.29-10.02.56:171][470]Cmd: DELETE
[2017.05.29-10.02.56:171][470]Cmd: ACTOR DELETE
[2017.05.29-10.02.56:174][470]LogEditorActor: Deleted Actor: MonsterStartPointBP_C
[2017.05.29-10.02.56:231][470]LogEditorActor: Deleted 1 Actors (0.060 secs)
[2017.05.29-10.02.58:839][527]LogEditorViewport: Clicking on Actor (LMB): Monster_C (Monster5422)
[2017.05.29-10.02.59:340][537]Cmd: DELETE
[2017.05.29-10.02.59:340][537]Cmd: ACTOR DELETE
[2017.05.29-10.02.59:343][537]LogEditorActor: Deleted Actor: MonsterStartPointBP_C
[2017.05.29-10.02.59:396][537]LogEditorActor: Deleted 1 Actors (0.055 secs)
[2017.05.29-10.03.01:293][578]LogEditorViewport: Clicking on Actor (LMB): NavMeshBoundsVolume (NavMeshBoundsVolume3)
[2017.05.29-10.03.02:561][604]LogEditorViewport: Clicking on Actor (LMB): NavMeshBoundsVolume (NavMeshBoundsVolume3)
[2017.05.29-10.03.03:582][625]LogEditorViewport: Clicking on Actor (LMB): NavMeshBoundsVolume (NavMeshBoundsVolume3)
[2017.05.29-10.03.09:596][753]LogEditorViewport: Clicking on Actor (LMB): Monster_C (Monster5419)
[2017.05.29-10.03.11:244][789]Cmd: DELETE
[2017.05.29-10.03.11:244][789]Cmd: ACTOR DELETE
[2017.05.29-10.03.11:247][789]LogEditorActor: Deleted Actor: MonsterStartPointBP_C
[2017.05.29-10.03.11:327][789]LogEditorActor: Deleted 1 Actors (0.083 secs)
[2017.05.29-10.05.00:922][248]Cmd: OBJ SAVEPACKAGE PACKAGE="/Game/NewLevel1" FILE="../../../../../../Users/goutham.balaji/Documents/Unreal Projects/ProjectActual/Content/NewLevel1.umap" SILENT=true AUTOSAVING=false KEEPDIRTY=false
[2017.05.29-10.05.02:689][248]LogSavePackage: Save=1689.09ms
[2017.05.29-10.05.02:689][248]LogSavePackage: Moving '../../../../../../Users/goutham.balaji/Documents/Unreal Projects/ProjectActual/Saved/NewLevel1E99CB16C44E82144FEB3FA8B853B5314.tmp' to '../../../../../../Users/goutham.balaji/Documents/Unreal Projects/ProjectActual/Content/NewLevel1.umap'
[2017.05.29-10.05.02:694][248]LogSavePackage:Display: Finished SavePackage ../../../../../../Users/goutham.balaji/Documents/Unreal Projects/ProjectActual/Content/NewLevel1.umap
[2017.05.29-10.05.14:655][483]Cmd: OBJ SAVEPACKAGE PACKAGE="/Game/Characters/StartPointBP10" FILE="../../../../../../Users/goutham.balaji/Documents/Unreal Projects/ProjectActual/Content/Characters/StartPointBP10.uasset" SILENT=true
[2017.05.29-10.05.14:696][483]LogSavePackage: Save=37.69ms
[2017.05.29-10.05.14:696][483]LogSavePackage: Moving '../../../../../../Users/goutham.balaji/Documents/Unreal Projects/ProjectActual/Saved/StartPointBP103EEDF1CC49B315F0571EC8A6B7BA84DC.tmp' to '../../../../../../Users/goutham.balaji/Documents/Unreal Projects/ProjectActual/Content/Characters/StartPointBP10.uasset'
[2017.05.29-10.05.14:699][483]LogSavePackage:Display: Finished SavePackage ../../../../../../Users/goutham.balaji/Documents/Unreal Projects/ProjectActual/Content/Characters/StartPointBP10.uasset
[2017.05.29-10.05.14:703][483]Cmd: OBJ SAVEPACKAGE PACKAGE="/Game/Characters/StartPointBP2" FILE="../../../../../../Users/goutham.balaji/Documents/Unreal Projects/ProjectActual/Content/Characters/StartPointBP2.uasset" SILENT=true
[2017.05.29-10.05.14:742][483]LogSavePackage: Save=36.50ms
[2017.05.29-10.05.14:742][483]LogSavePackage: Moving '../../../../../../Users/goutham.balaji/Documents/Unreal Projects/ProjectActual/Saved/StartPointBP2590EB3C44CDDFE8D891033B4A8E81291.tmp' to '../../../../../../Users/goutham.balaji/Documents/Unreal Projects/ProjectActual/Content/Characters/StartPointBP2.uasset'
[2017.05.29-10.05.14:746][483]LogSavePackage:Display: Finished SavePackage ../../../../../../Users/goutham.balaji/Documents/Unreal Projects/ProjectActual/Content/Characters/StartPointBP2.uasset
[2017.05.29-10.05.14:755][483]Cmd: OBJ SAVEPACKAGE PACKAGE="/Game/Characters/StartPointBP3" FILE="../../../../../../Users/goutham.balaji/Documents/Unreal Projects/ProjectActual/Content/Characters/StartPointBP3.uasset" SILENT=true
[2017.05.29-10.05.14:789][483]LogSavePackage: Save=31.79ms
[2017.05.29-10.05.14:789][483]LogSavePackage: Moving '../../../../../../Users/goutham.balaji/Documents/Unreal Projects/ProjectActual/Saved/StartPointBP34454350149340C93A39D54AB060491E6.tmp' to '../../../../../../Users/goutham.balaji/Documents/Unreal Projects/ProjectActual/Content/Characters/StartPointBP3.uasset'
[2017.05.29-10.05.14:792][483]LogSavePackage:Display: Finished SavePackage ../../../../../../Users/goutham.balaji/Documents/Unreal Projects/ProjectActual/Content/Characters/StartPointBP3.uasset
[2017.05.29-10.05.14:796][483]Cmd: OBJ SAVEPACKAGE PACKAGE="/Game/Characters/StartPointBP4" FILE="../../../../../../Users/goutham.balaji/Documents/Unreal Projects/ProjectActual/Content/Characters/StartPointBP4.uasset" SILENT=true
[2017.05.29-10.05.14:830][483]LogSavePackage: Save=30.36ms
[2017.05.29-10.05.14:830][483]LogSavePackage: Moving '../../../../../../Users/goutham.balaji/Documents/Unreal Projects/ProjectActual/Saved/StartPointBP4E8F379354C067B6575868D80629BC3EF.tmp' to '../../../../../../Users/goutham.balaji/Documents/Unreal Projects/ProjectActual/Content/Characters/StartPointBP4.uasset'
[2017.05.29-10.05.14:833][483]LogSavePackage:Display: Finished SavePackage ../../../../../../Users/goutham.balaji/Documents/Unreal Projects/ProjectActual/Content/Characters/StartPointBP4.uasset
[2017.05.29-10.05.14:837][483]Cmd: OBJ SAVEPACKAGE PACKAGE="/Game/Characters/StartPointBP5" FILE="../../../../../../Users/goutham.balaji/Documents/Unreal Projects/ProjectActual/Content/Characters/StartPointBP5.uasset" SILENT=true
[2017.05.29-10.05.14:870][483]LogSavePackage: Save=30.99ms
[2017.05.29-10.05.14:870][483]LogSavePackage: Moving '../../../../../../Users/goutham.balaji/Documents/Unreal Projects/ProjectActual/Saved/StartPointBP511C7CA02495ACEBCFA7E0EBE1BBB1C3E.tmp' to '../../../../../../Users/goutham.balaji/Documents/Unreal Projects/ProjectActual/Content/Characters/StartPointBP5.uasset'
[2017.05.29-10.05.14:873][483]LogSavePackage:Display: Finished SavePackage ../../../../../../Users/goutham.balaji/Documents/Unreal Projects/ProjectActual/Content/Characters/StartPointBP5.uasset
[2017.05.29-10.05.14:877][483]Cmd: OBJ SAVEPACKAGE PACKAGE="/Game/Characters/StartPointBP6" FILE="../../../../../../Users/goutham.balaji/Documents/Unreal Projects/ProjectActual/Content/Characters/StartPointBP6.uasset" SILENT=true
[2017.05.29-10.05.14:907][483]LogSavePackage: Save=28.02ms
[2017.05.29-10.05.14:907][483]LogSavePackage: Moving '../../../../../../Users/goutham.balaji/Documents/Unreal Projects/ProjectActual/Saved/StartPointBP636C13D1A400A75ED402A69A3C038834F.tmp' to '../../../../../../Users/goutham.balaji/Documents/Unreal Projects/ProjectActual/Content/Characters/StartPointBP6.uasset'
[2017.05.29-10.05.14:911][483]LogSavePackage:Display: Finished SavePackage ../../../../../../Users/goutham.balaji/Documents/Unreal Projects/ProjectActual/Content/Characters/StartPointBP6.uasset
[2017.05.29-10.05.14:920][483]Cmd: OBJ SAVEPACKAGE PACKAGE="/Game/Characters/StartPointBP7" FILE="../../../../../../Users/goutham.balaji/Documents/Unreal Projects/ProjectActual/Content/Characters/StartPointBP7.uasset" SILENT=true
[2017.05.29-10.05.14:952][483]LogSavePackage: Save=29.91ms
[2017.05.29-10.05.14:952][483]LogSavePackage: Moving '../../../../../../Users/goutham.balaji/Documents/Unreal Projects/ProjectActual/Saved/StartPointBP7A28191344B09EC43BC1279AD209DC05E.tmp' to '../../../../../../Users/goutham.balaji/Documents/Unreal Projects/ProjectActual/Content/Characters/StartPointBP7.uasset'
[2017.05.29-10.05.14:957][483]LogSavePackage:Display: Finished SavePackage ../../../../../../Users/goutham.balaji/Documents/Unreal Projects/ProjectActual/Content/Characters/StartPointBP7.uasset
[2017.05.29-10.05.14:961][483]Cmd: OBJ SAVEPACKAGE PACKAGE="/Game/Characters/StartPointBP8" FILE="../../../../../../Users/goutham.balaji/Documents/Unreal Projects/ProjectActual/Content/Characters/StartPointBP8.uasset" SILENT=true
[2017.05.29-10.05.14:992][483]LogSavePackage: Save=29.29ms
[2017.05.29-10.05.14:992][483]LogSavePackage: Moving '../../../../../../Users/goutham.balaji/Documents/Unreal Projects/ProjectActual/Saved/StartPointBP865B4881042A7745F72FA0B92E4D42340.tmp' to '../../../../../../Users/goutham.balaji/Documents/Unreal Projects/ProjectActual/Content/Characters/StartPointBP8.uasset'
[2017.05.29-10.05.14:996][483]LogSavePackage:Display: Finished SavePackage ../../../../../../Users/goutham.balaji/Documents/Unreal Projects/ProjectActual/Content/Characters/StartPointBP8.uasset
[2017.05.29-10.05.15:001][483]Cmd: OBJ SAVEPACKAGE PACKAGE="/Game/Characters/StartPointBP9" FILE="../../../../../../Users/goutham.balaji/Documents/Unreal Projects/ProjectActual/Content/Characters/StartPointBP9.uasset" SILENT=true
[2017.05.29-10.05.15:032][483]LogSavePackage: Save=29.34ms
[2017.05.29-10.05.15:032][483]LogSavePackage: Moving '../../../../../../Users/goutham.balaji/Documents/Unreal Projects/ProjectActual/Saved/StartPointBP9A6765528437E9278645E039683862DCB.tmp' to '../../../../../../Users/goutham.balaji/Documents/Unreal Projects/ProjectActual/Content/Characters/StartPointBP9.uasset'
[2017.05.29-10.05.15:035][483]LogSavePackage:Display: Finished SavePackage ../../../../../../Users/goutham.balaji/Documents/Unreal Projects/ProjectActual/Content/Characters/StartPointBP9.uasset
[2017.05.29-10.05.15:069][483]Cmd: OBJ SAVEPACKAGE PACKAGE="/Game/Characters/TheEndArrow" FILE="../../../../../../Users/goutham.balaji/Documents/Unreal Projects/ProjectActual/Content/Characters/TheEndArrow.uasset" SILENT=true
[2017.05.29-10.05.15:134][483]LogSavePackage: Save=31.65ms
[2017.05.29-10.05.15:134][483]LogSavePackage: Moving '../../../../../../Users/goutham.balaji/Documents/Unreal Projects/ProjectActual/Saved/TheEndArrowA9AD324C4FA72B013886479BDA90FB85.tmp' to '../../../../../../Users/goutham.balaji/Documents/Unreal Projects/ProjectActual/Content/Characters/TheEndArrow.uasset'
[2017.05.29-10.05.15:136][483]LogSavePackage:Display: Finished SavePackage ../../../../../../Users/goutham.balaji/Documents/Unreal Projects/ProjectActual/Content/Characters/TheEndArrow.uasset
[2017.05.29-10.05.15:140][483]Cmd: OBJ SAVEPACKAGE PACKAGE="/Game/Characters/TheENdBP" FILE="../../../../../../Users/goutham.balaji/Documents/Unreal Projects/ProjectActual/Content/Characters/TheENdBP.uasset" SILENT=true
[2017.05.29-10.05.15:186][483]LogSavePackage: Save=21.36ms
[2017.05.29-10.05.15:186][483]LogSavePackage: Moving '../../../../../../Users/goutham.balaji/Documents/Unreal Projects/ProjectActual/Saved/TheENdBP1EE4870646382C84F243E0BE67D61BEE.tmp' to '../../../../../../Users/goutham.balaji/Documents/Unreal Projects/ProjectActual/Content/Characters/TheENdBP.uasset'
[2017.05.29-10.05.15:189][483]LogSavePackage:Display: Finished SavePackage ../../../../../../Users/goutham.balaji/Documents/Unreal Projects/ProjectActual/Content/Characters/TheENdBP.uasset
[2017.05.29-10.05.15:193][483]Cmd: OBJ SAVEPACKAGE PACKAGE="/Game/Characters/StartPointBP11" FILE="../../../../../../Users/goutham.balaji/Documents/Unreal Projects/ProjectActual/Content/Characters/StartPointBP11.uasset" SILENT=true
[2017.05.29-10.05.15:226][483]LogSavePackage: Save=31.22ms
[2017.05.29-10.05.15:226][483]LogSavePackage: Moving '../../../../../../Users/goutham.balaji/Documents/Unreal Projects/ProjectActual/Saved/StartPointBP113DAF896345FA9FC80492B09E6C2D0C46.tmp' to '../../../../../../Users/goutham.balaji/Documents/Unreal Projects/ProjectActual/Content/Characters/StartPointBP11.uasset'
[2017.05.29-10.05.15:229][483]LogSavePackage:Display: Finished SavePackage ../../../../../../Users/goutham.balaji/Documents/Unreal Projects/ProjectActual/Content/Characters/StartPointBP11.uasset
[2017.05.29-10.06.05:104][974]LogContentBrowser: Native class hierarchy updated for 'BlueprintGraph' in 0.0017 seconds. Added 111 classes and 0 folders.
[2017.05.29-10.06.06:423][974]LogSpawn:Warning: SpawnActor failed because we are running a ConstructionScript (AIController)
[2017.05.29-10.14.51:981][879]LogSpawn:Warning: SpawnActor failed because we are running a ConstructionScript (AIController)
[2017.05.29-10.14.51:981][879]LogActorComponent: RegisterComponentWithWorld: (/Engine/Transient.World_7:PersistentLevel.DESTROYED_Monster_C_CHILDACTOR_4.CollisionCylinder) Trying to register component with IsPendingKill() == true. Aborting.
[2017.05.29-10.14.56:726][188]LogEditorTransaction: Undo Delete current selection
[2017.05.29-10.14.56:746][188]LogSpawn:Warning: SpawnActor failed because we are running a ConstructionScript (AIController)
[2017.05.29-10.14.56:747][188]LogActorComponent: RegisterComponentWithWorld: (/Engine/Transient.World_7:PersistentLevel.DESTROYED_Monster_C_CHILDACTOR_8.CollisionCylinder) Trying to register component with IsPendingKill() == true. Aborting.
[2017.05.29-10.15.33:123][536]LogEditorTransaction: Undo Break Pin Links
[2017.05.29-10.15.33:138][536]LogSpawn:Warning: SpawnActor failed because we are running a ConstructionScript (AIController)
[2017.05.29-10.15.33:138][536]LogActorComponent: RegisterComponentWithWorld: (/Engine/Transient.World_7:PersistentLevel.DESTROYED_Monster_C_CHILDACTOR_12.CollisionCylinder) Trying to register component with IsPendingKill() == true. Aborting.
[2017.05.29-10.15.34:065][595]LogEditorTransaction: Undo Move Node
[2017.05.29-10.15.34:078][595]LogSpawn:Warning: SpawnActor failed because we are running a ConstructionScript (AIController)
[2017.05.29-10.15.34:079][595]LogActorComponent: RegisterComponentWithWorld: (/Engine/Transient.World_7:PersistentLevel.DESTROYED_Monster_C_CHILDACTOR_16.CollisionCylinder) Trying to register component with IsPendingKill() == true. Aborting.
[2017.05.29-10.15.35:665][710]LogEditorTransaction: Undo Create Pin Link
[2017.05.29-10.15.35:677][710]LogSpawn:Warning: SpawnActor failed because we are running a ConstructionScript (AIController)
[2017.05.29-10.15.35:679][710]LogActorComponent: RegisterComponentWithWorld: (/Engine/Transient.World_7:PersistentLevel.DESTROYED_Monster_C_CHILDACTOR_20.CollisionCylinder) Trying to register component with IsPendingKill() == true. Aborting.
[2017.05.29-10.15.38:174][904]LogEditorTransaction: Redo Create Pin Link
[2017.05.29-10.15.38:192][904]LogSpawn:Warning: SpawnActor failed because we are running a ConstructionScript (AIController)
[2017.05.29-10.15.38:193][904]LogActorComponent: RegisterComponentWithWorld: (/Engine/Transient.World_7:PersistentLevel.DESTROYED_Monster_C_CHILDACTOR_24.CollisionCylinder) Trying to register component with IsPendingKill() == true. Aborting.
[2017.05.29-10.16.57:804][529]LogSpawn:Warning: SpawnActor failed because we are running a ConstructionScript (AIController)
[2017.05.29-10.16.57:805][529]LogActorComponent: RegisterComponentWithWorld: (/Engine/Transient.World_7:PersistentLevel.DESTROYED_Monster_C_CHILDACTOR_28.CollisionCylinder) Trying to register component with IsPendingKill() == true. Aborting.
[2017.05.29-10.17.00:884][608]LogEditorTransaction: Undo Delete current selection
[2017.05.29-10.17.00:906][608]LogSpawn:Warning: SpawnActor failed because we are running a ConstructionScript (AIController)
[2017.05.29-10.17.00:907][608]LogActorComponent: RegisterComponentWithWorld: (/Engine/Transient.World_7:PersistentLevel.DESTROYED_Monster_C_CHILDACTOR_33.CollisionCylinder) Trying to register component with IsPendingKill() == true. Aborting.
[2017.05.29-10.17.11:748][102]LogSpawn:Warning: SpawnActor failed because we are running a ConstructionScript (AIController)
[2017.05.29-10.17.11:751][102]LogActorComponent: RegisterComponentWithWorld: (/Engine/Transient.World_7:PersistentLevel.DESTROYED_Monster_C_CHILDACTOR_37.CollisionCylinder) Trying to register component with IsPendingKill() == true. Aborting.
[2017.05.29-10.17.18:082][362]BlueprintLog: New page: Compile Monster
[2017.05.29-10.17.18:232][362]LogSpawn:Warning: SpawnActor failed because we are running a ConstructionScript (AIController)
[2017.05.29-10.17.18:422][362]LogSpawn:Warning: SpawnActor failed because we are running a ConstructionScript (AIController)
[2017.05.29-10.17.18:423][362]LogActorComponent: RegisterComponentWithWorld: (/Engine/Transient.World_7:PersistentLevel.DESTROYED_Monster_C_CHILDACTOR_9.CollisionCylinder) Trying to register component with IsPendingKill() == true. Aborting.
[2017.05.29-10.17.18:528][362]LogSpawn:Warning: SpawnActor failed because we are running a ConstructionScript (AIController)
[2017.05.29-10.17.18:529][362]LogActorComponent: RegisterComponentWithWorld: (/Engine/Transient.World_7:PersistentLevel.DESTROYED_Monster_C_CHILDACTOR_13.CollisionCylinder) Trying to register component with IsPendingKill() == true. Aborting.
[2017.05.29-10.17.35:276][336]LogBlueprint:Warning: [MonsterStartPointBP] 'PlayerHealth' variable not found. Base class was probably changed.
[2017.05.29-10.17.35:286][336]LogSpawn:Warning: SpawnActor failed because we are running a ConstructionScript (AIController)
[2017.05.29-10.17.50:065][211]LogEditorTransaction: Undo Move Nodes
[2017.05.29-10.17.50:151][211]LogSpawn:Warning: SpawnActor failed because we are running a ConstructionScript (AIController)
[2017.05.29-10.17.52:858][344]LogEditorTransaction: Undo Paste clipboard contents
[2017.05.29-10.17.52:871][344]LogSpawn:Warning: SpawnActor failed because we are running a ConstructionScript (AIController)
[2017.05.29-10.17.55:618][495]Cmd: TRANSACTION UNDO
[2017.05.29-10.17.55:618][495]LogEditorTransaction: Undo Delete current selection
[2017.05.29-10.17.55:642][495]LogSpawn:Warning: SpawnActor failed because we are running a ConstructionScript (AIController)
[2017.05.29-10.17.55:645][495]LogActorComponent: RegisterComponentWithWorld: (/Engine/Transient.World_7:PersistentLevel.DESTROYED_Monster_C_CHILDACTOR_24.CollisionCylinder) Trying to register component with IsPendingKill() == true. Aborting.
[2017.05.29-10.19.44:561][357]LogSpawn:Warning: SpawnActor failed because we are running a ConstructionScript (AIController)
[2017.05.29-10.19.44:561][357]LogActorComponent: RegisterComponentWithWorld: (/Engine/Transient.World_7:PersistentLevel.DESTROYED_Monster_C_CHILDACTOR_28.CollisionCylinder) Trying to register component with IsPendingKill() == true. Aborting.
[2017.05.29-10.19.51:231][672]LogBlueprint:Warning: [MonsterStartPointBP] 'PlayerHealth' variable not found. Base class was probably changed.
[2017.05.29-10.19.51:241][672]LogSpawn:Warning: SpawnActor failed because we are running a ConstructionScript (AIController)
[2017.05.29-10.21.04:744][368]LogSlate:Warning: Prevented a slow task dialog from being summoned while a context menu was open
[2017.05.29-10.24.38:891][119]BlueprintLog: New page: Compile MonsterStartPointBP
[2017.05.29-10.24.38:914][119]LogBlueprint:Warning: [Compiler MonsterStartPointBP] Warning Could not find a variable named "PlayerHealth" in 'MonsterStartPointBP_C'.
Make sure 'MonsterStartPointBP_C' has been compiled for  K2Node_VariableGet_91
[2017.05.29-10.24.38:915][119]LogBlueprint:Error: [Compiler MonsterStartPointBP] Error This blueprint (self) is not a MyCharacter_C, therefore ' self ' must have a connection.
[2017.05.29-10.24.38:915][119]LogBlueprint:Error: [Compiler MonsterStartPointBP] Error This blueprint (self) is not a MyCharacter_C, therefore ' self ' must have a connection.
[2017.05.29-10.24.38:915][119]LogBlueprint:Error: [Compiler MonsterStartPointBP] Error The property associated with  PlayerHealth  could not be found
[2017.05.29-10.24.38:916][119]LogBlueprint:Error: [Compiler MonsterStartPointBP] Error Variable node  K2Node_VariableSet_103  uses an invalid target.  It may depend on a node that is not connected to the execution chain, and got purged.
[2017.05.29-10.24.38:916][119]LogBlueprint:Error: [Compiler MonsterStartPointBP] Error Variable node  K2Node_VariableSet_54  uses an invalid target.  It may depend on a node that is not connected to the execution chain, and got purged.
[2017.05.29-10.24.39:081][119]LogTexture:Display: Building textures: BadBlueprintSprite (BGRA8)
[2017.05.29-10.24.39:408][119]BlueprintEditorCompileResults:Warning: Warning Could not find a variable named "PlayerHealth" in 'MonsterStartPointBP_C'.
Make sure 'MonsterStartPointBP_C' has been compiled for  K2Node_VariableGet_91
[2017.05.29-10.24.39:408][119]BlueprintEditorCompileResults:Error: Error This blueprint (self) is not a MyCharacter_C, therefore ' self ' must have a connection.
[2017.05.29-10.24.39:408][119]BlueprintEditorCompileResults:Error: Error This blueprint (self) is not a MyCharacter_C, therefore ' self ' must have a connection.
[2017.05.29-10.24.39:408][119]BlueprintEditorCompileResults:Error: Error The property associated with  PlayerHealth  could not be found
[2017.05.29-10.24.39:408][119]BlueprintEditorCompileResults:Error: Error Variable node  K2Node_VariableSet_103  uses an invalid target.  It may depend on a node that is not connected to the execution chain, and got purged.
[2017.05.29-10.24.39:408][119]BlueprintEditorCompileResults:Error: Error Variable node  K2Node_VariableSet_54  uses an invalid target.  It may depend on a node that is not connected to the execution chain, and got purged.
[2017.05.29-10.24.39:410][119]LogBlueprint:Warning: [Compiler MonsterStartPointBP] Warning [2774.63] Compile of MonsterStartPointBP failed. 5 Fatal Issue(s) 1 Warning(s) [in 517 ms] (/Game/Characters/MonsterStartPointBP.MonsterStartPointBP)
[2017.05.29-10.25.04:438][592]LogSpawn:Warning: SpawnActor failed because we are running a ConstructionScript (AIController)
[2017.05.29-10.25.06:932][728]LogEditorTransaction: Undo Remove EventNode
[2017.05.29-10.25.06:952][728]LogSpawn:Warning: SpawnActor failed because we are running a ConstructionScript (AIController)
[2017.05.29-10.25.07:848][774]LogEditorTransaction: Undo Comment Bubble Visibility
[2017.05.29-10.25.07:917][774]LogSpawn:Warning: SpawnActor failed because we are running a ConstructionScript (AIController)
[2017.05.29-10.25.12:189][ 10]LogEditorTransaction: Undo Create Pin Link
[2017.05.29-10.25.12:203][ 10]LogSpawn:Warning: SpawnActor failed because we are running a ConstructionScript (AIController)
[2017.05.29-10.25.12:621][ 30]LogEditorTransaction: Undo Move Nodes
[2017.05.29-10.25.12:636][ 30]LogSpawn:Warning: SpawnActor failed because we are running a ConstructionScript (AIController)
[2017.05.29-10.25.12:812][ 37]LogEditorTransaction: Undo Paste clipboard contents
[2017.05.29-10.25.12:822][ 37]LogSpawn:Warning: SpawnActor failed because we are running a ConstructionScript (AIController)
[2017.05.29-10.25.13:020][ 46]LogEditorTransaction: Undo Delete current selection
[2017.05.29-10.25.13:046][ 46]LogSpawn:Warning: SpawnActor failed because we are running a ConstructionScript (AIController)
[2017.05.29-10.25.13:047][ 46]LogActorComponent: RegisterComponentWithWorld: (/Engine/Transient.World_7:PersistentLevel.DESTROYED_Monster_C_CHILDACTOR_48.CollisionCylinder) Trying to register component with IsPendingKill() == true. Aborting.
[2017.05.29-10.25.14:653][169]LogEditorTransaction: Redo Delete current selection
[2017.05.29-10.25.14:680][169]LogSpawn:Warning: SpawnActor failed because we are running a ConstructionScript (AIController)
[2017.05.29-10.25.14:681][169]LogActorComponent: RegisterComponentWithWorld: (/Engine/Transient.World_7:PersistentLevel.DESTROYED_Monster_C_CHILDACTOR_57.CollisionCylinder) Trying to register component with IsPendingKill() == true. Aborting.
[2017.05.29-10.25.16:057][270]LogEditorTransaction: Redo Paste clipboard contents
[2017.05.29-10.25.16:071][270]LogSpawn:Warning: SpawnActor failed because we are running a ConstructionScript (AIController)
[2017.05.29-10.26.22:144][ 48]BlueprintLog: New page: Compile MonsterStartPointBP
[2017.05.29-10.26.22:166][ 48]LogBlueprint:Warning: [Compiler MonsterStartPointBP] Warning Could not find a variable named "PlayerHealth" in 'MonsterStartPointBP_C'.
Make sure 'MonsterStartPointBP_C' has been compiled for  K2Node_VariableGet_91
[2017.05.29-10.26.22:166][ 48]LogBlueprint:Error: [Compiler MonsterStartPointBP] Error This blueprint (self) is not a MyCharacter_C, therefore ' self ' must have a connection.
[2017.05.29-10.26.22:166][ 48]LogBlueprint:Error: [Compiler MonsterStartPointBP] Error The type of  Object  is undetermined.  Connect something to  K2Node_DynamicCast_0  to imply a specific type.
[2017.05.29-10.26.22:166][ 48]LogBlueprint:Error: [Compiler MonsterStartPointBP] Error The current value of the ' Object ' pin is invalid: Unsupported type Object Wildcard on pin Object
[2017.05.29-10.26.22:166][ 48]LogBlueprint:Error: [Compiler MonsterStartPointBP] Error The property associated with  PlayerHealth  could not be found
[2017.05.29-10.26.22:167][ 48]LogBlueprint:Error: [Compiler MonsterStartPointBP] Error Variable node  K2Node_VariableSet_54  uses an invalid target.  It may depend on a node that is not connected to the execution chain, and got purged.
[2017.05.29-10.26.22:517][ 48]BlueprintEditorCompileResults:Warning: Warning Could not find a variable named "PlayerHealth" in 'MonsterStartPointBP_C'.
Make sure 'MonsterStartPointBP_C' has been compiled for  K2Node_VariableGet_91
[2017.05.29-10.26.22:517][ 48]BlueprintEditorCompileResults:Error: Error This blueprint (self) is not a MyCharacter_C, therefore ' self ' must have a connection.
[2017.05.29-10.26.22:517][ 48]BlueprintEditorCompileResults:Error: Error The type of  Object  is undetermined.  Connect something to  K2Node_DynamicCast_0  to imply a specific type.
[2017.05.29-10.26.22:517][ 48]BlueprintEditorCompileResults:Error: Error The current value of the ' Object ' pin is invalid: Unsupported type Object Wildcard on pin Object
[2017.05.29-10.26.22:517][ 48]BlueprintEditorCompileResults:Error: Error The property associated with  PlayerHealth  could not be found
[2017.05.29-10.26.22:517][ 48]BlueprintEditorCompileResults:Error: Error Variable node  K2Node_VariableSet_54  uses an invalid target.  It may depend on a node that is not connected to the execution chain, and got purged.
[2017.05.29-10.26.22:517][ 48]LogBlueprint:Warning: [Compiler MonsterStartPointBP] Warning [2877.74] Compile of MonsterStartPointBP failed. 5 Fatal Issue(s) 1 Warning(s) [in 372 ms] (/Game/Characters/MonsterStartPointBP.MonsterStartPointBP)
[2017.05.29-10.28.01:355][916]BlueprintLog: New page: Compile MonsterStartPointBP
[2017.05.29-10.28.01:379][916]LogBlueprint:Warning: [Compiler MonsterStartPointBP] Warning Could not find a variable named "PlayerHealth" in 'MonsterStartPointBP_C'.
Make sure 'MonsterStartPointBP_C' has been compiled for  K2Node_VariableGet_91
[2017.05.29-10.28.01:379][916]LogBlueprint:Error: [Compiler MonsterStartPointBP] Error The property associated with  PlayerHealth  could not be found
[2017.05.29-10.28.01:740][916]BlueprintEditorCompileResults:Warning: Warning Could not find a variable named "PlayerHealth" in 'MonsterStartPointBP_C'.
Make sure 'MonsterStartPointBP_C' has been compiled for  K2Node_VariableGet_91
[2017.05.29-10.28.01:740][916]BlueprintEditorCompileResults:Error: Error The property associated with  PlayerHealth  could not be found
[2017.05.29-10.28.01:740][916]LogBlueprint:Warning: [Compiler MonsterStartPointBP] Warning [2976.96] Compile of MonsterStartPointBP failed. 1 Fatal Issue(s) 1 Warning(s) [in 384 ms] (/Game/Characters/MonsterStartPointBP.MonsterStartPointBP)
[2017.05.29-10.28.39:556][767]BlueprintLog: New page: Compile MonsterStartPointBP
[2017.05.29-10.28.39:580][767]LogBlueprint:Error: [Compiler MonsterStartPointBP] Error The type of  Object  is undetermined.  Connect something to  K2Node_DynamicCast_7  to imply a specific type.
[2017.05.29-10.28.39:580][767]LogBlueprint:Error: [Compiler MonsterStartPointBP] Error The current value of the ' Object ' pin is invalid: Unsupported type Object Wildcard on pin Object
[2017.05.29-10.28.39:932][767]BlueprintEditorCompileResults:Error: Error The type of  Object  is undetermined.  Connect something to  K2Node_DynamicCast_7  to imply a specific type.
[2017.05.29-10.28.39:932][767]BlueprintEditorCompileResults:Error: Error The current value of the ' Object ' pin is invalid: Unsupported type Object Wildcard on pin Object
[2017.05.29-10.28.39:932][767]LogBlueprint:Warning: [Compiler MonsterStartPointBP] Warning [3015.15] Compile of MonsterStartPointBP failed. 2 Fatal Issue(s) 0 Warning(s) [in 376 ms] (/Game/Characters/MonsterStartPointBP.MonsterStartPointBP)
[2017.05.29-10.29.07:372][129]LogSavePackage: Save=934.92ms
[2017.05.29-10.29.07:372][129]LogSavePackage: Moving '../../../../../../Users/goutham.balaji/Documents/Unreal Projects/ProjectActual/Saved/NewLevel1_Auto1DF3422B149EF71D1EF6D6A8417D9059E.tmp' to '../../../../../../Users/goutham.balaji/Documents/Unreal Projects/ProjectActual/Saved/Autosaves/Game/NewLevel1_Auto1.umap'
[2017.05.29-10.29.07:374][129]LogSavePackage:Display: Finished SavePackage ../../../../../../Users/goutham.balaji/Documents/Unreal Projects/ProjectActual/Saved/Autosaves/Game/NewLevel1_Auto1.umap
[2017.05.29-10.29.07:376][129]LogFileHelpers: Editor autosave (incl. sublevels) for '/Game/NewLevel1' took 1.066
[2017.05.29-10.29.07:376][129]LogFileHelpers: Editor autosave (incl. sublevels) for all levels took 1.066
[2017.05.29-10.29.07:379][129]OBJ SavePackage: Generating thumbnails for [1] asset(s) in package [/Game/Characters/Monster] ([1] browsable assets)...
[2017.05.29-10.29.07:425][129]OBJ SavePackage:     Rendered thumbnail for [Blueprint /Game/Characters/Monster.Monster]
[2017.05.29-10.29.07:425][129]OBJ SavePackage: Finished generating thumbnails for package [/Game/Characters/Monster]
[2017.05.29-10.29.07:529][129]LogSavePackage: Save=74.43ms
[2017.05.29-10.29.07:529][129]LogSavePackage: Moving '../../../../../../Users/goutham.balaji/Documents/Unreal Projects/ProjectActual/Saved/Monster_Auto1FC43D8094529C1E8174DAF92649F5764.tmp' to '../../../../../../Users/goutham.balaji/Documents/Unreal Projects/ProjectActual/Saved/Autosaves/Game/Characters/Monster_Auto1.uasset'
[2017.05.29-10.29.07:533][129]LogSavePackage:Display: Finished SavePackage ../../../../../../Users/goutham.balaji/Documents/Unreal Projects/ProjectActual/Saved/Autosaves/Game/Characters/Monster_Auto1.uasset
[2017.05.29-10.29.07:534][129]OBJ SavePackage: Generating thumbnails for [0] asset(s) in package [/Game/Characters/MonsterStartPointBP] ([1] browsable assets)...
[2017.05.29-10.29.07:534][129]OBJ SavePackage: Finished generating thumbnails for package [/Game/Characters/MonsterStartPointBP]
[2017.05.29-10.29.07:611][129]LogSavePackage: Save=51.32ms
[2017.05.29-10.29.07:611][129]LogSavePackage: Moving '../../../../../../Users/goutham.balaji/Documents/Unreal Projects/ProjectActual/Saved/MonsterStartPointBP_Auto1DEF297514C5544EB7E98CCA32E4B8790.tmp' to '../../../../../../Users/goutham.balaji/Documents/Unreal Projects/ProjectActual/Saved/Autosaves/Game/Characters/MonsterStartPointBP_Auto1.uasset'
[2017.05.29-10.29.07:615][129]LogSavePackage:Display: Finished SavePackage ../../../../../../Users/goutham.balaji/Documents/Unreal Projects/ProjectActual/Saved/Autosaves/Game/Characters/MonsterStartPointBP_Auto1.uasset
[2017.05.29-10.29.07:615][129]LogFileHelpers: Auto-saving content packages took 0.238
[2017.05.29-10.29.47:048][194]BlueprintLog: New page: Compile MonsterStartPointBP
[2017.05.29-10.29.47:080][194]LogSpawn:Warning: SpawnActor failed because we are running a ConstructionScript (AIController)
[2017.05.29-10.29.47:286][194]LogSpawn:Warning: SpawnActor failed because we are running a ConstructionScript (AIController)
[2017.05.29-10.30.12:286][665]Cmd: OBJ SAVEPACKAGE PACKAGE="/Game/NewLevel1" FILE="../../../../../../Users/goutham.balaji/Documents/Unreal Projects/ProjectActual/Content/NewLevel1.umap" SILENT=true AUTOSAVING=false KEEPDIRTY=false
[2017.05.29-10.30.13:242][665]LogSavePackage: Save=869.30ms
[2017.05.29-10.30.13:242][665]LogSavePackage: Moving '../../../../../../Users/goutham.balaji/Documents/Unreal Projects/ProjectActual/Saved/NewLevel19F033B8A4725684E22876B93B10B6BD5.tmp' to '../../../../../../Users/goutham.balaji/Documents/Unreal Projects/ProjectActual/Content/NewLevel1.umap'
[2017.05.29-10.30.13:254][665]LogSavePackage:Display: Finished SavePackage ../../../../../../Users/goutham.balaji/Documents/Unreal Projects/ProjectActual/Content/NewLevel1.umap
[2017.05.29-10.30.25:487][303]LogTemp: Repeting last play command: Selected Viewport
[2017.05.29-10.30.25:548][303]LogBlueprintUserMessages: Early PlayInEditor Detection: Level '/Game/NewLevel1.NewLevel1:PersistentLevel' has LevelScriptBlueprint '/Game/NewLevel1.NewLevel1:PersistentLevel.NewLevel1' with GeneratedClass '/Game/NewLevel1.NewLevel1_C' with ClassGeneratedBy '/Game/NewLevel1.NewLevel1:PersistentLevel.NewLevel1'
[2017.05.29-10.30.25:548][303]BlueprintLog: New page: Pre-Play auto-recompile
[2017.05.29-10.30.25:548][303]LogPlayLevel: [PlayLevel] Compiling Monster before play...
[2017.05.29-10.30.25:627][303]LogSpawn:Warning: SpawnActor failed because we are running a ConstructionScript (AIController)
[2017.05.29-10.30.25:787][303]LogSpawn:Warning: SpawnActor failed because we are running a ConstructionScript (AIController)
[2017.05.29-10.30.25:811][303]LogSpawn:Warning: SpawnActor failed because we are running a ConstructionScript (AIController)
[2017.05.29-10.30.25:812][303]LogActorComponent: RegisterComponentWithWorld: (/Engine/Transient.World_7:PersistentLevel.DESTROYED_Monster_C_CHILDACTOR_40.CollisionCylinder) Trying to register component with IsPendingKill() == true. Aborting.
[2017.05.29-10.30.25:902][303]LogPlayLevel: PlayLevel: Blueprint regeneration took 354 ms (1 blueprints)
[2017.05.29-10.30.25:905][303]PIE: New page: PIE session: NewLevel1 (30 May 2017 5:30:25 am)
[2017.05.29-10.30.25:905][303]LogPlayLevel: Creating play world package: /Game/UEDPIE_0_NewLevel1
[2017.05.29-10.30.25:981][303]LogPlayLevel: PIE: StaticDuplicateObject took: (0.076204s)
[2017.05.29-10.30.25:985][303]LogAIModule: Creating AISystem for world NewLevel1
[2017.05.29-10.30.25:986][303]LogPlayLevel: PIE: World Init took: (0.004487s)
[2017.05.29-10.30.25:986][303]LogPlayLevel: PIE: Created PIE world by copying editor world from /Game/NewLevel1.NewLevel1 to /Game/UEDPIE_0_NewLevel1.NewLevel1 (0.081840s)
[2017.05.29-10.30.26:052][303]LogInit: XAudio2 using 'Speakers/Headphones (Realtek High Definition Audio)' : 2 channels at 48 kHz using 32 bits per sample (channel mask 0x3)
[2017.05.29-10.30.26:061][303]LogInit: FAudioDevice initialized.
[2017.05.29-10.30.26:118][303]LogLoad: Game class is 'MyGame_C'
[2017.05.29-10.30.26:206][303]LogStats: FPlatformStackWalk::StackWalkAndDump -  0.049 s
[2017.05.29-10.30.26:206][303]LogOutputDevice:Error: === Handled ensure: ===
[2017.05.29-10.30.26:206][303]LogOutputDevice:Error: 
[2017.05.29-10.30.26:206][303]LogOutputDevice:Error: Ensure condition failed: false [File:D:\Build\++UE4+Release-4.14+Compile\Sync\Engine\Source\Runtime\Engine\Private\Components\SceneComponent.cpp] [Line: 1671]
[2017.05.29-10.30.26:206][303]LogOutputDevice:Error: Template Mismatch during attachment. Attaching instanced component to template component. Parent 'CollisionCylinder' Self 'Arrow'
[2017.05.29-10.30.26:206][303]LogOutputDevice:Error: Stack: 
[2017.05.29-10.30.26:206][303]LogOutputDevice:Error: UE4Editor-Core.dll
[2017.05.29-10.30.26:206][303]LogOutputDevice:Error: UE4Editor-Core.dll
[2017.05.29-10.30.26:206][303]LogOutputDevice:Error: UE4Editor-Core.dll
[2017.05.29-10.30.26:206][303]LogOutputDevice:Error: UE4Editor-Engine.dll
[2017.05.29-10.30.26:206][303]LogOutputDevice:Error: UE4Editor-Engine.dll
[2017.05.29-10.30.26:206][303]LogOutputDevice:Error: UE4Editor-Engine.dll
[2017.05.29-10.30.26:206][303]LogOutputDevice:Error: UE4Editor-Engine.dll
[2017.05.29-10.30.26:206][303]LogOutputDevice:Error: UE4Editor-Engine.dll
[2017.05.29-10.30.26:206][303]LogOutputDevice:Error: UE4Editor-Engine.dll
[2017.05.29-10.30.26:206][303]LogOutputDevice:Error: UE4Editor-Engine.dll
[2017.05.29-10.30.26:206][303]LogOutputDevice:Error: UE4Editor-Engine.dll
[2017.05.29-10.30.26:206][303]LogOutputDevice:Error: UE4Editor-Engine.dll
[2017.05.29-10.30.26:206][303]LogOutputDevice:Error: UE4Editor-Engine.dll
[2017.05.29-10.30.26:206][303]LogOutputDevice:Error: UE4Editor-UnrealEd.dll
[2017.05.29-10.30.26:206][303]LogOutputDevice:Error: UE4Editor-UnrealEd.dll
[2017.05.29-10.30.26:206][303]LogOutputDevice:Error: UE4Editor-UnrealEd.dll
[2017.05.29-10.30.26:206][303]LogOutputDevice:Error: UE4Editor-UnrealEd.dll
[2017.05.29-10.30.26:206][303]LogOutputDevice:Error: UE4Editor-UnrealEd.dll
[2017.05.29-10.30.26:206][303]LogOutputDevice:Error: UE4Editor.exe
[2017.05.29-10.30.26:206][303]LogOutputDevice:Error: UE4Editor.exe
[2017.05.29-10.30.26:206][303]LogOutputDevice:Error: UE4Editor.exe
[2017.05.29-10.30.26:206][303]LogOutputDevice:Error: UE4Editor.exe
[2017.05.29-10.30.26:206][303]LogOutputDevice:Error: UE4Editor.exe
[2017.05.29-10.30.26:206][303]LogOutputDevice:Error: KERNEL32.DLL
[2017.05.29-10.30.26:206][303]LogOutputDevice:Error: ntdll.dll
[2017.05.29-10.30.26:206][303]LogOutputDevice:Error: 
[2017.05.29-10.30.26:219][303]LogStats:                SubmitErrorReport -  0.000 s
