Log file open, 04/19/17 12:33:58
LogInit:Display: Running engine for game: ProjectActual
LogPlatformFile: Not using cached read wrapper
LogInit:Display: RandInit(-250750701) SRandInit(-250750701).
LogTaskGraph: Started task graph with 5 named threads and 6 total threads with 1 sets of task threads.
LogStats: Stats thread started at 0.800661
LogPluginManager: Loaded Plugin Paper2D, From C:/Program Files/Epic Games/UE_4.14/Engine/Plugins/2D/Paper2D/Paper2D.uplugin
LogPluginManager: Loaded Plugin LightPropagationVolume, From C:/Program Files/Epic Games/UE_4.14/Engine/Plugins/Blendables/LightPropagationVolume/LightPropagationVolume.uplugin
LogPluginManager: Loaded Plugin BlankPlugin, From C:/Program Files/Epic Games/UE_4.14/Engine/Plugins/Developer/BlankPlugin/BlankPlugin.uplugin
LogPluginManager: Loaded Plugin CodeLiteSourceCodeAccess, From C:/Program Files/Epic Games/UE_4.14/Engine/Plugins/Developer/CodeLiteSourceCodeAccess/CodeLiteSourceCodeAccess.uplugin
LogPluginManager: Loaded Plugin GitSourceControl, From C:/Program Files/Epic Games/UE_4.14/Engine/Plugins/Developer/GitSourceControl/GitSourceControl.uplugin
LogPluginManager: Loaded Plugin KDevelopSourceCodeAccess, From C:/Program Files/Epic Games/UE_4.14/Engine/Plugins/Developer/KDevelopSourceCodeAccess/KDevelopSourceCodeAccess.uplugin
LogPluginManager: Loaded Plugin NullSourceCodeAccess, From C:/Program Files/Epic Games/UE_4.14/Engine/Plugins/Developer/NullSourceCodeAccess/NullSourceCodeAccess.uplugin
LogPluginManager: Loaded Plugin OneSkyLocalizationService, From C:/Program Files/Epic Games/UE_4.14/Engine/Plugins/Developer/OneSkyLocalizationService/OneSkyLocalizationService.uplugin
LogPluginManager: Loaded Plugin PerforceSourceControl, From C:/Program Files/Epic Games/UE_4.14/Engine/Plugins/Developer/PerforceSourceControl/PerforceSourceControl.uplugin
LogPluginManager: Loaded Plugin SubversionSourceControl, From C:/Program Files/Epic Games/UE_4.14/Engine/Plugins/Developer/SubversionSourceControl/SubversionSourceControl.uplugin
LogPluginManager: Loaded Plugin UObjectPlugin, From C:/Program Files/Epic Games/UE_4.14/Engine/Plugins/Developer/UObjectPlugin/UObjectPlugin.uplugin
LogPluginManager: Loaded Plugin VisualStudioSourceCodeAccess, From C:/Program Files/Epic Games/UE_4.14/Engine/Plugins/Developer/VisualStudioSourceCodeAccess/VisualStudioSourceCodeAccess.uplugin
LogPluginManager: Loaded Plugin XCodeSourceCodeAccess, From C:/Program Files/Epic Games/UE_4.14/Engine/Plugins/Developer/XCodeSourceCodeAccess/XCodeSourceCodeAccess.uplugin
LogPluginManager: Loaded Plugin AudioCapture, From C:/Program Files/Epic Games/UE_4.14/Engine/Plugins/Editor/AudioCapture/AudioCapture.uplugin
LogPluginManager: Loaded Plugin EpicSurvey, From C:/Program Files/Epic Games/UE_4.14/Engine/Plugins/Editor/EpicSurvey/EpicSurvey.uplugin
LogPluginManager: Loaded Plugin MacGraphicsSwitching, From C:/Program Files/Epic Games/UE_4.14/Engine/Plugins/Editor/MacGraphicsSwitching/MacGraphicsSwitching.uplugin
LogPluginManager: Loaded Plugin MobileLauncherProfileWizard, From C:/Program Files/Epic Games/UE_4.14/Engine/Plugins/Editor/MobileLauncherProfileWizard/MobileLauncherProfileWizard.uplugin
LogPluginManager: Loaded Plugin PluginBrowser, From C:/Program Files/Epic Games/UE_4.14/Engine/Plugins/Editor/PluginBrowser/PluginBrowser.uplugin
LogPluginManager: Loaded Plugin SpeedTreeImporter, From C:/Program Files/Epic Games/UE_4.14/Engine/Plugins/Editor/SpeedTreeImporter/SpeedTreeImporter.uplugin
LogPluginManager: Loaded Plugin SuperSearchEditor, From C:/Program Files/Epic Games/UE_4.14/Engine/Plugins/Editor/SuperSearchEditor/SuperSearchEditor.uplugin
LogPluginManager: Loaded Plugin AlembicImporter, From C:/Program Files/Epic Games/UE_4.14/Engine/Plugins/Experimental/AlembicImporter/AlembicImporter.uplugin
LogPluginManager: Loaded Plugin BlueprintStats, From C:/Program Files/Epic Games/UE_4.14/Engine/Plugins/Experimental/BlueprintStats/BlueprintStats.uplugin
LogPluginManager: Loaded Plugin CharacterAI, From C:/Program Files/Epic Games/UE_4.14/Engine/Plugins/Experimental/CharacterAI/CharacterAI.uplugin
LogPluginManager: Loaded Plugin CodeEditor, From C:/Program Files/Epic Games/UE_4.14/Engine/Plugins/Experimental/CodeEditor/CodeEditor.uplugin
LogPluginManager: Loaded Plugin CodeView, From C:/Program Files/Epic Games/UE_4.14/Engine/Plugins/Experimental/CodeView/CodeView.uplugin
LogPluginManager: Loaded Plugin HTML5Networking, From C:/Program Files/Epic Games/UE_4.14/Engine/Plugins/Experimental/HTML5Networking/HTML5Networking.uplugin
LogPluginManager: Loaded Plugin OSVR, From C:/Program Files/Epic Games/UE_4.14/Engine/Plugins/Experimental/OSVR/OSVR.uplugin
LogPluginManager: Loaded Plugin Phya, From C:/Program Files/Epic Games/UE_4.14/Engine/Plugins/Experimental/Phya/Phya.uplugin
LogPluginManager: Loaded Plugin SignificanceManager, From C:/Program Files/Epic Games/UE_4.14/Engine/Plugins/Experimental/SignificanceManager/SignificanceManager.uplugin
LogPluginManager: Loaded Plugin SimpleHMD, From C:/Program Files/Epic Games/UE_4.14/Engine/Plugins/Experimental/SimpleHMD/SimpleHMD.uplugin
LogPluginManager: Loaded Plugin StereoPanorama, From C:/Program Files/Epic Games/UE_4.14/Engine/Plugins/Experimental/StereoPanorama/StereoPanorama.uplugin
LogPluginManager: Loaded Plugin StructBox, From C:/Program Files/Epic Games/UE_4.14/Engine/Plugins/Experimental/StructBox/StructBox.uplugin
LogPluginManager: Loaded Plugin AndroidMedia, From C:/Program Files/Epic Games/UE_4.14/Engine/Plugins/Media/AndroidMedia/AndroidMedia.uplugin
LogPluginManager: Loaded Plugin AvfMedia, From C:/Program Files/Epic Games/UE_4.14/Engine/Plugins/Media/AvfMedia/AvfMedia.uplugin
LogPluginManager: Loaded Plugin MediaPlayerEditor, From C:/Program Files/Epic Games/UE_4.14/Engine/Plugins/Media/MediaPlayerEditor/MediaPlayerEditor.uplugin
LogPluginManager: Loaded Plugin WmfMedia, From C:/Program Files/Epic Games/UE_4.14/Engine/Plugins/Media/WmfMedia/WmfMedia.uplugin
LogPluginManager: Loaded Plugin MessagingDebugger, From C:/Program Files/Epic Games/UE_4.14/Engine/Plugins/Messaging/MessagingDebugger/MessagingDebugger.uplugin
LogPluginManager: Loaded Plugin TcpMessaging, From C:/Program Files/Epic Games/UE_4.14/Engine/Plugins/Messaging/TcpMessaging/TcpMessaging.uplugin
LogPluginManager: Loaded Plugin UdpMessaging, From C:/Program Files/Epic Games/UE_4.14/Engine/Plugins/Messaging/UdpMessaging/UdpMessaging.uplugin
LogPluginManager: Loaded Plugin LevelSequenceEditor, From C:/Program Files/Epic Games/UE_4.14/Engine/Plugins/MovieScene/LevelSequenceEditor/LevelSequenceEditor.uplugin
LogPluginManager: Loaded Plugin MatineeToLevelSequence, From C:/Program Files/Epic Games/UE_4.14/Engine/Plugins/MovieScene/MatineeToLevelSequence/MatineeToLevelSequence.uplugin
LogPluginManager: Loaded Plugin NetcodeUnitTest, From C:/Program Files/Epic Games/UE_4.14/Engine/Plugins/NetcodeUnitTest/NetcodeUnitTest/NetcodeUnitTest.uplugin
LogPluginManager: Loaded Plugin NUTUnrealEngine4, From C:/Program Files/Epic Games/UE_4.14/Engine/Plugins/NetcodeUnitTest/NUTUnrealEngine4/NUTUnrealEngine4.uplugin
LogPluginManager: Loaded Plugin OnlineSubsystemGameCircle, From C:/Program Files/Epic Games/UE_4.14/Engine/Plugins/Online/Android/OnlineSubsystemGameCircle/OnlineSubsystemGameCircle.uplugin
LogPluginManager: Loaded Plugin OnlineSubsystemGooglePlay, From C:/Program Files/Epic Games/UE_4.14/Engine/Plugins/Online/Android/OnlineSubsystemGooglePlay/OnlineSubsystemGooglePlay.uplugin
LogPluginManager: Loaded Plugin OnlineSubsystemIOS, From C:/Program Files/Epic Games/UE_4.14/Engine/Plugins/Online/IOS/OnlineSubsystemIOS/OnlineSubsystemIOS.uplugin
LogPluginManager: Loaded Plugin OnlineFramework, From C:/Program Files/Epic Games/UE_4.14/Engine/Plugins/Online/OnlineFramework/OnlineFramework.uplugin
LogPluginManager: Loaded Plugin OnlineSubsystem, From C:/Program Files/Epic Games/UE_4.14/Engine/Plugins/Online/OnlineSubsystem/OnlineSubsystem.uplugin
LogPluginManager: Loaded Plugin OnlineSubsystemAmazon, From C:/Program Files/Epic Games/UE_4.14/Engine/Plugins/Online/OnlineSubsystemAmazon/OnlineSubsystemAmazon.uplugin
LogPluginManager: Loaded Plugin OnlineSubsystemFacebook, From C:/Program Files/Epic Games/UE_4.14/Engine/Plugins/Online/OnlineSubsystemFacebook/OnlineSubsystemFacebook.uplugin
LogPluginManager: Loaded Plugin OnlineSubsystemNull, From C:/Program Files/Epic Games/UE_4.14/Engine/Plugins/Online/OnlineSubsystemNull/OnlineSubsystemNull.uplugin
LogPluginManager: Loaded Plugin OnlineSubsystemOculus, From C:/Program Files/Epic Games/UE_4.14/Engine/Plugins/Online/OnlineSubsystemOculus/OnlineSubsystemOculus.uplugin
LogPluginManager: Loaded Plugin OnlineSubsystemSteam, From C:/Program Files/Epic Games/UE_4.14/Engine/Plugins/Online/OnlineSubsystemSteam/OnlineSubsystemSteam.uplugin
LogPluginManager: Loaded Plugin OnlineSubsystemUtils, From C:/Program Files/Epic Games/UE_4.14/Engine/Plugins/Online/OnlineSubsystemUtils/OnlineSubsystemUtils.uplugin
LogPluginManager: Loaded Plugin IOSTapJoy, From C:/Program Files/Epic Games/UE_4.14/Engine/Plugins/Runtime/Advertising/IOSTapJoy/IOSTapJoy.uplugin
LogPluginManager: Loaded Plugin AnalyticsBlueprintLibrary, From C:/Program Files/Epic Games/UE_4.14/Engine/Plugins/Runtime/Analytics/AnalyticsBlueprintLibrary/AnalyticsBlueprintLibrary.uplugin
LogPluginManager: Loaded Plugin AnalyticsMulticast, From C:/Program Files/Epic Games/UE_4.14/Engine/Plugins/Runtime/Analytics/AnalyticsMulticast/AnalyticsMulticast.uplugin
LogPluginManager: Loaded Plugin Apsalar, From C:/Program Files/Epic Games/UE_4.14/Engine/Plugins/Runtime/Analytics/Apsalar/Apsalar.uplugin
LogPluginManager: Loaded Plugin FileLogging, From C:/Program Files/Epic Games/UE_4.14/Engine/Plugins/Runtime/Analytics/FileLogging/FileLogging.uplugin
LogPluginManager: Loaded Plugin Flurry, From C:/Program Files/Epic Games/UE_4.14/Engine/Plugins/Runtime/Analytics/Flurry/Flurry.uplugin
LogPluginManager: Loaded Plugin AndroidDeviceProfileSelector, From C:/Program Files/Epic Games/UE_4.14/Engine/Plugins/Runtime/AndroidDeviceProfileSelector/AndroidDeviceProfileSelector.uplugin
LogPluginManager: Loaded Plugin AndroidMoviePlayer, From C:/Program Files/Epic Games/UE_4.14/Engine/Plugins/Runtime/AndroidMoviePlayer/AndroidMoviePlayer.uplugin
LogPluginManager: Loaded Plugin AppleMoviePlayer, From C:/Program Files/Epic Games/UE_4.14/Engine/Plugins/Runtime/AppleMoviePlayer/AppleMoviePlayer.uplugin
LogPluginManager: Loaded Plugin ArchVisCharacter, From C:/Program Files/Epic Games/UE_4.14/Engine/Plugins/Runtime/ArchVisCharacter/ArchVisCharacter.uplugin
LogPluginManager: Loaded Plugin CableComponent, From C:/Program Files/Epic Games/UE_4.14/Engine/Plugins/Runtime/CableComponent/CableComponent.uplugin
LogPluginManager: Loaded Plugin CustomMeshComponent, From C:/Program Files/Epic Games/UE_4.14/Engine/Plugins/Runtime/CustomMeshComponent/CustomMeshComponent.uplugin
LogPluginManager: Loaded Plugin ExampleDeviceProfileSelector, From C:/Program Files/Epic Games/UE_4.14/Engine/Plugins/Runtime/ExampleDeviceProfileSelector/ExampleDeviceProfileSelector.uplugin
LogPluginManager: Loaded Plugin GearVR, From C:/Program Files/Epic Games/UE_4.14/Engine/Plugins/Runtime/GearVR/GearVR.uplugin
LogPluginManager: Loaded Plugin GoogleVRController, From C:/Program Files/Epic Games/UE_4.14/Engine/Plugins/Runtime/GoogleVR/GoogleVRController/GoogleVRController.uplugin
LogPluginManager: Loaded Plugin GoogleVRHMD, From C:/Program Files/Epic Games/UE_4.14/Engine/Plugins/Runtime/GoogleVR/GoogleVRHMD/GoogleVRHMD.uplugin
LogPluginManager: Loaded Plugin IOSDeviceProfileSelector, From C:/Program Files/Epic Games/UE_4.14/Engine/Plugins/Runtime/IOSDeviceProfileSelector/IOSDeviceProfileSelector.uplugin
LogPluginManager: Loaded Plugin LeapMotion, From C:/Program Files/Epic Games/UE_4.14/Engine/Plugins/Runtime/LeapMotion/LeapMotion.uplugin
LogPluginManager: Loaded Plugin LinuxDeviceProfileSelector, From C:/Program Files/Epic Games/UE_4.14/Engine/Plugins/Runtime/LinuxDeviceProfileSelector/LinuxDeviceProfileSelector.uplugin
LogPluginManager: Loaded Plugin MIDIDevice, From C:/Program Files/Epic Games/UE_4.14/Engine/Plugins/Runtime/MIDIDevice/MIDIDevice.uplugin
LogPluginManager: Loaded Plugin MobilePatchingUtils, From C:/Program Files/Epic Games/UE_4.14/Engine/Plugins/Runtime/MobilePatchingUtils/MobilePatchingUtils.uplugin
LogPluginManager: Loaded Plugin Ansel, From C:/Program Files/Epic Games/UE_4.14/Engine/Plugins/Runtime/Nvidia/Ansel/Ansel.uplugin
LogPluginManager: Loaded Plugin OculusAudio, From C:/Program Files/Epic Games/UE_4.14/Engine/Plugins/Runtime/OculusAudio/OculusAudio.uplugin
LogPluginManager: Loaded Plugin OculusInput, From C:/Program Files/Epic Games/UE_4.14/Engine/Plugins/Runtime/OculusInput/OculusInput.uplugin
LogPluginManager: Loaded Plugin OculusLibrary, From C:/Program Files/Epic Games/UE_4.14/Engine/Plugins/Runtime/OculusLibrary/OculusLibrary.uplugin
LogPluginManager: Loaded Plugin OculusRift, From C:/Program Files/Epic Games/UE_4.14/Engine/Plugins/Runtime/OculusRift/OculusRift.uplugin
LogPluginManager: Loaded Plugin Oodle, From C:/Program Files/Epic Games/UE_4.14/Engine/Plugins/Runtime/PacketHandlers/CompressionComponents/Oodle/Oodle.uplugin
LogPluginManager: Loaded Plugin ProceduralMeshComponent, From C:/Program Files/Epic Games/UE_4.14/Engine/Plugins/Runtime/ProceduralMeshComponent/ProceduralMeshComponent.uplugin
LogPluginManager: Loaded Plugin SoundMod, From C:/Program Files/Epic Games/UE_4.14/Engine/Plugins/Runtime/SoundMod/SoundMod.uplugin
LogPluginManager: Loaded Plugin SoundVisualizations, From C:/Program Files/Epic Games/UE_4.14/Engine/Plugins/Runtime/SoundVisualizations/SoundVisualizations.uplugin
LogPluginManager: Loaded Plugin SteamController, From C:/Program Files/Epic Games/UE_4.14/Engine/Plugins/Runtime/Steam/SteamController/SteamController.uplugin
LogPluginManager: Loaded Plugin SteamVR, From C:/Program Files/Epic Games/UE_4.14/Engine/Plugins/Runtime/Steam/SteamVR/SteamVR.uplugin
LogPluginManager: Loaded Plugin WebBrowserWidget, From C:/Program Files/Epic Games/UE_4.14/Engine/Plugins/Runtime/WebBrowserWidget/WebBrowserWidget.uplugin
LogPluginManager: Loaded Plugin WindowsDeviceProfileSelector, From C:/Program Files/Epic Games/UE_4.14/Engine/Plugins/Runtime/WindowsDeviceProfileSelector/WindowsDeviceProfileSelector.uplugin
LogPluginManager: Loaded Plugin WindowsMoviePlayer, From C:/Program Files/Epic Games/UE_4.14/Engine/Plugins/Runtime/WindowsMoviePlayer/WindowsMoviePlayer.uplugin
LogPluginManager: Loaded Plugin ScriptPlugin, From C:/Program Files/Epic Games/UE_4.14/Engine/Plugins/ScriptPlugin/ScriptPlugin.uplugin
LogPluginManager: Loaded Plugin SlateRemote, From C:/Program Files/Epic Games/UE_4.14/Engine/Plugins/Slate/SlateRemote/SlateRemote.uplugin
LogPluginManager: Loaded Plugin EditorTests, From C:/Program Files/Epic Games/UE_4.14/Engine/Plugins/Tests/EditorTests/EditorTests.uplugin
LogPluginManager: Loaded Plugin FbxAutomationTestBuilder, From C:/Program Files/Epic Games/UE_4.14/Engine/Plugins/Tests/FbxAutomationTestBuilder/FbxAutomationTestBuilder.uplugin
LogPluginManager: Loaded Plugin FunctionalTestingEditor, From C:/Program Files/Epic Games/UE_4.14/Engine/Plugins/Tests/FunctionalTestingEditor/FunctionalTestingEditor.uplugin
LogPluginManager: Loaded Plugin RuntimeTests, From C:/Program Files/Epic Games/UE_4.14/Engine/Plugins/Tests/RuntimeTests/RuntimeTests.uplugin
LogPluginManager: Loaded Plugin ScreenshotTools, From C:/Program Files/Epic Games/UE_4.14/Engine/Plugins/Tests/ScreenshotTools/ScreenshotTools.uplugin
LogInit: Using libcurl 7.47.1
LogInit:  - built for x86_64-pc-win32
LogInit:  - supports SSL with OpenSSL/1.0.2g
LogInit:  - supports HTTP deflate (compression) using libz 1.2.8
LogInit:  - other features:
LogInit:      CURL_VERSION_SSL
LogInit:      CURL_VERSION_LIBZ
LogInit:      CURL_VERSION_IPV6
LogInit:      CURL_VERSION_ASYNCHDNS
LogInit:      CURL_VERSION_LARGEFILE
LogInit:      CURL_VERSION_IDN
LogInit:  CurlRequestOptions (configurable via config and command line):
LogInit:  - bVerifyPeer = false  - Libcurl will NOT verify peer certificate
LogInit:  - bUseHttpProxy = false  - Libcurl will NOT use HTTP proxy
LogInit:  - bDontReuseConnections = false  - Libcurl will reuse connections
LogInit:  - CertBundlePath = nullptr  - Libcurl will use whatever was configured at build time.
LogInit: Build: ++UE4+Release-4.14-CL-3249277
LogInit: Engine Version: 4.14.3-3249277+++UE4+Release-4.14
LogInit: Compatible Engine Version: 4.14.0-3195953+++UE4+Release-4.14
LogInit: Net CL: 3195953
LogDevObjectVersion: Number of dev versions registered: 13
LogDevObjectVersion:   Dev-Blueprints (B0D832E4-1F89-4F0D-ACCF-7EB736FD4AA2): 7
LogDevObjectVersion:   Dev-Build (E1C64328-A22C-4D53-A36C-8E866417BD8C): 0
LogDevObjectVersion:   Dev-Core (375EC13C-06E4-48FB-B500-84F0262A717E): 1
LogDevObjectVersion:   Dev-Editor (E4B068ED-F494-42E9-A231-DA0B2E46BB41): 8
LogDevObjectVersion:   Dev-Framework (CFFC743F-43B0-4480-9391-14DF171D2073): 17
LogDevObjectVersion:   Dev-Mobile (B02B49B5-BB20-44E9-A304-32B752E40360): 0
LogDevObjectVersion:   Dev-Networking (A4E4105C-59A1-49B5-A7C5-40C4547EDFEE): 0
LogDevObjectVersion:   Dev-Online (39C831C9-5AE6-47DC-9A44-9C173E1C8E7C): 0
LogDevObjectVersion:   Dev-Physics (78F01B33-EBEA-4F98-B9B4-84EACCB95AA2): 0
LogDevObjectVersion:   Dev-Platform (6631380F-2D4D-43E0-8009-CF276956A95A): 0
LogDevObjectVersion:   Dev-Rendering (12F88B9F-8875-4AFC-A67C-D90C383ABD29): 12
LogDevObjectVersion:   Dev-Sequencer (7B5AE74C-D270-4C10-A958-57980B212A5A): 1
LogDevObjectVersion:   Dev-VR (D7296918-1DD6-4BDD-9DE2-64A83CC13884): 0
LogInit: Compiled (64-bit): Jan  6 2017 10:49:43
LogInit: Compiled with Visual C++: 19.00.23026.00
LogInit: Build Configuration: Development
LogInit: Branch Name: ++UE4+Release-4.14
LogInit: Command line:  
LogInit: Base directory: C:/Program Files/Epic Games/UE_4.14/Engine/Binaries/Win64/
LogInit: Installed Engine Build: 1
LogInit: Presizing for max 8388607 objects, including 0 objects not considered by GC, pre-allocating 0 bytes for permanent pool.
LogInit: Object subsystem initialized
[2017.04.19-03.03.59:590][  0]LogInit: Selected Device Profile: [Windows]
[2017.04.19-03.03.59:590][  0]LogInit: Applying CVar settings loaded from the selected device profile: [Windows]
[2017.04.19-03.03.59:710][  0]LogInit: Computer: C215CG54555TB
[2017.04.19-03.03.59:710][  0]LogInit: User: gouthambalaji
[2017.04.19-03.03.59:710][  0]LogInit: CPU Page size=65536, Cores=2
[2017.04.19-03.03.59:710][  0]LogInit: High frequency timer resolution =2.338338 MHz
[2017.04.19-03.03.59:711][  0]LogMemory: Memory total: Physical=7.9GB (8GB approx)
[2017.04.19-03.03.59:711][  0]LogMemory: Platform Memory Stats for Windows
[2017.04.19-03.03.59:711][  0]LogMemory: Process Physical Memory: 261.72 MB used, 261.72 MB peak
[2017.04.19-03.03.59:711][  0]LogMemory: Process Virtual Memory: 262.04 MB used, 262.04 MB peak
[2017.04.19-03.03.59:711][  0]LogMemory: Physical Memory: 4127.68 MB used,  3945.43 MB free, 8073.11 MB total
[2017.04.19-03.03.59:711][  0]LogMemory: Virtual Memory: 654.19 MB used,  3945.43 MB free, 134217728.00 MB total
[2017.04.19-03.04.00:636][  0]LogTextLocalizationManager: No specific translations for ('en-AU') exist, so ('en') translations will be used.
[2017.04.19-03.04.10:929][  0]LogD3D11RHI: D3D11 adapters:
[2017.04.19-03.04.10:963][  0]LogD3D11RHI:    0. 'Intel(R) HD Graphics Family' (Feature Level 11_0)
[2017.04.19-03.04.10:963][  0]LogD3D11RHI:       0/0/1792 MB DedicatedVideo/DedicatedSystem/SharedSystem, Outputs:1, VendorId:0x8086
[2017.04.19-03.04.10:968][  0]LogD3D11RHI:    1. 'Microsoft Basic Render Driver' (Feature Level 11_0)
[2017.04.19-03.04.10:968][  0]LogD3D11RHI:       0/0/256 MB DedicatedVideo/DedicatedSystem/SharedSystem, Outputs:0, VendorId:0x1414
[2017.04.19-03.04.10:968][  0]LogD3D11RHI: Chosen D3D11 Adapter: 0
[2017.04.19-03.04.10:986][  0]LogD3D11RHI: Creating new Direct3DDevice
[2017.04.19-03.04.10:986][  0]LogD3D11RHI:     GPU DeviceId: 0xa16 (for the marketing name, search the web for "GPU Device Id")
[2017.04.19-03.04.10:986][  0]LogWindows: EnumDisplayDevices:
[2017.04.19-03.04.10:987][  0]LogWindows:    0. 'Intel(R) HD Graphics Family' (P:1 D:1)
[2017.04.19-03.04.10:988][  0]LogWindows:    1. 'Intel(R) HD Graphics Family' (P:0 D:0)
[2017.04.19-03.04.10:989][  0]LogWindows:    2. 'Intel(R) HD Graphics Family' (P:0 D:0)
[2017.04.19-03.04.10:990][  0]LogWindows: DebugString: FoundDriverCount:3 
[2017.04.19-03.04.10:990][  0]LogD3D11RHI:     Adapter Name: Intel(R) HD Graphics Family
[2017.04.19-03.04.10:990][  0]LogD3D11RHI:   Driver Version: 10.18.10.3574 (internal:10.18.10.3574, unified:10.18.10.3574)
[2017.04.19-03.04.10:990][  0]LogD3D11RHI:      Driver Date: 4-23-2014
[2017.04.19-03.04.10:990][  0]LogRHI: Texture pool is 627 MB (70% of 896 MB)
[2017.04.19-03.04.11:017][  0]LogD3D11RHI: Async texture creation enabled
[2017.04.19-03.04.11:073][  0]LogD3D11RHI: GPU Timing Frequency: 12.500000 (Debug: 2 0)
[2017.04.19-03.04.11:089][  0]LogShaderCompilers: Guid format shader working directory is -24 characters bigger than the processId version (../../../../../../Users/goutham.balaji/Documents/Unreal Projects/ProjectActual/Intermediate/Shaders/WorkingDirectory/14004/).
[2017.04.19-03.04.11:090][  0]LogShaderCompilers: Cleaned the shader compiler working directory 'C:/Users/goutham.balaji/AppData/Local/Temp/UnrealShaderWorkingDir/CE810D344B14790445625194D64949AB/'.
[2017.04.19-03.04.11:092][  0]LogShaderCompilers:Display: Using Local Shader Compiler.
[2017.04.19-03.04.20:261][  0]LogTemp:Display: Loaded TP AllDesktopTargetPlatform
[2017.04.19-03.04.20:408][  0]LogTemp:Display: Loaded TP MacClientTargetPlatform
[2017.04.19-03.04.20:551][  0]LogTemp:Display: Loaded TP MacNoEditorTargetPlatform
[2017.04.19-03.04.20:670][  0]LogTemp:Display: Loaded TP MacServerTargetPlatform
[2017.04.19-03.04.20:805][  0]LogTemp:Display: Loaded TP MacTargetPlatform
[2017.04.19-03.04.20:922][  0]LogTemp:Display: Loaded TP WindowsClientTargetPlatform
[2017.04.19-03.04.21:042][  0]LogTemp:Display: Loaded TP WindowsNoEditorTargetPlatform
[2017.04.19-03.04.21:171][  0]LogTemp:Display: Loaded TP WindowsServerTargetPlatform
[2017.04.19-03.04.21:268][  0]LogTemp:Display: Loaded TP WindowsTargetPlatform
[2017.04.19-03.04.21:385][  0]LogTemp:Display: Loaded TP AndroidTargetPlatform
[2017.04.19-03.04.21:506][  0]LogTemp:Display: Loaded TP Android_ASTCTargetPlatform
[2017.04.19-03.04.21:626][  0]LogTemp:Display: Loaded TP Android_ATCTargetPlatform
[2017.04.19-03.04.21:750][  0]LogTemp:Display: Loaded TP Android_DXTTargetPlatform
[2017.04.19-03.04.21:862][  0]LogTemp:Display: Loaded TP Android_ETC1TargetPlatform
[2017.04.19-03.04.21:981][  0]LogTemp:Display: Loaded TP Android_ETC2TargetPlatform
[2017.04.19-03.04.22:209][  0]LogTemp:Display: Loaded TP Android_MultiTargetPlatform
[2017.04.19-03.04.22:209][  0]LogTemp:Display: Loaded TP Android_PVRTCTargetPlatform
[2017.04.19-03.04.22:285][  0]LogTemp:Display: Loaded TP HTML5TargetPlatform
[2017.04.19-03.04.22:513][  0]LogTemp:Display: Loaded TP IOSTargetPlatform
[2017.04.19-03.04.22:604][  0]LogTemp:Display: Loaded TP TVOSTargetPlatform
[2017.04.19-03.04.22:723][  0]LogTemp:Display: Loaded TP LinuxClientTargetPlatform
[2017.04.19-03.04.22:822][  0]LogTemp:Display: Loaded TP LinuxNoEditorTargetPlatform
[2017.04.19-03.04.22:928][  0]LogTemp:Display: Loaded TP LinuxServerTargetPlatform
[2017.04.19-03.04.23:030][  0]LogTemp:Display: Loaded TP LinuxTargetPlatform
[2017.04.19-03.04.23:030][  0]LogTargetPlatformManager:Display: Building Assets For Windows
[2017.04.19-03.04.26:062][  0]LogDerivedDataCache:Display: Max Cache Size: 512 MB
[2017.04.19-03.04.26:288][  0]LogDerivedDataCache: Loaded boot cache 0.23s 50MB C:/Users/goutham.balaji/AppData/Local/UnrealEngine/4.14/DerivedDataCache/Boot.ddc.
[2017.04.19-03.04.26:288][  0]LogDerivedDataCache:Display: Loaded Boot cache: C:/Users/goutham.balaji/AppData/Local/UnrealEngine/4.14/DerivedDataCache/Boot.ddc
[2017.04.19-03.04.26:291][  0]LogDerivedDataCache: FDerivedDataBackendGraph:  Pak pak cache file ../../../../../../Users/goutham.balaji/Documents/Unreal Projects/ProjectActual/DerivedDataCache/DDC.ddp not found, will not use a pak cache.
[2017.04.19-03.04.26:291][  0]LogDerivedDataCache: Unable to find inner node Pak for hierarchical cache Hierarchy.
[2017.04.19-03.04.26:291][  0]LogDerivedDataCache: FDerivedDataBackendGraph:  CompressedPak pak cache file ../../../../../../Users/goutham.balaji/Documents/Unreal Projects/ProjectActual/DerivedDataCache/Compressed.ddp not found, will not use a pak cache.
[2017.04.19-03.04.26:291][  0]LogDerivedDataCache: Unable to find inner node CompressedPak for hierarchical cache Hierarchy.
[2017.04.19-03.04.26:366][  0]LogDerivedDataCache:Display: Pak cache opened for reading ../../../Engine/DerivedDataCache/Compressed.ddp.
[2017.04.19-03.04.26:382][  0]LogDerivedDataCache: Using Local data cache path C:/Users/goutham.balaji/AppData/Local/UnrealEngine/Common/DerivedDataCache: Writable
[2017.04.19-03.04.34:942][  0]LogInit: Selected Device Profile: [Windows]
[2017.04.19-03.04.34:962][  0]LogContentStreaming: Texture pool size is 0.00 MB
[2017.04.19-03.04.36:355][  0]LogMeshUtilities: Using QuadricMeshReduction for automatic static mesh reduction
[2017.04.19-03.04.36:631][  0]LogSimplygon: Simplygon DLL not present - disabling.
[2017.04.19-03.04.36:769][  0]LogMeshUtilities: Using SimplygonSwarm for distributed automatic mesh merging
[2017.04.19-03.04.36:769][  0]LogMeshUtilities: No automatic skeletal mesh reduction module available
[2017.04.19-03.04.36:769][  0]LogMeshUtilities: No automatic mesh merging module available
[2017.04.19-03.04.41:012][  0]LogNetVersion: GetLocalNetworkVersion: CL: 3195953, ProjectName: projectactual, ProjectVersion: , EngineNetworkVersion: 2, GameNetworkVersion: 0, NetworkChecksum: 4264748301
[2017.04.19-03.04.41:225][  0]LogAssetRegistry: FAssetRegistry took 0.0267 seconds to start up
[2017.04.19-03.04.41:725][  0]LogPackageLocalizationCache: Processed 3 localized package path(s) for 2 prioritized culture(s) in 0.345605 seconds
[2017.04.19-03.04.41:758][  0]LogUObjectArray: 31946 objects as part of root set at end of initial load.
[2017.04.19-03.04.41:758][  0]LogUObjectAllocator: 6935840 out of 0 bytes used by permanent object pool.
[2017.04.19-03.04.41:758][  0]LogUObjectArray: CloseDisregardForGC: 0/0 objects in disregard for GC pool
[2017.04.19-03.04.42:088][  0]LogInit: WinSock: version 1.1 (2.2), MaxSocks=32767, MaxUdp=65467
[2017.04.19-03.04.45:036][  0]LogSlate: Using Freetype 2.6.0
[2017.04.19-03.04.45:079][  0]LogSlate: SlateFontCache - WITH_FREETYPE: 1, WITH_HARFBUZZ: 1
[2017.04.19-03.04.45:079][  0]LogSlate: SlateFontCache - WITH_FREETYPE: 1, WITH_HARFBUZZ: 1
[2017.04.19-03.04.52:988][  0]LogTcpMessaging: Initializing TcpMessaging bridge
[2017.04.19-03.04.53:109][  0]LogUdpMessaging: Initializing bridge on interface 0.0.0.0:0 to multicast group 230.0.0.1:6666.
[2017.04.19-03.04.54:049][  0]LogMaterial: Uniform references updated for custom material expression Custom.
[2017.04.19-03.04.55:413][  0]SourceControl: Info Source control is disabled
[2017.04.19-03.04.55:509][  0]SourceControl: Info Source control is disabled
[2017.04.19-03.04.55:671][  0]SourceControl: Info Source control is disabled
[2017.04.19-03.04.55:849][  0]SourceControl: Info Source control is disabled
[2017.04.19-03.04.59:662][  0]LogEngine: Initializing Engine...
[2017.04.19-03.04.59:663][  0]LogHMD: Failed to initialize OpenVR with code 110
[2017.04.19-03.05.00:615][  0]LogAIModule: Creating AISystem for world Untitled
[2017.04.19-03.05.00:638][  0]LogInit: XAudio2 using 'Speakers/Headphones (Realtek High Definition Audio)' : 2 channels at 48 kHz using 32 bits per sample (channel mask 0x3)
[2017.04.19-03.05.00:670][  0]LogInit: FAudioDevice initialized.
[2017.04.19-03.05.00:721][  0]LogDerivedDataCache: Saved boot cache 0.05s 50MB C:/Users/goutham.balaji/AppData/Local/UnrealEngine/4.14/DerivedDataCache/Boot.ddc.
[2017.04.19-03.05.00:743][  0]LogInit: Texture streaming: Enabled
[2017.04.19-03.05.01:488][  0]LogInit: Transaction tracking system initialized
[2017.04.19-03.05.02:517][  0]BlueprintLog: New page: Editor Load
[2017.04.19-03.05.05:129][  0]LocalizationService: Info Localization service is disabled
[2017.04.19-03.05.07:851][  0]LogConsoleResponse:Display: 
[2017.04.19-03.05.09:455][  0]LogCook:Display: Max memory allowance for cook 16384mb min free memory 0mb
[2017.04.19-03.05.09:455][  0]LogCook:Display: Mobile HDR setting 1
[2017.04.19-03.05.10:056][  0]LogFileCache: Scanning file cache for directory 'C:/Users/goutham.balaji/Documents/Unreal Projects/ProjectActual/Content/' took 0.02s
[2017.04.19-03.05.12:518][  0]SourceControl: Info Source control is disabled
[2017.04.19-03.05.12:519][  0]Cmd: MAP LOAD FILE="../../../../../../Users/goutham.balaji/Documents/Unreal Projects/ProjectActual/Content/StarterContent/Maps/Minimal_Default.umap" TEMPLATE=0 SHOWPROGRESS=1 FEATURELEVEL=3
[2017.04.19-03.05.12:521][  0]LightingResults: New page: Lighting Build
[2017.04.19-03.05.12:652][  0]MapCheck: New page: Map Check
[2017.04.19-03.05.12:652][  0]LightingResults: New page: Lighting Build
[2017.04.19-03.05.14:322][  0]LogAIModule: Creating AISystem for world Minimal_Default
[2017.04.19-03.05.14:789][  0]LogEditorServer: Finished looking for orphan Actors (0.000 secs)
[2017.04.19-03.05.14:794][  0]Cmd: MAP CHECKDEP NOCLEARLOG
[2017.04.19-03.05.14:938][  0]MapCheck: Info Map check complete: 0 Error(s), 0 Warning(s), took 143.944ms to complete.
[2017.04.19-03.05.14:938][  0]LogFileHelpers: Loading map 'Minimal_Default' took 2.419
[2017.04.19-03.05.15:358][  0]LogCollectionManager: Loaded 0 collections in 0.004985 seconds
[2017.04.19-03.05.15:561][  0]LogFileCache: Scanning file cache for directory 'C:/Users/goutham.balaji/Documents/Unreal Projects/ProjectActual/Saved/Collections/' took 0.01s
[2017.04.19-03.05.15:561][  0]LogFileCache: Scanning file cache for directory 'C:/Users/goutham.balaji/Documents/Unreal Projects/ProjectActual/Content/Developers/gouthambalaji/Collections/' took 0.01s
[2017.04.19-03.05.15:561][  0]LogFileCache: Scanning file cache for directory 'C:/Users/goutham.balaji/Documents/Unreal Projects/ProjectActual/Content/Collections/' took 0.01s
[2017.04.19-03.05.15:561][  0]LogCollectionManager: Rebuilt the GUID cache for 0 collections in 0.000004 seconds
[2017.04.19-03.05.15:592][  0]LogContentBrowser: Native class hierarchy populated in 0.0274 seconds. Added 2190 classes and 428 folders.
[2017.04.19-03.05.15:714][  0]LogStats: UGameplayTagsManager::ConstructGameplayTagTree: Construct from data asset -  0.000 s
[2017.04.19-03.05.15:714][  0]LogStats: UGameplayTagsManager::ConstructGameplayTagTree: GameplayTagTreeChangedEvent.Broadcast -  0.000 s
[2017.04.19-03.05.15:716][  0]LogContentBrowser: Native class hierarchy updated for 'GameplayTags' in 0.0016 seconds. Added 13 classes and 0 folders.
[2017.04.19-03.05.15:884][  0]LogContentBrowser: Native class hierarchy updated for 'WidgetCarousel' in 0.0011 seconds. Added 0 classes and 0 folders.
[2017.04.19-03.05.16:660][  0]LogContentBrowser: Native class hierarchy updated for 'AddContentDialog' in 0.0016 seconds. Added 0 classes and 0 folders.
[2017.04.19-03.05.16:765][  0]LogContentBrowser: Native class hierarchy updated for 'SceneOutliner' in 0.0013 seconds. Added 1 classes and 2 folders.
[2017.04.19-03.05.17:084][  0]LogCrashTracker: Crashtracker disabled due to settings.
[2017.04.19-03.05.17:101][  0]LogUObjectGlobals:Warning: Failed to find object 'Class None.'
[2017.04.19-03.05.17:234][  0]LogContentBrowser: Native class hierarchy updated for 'HierarchicalLODOutliner' in 0.0010 seconds. Added 1 classes and 2 folders.
[2017.04.19-03.05.17:235][  0]LogLoad: (Engine Initialization) Total time: 88.40 seconds
[2017.04.19-03.05.17:235][  0]LogLoad: (Engine Initialization) Total Blueprint compile time: 0.64 seconds
[2017.04.19-03.05.17:235][  0]LogExternalProfiler: No external profilers were discovered.  External profiling features will not be available.
[2017.04.19-03.05.17:582][  0]LogOcInput: OculusInput pre-init called
[2017.04.19-03.05.17:609][  0]LogContentStreaming: Texture pool size now 400 MB
[2017.04.19-03.05.18:086][  0]LogRenderer: Reallocating scene render targets to support 828x372 NumSamples 1 (Frame:2).
[2017.04.19-03.05.20:921][  4]LogAssetRegistry: Asset discovery search completed in 39.7206 seconds
[2017.04.19-03.05.20:921][  4]LogCollectionManager: Rebuilt the object cache for 0 collections in 0.000001 seconds (found 0 objects)
[2017.04.19-03.05.20:921][  4]LogCollectionManager: Fixed up redirectors for 0 collections in 0.000053 seconds (updated 0 objects)
[2017.04.19-03.10.35:522][259]LogSkeletalMesh: InitArticulated: Bodies already created (/Engine/Transient.DebugSkelMeshComponent_0) - call TermArticulated first.
[2017.04.19-03.10.36:329][259]LogContentBrowser:Verbose: The majority of assets in the view are of type: AnimSequence
[2017.04.19-05.52.28:819][ 63]LogSavePackage: Save=44.06ms
[2017.04.19-05.52.28:819][ 63]LogSavePackage: Moving '../../../../../../Users/goutham.balaji/Documents/Unreal Projects/ProjectActual/Saved/MontageExample_Start84BCA0F4466726DFFDB766A32FA4A480.tmp' to '../../../../../../Users/goutham.balaji/Documents/Unreal Projects/ProjectActual/Content/Characters/Animations/MontageExample_Start.uasset'
[2017.04.19-05.52.28:826][ 63]LogSavePackage:Display: Finished SavePackage ../../../../../../Users/goutham.balaji/Documents/Unreal Projects/ProjectActual/Content/Characters/Animations/MontageExample_Start.uasset
[2017.04.19-05.53.13:007][372]LogRenderer: Reallocating scene render targets to support 940x372 NumSamples 1 (Frame:13810).
[2017.04.19-05.53.13:145][373]LogRenderer: Reallocating scene render targets to support 956x372 NumSamples 1 (Frame:13812).
[2017.04.19-05.53.13:253][374]LogRenderer: Reallocating scene render targets to support 964x372 NumSamples 1 (Frame:13814).
[2017.04.19-05.54.11:693][240]LogFileHelpers: Editor autosave (incl. sublevels) for '/Game/StarterContent/Maps/Minimal_Default' took 0.165
[2017.04.19-05.54.11:706][240]OBJ SavePackage: Generating thumbnails for [0] asset(s) in package [/Game/Characters/SK_Mannequin_Skeleton] ([1] browsable assets)...
[2017.04.19-05.54.11:706][240]OBJ SavePackage: Finished generating thumbnails for package [/Game/Characters/SK_Mannequin_Skeleton]
[2017.04.19-05.54.11:786][240]LogSavePackage: Save=41.24ms
[2017.04.19-05.54.11:786][240]LogSavePackage: Moving '../../../../../../Users/goutham.balaji/Documents/Unreal Projects/ProjectActual/Saved/SK_Mannequin_Skeleton_Auto13CB4A21840107363F4DEF091FFC1B85E.tmp' to '../../../../../../Users/goutham.balaji/Documents/Unreal Projects/ProjectActual/Saved/Autosaves/Game/Characters/SK_Mannequin_Skeleton_Auto1.uasset'
[2017.04.19-05.54.11:792][240]LogSavePackage:Display: Finished SavePackage ../../../../../../Users/goutham.balaji/Documents/Unreal Projects/ProjectActual/Saved/Autosaves/Game/Characters/SK_Mannequin_Skeleton_Auto1.uasset
[2017.04.19-05.54.11:792][240]LogFileHelpers: Auto-saving content packages took 0.090
[2017.04.19-05.55.09:648][897]LogRenderer: Reallocating scene render targets to support 964x420 NumSamples 1 (Frame:15660).
[2017.04.19-05.55.09:779][898]LogRenderer: Reallocating scene render targets to support 964x424 NumSamples 1 (Frame:15662).
[2017.04.19-05.55.09:983][900]LogRenderer: Reallocating scene render targets to support 964x432 NumSamples 1 (Frame:15665).
[2017.04.19-05.55.10:062][901]LogRenderer: Reallocating scene render targets to support 964x448 NumSamples 1 (Frame:15667).
[2017.04.19-05.55.10:161][902]LogRenderer: Reallocating scene render targets to support 964x464 NumSamples 1 (Frame:15669).
[2017.04.19-05.55.10:256][903]LogRenderer: Reallocating scene render targets to support 964x488 NumSamples 1 (Frame:15671).
[2017.04.19-05.55.10:364][904]LogRenderer: Reallocating scene render targets to support 964x500 NumSamples 1 (Frame:15673).
[2017.04.19-05.55.10:474][905]LogRenderer: Reallocating scene render targets to support 964x516 NumSamples 1 (Frame:15675).
[2017.04.19-05.55.10:583][906]LogRenderer: Reallocating scene render targets to support 964x524 NumSamples 1 (Frame:15677).
[2017.04.19-05.55.10:793][911]LogRenderer: Reallocating scene render targets to support 964x528 NumSamples 1 (Frame:15683).
[2017.04.19-05.55.10:872][912]LogRenderer: Reallocating scene render targets to support 964x544 NumSamples 1 (Frame:15685).
[2017.04.19-05.55.11:025][913]LogRenderer: Reallocating scene render targets to support 964x548 NumSamples 1 (Frame:15687).
[2017.04.19-05.56.15:850][407]Cmd: TRANSACTION UNDO
[2017.04.19-05.56.15:850][407]LogEditorTransaction: Undo Add Segment
[2017.04.19-05.56.15:886][407]LogActorComponent: RegisterComponentWithWorld: (/Engine/Transient.DebugSkelMeshComponent_0) Already registered. Aborting.
[2017.04.19-05.57.35:270][434]LogRenderer: Reallocating scene render targets to support 972x548 NumSamples 1 (Frame:20752).
[2017.04.19-05.57.35:403][435]LogRenderer: Reallocating scene render targets to support 1016x548 NumSamples 1 (Frame:20754).
[2017.04.19-05.57.35:504][436]LogRenderer: Reallocating scene render targets to support 1044x548 NumSamples 1 (Frame:20756).
[2017.04.19-05.57.35:654][439]LogRenderer: Reallocating scene render targets to support 1048x548 NumSamples 1 (Frame:20760).
[2017.04.19-05.57.35:727][440]LogRenderer: Reallocating scene render targets to support 1076x548 NumSamples 1 (Frame:20762).
[2017.04.19-05.57.35:864][441]LogRenderer: Reallocating scene render targets to support 1112x548 NumSamples 1 (Frame:20764).
[2017.04.19-05.57.35:968][442]LogRenderer: Reallocating scene render targets to support 1148x548 NumSamples 1 (Frame:20766).
[2017.04.19-05.57.36:060][443]LogRenderer: Reallocating scene render targets to support 1156x548 NumSamples 1 (Frame:20768).
[2017.04.19-05.57.36:163][444]LogRenderer: Reallocating scene render targets to support 1160x548 NumSamples 1 (Frame:20770).
[2017.04.19-05.57.57:939][176]Cmd: TRANSACTION UNDO
[2017.04.19-05.57.57:939][176]LogEditorTransaction: Undo Add Segment
[2017.04.19-05.57.57:956][176]LogActorComponent: RegisterComponentWithWorld: (/Engine/Transient.DebugSkelMeshComponent_0) Already registered. Aborting.
[2017.04.19-05.57.58:639][196]Cmd: TRANSACTION UNDO
[2017.04.19-05.57.58:640][196]LogEditorTransaction: Undo Add Segment
[2017.04.19-05.57.58:661][196]LogActorComponent: RegisterComponentWithWorld: (/Engine/Transient.DebugSkelMeshComponent_0) Already registered. Aborting.
[2017.04.19-05.57.59:197][213]Cmd: TRANSACTION UNDO
[2017.04.19-05.57.59:197][213]LogEditorTransaction: Undo Add Segment
[2017.04.19-05.57.59:219][213]LogActorComponent: RegisterComponentWithWorld: (/Engine/Transient.DebugSkelMeshComponent_0) Already registered. Aborting.
[2017.04.19-05.58.21:971][ 53]Cmd: TRANSACTION UNDO
[2017.04.19-05.58.21:971][ 53]LogEditorTransaction: Undo Add Segment
[2017.04.19-05.58.21:990][ 53]LogActorComponent: RegisterComponentWithWorld: (/Engine/Transient.DebugSkelMeshComponent_0) Already registered. Aborting.
[2017.04.19-06.01.14:126][579]LogAnimMontage:Warning: JumpToSectionName None bEndOfSection: 0 failed for Montage PunchingMontage
[2017.04.19-06.05.04:898][788]LogFileHelpers: Editor autosave (incl. sublevels) for '/Game/StarterContent/Maps/Minimal_Default' took 0.125
[2017.04.19-06.05.04:904][788]OBJ SavePackage: Generating thumbnails for [1] asset(s) in package [/Game/Characters/Animations/PunchingMontage] ([1] browsable assets)...
[2017.04.19-06.05.04:977][788]OBJ SavePackage:     Rendered thumbnail for [AnimMontage /Game/Characters/Animations/PunchingMontage.PunchingMontage]
[2017.04.19-06.05.04:977][788]OBJ SavePackage: Finished generating thumbnails for package [/Game/Characters/Animations/PunchingMontage]
[2017.04.19-06.05.05:096][788]LogSavePackage: Save=73.38ms
[2017.04.19-06.05.05:096][788]LogSavePackage: Moving '../../../../../../Users/goutham.balaji/Documents/Unreal Projects/ProjectActual/Saved/PunchingMontage_Auto29B493FEB4AF9A2720CAC3F8D6794BB21.tmp' to '../../../../../../Users/goutham.balaji/Documents/Unreal Projects/ProjectActual/Saved/Autosaves/Game/Characters/Animations/PunchingMontage_Auto2.uasset'
[2017.04.19-06.05.05:107][788]LogSavePackage:Display: Finished SavePackage ../../../../../../Users/goutham.balaji/Documents/Unreal Projects/ProjectActual/Saved/Autosaves/Game/Characters/Animations/PunchingMontage_Auto2.uasset
[2017.04.19-06.05.05:107][788]LogFileHelpers: Auto-saving content packages took 0.207
[2017.04.19-06.15.23:093][112]LogFileHelpers: Editor autosave (incl. sublevels) for '/Game/StarterContent/Maps/Minimal_Default' took 0.200
[2017.04.19-06.15.23:099][112]OBJ SavePackage: Generating thumbnails for [1] asset(s) in package [/Game/Characters/Animations/PunchingMontage] ([1] browsable assets)...
[2017.04.19-06.15.23:212][112]OBJ SavePackage:     Rendered thumbnail for [AnimMontage /Game/Characters/Animations/PunchingMontage.PunchingMontage]
[2017.04.19-06.15.23:212][112]OBJ SavePackage: Finished generating thumbnails for package [/Game/Characters/Animations/PunchingMontage]
[2017.04.19-06.15.23:498][112]LogSavePackage: Save=100.24ms
[2017.04.19-06.15.23:498][112]LogSavePackage: Moving '../../../../../../Users/goutham.balaji/Documents/Unreal Projects/ProjectActual/Saved/PunchingMontage_Auto38EC3314148F96532162A15A8BCBBA4C4.tmp' to '../../../../../../Users/goutham.balaji/Documents/Unreal Projects/ProjectActual/Saved/Autosaves/Game/Characters/Animations/PunchingMontage_Auto3.uasset'
[2017.04.19-06.15.23:507][112]LogSavePackage:Display: Finished SavePackage ../../../../../../Users/goutham.balaji/Documents/Unreal Projects/ProjectActual/Saved/Autosaves/Game/Characters/Animations/PunchingMontage_Auto3.uasset
[2017.04.19-06.15.23:507][112]LogFileHelpers: Auto-saving content packages took 0.412
[2017.04.19-06.35.42:048][781]LogSkeletalMesh: InitArticulated: Bodies already created (/Engine/Transient.DebugSkelMeshComponent_4) - call TermArticulated first.
[2017.04.19-06.35.42:516][783]LogRenderer: Reallocating scene render targets to support 1160x576 NumSamples 1 (Frame:89820).
[2017.04.19-06.35.49:667][ 13]LogSavePackage: Save=22.15ms
[2017.04.19-06.35.49:668][ 13]LogSavePackage: Moving '../../../../../../Users/goutham.balaji/Documents/Unreal Projects/ProjectActual/Saved/SK_Mannequin_SkeletonF836E8D04206518C3FA624A83A47339C.tmp' to '../../../../../../Users/goutham.balaji/Documents/Unreal Projects/ProjectActual/Content/Characters/SK_Mannequin_Skeleton.uasset'
[2017.04.19-06.35.49:687][ 13]LogSavePackage:Display: Finished SavePackage ../../../../../../Users/goutham.balaji/Documents/Unreal Projects/ProjectActual/Content/Characters/SK_Mannequin_Skeleton.uasset
[2017.04.19-06.36.00:107][415]LogSavePackage: Save=12.53ms
[2017.04.19-06.36.00:107][415]LogSavePackage: Moving '../../../../../../Users/goutham.balaji/Documents/Unreal Projects/ProjectActual/Saved/PunchingMontageA358BD634959E1F26BAE0D82CB5C410F.tmp' to '../../../../../../Users/goutham.balaji/Documents/Unreal Projects/ProjectActual/Content/Characters/Animations/PunchingMontage.uasset'
[2017.04.19-06.36.00:117][415]LogSavePackage:Display: Finished SavePackage ../../../../../../Users/goutham.balaji/Documents/Unreal Projects/ProjectActual/Content/Characters/Animations/PunchingMontage.uasset
[2017.04.19-07.04.48:332][ 53]LogSavePackage: Save=6.77ms
[2017.04.19-07.04.48:332][ 53]LogSavePackage: Moving '../../../../../../Users/goutham.balaji/Documents/Unreal Projects/ProjectActual/Saved/SK_Mannequin_Skeleton21989B41425F16105FAB58B63625EF34.tmp' to '../../../../../../Users/goutham.balaji/Documents/Unreal Projects/ProjectActual/Content/Characters/SK_Mannequin_Skeleton.uasset'
[2017.04.19-07.04.48:334][ 53]LogSavePackage:Display: Finished SavePackage ../../../../../../Users/goutham.balaji/Documents/Unreal Projects/ProjectActual/Content/Characters/SK_Mannequin_Skeleton.uasset
[2017.04.19-07.05.19:997][502]LogSavePackage: Save=9.97ms
[2017.04.19-07.05.19:998][502]LogSavePackage: Moving '../../../../../../Users/goutham.balaji/Documents/Unreal Projects/ProjectActual/Saved/SK_Mannequin_Skeleton88752680444B541753F862BAD09DA710.tmp' to '../../../../../../Users/goutham.balaji/Documents/Unreal Projects/ProjectActual/Content/Characters/SK_Mannequin_Skeleton.uasset'
[2017.04.19-07.05.20:001][502]LogSavePackage:Display: Finished SavePackage ../../../../../../Users/goutham.balaji/Documents/Unreal Projects/ProjectActual/Content/Characters/SK_Mannequin_Skeleton.uasset
[2017.04.19-07.05.45:930][644]LogFileHelpers: Editor autosave (incl. sublevels) for '/Game/StarterContent/Maps/Minimal_Default' took 0.133
[2017.04.19-07.05.45:934][644]OBJ SavePackage: Generating thumbnails for [1] asset(s) in package [/Game/Characters/Animations/PunchingMontage] ([1] browsable assets)...
[2017.04.19-07.05.45:991][644]OBJ SavePackage:     Rendered thumbnail for [AnimMontage /Game/Characters/Animations/PunchingMontage.PunchingMontage]
[2017.04.19-07.05.45:991][644]OBJ SavePackage: Finished generating thumbnails for package [/Game/Characters/Animations/PunchingMontage]
[2017.04.19-07.05.46:082][644]LogSavePackage: Save=67.67ms
[2017.04.19-07.05.46:082][644]LogSavePackage: Moving '../../../../../../Users/goutham.balaji/Documents/Unreal Projects/ProjectActual/Saved/PunchingMontage_Auto47A98E4214BAFAD6CB0970695C569BE66.tmp' to '../../../../../../Users/goutham.balaji/Documents/Unreal Projects/ProjectActual/Saved/Autosaves/Game/Characters/Animations/PunchingMontage_Auto4.uasset'
[2017.04.19-07.05.46:094][644]LogSavePackage:Display: Finished SavePackage ../../../../../../Users/goutham.balaji/Documents/Unreal Projects/ProjectActual/Saved/Autosaves/Game/Characters/Animations/PunchingMontage_Auto4.uasset
[2017.04.19-07.05.46:094][644]LogFileHelpers: Auto-saving content packages took 0.162
[2017.04.19-07.09.10:697][327]LogSkeletalMesh: InitArticulated: Bodies already created (/Engine/Transient.DebugSkelMeshComponent_5) - call TermArticulated first.
[2017.04.19-07.09.14:860][341]LogContentBrowser: Native class hierarchy updated for 'BlueprintGraph' in 0.0032 seconds. Added 111 classes and 0 folders.
[2017.04.19-07.09.15:136][341]LogSkeletalMesh: InitArticulated: Bodies already created (/Engine/Transient.DebugSkelMeshComponent_6) - call TermArticulated first.
[2017.04.19-07.09.15:895][341]LogContentBrowser:Verbose: The majority of assets in the view are of type: AnimSequence
[2017.04.19-07.09.20:346][487]LogSavePackage: Save=9.51ms
[2017.04.19-07.09.20:346][487]LogSavePackage: Moving '../../../../../../Users/goutham.balaji/Documents/Unreal Projects/ProjectActual/Saved/PunchingMontage984260B249274E63C9246D9D719135D0.tmp' to '../../../../../../Users/goutham.balaji/Documents/Unreal Projects/ProjectActual/Content/Characters/Animations/PunchingMontage.uasset'
[2017.04.19-07.09.20:352][487]LogSavePackage:Display: Finished SavePackage ../../../../../../Users/goutham.balaji/Documents/Unreal Projects/ProjectActual/Content/Characters/Animations/PunchingMontage.uasset
[2017.04.19-07.09.43:665][855]LogSlate: Only BGRA pngs, bmps or icos are supported in by External Image Picker
[2017.04.19-07.09.43:761][855]LogUObjectBase:Warning: NULL object
[2017.04.19-07.09.43:813][855]LogStats: FPlatformStackWalk::StackWalkAndDump -  0.051 s
[2017.04.19-07.09.43:813][855]LogOutputDevice:Error: === Handled ensure: ===
[2017.04.19-07.09.43:813][855]LogOutputDevice:Error: 
[2017.04.19-07.09.43:813][855]LogOutputDevice:Error: Ensure condition failed: false [File:D:\Build\++UE4+Release-4.14+Compile\Sync\Engine\Source\Editor\Kismet\Private\SKismetInspector.cpp] [Line: 520]
[2017.04.19-07.09.43:813][855]LogOutputDevice:Error: Object in KismetInspector is invalid, see TTP 281915
[2017.04.19-07.09.43:813][855]LogOutputDevice:Error: Stack: 
[2017.04.19-07.09.43:813][855]LogOutputDevice:Error: UE4Editor-Core.dll
[2017.04.19-07.09.43:813][855]LogOutputDevice:Error: UE4Editor-Core.dll
[2017.04.19-07.09.43:813][855]LogOutputDevice:Error: UE4Editor-Core.dll
[2017.04.19-07.09.43:813][855]LogOutputDevice:Error: UE4Editor-Kismet.dll
[2017.04.19-07.09.43:813][855]LogOutputDevice:Error: UE4Editor-Kismet.dll
[2017.04.19-07.09.43:813][855]LogOutputDevice:Error: UE4Editor-SlateCore.dll
[2017.04.19-07.09.43:813][855]LogOutputDevice:Error: UE4Editor-SlateCore.dll
[2017.04.19-07.09.43:813][855]LogOutputDevice:Error: UE4Editor-Slate.dll
[2017.04.19-07.09.43:813][855]LogOutputDevice:Error: UE4Editor-SlateCore.dll
[2017.04.19-07.09.43:813][855]LogOutputDevice:Error: UE4Editor-SlateCore.dll
[2017.04.19-07.09.43:813][855]LogOutputDevice:Error: UE4Editor-SlateCore.dll
[2017.04.19-07.09.43:813][855]LogOutputDevice:Error: UE4Editor-SlateCore.dll
[2017.04.19-07.09.43:813][855]LogOutputDevice:Error: UE4Editor-SlateCore.dll
[2017.04.19-07.09.43:813][855]LogOutputDevice:Error: UE4Editor-SlateCore.dll
[2017.04.19-07.09.43:813][855]LogOutputDevice:Error: UE4Editor-SlateCore.dll
[2017.04.19-07.09.43:813][855]LogOutputDevice:Error: UE4Editor-SlateCore.dll
[2017.04.19-07.09.43:813][855]LogOutputDevice:Error: UE4Editor-SlateCore.dll
[2017.04.19-07.09.43:813][855]LogOutputDevice:Error: UE4Editor-Slate.dll
[2017.04.19-07.09.43:813][855]LogOutputDevice:Error: UE4Editor-SlateCore.dll
[2017.04.19-07.09.43:813][855]LogOutputDevice:Error: UE4Editor-SlateCore.dll
[2017.04.19-07.09.43:813][855]LogOutputDevice:Error: UE4Editor-SlateCore.dll
[2017.04.19-07.09.43:813][855]LogOutputDevice:Error: UE4Editor-SlateCore.dll
[2017.04.19-07.09.43:813][855]LogOutputDevice:Error: UE4Editor-Slate.dll
[2017.04.19-07.09.43:813][855]LogOutputDevice:Error: UE4Editor-SlateCore.dll
[2017.04.19-07.09.43:813][855]LogOutputDevice:Error: UE4Editor-SlateCore.dll
[2017.04.19-07.09.43:813][855]LogOutputDevice:Error: UE4Editor-SlateCore.dll
[2017.04.19-07.09.43:813][855]LogOutputDevice:Error: UE4Editor-SlateCore.dll
[2017.04.19-07.09.43:813][855]LogOutputDevice:Error: UE4Editor-Slate.dll
[2017.04.19-07.09.43:813][855]LogOutputDevice:Error: UE4Editor-SlateCore.dll
[2017.04.19-07.09.43:813][855]LogOutputDevice:Error: UE4Editor-SlateCore.dll
[2017.04.19-07.09.43:813][855]LogOutputDevice:Error: UE4Editor-SlateCore.dll
[2017.04.19-07.09.43:814][855]LogOutputDevice:Error: UE4Editor-SlateCore.dll
[2017.04.19-07.09.43:814][855]LogOutputDevice:Error: UE4Editor-SlateCore.dll
[2017.04.19-07.09.43:814][855]LogOutputDevice:Error: UE4Editor-SlateCore.dll
[2017.04.19-07.09.43:814][855]LogOutputDevice:Error: UE4Editor-SlateCore.dll
[2017.04.19-07.09.43:814][855]LogOutputDevice:Error: UE4Editor-SlateCore.dll
[2017.04.19-07.09.43:814][855]LogOutputDevice:Error: UE4Editor-SlateCore.dll
[2017.04.19-07.09.43:814][855]LogOutputDevice:Error: UE4Editor-SlateCore.dll
[2017.04.19-07.09.43:814][855]LogOutputDevice:Error: UE4Editor-SlateCore.dll
[2017.04.19-07.09.43:814][855]LogOutputDevice:Error: UE4Editor-Slate.dll
[2017.04.19-07.09.43:814][855]LogOutputDevice:Error: UE4Editor-SlateCore.dll
[2017.04.19-07.09.43:814][855]LogOutputDevice:Error: UE4Editor-SlateCore.dll
[2017.04.19-07.09.43:814][855]LogOutputDevice:Error: UE4Editor-SlateCore.dll
[2017.04.19-07.09.43:814][855]LogOutputDevice:Error: UE4Editor-SlateCore.dll
[2017.04.19-07.09.43:814][855]LogOutputDevice:Error: UE4Editor-SlateCore.dll
[2017.04.19-07.09.43:814][855]LogOutputDevice:Error: UE4Editor-SlateCore.dll
[2017.04.19-07.09.43:814][855]LogOutputDevice:Error: UE4Editor-SlateCore.dll
[2017.04.19-07.09.43:814][855]LogOutputDevice:Error: UE4Editor-SlateCore.dll
[2017.04.19-07.09.43:814][855]LogOutputDevice:Error: UE4Editor-SlateCore.dll
[2017.04.19-07.09.43:814][855]LogOutputDevice:Error: UE4Editor-Slate.dll
[2017.04.19-07.09.43:814][855]LogOutputDevice:Error: UE4Editor-SlateCore.dll
[2017.04.19-07.09.43:814][855]LogOutputDevice:Error: UE4Editor-SlateCore.dll
[2017.04.19-07.09.43:814][855]LogOutputDevice:Error: UE4Editor-SlateCore.dll
[2017.04.19-07.09.43:814][855]LogOutputDevice:Error: UE4Editor-SlateCore.dll
[2017.04.19-07.09.43:814][855]LogOutputDevice:Error: UE4Editor-SlateCore.dll
[2017.04.19-07.09.43:814][855]LogOutputDevice:Error: UE4Editor-SlateCore.dll
[2017.04.19-07.09.43:814][855]LogOutputDevice:Error: UE4Editor-SlateCore.dll
[2017.04.19-07.09.43:814][855]LogOutputDevice:Error: UE4Editor-SlateCore.dll
[2017.04.19-07.09.43:814][855]LogOutputDevice:Error: UE4Editor-SlateCore.dll
[2017.04.19-07.09.43:814][855]LogOutputDevice:Error: UE4Editor-SlateCore.dll
[2017.04.19-07.09.43:814][855]LogOutputDevice:Error: UE4Editor-SlateCore.dll
[2017.04.19-07.09.43:814][855]LogOutputDevice:Error: UE4Editor-SlateCore.dll
[2017.04.19-07.09.43:814][855]LogOutputDevice:Error: UE4Editor-SlateCore.dll
[2017.04.19-07.09.43:814][855]LogOutputDevice:Error: UE4Editor-SlateCore.dll
[2017.04.19-07.09.43:814][855]LogOutputDevice:Error: UE4Editor-SlateCore.dll
[2017.04.19-07.09.43:814][855]LogOutputDevice:Error: UE4Editor-SlateCore.dll
[2017.04.19-07.09.43:814][855]LogOutputDevice:Error: UE4Editor-Slate.dll
[2017.04.19-07.09.43:814][855]LogOutputDevice:Error: UE4Editor-Slate.dll
[2017.04.19-07.09.43:814][855]LogOutputDevice:Error: UE4Editor-Slate.dll
[2017.04.19-07.09.43:814][855]LogOutputDevice:Error: UE4Editor-Slate.dll
[2017.04.19-07.09.43:814][855]LogOutputDevice:Error: UE4Editor-Slate.dll
[2017.04.19-07.09.43:814][855]LogOutputDevice:Error: UE4Editor.exe
[2017.04.19-07.09.43:814][855]LogOutputDevice:Error: UE4Editor.exe
[2017.04.19-07.09.43:814][855]LogOutputDevice:Error: UE4Editor.exe
[2017.04.19-07.09.43:814][855]LogOutputDevice:Error: UE4Editor.exe
[2017.04.19-07.09.43:814][855]LogOutputDevice:Error: UE4Editor.exe
[2017.04.19-07.09.43:814][855]LogOutputDevice:Error: KERNEL32.DLL
[2017.04.19-07.09.43:814][855]LogOutputDevice:Error: ntdll.dll
[2017.04.19-07.09.43:814][855]LogOutputDevice:Error: 
[2017.04.19-07.09.43:819][855]LogStats:                SubmitErrorReport -  0.000 s
[2017.04.19-07.09.44:453][855]LogTemp:Display: Executing iPhonePackager certificates Engine -bundlename com.YourCompany.ProjectActual

[2017.04.19-07.09.44:454][855]LogTemp:Display: CWD: C:\Program Files\Epic Games\UE_4.14\Engine\Binaries\DotNet\IOS

[2017.04.19-07.09.44:454][855]LogTemp:Display: Initial Dir: C:\Program Files\Epic Games\UE_4.14

[2017.04.19-07.09.44:454][855]LogTemp:Display: Env CWD: C:\Program Files\Epic Games\UE_4.14\Engine\Binaries\DotNet\IOS

[2017.04.19-07.09.44:454][855]LogTemp:Display: BranchPath = C215CG54555TB/C/Program Files/Epic Games/UE_4.14/Engine/Binaries --- GameBranchPath = C215CG54555TB/C/Program Files/Epic Games/UE_4.14/Engine/Binaries

