Log file open, 06/02/17 08:46:04
LogInit:Display: Running engine for game: ProjectActual
LogPlatformFile: Not using cached read wrapper
LogInit:Display: RandInit(-2056848657) SRandInit(-2056848657).
LogTaskGraph: Started task graph with 5 named threads and 6 total threads with 1 sets of task threads.
LogStats: Stats thread started at 0.602531
LogPluginManager: Loaded Plugin Paper2D, From C:/Program Files/Epic Games/UE_4.14/Engine/Plugins/2D/Paper2D/Paper2D.uplugin
LogPluginManager: Loaded Plugin LightPropagationVolume, From C:/Program Files/Epic Games/UE_4.14/Engine/Plugins/Blendables/LightPropagationVolume/LightPropagationVolume.uplugin
LogPluginManager: Loaded Plugin BlankPlugin, From C:/Program Files/Epic Games/UE_4.14/Engine/Plugins/Developer/BlankPlugin/BlankPlugin.uplugin
LogPluginManager: Loaded Plugin CodeLiteSourceCodeAccess, From C:/Program Files/Epic Games/UE_4.14/Engine/Plugins/Developer/CodeLiteSourceCodeAccess/CodeLiteSourceCodeAccess.uplugin
LogPluginManager: Loaded Plugin GitSourceControl, From C:/Program Files/Epic Games/UE_4.14/Engine/Plugins/Developer/GitSourceControl/GitSourceControl.uplugin
LogPluginManager: Loaded Plugin KDevelopSourceCodeAccess, From C:/Program Files/Epic Games/UE_4.14/Engine/Plugins/Developer/KDevelopSourceCodeAccess/KDevelopSourceCodeAccess.uplugin
LogPluginManager: Loaded Plugin NullSourceCodeAccess, From C:/Program Files/Epic Games/UE_4.14/Engine/Plugins/Developer/NullSourceCodeAccess/NullSourceCodeAccess.uplugin
LogPluginManager: Loaded Plugin OneSkyLocalizationService, From C:/Program Files/Epic Games/UE_4.14/Engine/Plugins/Developer/OneSkyLocalizationService/OneSkyLocalizationService.uplugin
LogPluginManager: Loaded Plugin PerforceSourceControl, From C:/Program Files/Epic Games/UE_4.14/Engine/Plugins/Developer/PerforceSourceControl/PerforceSourceControl.uplugin
LogPluginManager: Loaded Plugin SubversionSourceControl, From C:/Program Files/Epic Games/UE_4.14/Engine/Plugins/Developer/SubversionSourceControl/SubversionSourceControl.uplugin
LogPluginManager: Loaded Plugin UObjectPlugin, From C:/Program Files/Epic Games/UE_4.14/Engine/Plugins/Developer/UObjectPlugin/UObjectPlugin.uplugin
LogPluginManager: Loaded Plugin VisualStudioSourceCodeAccess, From C:/Program Files/Epic Games/UE_4.14/Engine/Plugins/Developer/VisualStudioSourceCodeAccess/VisualStudioSourceCodeAccess.uplugin
LogPluginManager: Loaded Plugin XCodeSourceCodeAccess, From C:/Program Files/Epic Games/UE_4.14/Engine/Plugins/Developer/XCodeSourceCodeAccess/XCodeSourceCodeAccess.uplugin
LogPluginManager: Loaded Plugin AudioCapture, From C:/Program Files/Epic Games/UE_4.14/Engine/Plugins/Editor/AudioCapture/AudioCapture.uplugin
LogPluginManager: Loaded Plugin EpicSurvey, From C:/Program Files/Epic Games/UE_4.14/Engine/Plugins/Editor/EpicSurvey/EpicSurvey.uplugin
LogPluginManager: Loaded Plugin MacGraphicsSwitching, From C:/Program Files/Epic Games/UE_4.14/Engine/Plugins/Editor/MacGraphicsSwitching/MacGraphicsSwitching.uplugin
LogPluginManager: Loaded Plugin MobileLauncherProfileWizard, From C:/Program Files/Epic Games/UE_4.14/Engine/Plugins/Editor/MobileLauncherProfileWizard/MobileLauncherProfileWizard.uplugin
LogPluginManager: Loaded Plugin PluginBrowser, From C:/Program Files/Epic Games/UE_4.14/Engine/Plugins/Editor/PluginBrowser/PluginBrowser.uplugin
LogPluginManager: Loaded Plugin SpeedTreeImporter, From C:/Program Files/Epic Games/UE_4.14/Engine/Plugins/Editor/SpeedTreeImporter/SpeedTreeImporter.uplugin
LogPluginManager: Loaded Plugin SuperSearchEditor, From C:/Program Files/Epic Games/UE_4.14/Engine/Plugins/Editor/SuperSearchEditor/SuperSearchEditor.uplugin
LogPluginManager: Loaded Plugin AlembicImporter, From C:/Program Files/Epic Games/UE_4.14/Engine/Plugins/Experimental/AlembicImporter/AlembicImporter.uplugin
LogPluginManager: Loaded Plugin BlueprintStats, From C:/Program Files/Epic Games/UE_4.14/Engine/Plugins/Experimental/BlueprintStats/BlueprintStats.uplugin
LogPluginManager: Loaded Plugin CharacterAI, From C:/Program Files/Epic Games/UE_4.14/Engine/Plugins/Experimental/CharacterAI/CharacterAI.uplugin
LogPluginManager: Loaded Plugin CodeEditor, From C:/Program Files/Epic Games/UE_4.14/Engine/Plugins/Experimental/CodeEditor/CodeEditor.uplugin
LogPluginManager: Loaded Plugin CodeView, From C:/Program Files/Epic Games/UE_4.14/Engine/Plugins/Experimental/CodeView/CodeView.uplugin
LogPluginManager: Loaded Plugin HTML5Networking, From C:/Program Files/Epic Games/UE_4.14/Engine/Plugins/Experimental/HTML5Networking/HTML5Networking.uplugin
LogPluginManager: Loaded Plugin OSVR, From C:/Program Files/Epic Games/UE_4.14/Engine/Plugins/Experimental/OSVR/OSVR.uplugin
LogPluginManager: Loaded Plugin Phya, From C:/Program Files/Epic Games/UE_4.14/Engine/Plugins/Experimental/Phya/Phya.uplugin
LogPluginManager: Loaded Plugin SignificanceManager, From C:/Program Files/Epic Games/UE_4.14/Engine/Plugins/Experimental/SignificanceManager/SignificanceManager.uplugin
LogPluginManager: Loaded Plugin SimpleHMD, From C:/Program Files/Epic Games/UE_4.14/Engine/Plugins/Experimental/SimpleHMD/SimpleHMD.uplugin
LogPluginManager: Loaded Plugin StereoPanorama, From C:/Program Files/Epic Games/UE_4.14/Engine/Plugins/Experimental/StereoPanorama/StereoPanorama.uplugin
LogPluginManager: Loaded Plugin StructBox, From C:/Program Files/Epic Games/UE_4.14/Engine/Plugins/Experimental/StructBox/StructBox.uplugin
LogPluginManager: Loaded Plugin AndroidMedia, From C:/Program Files/Epic Games/UE_4.14/Engine/Plugins/Media/AndroidMedia/AndroidMedia.uplugin
LogPluginManager: Loaded Plugin AvfMedia, From C:/Program Files/Epic Games/UE_4.14/Engine/Plugins/Media/AvfMedia/AvfMedia.uplugin
LogPluginManager: Loaded Plugin MediaPlayerEditor, From C:/Program Files/Epic Games/UE_4.14/Engine/Plugins/Media/MediaPlayerEditor/MediaPlayerEditor.uplugin
LogPluginManager: Loaded Plugin WmfMedia, From C:/Program Files/Epic Games/UE_4.14/Engine/Plugins/Media/WmfMedia/WmfMedia.uplugin
LogPluginManager: Loaded Plugin MessagingDebugger, From C:/Program Files/Epic Games/UE_4.14/Engine/Plugins/Messaging/MessagingDebugger/MessagingDebugger.uplugin
LogPluginManager: Loaded Plugin TcpMessaging, From C:/Program Files/Epic Games/UE_4.14/Engine/Plugins/Messaging/TcpMessaging/TcpMessaging.uplugin
LogPluginManager: Loaded Plugin UdpMessaging, From C:/Program Files/Epic Games/UE_4.14/Engine/Plugins/Messaging/UdpMessaging/UdpMessaging.uplugin
LogPluginManager: Loaded Plugin LevelSequenceEditor, From C:/Program Files/Epic Games/UE_4.14/Engine/Plugins/MovieScene/LevelSequenceEditor/LevelSequenceEditor.uplugin
LogPluginManager: Loaded Plugin MatineeToLevelSequence, From C:/Program Files/Epic Games/UE_4.14/Engine/Plugins/MovieScene/MatineeToLevelSequence/MatineeToLevelSequence.uplugin
LogPluginManager: Loaded Plugin NetcodeUnitTest, From C:/Program Files/Epic Games/UE_4.14/Engine/Plugins/NetcodeUnitTest/NetcodeUnitTest/NetcodeUnitTest.uplugin
LogPluginManager: Loaded Plugin NUTUnrealEngine4, From C:/Program Files/Epic Games/UE_4.14/Engine/Plugins/NetcodeUnitTest/NUTUnrealEngine4/NUTUnrealEngine4.uplugin
LogPluginManager: Loaded Plugin OnlineSubsystemGameCircle, From C:/Program Files/Epic Games/UE_4.14/Engine/Plugins/Online/Android/OnlineSubsystemGameCircle/OnlineSubsystemGameCircle.uplugin
LogPluginManager: Loaded Plugin OnlineSubsystemGooglePlay, From C:/Program Files/Epic Games/UE_4.14/Engine/Plugins/Online/Android/OnlineSubsystemGooglePlay/OnlineSubsystemGooglePlay.uplugin
LogPluginManager: Loaded Plugin OnlineSubsystemIOS, From C:/Program Files/Epic Games/UE_4.14/Engine/Plugins/Online/IOS/OnlineSubsystemIOS/OnlineSubsystemIOS.uplugin
LogPluginManager: Loaded Plugin OnlineFramework, From C:/Program Files/Epic Games/UE_4.14/Engine/Plugins/Online/OnlineFramework/OnlineFramework.uplugin
LogPluginManager: Loaded Plugin OnlineSubsystem, From C:/Program Files/Epic Games/UE_4.14/Engine/Plugins/Online/OnlineSubsystem/OnlineSubsystem.uplugin
LogPluginManager: Loaded Plugin OnlineSubsystemAmazon, From C:/Program Files/Epic Games/UE_4.14/Engine/Plugins/Online/OnlineSubsystemAmazon/OnlineSubsystemAmazon.uplugin
LogPluginManager: Loaded Plugin OnlineSubsystemFacebook, From C:/Program Files/Epic Games/UE_4.14/Engine/Plugins/Online/OnlineSubsystemFacebook/OnlineSubsystemFacebook.uplugin
LogPluginManager: Loaded Plugin OnlineSubsystemNull, From C:/Program Files/Epic Games/UE_4.14/Engine/Plugins/Online/OnlineSubsystemNull/OnlineSubsystemNull.uplugin
LogPluginManager: Loaded Plugin OnlineSubsystemOculus, From C:/Program Files/Epic Games/UE_4.14/Engine/Plugins/Online/OnlineSubsystemOculus/OnlineSubsystemOculus.uplugin
LogPluginManager: Loaded Plugin OnlineSubsystemSteam, From C:/Program Files/Epic Games/UE_4.14/Engine/Plugins/Online/OnlineSubsystemSteam/OnlineSubsystemSteam.uplugin
LogPluginManager: Loaded Plugin OnlineSubsystemUtils, From C:/Program Files/Epic Games/UE_4.14/Engine/Plugins/Online/OnlineSubsystemUtils/OnlineSubsystemUtils.uplugin
LogPluginManager: Loaded Plugin IOSTapJoy, From C:/Program Files/Epic Games/UE_4.14/Engine/Plugins/Runtime/Advertising/IOSTapJoy/IOSTapJoy.uplugin
LogPluginManager: Loaded Plugin AnalyticsBlueprintLibrary, From C:/Program Files/Epic Games/UE_4.14/Engine/Plugins/Runtime/Analytics/AnalyticsBlueprintLibrary/AnalyticsBlueprintLibrary.uplugin
LogPluginManager: Loaded Plugin AnalyticsMulticast, From C:/Program Files/Epic Games/UE_4.14/Engine/Plugins/Runtime/Analytics/AnalyticsMulticast/AnalyticsMulticast.uplugin
LogPluginManager: Loaded Plugin Apsalar, From C:/Program Files/Epic Games/UE_4.14/Engine/Plugins/Runtime/Analytics/Apsalar/Apsalar.uplugin
LogPluginManager: Loaded Plugin FileLogging, From C:/Program Files/Epic Games/UE_4.14/Engine/Plugins/Runtime/Analytics/FileLogging/FileLogging.uplugin
LogPluginManager: Loaded Plugin Flurry, From C:/Program Files/Epic Games/UE_4.14/Engine/Plugins/Runtime/Analytics/Flurry/Flurry.uplugin
LogPluginManager: Loaded Plugin AndroidDeviceProfileSelector, From C:/Program Files/Epic Games/UE_4.14/Engine/Plugins/Runtime/AndroidDeviceProfileSelector/AndroidDeviceProfileSelector.uplugin
LogPluginManager: Loaded Plugin AndroidMoviePlayer, From C:/Program Files/Epic Games/UE_4.14/Engine/Plugins/Runtime/AndroidMoviePlayer/AndroidMoviePlayer.uplugin
LogPluginManager: Loaded Plugin AppleMoviePlayer, From C:/Program Files/Epic Games/UE_4.14/Engine/Plugins/Runtime/AppleMoviePlayer/AppleMoviePlayer.uplugin
LogPluginManager: Loaded Plugin ArchVisCharacter, From C:/Program Files/Epic Games/UE_4.14/Engine/Plugins/Runtime/ArchVisCharacter/ArchVisCharacter.uplugin
LogPluginManager: Loaded Plugin CableComponent, From C:/Program Files/Epic Games/UE_4.14/Engine/Plugins/Runtime/CableComponent/CableComponent.uplugin
LogPluginManager: Loaded Plugin CustomMeshComponent, From C:/Program Files/Epic Games/UE_4.14/Engine/Plugins/Runtime/CustomMeshComponent/CustomMeshComponent.uplugin
LogPluginManager: Loaded Plugin ExampleDeviceProfileSelector, From C:/Program Files/Epic Games/UE_4.14/Engine/Plugins/Runtime/ExampleDeviceProfileSelector/ExampleDeviceProfileSelector.uplugin
LogPluginManager: Loaded Plugin GearVR, From C:/Program Files/Epic Games/UE_4.14/Engine/Plugins/Runtime/GearVR/GearVR.uplugin
LogPluginManager: Loaded Plugin GoogleVRController, From C:/Program Files/Epic Games/UE_4.14/Engine/Plugins/Runtime/GoogleVR/GoogleVRController/GoogleVRController.uplugin
LogPluginManager: Loaded Plugin GoogleVRHMD, From C:/Program Files/Epic Games/UE_4.14/Engine/Plugins/Runtime/GoogleVR/GoogleVRHMD/GoogleVRHMD.uplugin
LogPluginManager: Loaded Plugin IOSDeviceProfileSelector, From C:/Program Files/Epic Games/UE_4.14/Engine/Plugins/Runtime/IOSDeviceProfileSelector/IOSDeviceProfileSelector.uplugin
LogPluginManager: Loaded Plugin LeapMotion, From C:/Program Files/Epic Games/UE_4.14/Engine/Plugins/Runtime/LeapMotion/LeapMotion.uplugin
LogPluginManager: Loaded Plugin LinuxDeviceProfileSelector, From C:/Program Files/Epic Games/UE_4.14/Engine/Plugins/Runtime/LinuxDeviceProfileSelector/LinuxDeviceProfileSelector.uplugin
LogPluginManager: Loaded Plugin MIDIDevice, From C:/Program Files/Epic Games/UE_4.14/Engine/Plugins/Runtime/MIDIDevice/MIDIDevice.uplugin
LogPluginManager: Loaded Plugin MobilePatchingUtils, From C:/Program Files/Epic Games/UE_4.14/Engine/Plugins/Runtime/MobilePatchingUtils/MobilePatchingUtils.uplugin
LogPluginManager: Loaded Plugin Ansel, From C:/Program Files/Epic Games/UE_4.14/Engine/Plugins/Runtime/Nvidia/Ansel/Ansel.uplugin
LogPluginManager: Loaded Plugin OculusAudio, From C:/Program Files/Epic Games/UE_4.14/Engine/Plugins/Runtime/OculusAudio/OculusAudio.uplugin
LogPluginManager: Loaded Plugin OculusInput, From C:/Program Files/Epic Games/UE_4.14/Engine/Plugins/Runtime/OculusInput/OculusInput.uplugin
LogPluginManager: Loaded Plugin OculusLibrary, From C:/Program Files/Epic Games/UE_4.14/Engine/Plugins/Runtime/OculusLibrary/OculusLibrary.uplugin
LogPluginManager: Loaded Plugin OculusRift, From C:/Program Files/Epic Games/UE_4.14/Engine/Plugins/Runtime/OculusRift/OculusRift.uplugin
LogPluginManager: Loaded Plugin Oodle, From C:/Program Files/Epic Games/UE_4.14/Engine/Plugins/Runtime/PacketHandlers/CompressionComponents/Oodle/Oodle.uplugin
LogPluginManager: Loaded Plugin ProceduralMeshComponent, From C:/Program Files/Epic Games/UE_4.14/Engine/Plugins/Runtime/ProceduralMeshComponent/ProceduralMeshComponent.uplugin
LogPluginManager: Loaded Plugin SoundMod, From C:/Program Files/Epic Games/UE_4.14/Engine/Plugins/Runtime/SoundMod/SoundMod.uplugin
LogPluginManager: Loaded Plugin SoundVisualizations, From C:/Program Files/Epic Games/UE_4.14/Engine/Plugins/Runtime/SoundVisualizations/SoundVisualizations.uplugin
LogPluginManager: Loaded Plugin SteamController, From C:/Program Files/Epic Games/UE_4.14/Engine/Plugins/Runtime/Steam/SteamController/SteamController.uplugin
LogPluginManager: Loaded Plugin SteamVR, From C:/Program Files/Epic Games/UE_4.14/Engine/Plugins/Runtime/Steam/SteamVR/SteamVR.uplugin
LogPluginManager: Loaded Plugin WebBrowserWidget, From C:/Program Files/Epic Games/UE_4.14/Engine/Plugins/Runtime/WebBrowserWidget/WebBrowserWidget.uplugin
LogPluginManager: Loaded Plugin WindowsDeviceProfileSelector, From C:/Program Files/Epic Games/UE_4.14/Engine/Plugins/Runtime/WindowsDeviceProfileSelector/WindowsDeviceProfileSelector.uplugin
LogPluginManager: Loaded Plugin WindowsMoviePlayer, From C:/Program Files/Epic Games/UE_4.14/Engine/Plugins/Runtime/WindowsMoviePlayer/WindowsMoviePlayer.uplugin
LogPluginManager: Loaded Plugin ScriptPlugin, From C:/Program Files/Epic Games/UE_4.14/Engine/Plugins/ScriptPlugin/ScriptPlugin.uplugin
LogPluginManager: Loaded Plugin SlateRemote, From C:/Program Files/Epic Games/UE_4.14/Engine/Plugins/Slate/SlateRemote/SlateRemote.uplugin
LogPluginManager: Loaded Plugin EditorTests, From C:/Program Files/Epic Games/UE_4.14/Engine/Plugins/Tests/EditorTests/EditorTests.uplugin
LogPluginManager: Loaded Plugin FbxAutomationTestBuilder, From C:/Program Files/Epic Games/UE_4.14/Engine/Plugins/Tests/FbxAutomationTestBuilder/FbxAutomationTestBuilder.uplugin
LogPluginManager: Loaded Plugin FunctionalTestingEditor, From C:/Program Files/Epic Games/UE_4.14/Engine/Plugins/Tests/FunctionalTestingEditor/FunctionalTestingEditor.uplugin
LogPluginManager: Loaded Plugin RuntimeTests, From C:/Program Files/Epic Games/UE_4.14/Engine/Plugins/Tests/RuntimeTests/RuntimeTests.uplugin
LogPluginManager: Loaded Plugin ScreenshotTools, From C:/Program Files/Epic Games/UE_4.14/Engine/Plugins/Tests/ScreenshotTools/ScreenshotTools.uplugin
LogInit: Using libcurl 7.47.1
LogInit:  - built for x86_64-pc-win32
LogInit:  - supports SSL with OpenSSL/1.0.2g
LogInit:  - supports HTTP deflate (compression) using libz 1.2.8
LogInit:  - other features:
LogInit:      CURL_VERSION_SSL
LogInit:      CURL_VERSION_LIBZ
LogInit:      CURL_VERSION_IPV6
LogInit:      CURL_VERSION_ASYNCHDNS
LogInit:      CURL_VERSION_LARGEFILE
LogInit:      CURL_VERSION_IDN
LogInit:  CurlRequestOptions (configurable via config and command line):
LogInit:  - bVerifyPeer = false  - Libcurl will NOT verify peer certificate
LogInit:  - bUseHttpProxy = false  - Libcurl will NOT use HTTP proxy
LogInit:  - bDontReuseConnections = false  - Libcurl will reuse connections
LogInit:  - CertBundlePath = nullptr  - Libcurl will use whatever was configured at build time.
LogInit: Build: ++UE4+Release-4.14-CL-3249277
LogInit: Engine Version: 4.14.3-3249277+++UE4+Release-4.14
LogInit: Compatible Engine Version: 4.14.0-3195953+++UE4+Release-4.14
LogInit: Net CL: 3195953
LogDevObjectVersion: Number of dev versions registered: 13
LogDevObjectVersion:   Dev-Blueprints (B0D832E4-1F89-4F0D-ACCF-7EB736FD4AA2): 7
LogDevObjectVersion:   Dev-Build (E1C64328-A22C-4D53-A36C-8E866417BD8C): 0
LogDevObjectVersion:   Dev-Core (375EC13C-06E4-48FB-B500-84F0262A717E): 1
LogDevObjectVersion:   Dev-Editor (E4B068ED-F494-42E9-A231-DA0B2E46BB41): 8
LogDevObjectVersion:   Dev-Framework (CFFC743F-43B0-4480-9391-14DF171D2073): 17
LogDevObjectVersion:   Dev-Mobile (B02B49B5-BB20-44E9-A304-32B752E40360): 0
LogDevObjectVersion:   Dev-Networking (A4E4105C-59A1-49B5-A7C5-40C4547EDFEE): 0
LogDevObjectVersion:   Dev-Online (39C831C9-5AE6-47DC-9A44-9C173E1C8E7C): 0
LogDevObjectVersion:   Dev-Physics (78F01B33-EBEA-4F98-B9B4-84EACCB95AA2): 0
LogDevObjectVersion:   Dev-Platform (6631380F-2D4D-43E0-8009-CF276956A95A): 0
LogDevObjectVersion:   Dev-Rendering (12F88B9F-8875-4AFC-A67C-D90C383ABD29): 12
LogDevObjectVersion:   Dev-Sequencer (7B5AE74C-D270-4C10-A958-57980B212A5A): 1
LogDevObjectVersion:   Dev-VR (D7296918-1DD6-4BDD-9DE2-64A83CC13884): 0
LogInit: Compiled (64-bit): Jan  6 2017 10:49:43
LogInit: Compiled with Visual C++: 19.00.23026.00
LogInit: Build Configuration: Development
LogInit: Branch Name: ++UE4+Release-4.14
LogInit: Command line:  
LogInit: Base directory: C:/Program Files/Epic Games/UE_4.14/Engine/Binaries/Win64/
LogInit: Installed Engine Build: 1
LogInit: Presizing for max 8388607 objects, including 0 objects not considered by GC, pre-allocating 0 bytes for permanent pool.
LogInit: Object subsystem initialized
[2017.06.01-23.16.06:116][  0]LogInit: Selected Device Profile: [Windows]
[2017.06.01-23.16.06:116][  0]LogInit: Applying CVar settings loaded from the selected device profile: [Windows]
[2017.06.01-23.16.06:287][  0]LogInit: Computer: C215CG54555TB
[2017.06.01-23.16.06:287][  0]LogInit: User: gouthambalaji
[2017.06.01-23.16.06:287][  0]LogInit: CPU Page size=65536, Cores=2
[2017.06.01-23.16.06:287][  0]LogInit: High frequency timer resolution =2.338340 MHz
[2017.06.01-23.16.06:287][  0]LogMemory: Memory total: Physical=7.9GB (8GB approx)
[2017.06.01-23.16.06:287][  0]LogMemory: Platform Memory Stats for Windows
[2017.06.01-23.16.06:287][  0]LogMemory: Process Physical Memory: 261.31 MB used, 261.31 MB peak
[2017.06.01-23.16.06:287][  0]LogMemory: Process Virtual Memory: 262.01 MB used, 262.01 MB peak
[2017.06.01-23.16.06:287][  0]LogMemory: Physical Memory: 2380.84 MB used,  5692.27 MB free, 8073.11 MB total
[2017.06.01-23.16.06:287][  0]LogMemory: Virtual Memory: 656.19 MB used,  5692.27 MB free, 134217728.00 MB total
[2017.06.01-23.16.07:010][  0]LogTextLocalizationManager: No specific translations for ('en-AU') exist, so ('en') translations will be used.
[2017.06.01-23.16.12:793][  0]LogD3D11RHI: D3D11 adapters:
[2017.06.01-23.16.12:804][  0]LogD3D11RHI:    0. 'Intel(R) HD Graphics Family' (Feature Level 11_0)
[2017.06.01-23.16.12:804][  0]LogD3D11RHI:       0/0/1792 MB DedicatedVideo/DedicatedSystem/SharedSystem, Outputs:1, VendorId:0x8086
[2017.06.01-23.16.12:807][  0]LogD3D11RHI:    1. 'Microsoft Basic Render Driver' (Feature Level 11_0)
[2017.06.01-23.16.12:807][  0]LogD3D11RHI:       0/0/256 MB DedicatedVideo/DedicatedSystem/SharedSystem, Outputs:0, VendorId:0x1414
[2017.06.01-23.16.12:807][  0]LogD3D11RHI: Chosen D3D11 Adapter: 0
[2017.06.01-23.16.12:815][  0]LogD3D11RHI: Creating new Direct3DDevice
[2017.06.01-23.16.12:815][  0]LogD3D11RHI:     GPU DeviceId: 0xa16 (for the marketing name, search the web for "GPU Device Id")
[2017.06.01-23.16.12:815][  0]LogWindows: EnumDisplayDevices:
[2017.06.01-23.16.12:815][  0]LogWindows:    0. 'Intel(R) HD Graphics Family' (P:1 D:1)
[2017.06.01-23.16.12:815][  0]LogWindows:    1. 'Intel(R) HD Graphics Family' (P:0 D:0)
[2017.06.01-23.16.12:816][  0]LogWindows:    2. 'Intel(R) HD Graphics Family' (P:0 D:0)
[2017.06.01-23.16.12:816][  0]LogWindows: DebugString: FoundDriverCount:3 
[2017.06.01-23.16.12:816][  0]LogD3D11RHI:     Adapter Name: Intel(R) HD Graphics Family
[2017.06.01-23.16.12:816][  0]LogD3D11RHI:   Driver Version: 10.18.10.3574 (internal:10.18.10.3574, unified:10.18.10.3574)
[2017.06.01-23.16.12:816][  0]LogD3D11RHI:      Driver Date: 4-23-2014
[2017.06.01-23.16.12:816][  0]LogRHI: Texture pool is 627 MB (70% of 896 MB)
[2017.06.01-23.16.12:827][  0]LogD3D11RHI: Async texture creation enabled
[2017.06.01-23.16.12:855][  0]LogD3D11RHI: GPU Timing Frequency: 12.500000 (Debug: 2 0)
[2017.06.01-23.16.12:862][  0]LogShaderCompilers: Guid format shader working directory is -24 characters bigger than the processId version (../../../../../../Users/goutham.balaji/Documents/Unreal Projects/ProjectActual/Intermediate/Shaders/WorkingDirectory/16584/).
[2017.06.01-23.16.12:862][  0]LogShaderCompilers: Cleaned the shader compiler working directory 'C:/Users/goutham.balaji/AppData/Local/Temp/UnrealShaderWorkingDir/A953739342601A456231A7ADC10C8510/'.
[2017.06.01-23.16.12:863][  0]LogShaderCompilers:Display: Using Local Shader Compiler.
[2017.06.01-23.16.18:658][  0]LogTemp:Display: Loaded TP AllDesktopTargetPlatform
[2017.06.01-23.16.18:760][  0]LogTemp:Display: Loaded TP MacClientTargetPlatform
[2017.06.01-23.16.18:884][  0]LogTemp:Display: Loaded TP MacNoEditorTargetPlatform
[2017.06.01-23.16.18:991][  0]LogTemp:Display: Loaded TP MacServerTargetPlatform
[2017.06.01-23.16.19:141][  0]LogTemp:Display: Loaded TP MacTargetPlatform
[2017.06.01-23.16.19:284][  0]LogTemp:Display: Loaded TP WindowsClientTargetPlatform
[2017.06.01-23.16.19:392][  0]LogTemp:Display: Loaded TP WindowsNoEditorTargetPlatform
[2017.06.01-23.16.19:513][  0]LogTemp:Display: Loaded TP WindowsServerTargetPlatform
[2017.06.01-23.16.19:597][  0]LogTemp:Display: Loaded TP WindowsTargetPlatform
[2017.06.01-23.16.19:725][  0]LogTemp:Display: Loaded TP AndroidTargetPlatform
[2017.06.01-23.16.19:840][  0]LogTemp:Display: Loaded TP Android_ASTCTargetPlatform
[2017.06.01-23.16.19:971][  0]LogTemp:Display: Loaded TP Android_ATCTargetPlatform
[2017.06.01-23.16.20:101][  0]LogTemp:Display: Loaded TP Android_DXTTargetPlatform
[2017.06.01-23.16.20:224][  0]LogTemp:Display: Loaded TP Android_ETC1TargetPlatform
[2017.06.01-23.16.20:328][  0]LogTemp:Display: Loaded TP Android_ETC2TargetPlatform
[2017.06.01-23.16.20:562][  0]LogTemp:Display: Loaded TP Android_MultiTargetPlatform
[2017.06.01-23.16.20:562][  0]LogTemp:Display: Loaded TP Android_PVRTCTargetPlatform
[2017.06.01-23.16.20:641][  0]LogTemp:Display: Loaded TP HTML5TargetPlatform
[2017.06.01-23.16.20:887][  0]LogTemp:Display: Loaded TP IOSTargetPlatform
[2017.06.01-23.16.20:968][  0]LogTemp:Display: Loaded TP TVOSTargetPlatform
[2017.06.01-23.16.21:090][  0]LogTemp:Display: Loaded TP LinuxClientTargetPlatform
[2017.06.01-23.16.21:216][  0]LogTemp:Display: Loaded TP LinuxNoEditorTargetPlatform
[2017.06.01-23.16.21:305][  0]LogTemp:Display: Loaded TP LinuxServerTargetPlatform
[2017.06.01-23.16.21:438][  0]LogTemp:Display: Loaded TP LinuxTargetPlatform
[2017.06.01-23.16.21:438][  0]LogTargetPlatformManager:Display: Building Assets For Windows
[2017.06.01-23.16.22:922][  0]LogDerivedDataCache:Display: Max Cache Size: 512 MB
[2017.06.01-23.16.23:117][  0]LogDerivedDataCache: Loaded boot cache 0.19s 50MB C:/Users/goutham.balaji/AppData/Local/UnrealEngine/4.14/DerivedDataCache/Boot.ddc.
[2017.06.01-23.16.23:117][  0]LogDerivedDataCache:Display: Loaded Boot cache: C:/Users/goutham.balaji/AppData/Local/UnrealEngine/4.14/DerivedDataCache/Boot.ddc
[2017.06.01-23.16.23:117][  0]LogDerivedDataCache: FDerivedDataBackendGraph:  Pak pak cache file ../../../../../../Users/goutham.balaji/Documents/Unreal Projects/ProjectActual/DerivedDataCache/DDC.ddp not found, will not use a pak cache.
[2017.06.01-23.16.23:117][  0]LogDerivedDataCache: Unable to find inner node Pak for hierarchical cache Hierarchy.
[2017.06.01-23.16.23:118][  0]LogDerivedDataCache: FDerivedDataBackendGraph:  CompressedPak pak cache file ../../../../../../Users/goutham.balaji/Documents/Unreal Projects/ProjectActual/DerivedDataCache/Compressed.ddp not found, will not use a pak cache.
[2017.06.01-23.16.23:118][  0]LogDerivedDataCache: Unable to find inner node CompressedPak for hierarchical cache Hierarchy.
[2017.06.01-23.16.23:183][  0]LogDerivedDataCache:Display: Pak cache opened for reading ../../../Engine/DerivedDataCache/Compressed.ddp.
[2017.06.01-23.16.23:196][  0]LogDerivedDataCache: Using Local data cache path C:/Users/goutham.balaji/AppData/Local/UnrealEngine/Common/DerivedDataCache: Writable
[2017.06.01-23.16.28:299][  0]LogInit: Selected Device Profile: [Windows]
[2017.06.01-23.16.28:310][  0]LogContentStreaming: Texture pool size is 0.00 MB
[2017.06.01-23.16.28:794][  0]LogMeshUtilities: Using QuadricMeshReduction for automatic static mesh reduction
[2017.06.01-23.16.28:920][  0]LogSimplygon: Simplygon DLL not present - disabling.
[2017.06.01-23.16.28:998][  0]LogMeshUtilities: Using SimplygonSwarm for distributed automatic mesh merging
[2017.06.01-23.16.28:998][  0]LogMeshUtilities: No automatic skeletal mesh reduction module available
[2017.06.01-23.16.28:998][  0]LogMeshUtilities: No automatic mesh merging module available
[2017.06.01-23.16.31:373][  0]LogNetVersion: GetLocalNetworkVersion: CL: 3195953, ProjectName: projectactual, ProjectVersion: , EngineNetworkVersion: 2, GameNetworkVersion: 0, NetworkChecksum: 4264748301
[2017.06.01-23.16.31:485][  0]LogAssetRegistry: FAssetRegistry took 0.0252 seconds to start up
[2017.06.01-23.16.31:607][  0]LogPackageLocalizationCache: Processed 3 localized package path(s) for 2 prioritized culture(s) in 0.068906 seconds
[2017.06.01-23.16.31:620][  0]LogUObjectArray: 31946 objects as part of root set at end of initial load.
[2017.06.01-23.16.31:621][  0]LogUObjectAllocator: 6935848 out of 0 bytes used by permanent object pool.
[2017.06.01-23.16.31:621][  0]LogUObjectArray: CloseDisregardForGC: 0/0 objects in disregard for GC pool
[2017.06.01-23.16.31:761][  0]LogInit: WinSock: version 1.1 (2.2), MaxSocks=32767, MaxUdp=65467
[2017.06.01-23.16.33:308][  0]LogSlate: Using Freetype 2.6.0
[2017.06.01-23.16.33:327][  0]LogSlate: SlateFontCache - WITH_FREETYPE: 1, WITH_HARFBUZZ: 1
[2017.06.01-23.16.33:327][  0]LogSlate: SlateFontCache - WITH_FREETYPE: 1, WITH_HARFBUZZ: 1
[2017.06.01-23.16.36:986][  0]LogTcpMessaging: Initializing TcpMessaging bridge
[2017.06.01-23.16.37:049][  0]LogUdpMessaging: Initializing bridge on interface 0.0.0.0:0 to multicast group 230.0.0.1:6666.
[2017.06.01-23.16.37:732][  0]LogMaterial: Uniform references updated for custom material expression Custom.
[2017.06.01-23.16.38:571][  0]SourceControl: Info Source control is disabled
[2017.06.01-23.16.38:992][  0]SourceControl: Info Source control is disabled
[2017.06.01-23.16.39:094][  0]SourceControl: Info Source control is disabled
[2017.06.01-23.16.39:176][  0]SourceControl: Info Source control is disabled
[2017.06.01-23.16.41:554][  0]LogEngine: Initializing Engine...
[2017.06.01-23.16.41:556][  0]LogHMD: Failed to initialize OpenVR with code 110
[2017.06.01-23.16.42:264][  0]LogAIModule: Creating AISystem for world Untitled
[2017.06.01-23.16.42:283][  0]LogInit: XAudio2 using 'Speakers/Headphones (Realtek High Definition Audio)' : 2 channels at 48 kHz using 32 bits per sample (channel mask 0x3)
[2017.06.01-23.16.42:580][  0]LogInit: FAudioDevice initialized.
[2017.06.01-23.16.42:620][  0]LogDerivedDataCache: Saved boot cache 0.04s 50MB C:/Users/goutham.balaji/AppData/Local/UnrealEngine/4.14/DerivedDataCache/Boot.ddc.
[2017.06.01-23.16.42:635][  0]LogInit: Texture streaming: Enabled
[2017.06.01-23.16.43:042][  0]LogInit: Transaction tracking system initialized
[2017.06.01-23.16.43:771][  0]BlueprintLog: New page: Editor Load
[2017.06.01-23.16.45:724][  0]LocalizationService: Info Localization service is disabled
[2017.06.01-23.16.47:763][  0]LogConsoleResponse:Display: 
[2017.06.01-23.16.48:928][  0]LogCook:Display: Max memory allowance for cook 16384mb min free memory 0mb
[2017.06.01-23.16.48:928][  0]LogCook:Display: Mobile HDR setting 1
[2017.06.01-23.16.49:313][  0]LogFileCache: Scanning file cache for directory 'C:/Users/goutham.balaji/Documents/Unreal Projects/ProjectActual/Content/' took 0.05s
[2017.06.01-23.16.51:350][  0]SourceControl: Info Source control is disabled
[2017.06.01-23.16.51:351][  0]Cmd: MAP LOAD FILE="../../../../../../Users/goutham.balaji/Documents/Unreal Projects/ProjectActual/Content/NewLevel1.umap" TEMPLATE=0 SHOWPROGRESS=1 FEATURELEVEL=3
[2017.06.01-23.16.51:353][  0]LightingResults: New page: Lighting Build
[2017.06.01-23.16.51:429][  0]MapCheck: New page: Map Check
[2017.06.01-23.16.51:429][  0]LightingResults: New page: Lighting Build
[2017.06.01-23.16.54:013][  0]LogAIModule: Creating AISystem for world NewLevel1
[2017.06.01-23.16.56:255][  0]LogEditorServer: Finished looking for orphan Actors (0.000 secs)
[2017.06.01-23.16.56:318][  0]Cmd: MAP CHECKDEP NOCLEARLOG
[2017.06.01-23.16.56:467][  0]MapCheck: Info Map check complete: 0 Error(s), 0 Warning(s), took 148.047ms to complete.
[2017.06.01-23.16.56:467][  0]LogFileHelpers: Loading map 'NewLevel1' took 5.100
[2017.06.01-23.16.56:993][  0]LogCollectionManager: Loaded 0 collections in 0.003998 seconds
[2017.06.01-23.16.57:192][  0]LogFileCache: Scanning file cache for directory 'C:/Users/goutham.balaji/Documents/Unreal Projects/ProjectActual/Saved/Collections/' took 0.01s
[2017.06.01-23.16.57:192][  0]LogFileCache: Scanning file cache for directory 'C:/Users/goutham.balaji/Documents/Unreal Projects/ProjectActual/Content/Developers/gouthambalaji/Collections/' took 0.01s
[2017.06.01-23.16.57:192][  0]LogFileCache: Scanning file cache for directory 'C:/Users/goutham.balaji/Documents/Unreal Projects/ProjectActual/Content/Collections/' took 0.01s
[2017.06.01-23.16.57:192][  0]LogCollectionManager: Rebuilt the GUID cache for 0 collections in 0.000003 seconds
[2017.06.01-23.16.57:225][  0]LogContentBrowser: Native class hierarchy populated in 0.0282 seconds. Added 2190 classes and 428 folders.
[2017.06.01-23.16.57:379][  0]LogStats: UGameplayTagsManager::ConstructGameplayTagTree: Construct from data asset -  0.000 s
[2017.06.01-23.16.57:379][  0]LogStats: UGameplayTagsManager::ConstructGameplayTagTree: GameplayTagTreeChangedEvent.Broadcast -  0.000 s
[2017.06.01-23.16.57:381][  0]LogContentBrowser: Native class hierarchy updated for 'GameplayTags' in 0.0015 seconds. Added 13 classes and 0 folders.
[2017.06.01-23.16.57:557][  0]LogContentBrowser: Native class hierarchy updated for 'WidgetCarousel' in 0.0012 seconds. Added 0 classes and 0 folders.
[2017.06.01-23.16.58:479][  0]LogContentBrowser: Native class hierarchy updated for 'AddContentDialog' in 0.0016 seconds. Added 0 classes and 0 folders.
[2017.06.01-23.16.58:620][  0]LogContentBrowser: Native class hierarchy updated for 'SceneOutliner' in 0.0012 seconds. Added 1 classes and 2 folders.
[2017.06.01-23.16.59:032][  0]LogCrashTracker: Crashtracker disabled due to settings.
[2017.06.01-23.16.59:055][  0]LogUObjectGlobals:Warning: Failed to find object 'Class None.'
[2017.06.01-23.16.59:193][  0]LogContentBrowser: Native class hierarchy updated for 'HierarchicalLODOutliner' in 0.0020 seconds. Added 1 classes and 2 folders.
[2017.06.01-23.16.59:195][  0]LogLoad: (Engine Initialization) Total time: 67.42 seconds
[2017.06.01-23.16.59:195][  0]LogLoad: (Engine Initialization) Total Blueprint compile time: 0.49 seconds
[2017.06.01-23.16.59:195][  0]LogExternalProfiler: No external profilers were discovered.  External profiling features will not be available.
[2017.06.01-23.16.59:538][  0]LogOcInput: OculusInput pre-init called
[2017.06.01-23.16.59:617][  0]LogContentStreaming: Texture pool size now 400 MB
[2017.06.01-23.17.00:189][  2]LogRenderer: Reallocating scene render targets to support 972x568 NumSamples 1 (Frame:2).
[2017.06.01-23.17.03:700][  7]LogAssetRegistry: Asset discovery search completed in 32.1324 seconds
[2017.06.01-23.17.03:701][  7]LogCollectionManager: Rebuilt the object cache for 0 collections in 0.000001 seconds (found 0 objects)
[2017.06.01-23.17.03:701][  7]LogCollectionManager: Fixed up redirectors for 0 collections in 0.000624 seconds (updated 0 objects)
[2017.06.01-23.17.03:824][  8]LogTemp: Repeting last play command: Selected Viewport
[2017.06.01-23.17.03:898][  8]LogBlueprintUserMessages: Early PlayInEditor Detection: Level '/Game/NewLevel1.NewLevel1:PersistentLevel' has LevelScriptBlueprint '/Game/NewLevel1.NewLevel1:PersistentLevel.NewLevel1' with GeneratedClass '/Game/NewLevel1.NewLevel1_C' with ClassGeneratedBy '/Game/NewLevel1.NewLevel1:PersistentLevel.NewLevel1'
[2017.06.01-23.17.03:898][  8]LogPlayLevel: PlayLevel: No blueprints needed recompiling
[2017.06.01-23.17.03:900][  8]PIE: New page: PIE session: NewLevel1 (2 Jun 2017 6:17:03 pm)
[2017.06.01-23.17.03:900][  8]LogPlayLevel: Creating play world package: /Game/UEDPIE_0_NewLevel1
[2017.06.01-23.17.04:022][  8]LogPlayLevel: PIE: StaticDuplicateObject took: (0.119873s)
[2017.06.01-23.17.04:023][  8]LogAIModule: Creating AISystem for world NewLevel1
[2017.06.01-23.17.04:023][  8]LogPlayLevel: PIE: World Init took: (0.001395s)
[2017.06.01-23.17.04:024][  8]LogPlayLevel: PIE: Created PIE world by copying editor world from /Game/NewLevel1.NewLevel1 to /Game/UEDPIE_0_NewLevel1.NewLevel1 (0.122761s)
[2017.06.01-23.17.04:128][  8]LogInit: XAudio2 using 'Speakers/Headphones (Realtek High Definition Audio)' : 2 channels at 48 kHz using 32 bits per sample (channel mask 0x3)
[2017.06.01-23.17.04:154][  8]LogInit: FAudioDevice initialized.
[2017.06.01-23.17.04:235][  8]LogLoad: Game class is 'MyGame_C'
[2017.06.01-23.17.04:282][  8]LogWorld: Bringing World /Game/UEDPIE_0_NewLevel1.NewLevel1 up for play (max tick rate 60) at 2017.06.02-08.47.04
[2017.06.01-23.17.04:290][  8]LogWorld: Bringing up level for play took: 0.052967
[2017.06.01-23.17.04:298][  8]LogSpawn:Warning: SpawnActor failed because no class was specified
[2017.06.01-23.17.04:388][  8]LogContentBrowser: Native class hierarchy updated for 'MovieSceneCapture' in 0.0014 seconds. Added 11 classes and 0 folders.
[2017.06.01-23.17.04:400][  8]PIE: Info Play in editor start time for /Game/UEDPIE_0_NewLevel1 0.542
[2017.06.01-23.17.04:400][  8]LogBlueprintUserMessages: Late PlayInEditor Detection: Level '/Game/NewLevel1.NewLevel1:PersistentLevel' has LevelScriptBlueprint '/Game/NewLevel1.NewLevel1:PersistentLevel.NewLevel1' with GeneratedClass '/Game/NewLevel1.NewLevel1_C' with ClassGeneratedBy '/Game/NewLevel1.NewLevel1:PersistentLevel.NewLevel1'
[2017.06.01-23.17.06:189][ 63]LogBlueprintUserMessages: Early EndPlayMap Detection: Level '/Game/NewLevel1.NewLevel1:PersistentLevel' has LevelScriptBlueprint '/Game/NewLevel1.NewLevel1:PersistentLevel.NewLevel1' with GeneratedClass '/Game/NewLevel1.NewLevel1_C' with ClassGeneratedBy '/Game/NewLevel1.NewLevel1:PersistentLevel.NewLevel1'
[2017.06.01-23.17.07:497][ 63]LogBlueprintUserMessages: Late EndPlayMap Detection: Level '/Game/NewLevel1.NewLevel1:PersistentLevel' has LevelScriptBlueprint '/Game/NewLevel1.NewLevel1:PersistentLevel.NewLevel1' with GeneratedClass '/Game/NewLevel1.NewLevel1_C' with ClassGeneratedBy '/Game/NewLevel1.NewLevel1:PersistentLevel.NewLevel1'
[2017.06.01-23.17.12:945][139]LogContentBrowser: Native class hierarchy updated for 'BlueprintGraph' in 0.0026 seconds. Added 111 classes and 0 folders.
[2017.06.01-23.17.16:002][139]LogLinker:Warning: Can't resolve asset name
[2017.06.01-23.17.29:438][742]BlueprintLog: New page: Compile MyCharacter
[2017.06.01-23.17.41:174][955]LogAIModule: Creating AISystem for world MAinMEnu
[2017.06.01-23.17.43:221][955]Cmd: OBJ SAVEPACKAGE PACKAGE="/Game/Characters/MyCharacter" FILE="../../../../../../Users/goutham.balaji/Documents/Unreal Projects/ProjectActual/Content/Characters/MyCharacter.uasset" SILENT=true
[2017.06.01-23.17.43:485][955]LogSavePackage: Save=170.27ms
[2017.06.01-23.17.43:485][955]LogSavePackage: Moving '../../../../../../Users/goutham.balaji/Documents/Unreal Projects/ProjectActual/Saved/MyCharacter2B46994E4F0FDE427AEDE6B5109D73F7.tmp' to '../../../../../../Users/goutham.balaji/Documents/Unreal Projects/ProjectActual/Content/Characters/MyCharacter.uasset'
[2017.06.01-23.17.43:491][955]LogSavePackage:Display: Finished SavePackage ../../../../../../Users/goutham.balaji/Documents/Unreal Projects/ProjectActual/Content/Characters/MyCharacter.uasset
[2017.06.01-23.17.43:635][955]Cmd: OBJ SAVEPACKAGE PACKAGE="/Game/NewLevel1" FILE="../../../../../../Users/goutham.balaji/Documents/Unreal Projects/ProjectActual/Content/NewLevel1.umap" SILENT=true AUTOSAVING=false KEEPDIRTY=false
[2017.06.01-23.17.45:202][955]LogSavePackage: Save=1401.52ms
[2017.06.01-23.17.45:202][955]LogSavePackage: Moving '../../../../../../Users/goutham.balaji/Documents/Unreal Projects/ProjectActual/Saved/NewLevel19822F42E4CAE9BA5031A2F9840EF4F26.tmp' to '../../../../../../Users/goutham.balaji/Documents/Unreal Projects/ProjectActual/Content/NewLevel1.umap'
[2017.06.01-23.17.45:208][955]LogSavePackage:Display: Finished SavePackage ../../../../../../Users/goutham.balaji/Documents/Unreal Projects/ProjectActual/Content/NewLevel1.umap
[2017.06.01-23.17.45:353][955]LogFileHelpers: Saving map 'NewLevel1' took 1.856
[2017.06.01-23.17.45:355][955]Cmd: MAP LOAD FILE="../../../../../../Users/goutham.balaji/Documents/Unreal Projects/ProjectActual/Content/MAinMEnu.umap" TEMPLATE=0 SHOWPROGRESS=1 FEATURELEVEL=3
[2017.06.01-23.17.45:355][955]LightingResults: New page: Lighting Build
[2017.06.01-23.17.45:356][955]LoadErrors: New page: Loading map: MAinMEnu.umap
[2017.06.01-23.17.45:380][955]MapCheck: New page: Map Check
[2017.06.01-23.17.45:380][955]LightingResults: New page: Lighting Build
[2017.06.01-23.17.45:607][955]LogEditorServer: Finished looking for orphan Actors (0.000 secs)
[2017.06.01-23.17.45:742][955]Cmd: MAP CHECKDEP NOCLEARLOG
[2017.06.01-23.17.45:855][955]MapCheck: Info Map check complete: 0 Error(s), 0 Warning(s), took 112.305ms to complete.
[2017.06.01-23.17.45:855][955]LogFileHelpers: Loading map 'MAinMEnu' took 0.500
[2017.06.01-23.17.49:149][ 67]LogTemp: Repeting last play command: Selected Viewport
[2017.06.01-23.17.49:222][ 67]LogBlueprintUserMessages: Early PlayInEditor Detection: Level '/Game/MAinMEnu.MAinMEnu:PersistentLevel' has LevelScriptBlueprint '/Game/MAinMEnu.MAinMEnu:PersistentLevel.MAinMEnu' with GeneratedClass '/Game/MAinMEnu.MAinMEnu_C' with ClassGeneratedBy '/Game/MAinMEnu.MAinMEnu:PersistentLevel.MAinMEnu'
[2017.06.01-23.17.49:222][ 67]LogPlayLevel: PlayLevel: No blueprints needed recompiling
[2017.06.01-23.17.49:223][ 67]PIE: New page: PIE session: MAinMEnu (2 Jun 2017 6:17:49 pm)
[2017.06.01-23.17.49:223][ 67]LogPlayLevel: Creating play world package: /Game/UEDPIE_0_MAinMEnu
[2017.06.01-23.17.49:224][ 67]LogPlayLevel: PIE: StaticDuplicateObject took: (0.001421s)
[2017.06.01-23.17.49:225][ 67]LogAIModule: Creating AISystem for world MAinMEnu
[2017.06.01-23.17.49:225][ 67]LogPlayLevel: PIE: World Init took: (0.001097s)
[2017.06.01-23.17.49:226][ 67]LogPlayLevel: PIE: Created PIE world by copying editor world from /Game/MAinMEnu.MAinMEnu to /Game/UEDPIE_0_MAinMEnu.MAinMEnu (0.002873s)
[2017.06.01-23.17.49:297][ 67]LogInit: XAudio2 using 'Speakers/Headphones (Realtek High Definition Audio)' : 2 channels at 48 kHz using 32 bits per sample (channel mask 0x3)
[2017.06.01-23.17.49:316][ 67]LogInit: FAudioDevice initialized.
[2017.06.01-23.17.49:351][ 67]LogLoad: Game class is 'GameModeBase'
[2017.06.01-23.17.49:353][ 67]LogWorld: Bringing World /Game/UEDPIE_0_MAinMEnu.MAinMEnu up for play (max tick rate 60) at 2017.06.02-08.47.49
[2017.06.01-23.17.49:353][ 67]LogWorld: Bringing up level for play took: 0.001305
[2017.06.01-23.17.49:357][ 67]PIE: Info Play in editor start time for /Game/UEDPIE_0_MAinMEnu -0.651
[2017.06.01-23.17.49:357][ 67]LogBlueprintUserMessages: Late PlayInEditor Detection: Level '/Game/MAinMEnu.MAinMEnu:PersistentLevel' has LevelScriptBlueprint '/Game/MAinMEnu.MAinMEnu:PersistentLevel.MAinMEnu' with GeneratedClass '/Game/MAinMEnu.MAinMEnu_C' with ClassGeneratedBy '/Game/MAinMEnu.MAinMEnu:PersistentLevel.MAinMEnu'
[2017.06.01-23.17.52:441][223]LogBlueprintUserMessages: Early EndPlayMap Detection: Level '/Game/MAinMEnu.MAinMEnu:PersistentLevel' has LevelScriptBlueprint '/Game/MAinMEnu.MAinMEnu:PersistentLevel.MAinMEnu' with GeneratedClass '/Game/MAinMEnu.MAinMEnu_C' with ClassGeneratedBy '/Game/MAinMEnu.MAinMEnu:PersistentLevel.MAinMEnu'
[2017.06.01-23.17.52:528][223]LogBlueprintUserMessages: Late EndPlayMap Detection: Level '/Game/MAinMEnu.MAinMEnu:PersistentLevel' has LevelScriptBlueprint '/Game/MAinMEnu.MAinMEnu:PersistentLevel.MAinMEnu' with GeneratedClass '/Game/MAinMEnu.MAinMEnu_C' with ClassGeneratedBy '/Game/MAinMEnu.MAinMEnu:PersistentLevel.MAinMEnu'
[2017.06.01-23.17.53:989][280]LogTemp: Repeting last play command: Selected Viewport
[2017.06.01-23.17.54:065][280]LogBlueprintUserMessages: Early PlayInEditor Detection: Level '/Game/MAinMEnu.MAinMEnu:PersistentLevel' has LevelScriptBlueprint '/Game/MAinMEnu.MAinMEnu:PersistentLevel.MAinMEnu' with GeneratedClass '/Game/MAinMEnu.MAinMEnu_C' with ClassGeneratedBy '/Game/MAinMEnu.MAinMEnu:PersistentLevel.MAinMEnu'
[2017.06.01-23.17.54:065][280]LogPlayLevel: PlayLevel: No blueprints needed recompiling
[2017.06.01-23.17.54:065][280]PIE: New page: PIE session: MAinMEnu (2 Jun 2017 6:17:54 pm)
[2017.06.01-23.17.54:066][280]LogPlayLevel: Creating play world package: /Game/UEDPIE_0_MAinMEnu
[2017.06.01-23.17.54:068][280]LogPlayLevel: PIE: StaticDuplicateObject took: (0.002472s)
[2017.06.01-23.17.54:069][280]LogAIModule: Creating AISystem for world MAinMEnu
[2017.06.01-23.17.54:069][280]LogPlayLevel: PIE: World Init took: (0.001217s)
[2017.06.01-23.17.54:070][280]LogPlayLevel: PIE: Created PIE world by copying editor world from /Game/MAinMEnu.MAinMEnu to /Game/UEDPIE_0_MAinMEnu.MAinMEnu (0.004115s)
[2017.06.01-23.17.54:160][280]LogInit: XAudio2 using 'Speakers/Headphones (Realtek High Definition Audio)' : 2 channels at 48 kHz using 32 bits per sample (channel mask 0x3)
[2017.06.01-23.17.54:181][280]LogInit: FAudioDevice initialized.
[2017.06.01-23.17.54:223][280]LogLoad: Game class is 'GameModeBase'
[2017.06.01-23.17.54:225][280]LogWorld: Bringing World /Game/UEDPIE_0_MAinMEnu.MAinMEnu up for play (max tick rate 60) at 2017.06.02-08.47.54
[2017.06.01-23.17.54:226][280]LogWorld: Bringing up level for play took: 0.002072
[2017.06.01-23.17.54:229][280]PIE: Info Play in editor start time for /Game/UEDPIE_0_MAinMEnu 0.205
[2017.06.01-23.17.54:229][280]LogBlueprintUserMessages: Late PlayInEditor Detection: Level '/Game/MAinMEnu.MAinMEnu:PersistentLevel' has LevelScriptBlueprint '/Game/MAinMEnu.MAinMEnu:PersistentLevel.MAinMEnu' with GeneratedClass '/Game/MAinMEnu.MAinMEnu_C' with ClassGeneratedBy '/Game/MAinMEnu.MAinMEnu:PersistentLevel.MAinMEnu'
[2017.06.01-23.17.55:274][332]LogNet: Browse: /Game/NewLevel1
[2017.06.01-23.17.55:275][332]LogLoad: LoadMap: /Game/NewLevel1
[2017.06.01-23.17.55:356][332]Cmd: MEM
[2017.06.01-23.17.55:430][332]LogMemory: Platform Memory Stats for Windows
[2017.06.01-23.17.55:430][332]LogMemory: Process Physical Memory: 1194.09 MB used, 1214.89 MB peak
[2017.06.01-23.17.55:430][332]LogMemory: Process Virtual Memory: 1223.68 MB used, 1245.68 MB peak
[2017.06.01-23.17.55:430][332]LogMemory: Physical Memory: 4420.31 MB used,  3652.80 MB free, 8073.11 MB total
[2017.06.01-23.17.55:430][332]LogMemory: Virtual Memory: 2034.43 MB used,  3652.80 MB free, 134217728.00 MB total
[2017.06.01-23.17.55:430][332]LogMemory: 
[2017.06.01-23.17.55:430][332]Allocator Stats for TBB: (not implemented)
[2017.06.01-23.17.56:900][332]LogAIModule: Creating AISystem for world NewLevel1
[2017.06.01-23.17.56:901][332]LogLoad: Game class is 'MyGame_C'
[2017.06.01-23.17.57:040][332]LogWorld: Bringing World /Game/UEDPIE_0_NewLevel1.NewLevel1 up for play (max tick rate 60) at 2017.06.02-08.47.57
[2017.06.01-23.17.57:043][332]LogWorld: Bringing up level for play took: 0.141447
[2017.06.01-23.17.57:044][332]LogSpawn:Warning: SpawnActor failed because no class was specified
[2017.06.01-23.17.57:049][332]LogLoad: Took 1.768220 seconds to LoadMap(/Game/NewLevel1)
[2017.06.01-23.18.05:720][675]LogBlueprintUserMessages: [Monster1_147] 190
[2017.06.01-23.18.06:793][723]LogBlueprintUserMessages: [Monster1_147] 180
[2017.06.01-23.18.08:130][784]LogBlueprintUserMessages: [Monster1_147] 170
[2017.06.01-23.18.09:199][833]LogBlueprintUserMessages: Early EndPlayMap Detection: Level '/Game/MAinMEnu.MAinMEnu:PersistentLevel' has LevelScriptBlueprint '/Game/MAinMEnu.MAinMEnu:PersistentLevel.MAinMEnu' with GeneratedClass '/Game/MAinMEnu.MAinMEnu_C' with ClassGeneratedBy '/Game/MAinMEnu.MAinMEnu:PersistentLevel.MAinMEnu'
[2017.06.01-23.18.09:252][833]LogBlueprintUserMessages: Late EndPlayMap Detection: Level '/Game/MAinMEnu.MAinMEnu:PersistentLevel' has LevelScriptBlueprint '/Game/MAinMEnu.MAinMEnu:PersistentLevel.MAinMEnu' with GeneratedClass '/Game/MAinMEnu.MAinMEnu_C' with ClassGeneratedBy '/Game/MAinMEnu.MAinMEnu:PersistentLevel.MAinMEnu'
[2017.06.01-23.18.11:657][926]Cmd: SELECT NONE
[2017.06.01-23.18.18:190][145]LogAIModule: Creating AISystem for world Levels_Selection
[2017.06.01-23.18.18:261][145]Cmd: MAP LOAD FILE="../../../../../../Users/goutham.balaji/Documents/Unreal Projects/ProjectActual/Content/Levels_Selection.umap" TEMPLATE=0 SHOWPROGRESS=1 FEATURELEVEL=3
[2017.06.01-23.18.18:261][145]LightingResults: New page: Lighting Build
[2017.06.01-23.18.18:262][145]LoadErrors: New page: Loading map: Levels_Selection.umap
[2017.06.01-23.18.18:262][145]MapCheck: New page: Map Check
[2017.06.01-23.18.18:262][145]LightingResults: New page: Lighting Build
[2017.06.01-23.18.18:477][145]LogEditorServer: Finished looking for orphan Actors (0.000 secs)
[2017.06.01-23.18.18:606][145]Cmd: MAP CHECKDEP NOCLEARLOG
[2017.06.01-23.18.18:729][145]MapCheck: Info Map check complete: 0 Error(s), 0 Warning(s), took 122.427ms to complete.
[2017.06.01-23.18.18:730][145]LogFileHelpers: Loading map 'Levels_Selection' took 0.469
[2017.06.01-23.18.22:162][255]LogTemp: Repeting last play command: Selected Viewport
[2017.06.01-23.18.22:238][255]LogBlueprintUserMessages: Early PlayInEditor Detection: Level '/Game/Levels_Selection.Levels_Selection:PersistentLevel' has LevelScriptBlueprint '/Game/Levels_Selection.Levels_Selection:PersistentLevel.Levels_Selection' with GeneratedClass '/Game/Levels_Selection.Levels_Selection_C' with ClassGeneratedBy '/Game/Levels_Selection.Levels_Selection:PersistentLevel.Levels_Selection'
[2017.06.01-23.18.22:238][255]LogPlayLevel: PlayLevel: No blueprints needed recompiling
[2017.06.01-23.18.22:238][255]PIE: New page: PIE session: Levels_Selection (2 Jun 2017 6:18:22 pm)
[2017.06.01-23.18.22:238][255]LogPlayLevel: Creating play world package: /Game/UEDPIE_0_Levels_Selection
[2017.06.01-23.18.22:240][255]LogPlayLevel: PIE: StaticDuplicateObject took: (0.001824s)
[2017.06.01-23.18.22:241][255]LogAIModule: Creating AISystem for world Levels_Selection
[2017.06.01-23.18.22:241][255]LogPlayLevel: PIE: World Init took: (0.000828s)
[2017.06.01-23.18.22:241][255]LogPlayLevel: PIE: Created PIE world by copying editor world from /Game/Levels_Selection.Levels_Selection to /Game/UEDPIE_0_Levels_Selection.Levels_Selection (0.002997s)
[2017.06.01-23.18.22:313][255]LogInit: XAudio2 using 'Speakers/Headphones (Realtek High Definition Audio)' : 2 channels at 48 kHz using 32 bits per sample (channel mask 0x3)
[2017.06.01-23.18.22:331][255]LogInit: FAudioDevice initialized.
[2017.06.01-23.18.22:370][255]LogLoad: Game class is 'GameModeBase'
[2017.06.01-23.18.22:372][255]LogWorld: Bringing World /Game/UEDPIE_0_Levels_Selection.Levels_Selection up for play (max tick rate 60) at 2017.06.02-08.48.22
[2017.06.01-23.18.22:372][255]LogWorld: Bringing up level for play took: 0.001696
[2017.06.01-23.18.22:375][255]PIE: Info Play in editor start time for /Game/UEDPIE_0_Levels_Selection 0.256
[2017.06.01-23.18.22:375][255]LogBlueprintUserMessages: Late PlayInEditor Detection: Level '/Game/Levels_Selection.Levels_Selection:PersistentLevel' has LevelScriptBlueprint '/Game/Levels_Selection.Levels_Selection:PersistentLevel.Levels_Selection' with GeneratedClass '/Game/Levels_Selection.Levels_Selection_C' with ClassGeneratedBy '/Game/Levels_Selection.Levels_Selection:PersistentLevel.Levels_Selection'
[2017.06.01-23.18.23:417][304]LogNet: Browse: /Game/NewLevel1
[2017.06.01-23.18.23:418][304]LogLoad: LoadMap: /Game/NewLevel1
[2017.06.01-23.18.23:516][304]Cmd: MEM
[2017.06.01-23.18.23:586][304]LogMemory: Platform Memory Stats for Windows
[2017.06.01-23.18.23:586][304]LogMemory: Process Physical Memory: 1353.07 MB used, 1369.79 MB peak
[2017.06.01-23.18.23:586][304]LogMemory: Process Virtual Memory: 1388.23 MB used, 1390.78 MB peak
[2017.06.01-23.18.23:586][304]LogMemory: Physical Memory: 4534.64 MB used,  3538.46 MB free, 8073.11 MB total
[2017.06.01-23.18.23:586][304]LogMemory: Virtual Memory: 2194.68 MB used,  3538.46 MB free, 134217728.00 MB total
[2017.06.01-23.18.23:586][304]LogMemory: 
[2017.06.01-23.18.23:586][304]Allocator Stats for TBB: (not implemented)
[2017.06.01-23.18.24:269][304]LogAIModule: Creating AISystem for world NewLevel1
[2017.06.01-23.18.24:269][304]LogLoad: Game class is 'MyGame_C'
[2017.06.01-23.18.24:402][304]LogWorld: Bringing World /Game/UEDPIE_0_NewLevel1.NewLevel1 up for play (max tick rate 60) at 2017.06.02-08.48.24
[2017.06.01-23.18.24:405][304]LogWorld: Bringing up level for play took: 0.133480
[2017.06.01-23.18.24:406][304]LogSpawn:Warning: SpawnActor failed because no class was specified
[2017.06.01-23.18.24:411][304]LogLoad: Took 0.990509 seconds to LoadMap(/Game/NewLevel1)
[2017.06.01-23.18.25:818][347]LogBlueprintUserMessages: Early EndPlayMap Detection: Level '/Game/Levels_Selection.Levels_Selection:PersistentLevel' has LevelScriptBlueprint '/Game/Levels_Selection.Levels_Selection:PersistentLevel.Levels_Selection' with GeneratedClass '/Game/Levels_Selection.Levels_Selection_C' with ClassGeneratedBy '/Game/Levels_Selection.Levels_Selection:PersistentLevel.Levels_Selection'
[2017.06.01-23.18.25:879][347]LogBlueprintUserMessages: Late EndPlayMap Detection: Level '/Game/Levels_Selection.Levels_Selection:PersistentLevel' has LevelScriptBlueprint '/Game/Levels_Selection.Levels_Selection:PersistentLevel.Levels_Selection' with GeneratedClass '/Game/Levels_Selection.Levels_Selection_C' with ClassGeneratedBy '/Game/Levels_Selection.Levels_Selection:PersistentLevel.Levels_Selection'
[2017.06.01-23.18.44:021][898]LogAIModule: Creating AISystem for world MAinMEnu
[2017.06.01-23.18.44:091][898]Cmd: MAP LOAD FILE="../../../../../../Users/goutham.balaji/Documents/Unreal Projects/ProjectActual/Content/MAinMEnu.umap" TEMPLATE=0 SHOWPROGRESS=1 FEATURELEVEL=3
[2017.06.01-23.18.44:091][898]LightingResults: New page: Lighting Build
[2017.06.01-23.18.44:092][898]LoadErrors: New page: Loading map: MAinMEnu.umap
[2017.06.01-23.18.44:093][898]MapCheck: New page: Map Check
[2017.06.01-23.18.44:093][898]LightingResults: New page: Lighting Build
[2017.06.01-23.18.44:350][898]LogEditorServer: Finished looking for orphan Actors (0.000 secs)
[2017.06.01-23.18.44:491][898]Cmd: MAP CHECKDEP NOCLEARLOG
[2017.06.01-23.18.44:616][898]MapCheck: Info Map check complete: 0 Error(s), 0 Warning(s), took 125.112ms to complete.
[2017.06.01-23.18.44:618][898]LogFileHelpers: Loading map 'MAinMEnu' took 0.526
[2017.06.01-23.19.12:266][680]BlueprintLog: New page: Compile MAinMEnu
[2017.06.01-23.20.06:618][441]BlueprintLog: New page: Compile Levels
[2017.06.01-23.20.10:378][590]LogTemp: Repeting last play command: Selected Viewport
[2017.06.01-23.20.10:487][590]LogBlueprintUserMessages: Early PlayInEditor Detection: Level '/Game/MAinMEnu.MAinMEnu:PersistentLevel' has LevelScriptBlueprint '/Game/MAinMEnu.MAinMEnu:PersistentLevel.MAinMEnu' with GeneratedClass '/Game/MAinMEnu.MAinMEnu_C' with ClassGeneratedBy '/Game/MAinMEnu.MAinMEnu:PersistentLevel.MAinMEnu'
[2017.06.01-23.20.10:487][590]LogPlayLevel: PlayLevel: No blueprints needed recompiling
[2017.06.01-23.20.10:487][590]PIE: New page: PIE session: MAinMEnu (2 Jun 2017 6:20:10 pm)
[2017.06.01-23.20.10:487][590]LogPlayLevel: Creating play world package: /Game/UEDPIE_0_MAinMEnu
[2017.06.01-23.20.10:490][590]LogPlayLevel: PIE: StaticDuplicateObject took: (0.002717s)
[2017.06.01-23.20.10:491][590]LogAIModule: Creating AISystem for world MAinMEnu
[2017.06.01-23.20.10:491][590]LogPlayLevel: PIE: World Init took: (0.000916s)
[2017.06.01-23.20.10:491][590]LogPlayLevel: PIE: Created PIE world by copying editor world from /Game/MAinMEnu.MAinMEnu to /Game/UEDPIE_0_MAinMEnu.MAinMEnu (0.004043s)
[2017.06.01-23.20.10:576][590]LogInit: XAudio2 using 'Speakers/Headphones (Realtek High Definition Audio)' : 2 channels at 48 kHz using 32 bits per sample (channel mask 0x3)
[2017.06.01-23.20.10:596][590]LogInit: FAudioDevice initialized.
[2017.06.01-23.20.10:671][590]LogLoad: Game class is 'GameModeBase'
[2017.06.01-23.20.10:673][590]LogWorld: Bringing World /Game/UEDPIE_0_MAinMEnu.MAinMEnu up for play (max tick rate 60) at 2017.06.02-08.50.10
[2017.06.01-23.20.10:673][590]LogWorld: Bringing up level for play took: 0.001547
[2017.06.01-23.20.10:676][590]PIE: Info Play in editor start time for /Game/UEDPIE_0_MAinMEnu 0.199
[2017.06.01-23.20.10:677][590]LogBlueprintUserMessages: Late PlayInEditor Detection: Level '/Game/MAinMEnu.MAinMEnu:PersistentLevel' has LevelScriptBlueprint '/Game/MAinMEnu.MAinMEnu:PersistentLevel.MAinMEnu' with GeneratedClass '/Game/MAinMEnu.MAinMEnu_C' with ClassGeneratedBy '/Game/MAinMEnu.MAinMEnu:PersistentLevel.MAinMEnu'
[2017.06.01-23.20.12:125][660]LogNet: Browse: /Game/Levels_Selection
[2017.06.01-23.20.12:127][660]LogLoad: LoadMap: /Game/Levels_Selection
[2017.06.01-23.20.12:212][660]Cmd: MEM
[2017.06.01-23.20.12:308][660]LogMemory: Platform Memory Stats for Windows
[2017.06.01-23.20.12:308][660]LogMemory: Process Physical Memory: 1454.61 MB used, 1470.10 MB peak
[2017.06.01-23.20.12:308][660]LogMemory: Process Virtual Memory: 1485.13 MB used, 1485.89 MB peak
[2017.06.01-23.20.12:308][660]LogMemory: Physical Memory: 4546.60 MB used,  3526.51 MB free, 8073.11 MB total
[2017.06.01-23.20.12:308][660]LogMemory: Virtual Memory: 2281.94 MB used,  3526.51 MB free, 134217728.00 MB total
[2017.06.01-23.20.12:308][660]LogMemory: 
[2017.06.01-23.20.12:308][660]Allocator Stats for TBB: (not implemented)
[2017.06.01-23.20.12:342][660]LogAIModule: Creating AISystem for world Levels_Selection
[2017.06.01-23.20.12:342][660]LogLoad: Game class is 'GameModeBase'
[2017.06.01-23.20.12:344][660]LogWorld: Bringing World /Game/UEDPIE_0_Levels_Selection.Levels_Selection up for play (max tick rate 60) at 2017.06.02-08.50.12
[2017.06.01-23.20.12:344][660]LogWorld: Bringing up level for play took: 0.001554
[2017.06.01-23.20.12:345][660]LogGameMode: Warning - PATHS NOT DEFINED or NO PLAYERSTART with positive rating
[2017.06.01-23.20.12:347][660]LogLoad: Took 0.219866 seconds to LoadMap(/Game/Levels_Selection)
[2017.06.01-23.20.13:287][704]LogNet: Browse: /Game/NewLevel2
[2017.06.01-23.20.13:288][704]LogLoad: LoadMap: /Game/NewLevel2
[2017.06.01-23.20.13:390][704]Cmd: MEM
[2017.06.01-23.20.13:460][704]LogMemory: Platform Memory Stats for Windows
[2017.06.01-23.20.13:460][704]LogMemory: Process Physical Memory: 1455.61 MB used, 1471.63 MB peak
[2017.06.01-23.20.13:460][704]LogMemory: Process Virtual Memory: 1485.13 MB used, 1485.89 MB peak
[2017.06.01-23.20.13:460][704]LogMemory: Physical Memory: 4547.66 MB used,  3525.45 MB free, 8073.11 MB total
[2017.06.01-23.20.13:460][704]LogMemory: Virtual Memory: 2281.94 MB used,  3525.45 MB free, 134217728.00 MB total
[2017.06.01-23.20.13:460][704]LogMemory: 
[2017.06.01-23.20.13:460][704]Allocator Stats for TBB: (not implemented)
[2017.06.01-23.20.14:161][704]LogAIModule: Creating AISystem for world NewLevel2
[2017.06.01-23.20.14:162][704]LogLoad: Game class is 'MyGame_C'
[2017.06.01-23.20.14:850][704]LogWorld: Bringing World /Game/UEDPIE_0_NewLevel2.NewLevel2 up for play (max tick rate 60) at 2017.06.02-08.50.14
[2017.06.01-23.20.14:852][704]LogWorld: Bringing up level for play took: 0.686963
[2017.06.01-23.20.14:853][704]LogSpawn:Warning: SpawnActor failed because no class was specified
[2017.06.01-23.20.14:858][704]LogLoad: Took 1.565675 seconds to LoadMap(/Game/NewLevel2)
[2017.06.01-23.20.23:878][ 78]LogBlueprintUserMessages: Early EndPlayMap Detection: Level '/Game/MAinMEnu.MAinMEnu:PersistentLevel' has LevelScriptBlueprint '/Game/MAinMEnu.MAinMEnu:PersistentLevel.MAinMEnu' with GeneratedClass '/Game/MAinMEnu.MAinMEnu_C' with ClassGeneratedBy '/Game/MAinMEnu.MAinMEnu:PersistentLevel.MAinMEnu'
[2017.06.01-23.20.23:935][ 78]LogBlueprintUserMessages: Late EndPlayMap Detection: Level '/Game/MAinMEnu.MAinMEnu:PersistentLevel' has LevelScriptBlueprint '/Game/MAinMEnu.MAinMEnu:PersistentLevel.MAinMEnu' with GeneratedClass '/Game/MAinMEnu.MAinMEnu_C' with ClassGeneratedBy '/Game/MAinMEnu.MAinMEnu:PersistentLevel.MAinMEnu'
[2017.06.01-23.20.27:705][190]LogTemp: Repeting last play command: Selected Viewport
[2017.06.01-23.20.27:795][190]LogBlueprintUserMessages: Early PlayInEditor Detection: Level '/Game/MAinMEnu.MAinMEnu:PersistentLevel' has LevelScriptBlueprint '/Game/MAinMEnu.MAinMEnu:PersistentLevel.MAinMEnu' with GeneratedClass '/Game/MAinMEnu.MAinMEnu_C' with ClassGeneratedBy '/Game/MAinMEnu.MAinMEnu:PersistentLevel.MAinMEnu'
[2017.06.01-23.20.27:795][190]LogPlayLevel: PlayLevel: No blueprints needed recompiling
[2017.06.01-23.20.27:795][190]PIE: New page: PIE session: MAinMEnu (2 Jun 2017 6:20:27 pm)
[2017.06.01-23.20.27:795][190]LogPlayLevel: Creating play world package: /Game/UEDPIE_0_MAinMEnu
[2017.06.01-23.20.27:798][190]LogPlayLevel: PIE: StaticDuplicateObject took: (0.002180s)
[2017.06.01-23.20.27:798][190]LogAIModule: Creating AISystem for world MAinMEnu
[2017.06.01-23.20.27:799][190]LogPlayLevel: PIE: World Init took: (0.001015s)
[2017.06.01-23.20.27:799][190]LogPlayLevel: PIE: Created PIE world by copying editor world from /Game/MAinMEnu.MAinMEnu to /Game/UEDPIE_0_MAinMEnu.MAinMEnu (0.003618s)
[2017.06.01-23.20.27:902][190]LogInit: XAudio2 using 'Speakers/Headphones (Realtek High Definition Audio)' : 2 channels at 48 kHz using 32 bits per sample (channel mask 0x3)
[2017.06.01-23.20.27:923][190]LogInit: FAudioDevice initialized.
[2017.06.01-23.20.27:959][190]LogLoad: Game class is 'GameModeBase'
[2017.06.01-23.20.27:960][190]LogWorld: Bringing World /Game/UEDPIE_0_MAinMEnu.MAinMEnu up for play (max tick rate 60) at 2017.06.02-08.50.27
[2017.06.01-23.20.27:960][190]LogWorld: Bringing up level for play took: 0.001171
[2017.06.01-23.20.27:964][190]PIE: Info Play in editor start time for /Game/UEDPIE_0_MAinMEnu -0.546
[2017.06.01-23.20.27:964][190]LogBlueprintUserMessages: Late PlayInEditor Detection: Level '/Game/MAinMEnu.MAinMEnu:PersistentLevel' has LevelScriptBlueprint '/Game/MAinMEnu.MAinMEnu:PersistentLevel.MAinMEnu' with GeneratedClass '/Game/MAinMEnu.MAinMEnu_C' with ClassGeneratedBy '/Game/MAinMEnu.MAinMEnu:PersistentLevel.MAinMEnu'
[2017.06.01-23.20.29:125][247]LogNet: Browse: /Game/Levels_Selection
[2017.06.01-23.20.29:125][247]LogLoad: LoadMap: /Game/Levels_Selection
[2017.06.01-23.20.29:203][247]Cmd: MEM
[2017.06.01-23.20.29:276][247]LogMemory: Platform Memory Stats for Windows
[2017.06.01-23.20.29:276][247]LogMemory: Process Physical Memory: 1468.41 MB used, 1486.65 MB peak
[2017.06.01-23.20.29:276][247]LogMemory: Process Virtual Memory: 1505.54 MB used, 1525.77 MB peak
[2017.06.01-23.20.29:276][247]LogMemory: Physical Memory: 4564.40 MB used,  3508.70 MB free, 8073.11 MB total
[2017.06.01-23.20.29:276][247]LogMemory: Virtual Memory: 2299.57 MB used,  3508.70 MB free, 134217728.00 MB total
[2017.06.01-23.20.29:276][247]LogMemory: 
[2017.06.01-23.20.29:276][247]Allocator Stats for TBB: (not implemented)
[2017.06.01-23.20.29:307][247]LogAIModule: Creating AISystem for world Levels_Selection
[2017.06.01-23.20.29:307][247]LogLoad: Game class is 'GameModeBase'
[2017.06.01-23.20.29:309][247]LogWorld: Bringing World /Game/UEDPIE_0_Levels_Selection.Levels_Selection up for play (max tick rate 60) at 2017.06.02-08.50.29
[2017.06.01-23.20.29:309][247]LogWorld: Bringing up level for play took: 0.001257
[2017.06.01-23.20.29:310][247]LogGameMode: Warning - PATHS NOT DEFINED or NO PLAYERSTART with positive rating
[2017.06.01-23.20.29:312][247]LogLoad: Took 0.186060 seconds to LoadMap(/Game/Levels_Selection)
[2017.06.01-23.20.30:274][295]LogNet: Browse: /Game/NewLevel1
[2017.06.01-23.20.30:274][295]LogLoad: LoadMap: /Game/NewLevel1
[2017.06.01-23.20.30:360][295]Cmd: MEM
[2017.06.01-23.20.30:433][295]LogMemory: Platform Memory Stats for Windows
[2017.06.01-23.20.30:433][295]LogMemory: Process Physical Memory: 1468.39 MB used, 1486.65 MB peak
[2017.06.01-23.20.30:433][295]LogMemory: Process Virtual Memory: 1505.53 MB used, 1525.77 MB peak
[2017.06.01-23.20.30:433][295]LogMemory: Physical Memory: 4564.62 MB used,  3508.48 MB free, 8073.11 MB total
[2017.06.01-23.20.30:433][295]LogMemory: Virtual Memory: 2299.57 MB used,  3508.48 MB free, 134217728.00 MB total
[2017.06.01-23.20.30:433][295]LogMemory: 
[2017.06.01-23.20.30:433][295]Allocator Stats for TBB: (not implemented)
[2017.06.01-23.20.31:094][295]LogAIModule: Creating AISystem for world NewLevel1
[2017.06.01-23.20.31:095][295]LogLoad: Game class is 'MyGame_C'
[2017.06.01-23.20.31:231][295]LogWorld: Bringing World /Game/UEDPIE_0_NewLevel1.NewLevel1 up for play (max tick rate 60) at 2017.06.02-08.50.31
[2017.06.01-23.20.31:234][295]LogWorld: Bringing up level for play took: 0.138589
[2017.06.01-23.20.31:235][295]LogSpawn:Warning: SpawnActor failed because no class was specified
[2017.06.01-23.20.31:241][295]LogLoad: Took 0.965553 seconds to LoadMap(/Game/NewLevel1)
[2017.06.01-23.20.38:678][596]LogBlueprintUserMessages: [Monster1_147] 190
[2017.06.01-23.20.39:521][633]LogBlueprintUserMessages: [Monster1_147] 180
[2017.06.01-23.20.46:801][957]LogBlueprintUserMessages: [Monster1_147] 170
[2017.06.01-23.21.01:210][560]LogBlueprintUserMessages: Early EndPlayMap Detection: Level '/Game/MAinMEnu.MAinMEnu:PersistentLevel' has LevelScriptBlueprint '/Game/MAinMEnu.MAinMEnu:PersistentLevel.MAinMEnu' with GeneratedClass '/Game/MAinMEnu.MAinMEnu_C' with ClassGeneratedBy '/Game/MAinMEnu.MAinMEnu:PersistentLevel.MAinMEnu'
[2017.06.01-23.21.01:261][560]LogBlueprintUserMessages: Late EndPlayMap Detection: Level '/Game/MAinMEnu.MAinMEnu:PersistentLevel' has LevelScriptBlueprint '/Game/MAinMEnu.MAinMEnu:PersistentLevel.MAinMEnu' with GeneratedClass '/Game/MAinMEnu.MAinMEnu_C' with ClassGeneratedBy '/Game/MAinMEnu.MAinMEnu:PersistentLevel.MAinMEnu'
[2017.06.01-23.21.14:116][205]BlueprintLog: New page: Compile MyCharacter
[2017.06.01-23.21.42:395][667]LogTemp: Repeting last play command: Selected Viewport
[2017.06.01-23.21.42:496][667]LogBlueprintUserMessages: Early PlayInEditor Detection: Level '/Game/MAinMEnu.MAinMEnu:PersistentLevel' has LevelScriptBlueprint '/Game/MAinMEnu.MAinMEnu:PersistentLevel.MAinMEnu' with GeneratedClass '/Game/MAinMEnu.MAinMEnu_C' with ClassGeneratedBy '/Game/MAinMEnu.MAinMEnu:PersistentLevel.MAinMEnu'
[2017.06.01-23.21.42:496][667]LogPlayLevel: PlayLevel: No blueprints needed recompiling
[2017.06.01-23.21.42:496][667]PIE: New page: PIE session: MAinMEnu (2 Jun 2017 6:21:42 pm)
[2017.06.01-23.21.42:496][667]LogPlayLevel: Creating play world package: /Game/UEDPIE_0_MAinMEnu
[2017.06.01-23.21.42:499][667]LogPlayLevel: PIE: StaticDuplicateObject took: (0.002123s)
[2017.06.01-23.21.42:500][667]LogAIModule: Creating AISystem for world MAinMEnu
[2017.06.01-23.21.42:500][667]LogPlayLevel: PIE: World Init took: (0.001332s)
[2017.06.01-23.21.42:500][667]LogPlayLevel: PIE: Created PIE world by copying editor world from /Game/MAinMEnu.MAinMEnu to /Game/UEDPIE_0_MAinMEnu.MAinMEnu (0.003902s)
[2017.06.01-23.21.42:595][667]LogInit: XAudio2 using 'Speakers/Headphones (Realtek High Definition Audio)' : 2 channels at 48 kHz using 32 bits per sample (channel mask 0x3)
[2017.06.01-23.21.42:618][667]LogInit: FAudioDevice initialized.
[2017.06.01-23.21.42:679][667]LogLoad: Game class is 'GameModeBase'
[2017.06.01-23.21.42:681][667]LogWorld: Bringing World /Game/UEDPIE_0_MAinMEnu.MAinMEnu up for play (max tick rate 60) at 2017.06.02-08.51.42
[2017.06.01-23.21.42:682][667]LogWorld: Bringing up level for play took: 0.002126
[2017.06.01-23.21.42:686][667]PIE: Info Play in editor start time for /Game/UEDPIE_0_MAinMEnu 0.086
[2017.06.01-23.21.42:686][667]LogBlueprintUserMessages: Late PlayInEditor Detection: Level '/Game/MAinMEnu.MAinMEnu:PersistentLevel' has LevelScriptBlueprint '/Game/MAinMEnu.MAinMEnu:PersistentLevel.MAinMEnu' with GeneratedClass '/Game/MAinMEnu.MAinMEnu_C' with ClassGeneratedBy '/Game/MAinMEnu.MAinMEnu:PersistentLevel.MAinMEnu'
[2017.06.01-23.21.45:603][821]LogNet: Browse: /Game/Levels_Selection
[2017.06.01-23.21.45:604][821]LogLoad: LoadMap: /Game/Levels_Selection
[2017.06.01-23.21.45:687][821]Cmd: MEM
[2017.06.01-23.21.45:761][821]LogMemory: Platform Memory Stats for Windows
[2017.06.01-23.21.45:762][821]LogMemory: Process Physical Memory: 1456.87 MB used, 1486.65 MB peak
[2017.06.01-23.21.45:762][821]LogMemory: Process Virtual Memory: 1499.94 MB used, 1525.77 MB peak
[2017.06.01-23.21.45:762][821]LogMemory: Physical Memory: 4112.50 MB used,  3960.61 MB free, 8073.11 MB total
[2017.06.01-23.21.45:762][821]LogMemory: Virtual Memory: 2302.71 MB used,  3960.61 MB free, 134217728.00 MB total
[2017.06.01-23.21.45:762][821]LogMemory: 
[2017.06.01-23.21.45:762][821]Allocator Stats for TBB: (not implemented)
[2017.06.01-23.21.45:791][821]LogAIModule: Creating AISystem for world Levels_Selection
[2017.06.01-23.21.45:792][821]LogLoad: Game class is 'GameModeBase'
[2017.06.01-23.21.45:794][821]LogWorld: Bringing World /Game/UEDPIE_0_Levels_Selection.Levels_Selection up for play (max tick rate 60) at 2017.06.02-08.51.45
[2017.06.01-23.21.45:794][821]LogWorld: Bringing up level for play took: 0.002110
[2017.06.01-23.21.45:795][821]LogGameMode: Warning - PATHS NOT DEFINED or NO PLAYERSTART with positive rating
[2017.06.01-23.21.45:798][821]LogLoad: Took 0.193223 seconds to LoadMap(/Game/Levels_Selection)
[2017.06.01-23.21.48:102][945]LogNet: Browse: /Game/NewLevel1
[2017.06.01-23.21.48:102][945]LogLoad: LoadMap: /Game/NewLevel1
[2017.06.01-23.21.48:176][945]Cmd: MEM
[2017.06.01-23.21.48:250][945]LogMemory: Platform Memory Stats for Windows
[2017.06.01-23.21.48:250][945]LogMemory: Process Physical Memory: 1459.82 MB used, 1486.65 MB peak
[2017.06.01-23.21.48:250][945]LogMemory: Process Virtual Memory: 1505.88 MB used, 1525.77 MB peak
[2017.06.01-23.21.48:250][945]LogMemory: Physical Memory: 4116.66 MB used,  3956.45 MB free, 8073.11 MB total
[2017.06.01-23.21.48:251][945]LogMemory: Virtual Memory: 2309.21 MB used,  3956.45 MB free, 134217728.00 MB total
[2017.06.01-23.21.48:251][945]LogMemory: 
[2017.06.01-23.21.48:251][945]Allocator Stats for TBB: (not implemented)
[2017.06.01-23.21.48:873][945]LogAIModule: Creating AISystem for world NewLevel1
[2017.06.01-23.21.48:873][945]LogLoad: Game class is 'MyGame_C'
[2017.06.01-23.21.48:995][945]LogWorld: Bringing World /Game/UEDPIE_0_NewLevel1.NewLevel1 up for play (max tick rate 60) at 2017.06.02-08.51.48
[2017.06.01-23.21.48:998][945]LogWorld: Bringing up level for play took: 0.124143
[2017.06.01-23.21.48:999][945]LogSpawn:Warning: SpawnActor failed because no class was specified
[2017.06.01-23.21.49:005][945]LogLoad: Took 0.901821 seconds to LoadMap(/Game/NewLevel1)
[2017.06.01-23.24.34:235][153]LogBlueprintUserMessages: [Monster1_147] 190
[2017.06.01-23.25.36:552][758]LogBlueprintUserMessages: Early EndPlayMap Detection: Level '/Game/MAinMEnu.MAinMEnu:PersistentLevel' has LevelScriptBlueprint '/Game/MAinMEnu.MAinMEnu:PersistentLevel.MAinMEnu' with GeneratedClass '/Game/MAinMEnu.MAinMEnu_C' with ClassGeneratedBy '/Game/MAinMEnu.MAinMEnu:PersistentLevel.MAinMEnu'
[2017.06.01-23.25.36:602][758]LogBlueprintUserMessages: Late EndPlayMap Detection: Level '/Game/MAinMEnu.MAinMEnu:PersistentLevel' has LevelScriptBlueprint '/Game/MAinMEnu.MAinMEnu:PersistentLevel.MAinMEnu' with GeneratedClass '/Game/MAinMEnu.MAinMEnu_C' with ClassGeneratedBy '/Game/MAinMEnu.MAinMEnu:PersistentLevel.MAinMEnu'
[2017.06.01-23.25.41:254][883]Cmd: SELECT NONE
[2017.06.01-23.25.48:851][996]Cmd: OBJ SAVEPACKAGE PACKAGE="/Game/Characters/MyCharacter" FILE="../../../../../../Users/goutham.balaji/Documents/Unreal Projects/ProjectActual/Content/Characters/MyCharacter.uasset" SILENT=true
[2017.06.01-23.25.49:047][996]LogSavePackage: Save=144.10ms
[2017.06.01-23.25.49:047][996]LogSavePackage: Moving '../../../../../../Users/goutham.balaji/Documents/Unreal Projects/ProjectActual/Saved/MyCharacter5C7C75A2470C61E7719CB7893CD63E2E.tmp' to '../../../../../../Users/goutham.balaji/Documents/Unreal Projects/ProjectActual/Content/Characters/MyCharacter.uasset'
[2017.06.01-23.25.49:054][996]LogSavePackage:Display: Finished SavePackage ../../../../../../Users/goutham.balaji/Documents/Unreal Projects/ProjectActual/Content/Characters/MyCharacter.uasset
[2017.06.01-23.25.49:059][996]Cmd: OBJ SAVEPACKAGE PACKAGE="/Game/Characters/UI/Levels" FILE="../../../../../../Users/goutham.balaji/Documents/Unreal Projects/ProjectActual/Content/Characters/UI/Levels.uasset" SILENT=true
[2017.06.01-23.25.49:151][996]LogSavePackage: Save=39.75ms
[2017.06.01-23.25.49:151][996]LogSavePackage: Moving '../../../../../../Users/goutham.balaji/Documents/Unreal Projects/ProjectActual/Saved/LevelsF5D1A6194DE0D7DCF55BAFB8676E0FB6.tmp' to '../../../../../../Users/goutham.balaji/Documents/Unreal Projects/ProjectActual/Content/Characters/UI/Levels.uasset'
[2017.06.01-23.25.49:157][996]LogSavePackage:Display: Finished SavePackage ../../../../../../Users/goutham.balaji/Documents/Unreal Projects/ProjectActual/Content/Characters/UI/Levels.uasset
[2017.06.01-23.25.49:276][996]Cmd: OBJ SAVEPACKAGE PACKAGE="/Game/MAinMEnu" FILE="../../../../../../Users/goutham.balaji/Documents/Unreal Projects/ProjectActual/Content/MAinMEnu.umap" SILENT=true AUTOSAVING=false KEEPDIRTY=false
[2017.06.01-23.25.49:592][996]LogSavePackage: Save=199.94ms
[2017.06.01-23.25.49:592][996]LogSavePackage: Moving '../../../../../../Users/goutham.balaji/Documents/Unreal Projects/ProjectActual/Saved/MAinMEnu80B2ECA74FF9F4BDF0D092BEBD57F3E2.tmp' to '../../../../../../Users/goutham.balaji/Documents/Unreal Projects/ProjectActual/Content/MAinMEnu.umap'
[2017.06.01-23.25.49:596][996]LogSavePackage:Display: Finished SavePackage ../../../../../../Users/goutham.balaji/Documents/Unreal Projects/ProjectActual/Content/MAinMEnu.umap
[2017.06.01-23.25.49:726][996]LogFileHelpers: Saving map 'MAinMEnu' took 0.564
[2017.06.01-23.25.50:157][996]LogActorComponent: UnregisterComponent: (/Engine/Transient.EditorFloorComp) Not registered. Aborting.
[2017.06.01-23.25.50:373][996]LogWindowsTextInputMethodSystem:Display: IME system now deactivated.
[2017.06.01-23.25.50:738][997]Cmd: QUIT_EDITOR
[2017.06.01-23.25.51:768][997]LogExit: Preparing to exit.
[2017.06.01-23.25.52:958][997]LogDirectoryWatcher: A directory notification for 'C:/Users/goutham.balaji/Documents/Unreal Projects/ProjectActual/Content/' was aborted.
[2017.06.01-23.25.53:334][997]LogExit: Editor shut down
[2017.06.01-23.25.53:336][997]LogExit: Transaction tracking system shut down
[2017.06.01-23.25.54:295][997]LogObj: Freed 0b from 0 cluster array pools.
[2017.06.01-23.25.54:295][997]LogExit: Object subsystem successfully closed.
[2017.06.01-23.29.02:977][997]LogD3D11RHI: Shutdown
[2017.06.01-23.29.02:977][997]LogD3D11RHI: CleanupD3DDevice
[2017.06.01-23.29.07:158][997]LogD3D11RHI: ~FD3D11DynamicRHI
[2017.06.01-23.29.07:335][997]LogHttp:Display: Http module shutting down, but needs to wait on 1 outstanding Http requests:
[2017.06.01-23.29.07:335][997]LogHttp:Display: 	verb=[POST] url=[https://datarouter.ol.epicgames.com/datarouter/api/v1/public/data?SessionID=%7B33424B09-44C1-4198-33DA-E59749EAC596%7D&AppID=UEEditor.Rocket.Release&AppVersion=4.14.3-3249277%2B%2B%2BUE4%2BRelease-4.14&UserID=bf8cfc4e404371cd7453d089c9ac27a0%7Cbea9a9145b174597b4f37c6fdd11633f%7C8239370e-8e74-4144-86be-ed7d41079ee3&AppEnvironment=datacollector-binary&UploadType=eteventstream] status=Processing
[2017.06.01-23.29.07:338][997]LogModuleManager: Shutting down and abandoning module SequencerWidgets (245)
[2017.06.01-23.29.07:338][997]LogModuleManager: Shutting down and abandoning module BlueprintGraph (244)
[2017.06.01-23.29.07:338][997]LogModuleManager: Shutting down and abandoning module BlueprintProfiler (243)
[2017.06.01-23.29.07:361][997]LogModuleManager: Shutting down and abandoning module MovieSceneCapture (242)
[2017.06.01-23.29.07:361][997]LogModuleManager: Shutting down and abandoning module HierarchicalLODOutliner (241)
[2017.06.01-23.29.07:513][997]LogModuleManager: Shutting down and abandoning module CrashTracker (240)
[2017.06.01-23.29.07:513][997]LogModuleManager: Shutting down and abandoning module SceneOutliner (239)
[2017.06.01-23.29.07:513][997]LogModuleManager: Shutting down and abandoning module WidgetCarousel (238)
[2017.06.01-23.29.07:513][997]LogModuleManager: Shutting down and abandoning module AddContentDialog (237)
[2017.06.01-23.29.07:513][997]LogDirectoryWatcher: A directory notification for 'C:/Program Files/Epic Games/UE_4.14/FeaturePacks/' was aborted.
[2017.06.01-23.29.07:516][997]LogModuleManager: Shutting down and abandoning module GameplayTags (236)
[2017.06.01-23.29.07:516][997]LogModuleManager: Shutting down and abandoning module EditorWidgets (235)
[2017.06.01-23.29.07:516][997]LogModuleManager: Shutting down and abandoning module CollectionManager (234)
[2017.06.01-23.29.07:516][997]LogDirectoryWatcher: A directory notification for 'C:/Users/goutham.balaji/Documents/Unreal Projects/ProjectActual/Content/Collections/' was aborted.
[2017.06.01-23.29.07:516][997]LogDirectoryWatcher: A directory notification for 'C:/Users/goutham.balaji/Documents/Unreal Projects/ProjectActual/Content/Developers/gouthambalaji/Collections/' was aborted.
[2017.06.01-23.29.07:516][997]LogDirectoryWatcher: A directory notification for 'C:/Users/goutham.balaji/Documents/Unreal Projects/ProjectActual/Saved/Collections/' was aborted.
[2017.06.01-23.29.07:516][997]LogModuleManager: Shutting down and abandoning module StatsViewer (233)
[2017.06.01-23.29.07:517][997]LogModuleManager: Shutting down and abandoning module FoliageEdit (232)
[2017.06.01-23.29.07:517][997]LogModuleManager: Shutting down and abandoning module LandscapeEditor (231)
[2017.06.01-23.29.07:517][997]LogModuleManager: Shutting down and abandoning module SceneDepthPickerMode (230)
[2017.06.01-23.29.07:517][997]LogModuleManager: Shutting down and abandoning module ActorPickerMode (229)
[2017.06.01-23.29.07:517][997]LogModuleManager: Shutting down and abandoning module GeometryMode (228)
[2017.06.01-23.29.07:517][997]LogModuleManager: Shutting down and abandoning module TextureAlignMode (227)
[2017.06.01-23.29.07:517][997]LogModuleManager: Shutting down and abandoning module BspMode (226)
[2017.06.01-23.29.07:517][997]LogModuleManager: Shutting down and abandoning module HardwareSurvey (225)
[2017.06.01-23.29.07:517][997]LogModuleManager: Shutting down and abandoning module SequenceRecorderSections (224)
[2017.06.01-23.29.07:517][997]LogModuleManager: Shutting down and abandoning module AutomationWorker (223)
[2017.06.01-23.29.07:518][997]LogModuleManager: Shutting down and abandoning module MatineeToLevelSequence (222)
[2017.06.01-23.29.07:518][997]LogModuleManager: Shutting down and abandoning module PlacementMode (221)
[2017.06.01-23.29.07:518][997]LogModuleManager: Shutting down and abandoning module LevelSequenceEditor (220)
[2017.06.01-23.29.07:518][997]LogModuleManager: Shutting down and abandoning module WmfMediaFactory (219)
[2017.06.01-23.29.07:518][997]LogModuleManager: Shutting down and abandoning module WmfMediaEditor (218)
[2017.06.01-23.29.07:518][997]LogModuleManager: Shutting down and abandoning module AvfMediaFactory (217)
[2017.06.01-23.29.07:518][997]LogModuleManager: Shutting down and abandoning module AvfMediaEditor (216)
[2017.06.01-23.29.07:519][997]LogModuleManager: Shutting down and abandoning module Media (215)
[2017.06.01-23.29.07:519][997]LogModuleManager: Shutting down and abandoning module AndroidMediaFactory (214)
[2017.06.01-23.29.07:519][997]LogModuleManager: Shutting down and abandoning module AndroidMediaEditor (213)
[2017.06.01-23.29.07:519][997]LogModuleManager: Shutting down and abandoning module CharacterAI (212)
[2017.06.01-23.29.07:519][997]LogModuleManager: Shutting down and abandoning module SequenceRecorder (211)
[2017.06.01-23.29.07:519][997]LogModuleManager: Shutting down and abandoning module AudioCapture (210)
[2017.06.01-23.29.07:519][997]LogModuleManager: Shutting down and abandoning module SmartSnapping (209)
[2017.06.01-23.29.07:519][997]LogModuleManager: Shutting down and abandoning module SessionServices (208)
[2017.06.01-23.29.07:519][997]LogModuleManager: Shutting down and abandoning module ViewportSnapping (207)
[2017.06.01-23.29.07:519][997]LogModuleManager: Shutting down and abandoning module ViewportInteraction (206)
[2017.06.01-23.29.07:519][997]LogModuleManager: Shutting down and abandoning module LogVisualizer (205)
[2017.06.01-23.29.07:528][997]LogModuleManager: Shutting down and abandoning module GameProjectGeneration (204)
[2017.06.01-23.29.07:529][997]LogModuleManager: Shutting down and abandoning module IntroTutorials (203)
[2017.06.01-23.29.07:529][997]LogModuleManager: Shutting down and abandoning module EditorLiveStreaming (202)
[2017.06.01-23.29.07:529][997]LogModuleManager: Shutting down and abandoning module IOSPlatformEditor (201)
[2017.06.01-23.29.07:529][997]LogModuleManager: Shutting down and abandoning module HTML5PlatformEditor (200)
[2017.06.01-23.29.07:529][997]LogModuleManager: Shutting down and abandoning module AndroidDeviceDetection (199)
[2017.06.01-23.29.07:999][997]LogModuleManager: Shutting down and abandoning module AndroidPlatformEditor (198)
[2017.06.01-23.29.07:999][997]LogModuleManager: Shutting down and abandoning module IOSRuntimeSettings (197)
[2017.06.01-23.29.07:999][997]LogModuleManager: Shutting down and abandoning module AndroidRuntimeSettings (196)
[2017.06.01-23.29.07:999][997]LogModuleManager: Shutting down and abandoning module InputBindingEditor (195)
[2017.06.01-23.29.07:999][997]LogModuleManager: Shutting down and abandoning module NiagaraEditor (194)
[2017.06.01-23.29.08:385][997]LogModuleManager: Shutting down and abandoning module MergeActors (193)
[2017.06.01-23.29.08:385][997]LogModuleManager: Shutting down and abandoning module SizeMap (192)
[2017.06.01-23.29.08:385][997]LogModuleManager: Shutting down and abandoning module TreeMap (191)
[2017.06.01-23.29.08:386][997]LogModuleManager: Shutting down and abandoning module ReferenceViewer (190)
[2017.06.01-23.29.08:386][997]LogModuleManager: Shutting down and abandoning module LocalizationService (189)
[2017.06.01-23.29.08:386][997]LogModuleManager: Shutting down and abandoning module LocalizationDashboard (188)
[2017.06.01-23.29.08:386][997]LogModuleManager: Shutting down and abandoning module HardwareTargeting (187)
[2017.06.01-23.29.08:386][997]LogModuleManager: Shutting down and abandoning module DeviceProfileEditor (186)
[2017.06.01-23.29.08:386][997]LogModuleManager: Shutting down and abandoning module UndoHistory (185)
[2017.06.01-23.29.08:389][997]LogModuleManager: Shutting down and abandoning module UserFeedback (184)
[2017.06.01-23.29.08:389][997]LogModuleManager: Shutting down and abandoning module XmlParser (183)
[2017.06.01-23.29.08:389][997]LogModuleManager: Shutting down and abandoning module Blutility (182)
[2017.06.01-23.29.08:389][997]LogModuleManager: Shutting down and abandoning module ProjectTargetPlatformEditor (181)
[2017.06.01-23.29.08:390][997]LogModuleManager: Shutting down and abandoning module ProjectSettingsViewer (180)
[2017.06.01-23.29.08:390][997]LogModuleManager: Shutting down and abandoning module EditorSettingsViewer (179)
[2017.06.01-23.29.08:390][997]LogModuleManager: Shutting down and abandoning module SettingsEditor (178)
[2017.06.01-23.29.08:420][997]LogModuleManager: Shutting down and abandoning module ProjectLauncher (177)
[2017.06.01-23.29.08:421][997]LogModuleManager: Shutting down and abandoning module SessionFrontend (176)
[2017.06.01-23.29.08:422][997]LogModuleManager: Shutting down and abandoning module ProfilerClient (175)
[2017.06.01-23.29.08:423][997]LogModuleManager: Shutting down and abandoning module TargetDeviceServices (174)
[2017.06.01-23.29.08:423][997]LogModuleManager: Shutting down and abandoning module DeviceManager (173)
[2017.06.01-23.29.08:549][997]LogModuleManager: Shutting down and abandoning module AutomationController (172)
[2017.06.01-23.29.08:551][997]LogModuleManager: Shutting down and abandoning module AutomationWindow (171)
[2017.06.01-23.29.08:552][997]LogModuleManager: Shutting down and abandoning module Layers (170)
[2017.06.01-23.29.08:553][997]LogModuleManager: Shutting down and abandoning module ComponentVisualizers (169)
[2017.06.01-23.29.08:553][997]LogModuleManager: Shutting down and abandoning module DetailCustomizations (168)
[2017.06.01-23.29.08:553][997]LogModuleManager: Shutting down and abandoning module PackagesDialog (167)
[2017.06.01-23.29.08:553][997]LogModuleManager: Shutting down and abandoning module AnimGraph (166)
[2017.06.01-23.29.08:553][997]LogModuleManager: Shutting down and abandoning module Persona (165)
[2017.06.01-23.29.08:554][997]LogModuleManager: Shutting down and abandoning module Kismet (164)
[2017.06.01-23.29.08:573][997]LogModuleManager: Shutting down and abandoning module GraphEditor (163)
[2017.06.01-23.29.08:573][997]LogModuleManager: Shutting down and abandoning module ClassViewer (162)
[2017.06.01-23.29.08:574][997]LogModuleManager: Shutting down and abandoning module Toolbox (161)
[2017.06.01-23.29.08:574][997]LogModuleManager: Shutting down and abandoning module ModuleUI (160)
[2017.06.01-23.29.08:575][997]LogModuleManager: Shutting down and abandoning module MovieSceneTools (159)
[2017.06.01-23.29.08:575][997]LogModuleManager: Shutting down and abandoning module OutputLog (158)
[2017.06.01-23.29.08:575][997]LogModuleManager: Shutting down and abandoning module GammaUI (157)
[2017.06.01-23.29.08:576][997]LogModuleManager: Shutting down and abandoning module Documentation (156)
[2017.06.01-23.29.08:576][997]LogModuleManager: Shutting down and abandoning module Niagara (155)
[2017.06.01-23.29.08:576][997]LogModuleManager: Shutting down and abandoning module StreamingPauseRendering (154)
[2017.06.01-23.29.08:576][997]LogModuleManager: Shutting down and abandoning module AnalyticsET (153)
[2017.06.01-23.29.08:576][997]LogModuleManager: Shutting down and abandoning module PortalServices (152)
[2017.06.01-23.29.08:576][997]LogModuleManager: Shutting down and abandoning module PortalRpc (151)
[2017.06.01-23.29.08:576][997]LogModuleManager: Shutting down and abandoning module MessagingRpc (150)
[2017.06.01-23.29.08:576][997]LogModuleManager: Shutting down and abandoning module GameplayDebugger (149)
[2017.06.01-23.29.08:576][997]LogModuleManager: Shutting down and abandoning module AITestSuite (148)
[2017.06.01-23.29.08:576][997]LogModuleManager: Shutting down and abandoning module AIModule (147)
[2017.06.01-23.29.08:577][997]LogModuleManager: Shutting down and abandoning module ProfilerService (146)
[2017.06.01-23.29.08:805][997]LogModuleManager: Shutting down and abandoning module TaskGraph (145)
[2017.06.01-23.29.08:805][997]LogModuleManager: Shutting down and abandoning module SlateRemote (144)
[2017.06.01-23.29.08:806][997]LogModuleManager: Shutting down and abandoning module SteamVRController (143)
[2017.06.01-23.29.08:806][997]LogModuleManager: Shutting down and abandoning module SteamVR (142)
[2017.06.01-23.29.08:806][997]LogModuleManager: Shutting down and abandoning module ProceduralMeshComponentEditor (141)
[2017.06.01-23.29.08:806][997]LogModuleManager: Shutting down and abandoning module ProceduralMeshComponent (140)
[2017.06.01-23.29.08:806][997]LogModuleManager: Shutting down and abandoning module OculusLibrary (139)
[2017.06.01-23.29.08:806][997]LogModuleManager: Shutting down and abandoning module OculusInput (138)
[2017.06.01-23.29.08:806][997]LogModuleManager: Shutting down and abandoning module MobilePatchingUtils (137)
[2017.06.01-23.29.08:806][997]LogModuleManager: Shutting down and abandoning module CustomMeshComponent (136)
[2017.06.01-23.29.08:806][997]LogModuleManager: Shutting down and abandoning module CableComponent (135)
[2017.06.01-23.29.08:806][997]LogModuleManager: Shutting down and abandoning module ArchVisCharacter (134)
[2017.06.01-23.29.08:806][997]LogModuleManager: Shutting down and abandoning module MediaPlayerEditor (132)
[2017.06.01-23.29.08:806][997]LogModuleManager: Shutting down and abandoning module HTML5Networking (131)
[2017.06.01-23.29.08:807][997]LogModuleManager: Shutting down and abandoning module GeometryCacheEd (130)
[2017.06.01-23.29.08:807][997]LogModuleManager: Shutting down and abandoning module GeometryCache (129)
[2017.06.01-23.29.08:807][997]LogModuleManager: Shutting down and abandoning module AlembicLibrary (128)
[2017.06.01-23.29.08:807][997]LogModuleManager: Shutting down and abandoning module AlembicImporter (127)
[2017.06.01-23.29.08:807][997]LogModuleManager: Shutting down and abandoning module SuperSearch (126)
[2017.06.01-23.29.08:807][997]LogModuleManager: Shutting down and abandoning module SuperSearchEditor (125)
[2017.06.01-23.29.08:807][997]LogModuleManager: Shutting down and abandoning module SpeedTreeImporter (124)
[2017.06.01-23.29.08:807][997]LogModuleManager: Shutting down and abandoning module PluginBrowser (123)
[2017.06.01-23.29.08:807][997]LogModuleManager: Shutting down and abandoning module MobileLauncherProfileWizard (122)
[2017.06.01-23.29.08:808][997]LogModuleManager: Shutting down and abandoning module EpicSurvey (121)
[2017.06.01-23.29.08:808][997]LogModuleManager: Shutting down and abandoning module DesktopPlatform (120)
[2017.06.01-23.29.08:808][997]LogModuleManager: Shutting down and abandoning module VisualStudioSourceCodeAccess (119)
[2017.06.01-23.29.08:808][997]LogModuleManager: Shutting down and abandoning module UObjectPlugin (118)
[2017.06.01-23.29.08:808][997]LogModuleManager: Shutting down and abandoning module SubversionSourceControl (117)
[2017.06.01-23.29.08:808][997]LogModuleManager: Shutting down and abandoning module PerforceSourceControl (116)
[2017.06.01-23.29.08:808][997]LogModuleManager: Shutting down and abandoning module SourceControl (115)
[2017.06.01-23.29.08:808][997]LogModuleManager: Shutting down and abandoning module GitSourceControl (114)
[2017.06.01-23.29.08:808][997]LogModuleManager: Shutting down and abandoning module LightPropagationVolumeEditor (113)
[2017.06.01-23.29.08:808][997]LogModuleManager: Shutting down and abandoning module PaperTiledImporter (112)
[2017.06.01-23.29.08:808][997]LogModuleManager: Shutting down and abandoning module PaperSpriteSheetImporter (111)
[2017.06.01-23.29.08:808][997]LogModuleManager: Shutting down and abandoning module MeshPaint (110)
[2017.06.01-23.29.08:808][997]LogModuleManager: Shutting down and abandoning module PixelInspectorModule (109)
[2017.06.01-23.29.08:808][997]LogModuleManager: Shutting down and abandoning module HotReload (108)
[2017.06.01-23.29.08:809][997]LogModuleManager: Shutting down and abandoning module MainFrame (107)
[2017.06.01-23.29.08:809][997]LogModuleManager: Shutting down and abandoning module LevelEditor (106)
[2017.06.01-23.29.08:810][997]LogModuleManager: Shutting down and abandoning module ContentBrowser (105)
[2017.06.01-23.29.08:812][997]LogModuleManager: Shutting down and abandoning module Paper2DEditor (104)
[2017.06.01-23.29.08:812][997]LogModuleManager: Shutting down and abandoning module UdpMessaging (103)
[2017.06.01-23.29.08:914][997]LogModuleManager: Shutting down and abandoning module TcpMessaging (102)
[2017.06.01-23.29.09:015][997]LogModuleManager: Shutting down and abandoning module LightPropagationVolumeRuntime (101)
[2017.06.01-23.29.09:015][997]LogModuleManager: Shutting down and abandoning module Paper2D (100)
[2017.06.01-23.29.09:015][997]LogModuleManager: Shutting down and abandoning module WindowsMoviePlayer (99)
[2017.06.01-23.29.09:015][997]LogModuleManager: Shutting down and abandoning module WmfMedia (98)
[2017.06.01-23.29.09:015][997]LogModuleManager: Shutting down and abandoning module MediaAssets (97)
[2017.06.01-23.29.09:015][997]LogModuleManager: Shutting down and abandoning module GameLiveStreaming (96)
[2017.06.01-23.29.09:016][997]LogModuleManager: Shutting down and abandoning module GameplayTagsEditor (95)
[2017.06.01-23.29.09:016][997]LogModuleManager: Shutting down and abandoning module VREditor (94)
[2017.06.01-23.29.09:016][997]LogModuleManager: Shutting down and abandoning module GameplayTasksEditor (93)
[2017.06.01-23.29.09:016][997]LogModuleManager: Shutting down and abandoning module BehaviorTreeEditor (92)
[2017.06.01-23.29.09:016][997]LogModuleManager: Shutting down and abandoning module FunctionalTesting (91)
[2017.06.01-23.29.09:016][997]LogModuleManager: Shutting down and abandoning module CollisionAnalyzer (90)
[2017.06.01-23.29.09:016][997]LogModuleManager: Shutting down and abandoning module Sequencer (89)
[2017.06.01-23.29.09:016][997]LogModuleManager: Shutting down and abandoning module WorkspaceMenuStructure (88)
[2017.06.01-23.29.09:016][997]LogModuleManager: Shutting down and abandoning module MessageLog (87)
[2017.06.01-23.29.09:016][997]LogModuleManager: Shutting down and abandoning module AssetTools (86)
[2017.06.01-23.29.09:017][997]LogModuleManager: Shutting down and abandoning module UMGEditor (85)
[2017.06.01-23.29.09:017][997]LogModuleManager: Shutting down and abandoning module UMG (84)
[2017.06.01-23.29.09:017][997]LogModuleManager: Shutting down and abandoning module SlateReflector (83)
[2017.06.01-23.29.09:017][997]LogModuleManager: Shutting down and abandoning module Slate (82)
[2017.06.01-23.29.09:017][997]LogModuleManager: Shutting down and abandoning module EditorStyle (81)
[2017.06.01-23.29.09:023][997]LogModuleManager: Shutting down and abandoning module SourceCodeAccess (80)
[2017.06.01-23.29.09:023][997]LogModuleManager: Shutting down and abandoning module HeadMountedDisplay (79)
[2017.06.01-23.29.09:023][997]LogModuleManager: Shutting down and abandoning module XAudio2 (78)
[2017.06.01-23.29.09:023][997]LogModuleManager: Shutting down and abandoning module Networking (76)
[2017.06.01-23.29.09:023][997]LogModuleManager: Shutting down and abandoning module Core (75)
[2017.06.01-23.29.09:023][997]LogModuleManager: Shutting down and abandoning module DirectoryWatcher (74)
[2017.06.01-23.29.09:023][997]LogDirectoryWatcher: A directory notification for '../../../Engine/Content/' was aborted.
[2017.06.01-23.29.09:023][997]LogDirectoryWatcher: A directory notification for '../../../../../../Users/goutham.balaji/Documents/Unreal Projects/ProjectActual/Content/' was aborted.
[2017.06.01-23.29.09:023][997]LogDirectoryWatcher: A directory notification for '../../../Engine/Plugins/2D/Paper2D/Content/' was aborted.
[2017.06.01-23.29.09:024][997]LogModuleManager: Shutting down and abandoning module AssetRegistry (73)
[2017.06.01-23.29.09:306][997]LogModuleManager: Shutting down and abandoning module KismetCompiler (72)
[2017.06.01-23.29.09:306][997]LogModuleManager: Shutting down and abandoning module PhysXFormats (71)
[2017.06.01-23.29.09:306][997]LogModuleManager: Shutting down and abandoning module SimplygonSwarm (70)
[2017.06.01-23.29.09:306][997]LogModuleManager: Shutting down and abandoning module SimplygonMeshReduction (69)
[2017.06.01-23.29.09:306][997]LogModuleManager: Shutting down and abandoning module QuadricMeshReduction (68)
[2017.06.01-23.29.09:306][997]LogModuleManager: Shutting down and abandoning module PropertyEditor (67)
[2017.06.01-23.29.09:306][997]LogModuleManager: Shutting down and abandoning module MeshUtilities (66)
[2017.06.01-23.29.09:306][997]LogModuleManager: Shutting down and abandoning module DerivedDataCache (65)
[2017.06.01-23.29.09:493][997]LogDerivedDataCache: Shutdown
[2017.06.01-23.29.09:493][997]LogModuleManager: Shutting down and abandoning module VulkanShaderFormat (64)
[2017.06.01-23.29.09:493][997]LogModuleManager: Shutting down and abandoning module ShaderFormatOpenGL (63)
[2017.06.01-23.29.09:494][997]LogModuleManager: Shutting down and abandoning module ShaderFormatD3D (62)
[2017.06.01-23.29.09:494][997]LogModuleManager: Shutting down and abandoning module MetalShaderFormat (61)
[2017.06.01-23.29.09:495][997]LogModuleManager: Shutting down and abandoning module TextureFormatUncompressed (60)
[2017.06.01-23.29.09:495][997]LogModuleManager: Shutting down and abandoning module TextureFormatPVR (59)
[2017.06.01-23.29.09:495][997]LogModuleManager: Shutting down and abandoning module TextureFormatDXT (58)
[2017.06.01-23.29.09:495][997]LogModuleManager: Shutting down and abandoning module TextureFormatIntelISPCTexComp (57)
[2017.06.01-23.29.09:495][997]LogModuleManager: Shutting down and abandoning module ImageWrapper (56)
[2017.06.01-23.29.09:495][997]LogModuleManager: Shutting down and abandoning module TextureFormatASTC (55)
[2017.06.01-23.29.09:495][997]LogModuleManager: Shutting down and abandoning module TextureFormatAndroid (54)
[2017.06.01-23.29.09:495][997]LogModuleManager: Shutting down and abandoning module AudioFormatOpus (53)
[2017.06.01-23.29.09:495][997]LogModuleManager: Shutting down and abandoning module AudioFormatOgg (52)
[2017.06.01-23.29.09:495][997]LogModuleManager: Shutting down and abandoning module AudioFormatADPCM (51)
[2017.06.01-23.29.09:495][997]LogModuleManager: Shutting down and abandoning module LinuxTargetPlatform (50)
[2017.06.01-23.29.09:495][997]LogModuleManager: Shutting down and abandoning module LinuxServerTargetPlatform (49)
[2017.06.01-23.29.09:496][997]LogModuleManager: Shutting down and abandoning module LinuxNoEditorTargetPlatform (48)
[2017.06.01-23.29.09:496][997]LogModuleManager: Shutting down and abandoning module LinuxClientTargetPlatform (47)
[2017.06.01-23.29.09:496][997]LogModuleManager: Shutting down and abandoning module TVOSTargetPlatform (46)
[2017.06.01-23.29.09:496][997]LogModuleManager: Shutting down and abandoning module Messaging (45)
[2017.06.01-23.29.09:496][997]LogModuleManager: Shutting down and abandoning module IOSTargetPlatform (44)
[2017.06.01-23.29.09:496][997]LogModuleManager: Shutting down and abandoning module HTML5TargetPlatform (43)
[2017.06.01-23.29.09:496][997]LogModuleManager: Shutting down and abandoning module Android_PVRTCTargetPlatform (42)
[2017.06.01-23.29.09:496][997]LogModuleManager: Shutting down and abandoning module Android_MultiTargetPlatform (41)
[2017.06.01-23.29.09:496][997]LogModuleManager: Shutting down and abandoning module Android_ETC2TargetPlatform (40)
[2017.06.01-23.29.09:496][997]LogModuleManager: Shutting down and abandoning module Android_ETC1TargetPlatform (39)
[2017.06.01-23.29.09:496][997]LogModuleManager: Shutting down and abandoning module Android_DXTTargetPlatform (38)
[2017.06.01-23.29.09:496][997]LogModuleManager: Shutting down and abandoning module Android_ATCTargetPlatform (37)
[2017.06.01-23.29.09:496][997]LogModuleManager: Shutting down and abandoning module Android_ASTCTargetPlatform (36)
[2017.06.01-23.29.09:496][997]LogModuleManager: Shutting down and abandoning module AndroidTargetPlatform (35)
[2017.06.01-23.29.09:496][997]LogModuleManager: Shutting down and abandoning module WindowsTargetPlatform (34)
[2017.06.01-23.29.09:496][997]LogModuleManager: Shutting down and abandoning module WindowsServerTargetPlatform (33)
[2017.06.01-23.29.09:496][997]LogModuleManager: Shutting down and abandoning module WindowsNoEditorTargetPlatform (32)
[2017.06.01-23.29.09:496][997]LogModuleManager: Shutting down and abandoning module WindowsClientTargetPlatform (31)
[2017.06.01-23.29.09:496][997]LogModuleManager: Shutting down and abandoning module MacTargetPlatform (30)
[2017.06.01-23.29.09:496][997]LogModuleManager: Shutting down and abandoning module MacServerTargetPlatform (29)
[2017.06.01-23.29.09:496][997]LogModuleManager: Shutting down and abandoning module MacNoEditorTargetPlatform (28)
[2017.06.01-23.29.09:496][997]LogModuleManager: Shutting down and abandoning module MacClientTargetPlatform (27)
[2017.06.01-23.29.09:496][997]LogModuleManager: Shutting down and abandoning module AllDesktopTargetPlatform (26)
[2017.06.01-23.29.09:496][997]LogModuleManager: Shutting down and abandoning module TargetPlatform (25)
[2017.06.01-23.29.09:496][997]LogModuleManager: Shutting down and abandoning module InputCore (24)
[2017.06.01-23.29.09:496][997]LogModuleManager: Shutting down and abandoning module Settings (23)
[2017.06.01-23.29.09:496][997]LogModuleManager: Shutting down and abandoning module OculusRift (22)
[2017.06.01-23.29.09:496][997]LogModuleManager: Shutting down and abandoning module ExampleDeviceProfileSelector (21)
[2017.06.01-23.29.09:496][997]LogModuleManager: Shutting down and abandoning module OnlineBlueprintSupport (20)
[2017.06.01-23.29.09:496][997]LogModuleManager: Shutting down and abandoning module OnlineSubsystem (18)
[2017.06.01-23.29.09:497][997]LogOnline:Display: Unloading online subsystem: NULL
[2017.06.01-23.29.09:501][997]LogModuleManager: Shutting down and abandoning module SSL (17)
[2017.06.01-23.29.09:504][997]LogModuleManager: Shutting down and abandoning module HTTP (16)
[2017.06.01-23.29.09:504][997]LogModuleManager: Shutting down and abandoning module XMPP (15)
[2017.06.01-23.29.09:505][997]LogModuleManager: Shutting down and abandoning module TextureCompressor (14)
[2017.06.01-23.29.09:505][997]LogModuleManager: Shutting down and abandoning module ShaderCore (13)
[2017.06.01-23.29.09:505][997]LogModuleManager: Shutting down and abandoning module Landscape (12)
[2017.06.01-23.29.09:505][997]LogModuleManager: Shutting down and abandoning module SlateRHIRenderer (11)
[2017.06.01-23.29.09:510][997]LogModuleManager: Shutting down and abandoning module OpenGLDrv (10)
[2017.06.01-23.29.09:510][997]LogModuleManager: Shutting down and abandoning module D3D11RHI (9)
[2017.06.01-23.29.09:510][997]LogModuleManager: Shutting down and abandoning module AnimGraphRuntime (8)
[2017.06.01-23.29.09:510][997]LogModuleManager: Shutting down and abandoning module Renderer (7)
[2017.06.01-23.29.09:510][997]LogModuleManager: Shutting down and abandoning module Engine (6)
[2017.06.01-23.29.09:510][997]LogModuleManager: Shutting down and abandoning module CoreUObject (5)
[2017.06.01-23.29.09:510][997]LogModuleManager: Shutting down and abandoning module NetworkFile (4)
[2017.06.01-23.29.09:515][997]LogModuleManager: Shutting down and abandoning module StreamingFile (3)
[2017.06.01-23.29.09:515][997]LogModuleManager: Shutting down and abandoning module SandboxFile (2)
[2017.06.01-23.29.09:515][997]LogModuleManager: Shutting down and abandoning module PakFile (1)
[2017.06.01-23.29.09:517][997]LogExit: Exiting.
[2017.06.01-23.29.09:521][997]Log file closed, 06/02/17 08:59:09
