Log file open, 06/01/17 22:17:09
LogInit:Display: Running engine for game: ProjectActual
LogPlatformFile: Not using cached read wrapper
LogInit:Display: RandInit(-80473333) SRandInit(-80473332).
LogTaskGraph: Started task graph with 5 named threads and 6 total threads with 1 sets of task threads.
LogStats: Stats thread started at 0.245741
LogPluginManager: Loaded Plugin Paper2D, From C:/Program Files/Epic Games/UE_4.14/Engine/Plugins/2D/Paper2D/Paper2D.uplugin
LogPluginManager: Loaded Plugin LightPropagationVolume, From C:/Program Files/Epic Games/UE_4.14/Engine/Plugins/Blendables/LightPropagationVolume/LightPropagationVolume.uplugin
LogPluginManager: Loaded Plugin BlankPlugin, From C:/Program Files/Epic Games/UE_4.14/Engine/Plugins/Developer/BlankPlugin/BlankPlugin.uplugin
LogPluginManager: Loaded Plugin CodeLiteSourceCodeAccess, From C:/Program Files/Epic Games/UE_4.14/Engine/Plugins/Developer/CodeLiteSourceCodeAccess/CodeLiteSourceCodeAccess.uplugin
LogPluginManager: Loaded Plugin GitSourceControl, From C:/Program Files/Epic Games/UE_4.14/Engine/Plugins/Developer/GitSourceControl/GitSourceControl.uplugin
LogPluginManager: Loaded Plugin KDevelopSourceCodeAccess, From C:/Program Files/Epic Games/UE_4.14/Engine/Plugins/Developer/KDevelopSourceCodeAccess/KDevelopSourceCodeAccess.uplugin
LogPluginManager: Loaded Plugin NullSourceCodeAccess, From C:/Program Files/Epic Games/UE_4.14/Engine/Plugins/Developer/NullSourceCodeAccess/NullSourceCodeAccess.uplugin
LogPluginManager: Loaded Plugin OneSkyLocalizationService, From C:/Program Files/Epic Games/UE_4.14/Engine/Plugins/Developer/OneSkyLocalizationService/OneSkyLocalizationService.uplugin
LogPluginManager: Loaded Plugin PerforceSourceControl, From C:/Program Files/Epic Games/UE_4.14/Engine/Plugins/Developer/PerforceSourceControl/PerforceSourceControl.uplugin
LogPluginManager: Loaded Plugin SubversionSourceControl, From C:/Program Files/Epic Games/UE_4.14/Engine/Plugins/Developer/SubversionSourceControl/SubversionSourceControl.uplugin
LogPluginManager: Loaded Plugin UObjectPlugin, From C:/Program Files/Epic Games/UE_4.14/Engine/Plugins/Developer/UObjectPlugin/UObjectPlugin.uplugin
LogPluginManager: Loaded Plugin VisualStudioSourceCodeAccess, From C:/Program Files/Epic Games/UE_4.14/Engine/Plugins/Developer/VisualStudioSourceCodeAccess/VisualStudioSourceCodeAccess.uplugin
LogPluginManager: Loaded Plugin XCodeSourceCodeAccess, From C:/Program Files/Epic Games/UE_4.14/Engine/Plugins/Developer/XCodeSourceCodeAccess/XCodeSourceCodeAccess.uplugin
LogPluginManager: Loaded Plugin AudioCapture, From C:/Program Files/Epic Games/UE_4.14/Engine/Plugins/Editor/AudioCapture/AudioCapture.uplugin
LogPluginManager: Loaded Plugin EpicSurvey, From C:/Program Files/Epic Games/UE_4.14/Engine/Plugins/Editor/EpicSurvey/EpicSurvey.uplugin
LogPluginManager: Loaded Plugin MacGraphicsSwitching, From C:/Program Files/Epic Games/UE_4.14/Engine/Plugins/Editor/MacGraphicsSwitching/MacGraphicsSwitching.uplugin
LogPluginManager: Loaded Plugin MobileLauncherProfileWizard, From C:/Program Files/Epic Games/UE_4.14/Engine/Plugins/Editor/MobileLauncherProfileWizard/MobileLauncherProfileWizard.uplugin
LogPluginManager: Loaded Plugin PluginBrowser, From C:/Program Files/Epic Games/UE_4.14/Engine/Plugins/Editor/PluginBrowser/PluginBrowser.uplugin
LogPluginManager: Loaded Plugin SpeedTreeImporter, From C:/Program Files/Epic Games/UE_4.14/Engine/Plugins/Editor/SpeedTreeImporter/SpeedTreeImporter.uplugin
LogPluginManager: Loaded Plugin SuperSearchEditor, From C:/Program Files/Epic Games/UE_4.14/Engine/Plugins/Editor/SuperSearchEditor/SuperSearchEditor.uplugin
LogPluginManager: Loaded Plugin AlembicImporter, From C:/Program Files/Epic Games/UE_4.14/Engine/Plugins/Experimental/AlembicImporter/AlembicImporter.uplugin
LogPluginManager: Loaded Plugin BlueprintStats, From C:/Program Files/Epic Games/UE_4.14/Engine/Plugins/Experimental/BlueprintStats/BlueprintStats.uplugin
LogPluginManager: Loaded Plugin CharacterAI, From C:/Program Files/Epic Games/UE_4.14/Engine/Plugins/Experimental/CharacterAI/CharacterAI.uplugin
LogPluginManager: Loaded Plugin CodeEditor, From C:/Program Files/Epic Games/UE_4.14/Engine/Plugins/Experimental/CodeEditor/CodeEditor.uplugin
LogPluginManager: Loaded Plugin CodeView, From C:/Program Files/Epic Games/UE_4.14/Engine/Plugins/Experimental/CodeView/CodeView.uplugin
LogPluginManager: Loaded Plugin HTML5Networking, From C:/Program Files/Epic Games/UE_4.14/Engine/Plugins/Experimental/HTML5Networking/HTML5Networking.uplugin
LogPluginManager: Loaded Plugin OSVR, From C:/Program Files/Epic Games/UE_4.14/Engine/Plugins/Experimental/OSVR/OSVR.uplugin
LogPluginManager: Loaded Plugin Phya, From C:/Program Files/Epic Games/UE_4.14/Engine/Plugins/Experimental/Phya/Phya.uplugin
LogPluginManager: Loaded Plugin SignificanceManager, From C:/Program Files/Epic Games/UE_4.14/Engine/Plugins/Experimental/SignificanceManager/SignificanceManager.uplugin
LogPluginManager: Loaded Plugin SimpleHMD, From C:/Program Files/Epic Games/UE_4.14/Engine/Plugins/Experimental/SimpleHMD/SimpleHMD.uplugin
LogPluginManager: Loaded Plugin StereoPanorama, From C:/Program Files/Epic Games/UE_4.14/Engine/Plugins/Experimental/StereoPanorama/StereoPanorama.uplugin
LogPluginManager: Loaded Plugin StructBox, From C:/Program Files/Epic Games/UE_4.14/Engine/Plugins/Experimental/StructBox/StructBox.uplugin
LogPluginManager: Loaded Plugin AndroidMedia, From C:/Program Files/Epic Games/UE_4.14/Engine/Plugins/Media/AndroidMedia/AndroidMedia.uplugin
LogPluginManager: Loaded Plugin AvfMedia, From C:/Program Files/Epic Games/UE_4.14/Engine/Plugins/Media/AvfMedia/AvfMedia.uplugin
LogPluginManager: Loaded Plugin MediaPlayerEditor, From C:/Program Files/Epic Games/UE_4.14/Engine/Plugins/Media/MediaPlayerEditor/MediaPlayerEditor.uplugin
LogPluginManager: Loaded Plugin WmfMedia, From C:/Program Files/Epic Games/UE_4.14/Engine/Plugins/Media/WmfMedia/WmfMedia.uplugin
LogPluginManager: Loaded Plugin MessagingDebugger, From C:/Program Files/Epic Games/UE_4.14/Engine/Plugins/Messaging/MessagingDebugger/MessagingDebugger.uplugin
LogPluginManager: Loaded Plugin TcpMessaging, From C:/Program Files/Epic Games/UE_4.14/Engine/Plugins/Messaging/TcpMessaging/TcpMessaging.uplugin
LogPluginManager: Loaded Plugin UdpMessaging, From C:/Program Files/Epic Games/UE_4.14/Engine/Plugins/Messaging/UdpMessaging/UdpMessaging.uplugin
LogPluginManager: Loaded Plugin LevelSequenceEditor, From C:/Program Files/Epic Games/UE_4.14/Engine/Plugins/MovieScene/LevelSequenceEditor/LevelSequenceEditor.uplugin
LogPluginManager: Loaded Plugin MatineeToLevelSequence, From C:/Program Files/Epic Games/UE_4.14/Engine/Plugins/MovieScene/MatineeToLevelSequence/MatineeToLevelSequence.uplugin
LogPluginManager: Loaded Plugin NetcodeUnitTest, From C:/Program Files/Epic Games/UE_4.14/Engine/Plugins/NetcodeUnitTest/NetcodeUnitTest/NetcodeUnitTest.uplugin
LogPluginManager: Loaded Plugin NUTUnrealEngine4, From C:/Program Files/Epic Games/UE_4.14/Engine/Plugins/NetcodeUnitTest/NUTUnrealEngine4/NUTUnrealEngine4.uplugin
LogPluginManager: Loaded Plugin OnlineSubsystemGameCircle, From C:/Program Files/Epic Games/UE_4.14/Engine/Plugins/Online/Android/OnlineSubsystemGameCircle/OnlineSubsystemGameCircle.uplugin
LogPluginManager: Loaded Plugin OnlineSubsystemGooglePlay, From C:/Program Files/Epic Games/UE_4.14/Engine/Plugins/Online/Android/OnlineSubsystemGooglePlay/OnlineSubsystemGooglePlay.uplugin
LogPluginManager: Loaded Plugin OnlineSubsystemIOS, From C:/Program Files/Epic Games/UE_4.14/Engine/Plugins/Online/IOS/OnlineSubsystemIOS/OnlineSubsystemIOS.uplugin
LogPluginManager: Loaded Plugin OnlineFramework, From C:/Program Files/Epic Games/UE_4.14/Engine/Plugins/Online/OnlineFramework/OnlineFramework.uplugin
LogPluginManager: Loaded Plugin OnlineSubsystem, From C:/Program Files/Epic Games/UE_4.14/Engine/Plugins/Online/OnlineSubsystem/OnlineSubsystem.uplugin
LogPluginManager: Loaded Plugin OnlineSubsystemAmazon, From C:/Program Files/Epic Games/UE_4.14/Engine/Plugins/Online/OnlineSubsystemAmazon/OnlineSubsystemAmazon.uplugin
LogPluginManager: Loaded Plugin OnlineSubsystemFacebook, From C:/Program Files/Epic Games/UE_4.14/Engine/Plugins/Online/OnlineSubsystemFacebook/OnlineSubsystemFacebook.uplugin
LogPluginManager: Loaded Plugin OnlineSubsystemNull, From C:/Program Files/Epic Games/UE_4.14/Engine/Plugins/Online/OnlineSubsystemNull/OnlineSubsystemNull.uplugin
LogPluginManager: Loaded Plugin OnlineSubsystemOculus, From C:/Program Files/Epic Games/UE_4.14/Engine/Plugins/Online/OnlineSubsystemOculus/OnlineSubsystemOculus.uplugin
LogPluginManager: Loaded Plugin OnlineSubsystemSteam, From C:/Program Files/Epic Games/UE_4.14/Engine/Plugins/Online/OnlineSubsystemSteam/OnlineSubsystemSteam.uplugin
LogPluginManager: Loaded Plugin OnlineSubsystemUtils, From C:/Program Files/Epic Games/UE_4.14/Engine/Plugins/Online/OnlineSubsystemUtils/OnlineSubsystemUtils.uplugin
LogPluginManager: Loaded Plugin IOSTapJoy, From C:/Program Files/Epic Games/UE_4.14/Engine/Plugins/Runtime/Advertising/IOSTapJoy/IOSTapJoy.uplugin
LogPluginManager: Loaded Plugin AnalyticsBlueprintLibrary, From C:/Program Files/Epic Games/UE_4.14/Engine/Plugins/Runtime/Analytics/AnalyticsBlueprintLibrary/AnalyticsBlueprintLibrary.uplugin
LogPluginManager: Loaded Plugin AnalyticsMulticast, From C:/Program Files/Epic Games/UE_4.14/Engine/Plugins/Runtime/Analytics/AnalyticsMulticast/AnalyticsMulticast.uplugin
LogPluginManager: Loaded Plugin Apsalar, From C:/Program Files/Epic Games/UE_4.14/Engine/Plugins/Runtime/Analytics/Apsalar/Apsalar.uplugin
LogPluginManager: Loaded Plugin FileLogging, From C:/Program Files/Epic Games/UE_4.14/Engine/Plugins/Runtime/Analytics/FileLogging/FileLogging.uplugin
LogPluginManager: Loaded Plugin Flurry, From C:/Program Files/Epic Games/UE_4.14/Engine/Plugins/Runtime/Analytics/Flurry/Flurry.uplugin
LogPluginManager: Loaded Plugin AndroidDeviceProfileSelector, From C:/Program Files/Epic Games/UE_4.14/Engine/Plugins/Runtime/AndroidDeviceProfileSelector/AndroidDeviceProfileSelector.uplugin
LogPluginManager: Loaded Plugin AndroidMoviePlayer, From C:/Program Files/Epic Games/UE_4.14/Engine/Plugins/Runtime/AndroidMoviePlayer/AndroidMoviePlayer.uplugin
LogPluginManager: Loaded Plugin AppleMoviePlayer, From C:/Program Files/Epic Games/UE_4.14/Engine/Plugins/Runtime/AppleMoviePlayer/AppleMoviePlayer.uplugin
LogPluginManager: Loaded Plugin ArchVisCharacter, From C:/Program Files/Epic Games/UE_4.14/Engine/Plugins/Runtime/ArchVisCharacter/ArchVisCharacter.uplugin
LogPluginManager: Loaded Plugin CableComponent, From C:/Program Files/Epic Games/UE_4.14/Engine/Plugins/Runtime/CableComponent/CableComponent.uplugin
LogPluginManager: Loaded Plugin CustomMeshComponent, From C:/Program Files/Epic Games/UE_4.14/Engine/Plugins/Runtime/CustomMeshComponent/CustomMeshComponent.uplugin
LogPluginManager: Loaded Plugin ExampleDeviceProfileSelector, From C:/Program Files/Epic Games/UE_4.14/Engine/Plugins/Runtime/ExampleDeviceProfileSelector/ExampleDeviceProfileSelector.uplugin
LogPluginManager: Loaded Plugin GearVR, From C:/Program Files/Epic Games/UE_4.14/Engine/Plugins/Runtime/GearVR/GearVR.uplugin
LogPluginManager: Loaded Plugin GoogleVRController, From C:/Program Files/Epic Games/UE_4.14/Engine/Plugins/Runtime/GoogleVR/GoogleVRController/GoogleVRController.uplugin
LogPluginManager: Loaded Plugin GoogleVRHMD, From C:/Program Files/Epic Games/UE_4.14/Engine/Plugins/Runtime/GoogleVR/GoogleVRHMD/GoogleVRHMD.uplugin
LogPluginManager: Loaded Plugin IOSDeviceProfileSelector, From C:/Program Files/Epic Games/UE_4.14/Engine/Plugins/Runtime/IOSDeviceProfileSelector/IOSDeviceProfileSelector.uplugin
LogPluginManager: Loaded Plugin LeapMotion, From C:/Program Files/Epic Games/UE_4.14/Engine/Plugins/Runtime/LeapMotion/LeapMotion.uplugin
LogPluginManager: Loaded Plugin LinuxDeviceProfileSelector, From C:/Program Files/Epic Games/UE_4.14/Engine/Plugins/Runtime/LinuxDeviceProfileSelector/LinuxDeviceProfileSelector.uplugin
LogPluginManager: Loaded Plugin MIDIDevice, From C:/Program Files/Epic Games/UE_4.14/Engine/Plugins/Runtime/MIDIDevice/MIDIDevice.uplugin
LogPluginManager: Loaded Plugin MobilePatchingUtils, From C:/Program Files/Epic Games/UE_4.14/Engine/Plugins/Runtime/MobilePatchingUtils/MobilePatchingUtils.uplugin
LogPluginManager: Loaded Plugin Ansel, From C:/Program Files/Epic Games/UE_4.14/Engine/Plugins/Runtime/Nvidia/Ansel/Ansel.uplugin
LogPluginManager: Loaded Plugin OculusAudio, From C:/Program Files/Epic Games/UE_4.14/Engine/Plugins/Runtime/OculusAudio/OculusAudio.uplugin
LogPluginManager: Loaded Plugin OculusInput, From C:/Program Files/Epic Games/UE_4.14/Engine/Plugins/Runtime/OculusInput/OculusInput.uplugin
LogPluginManager: Loaded Plugin OculusLibrary, From C:/Program Files/Epic Games/UE_4.14/Engine/Plugins/Runtime/OculusLibrary/OculusLibrary.uplugin
LogPluginManager: Loaded Plugin OculusRift, From C:/Program Files/Epic Games/UE_4.14/Engine/Plugins/Runtime/OculusRift/OculusRift.uplugin
LogPluginManager: Loaded Plugin Oodle, From C:/Program Files/Epic Games/UE_4.14/Engine/Plugins/Runtime/PacketHandlers/CompressionComponents/Oodle/Oodle.uplugin
LogPluginManager: Loaded Plugin ProceduralMeshComponent, From C:/Program Files/Epic Games/UE_4.14/Engine/Plugins/Runtime/ProceduralMeshComponent/ProceduralMeshComponent.uplugin
LogPluginManager: Loaded Plugin SoundMod, From C:/Program Files/Epic Games/UE_4.14/Engine/Plugins/Runtime/SoundMod/SoundMod.uplugin
LogPluginManager: Loaded Plugin SoundVisualizations, From C:/Program Files/Epic Games/UE_4.14/Engine/Plugins/Runtime/SoundVisualizations/SoundVisualizations.uplugin
LogPluginManager: Loaded Plugin SteamController, From C:/Program Files/Epic Games/UE_4.14/Engine/Plugins/Runtime/Steam/SteamController/SteamController.uplugin
LogPluginManager: Loaded Plugin SteamVR, From C:/Program Files/Epic Games/UE_4.14/Engine/Plugins/Runtime/Steam/SteamVR/SteamVR.uplugin
LogPluginManager: Loaded Plugin WebBrowserWidget, From C:/Program Files/Epic Games/UE_4.14/Engine/Plugins/Runtime/WebBrowserWidget/WebBrowserWidget.uplugin
LogPluginManager: Loaded Plugin WindowsDeviceProfileSelector, From C:/Program Files/Epic Games/UE_4.14/Engine/Plugins/Runtime/WindowsDeviceProfileSelector/WindowsDeviceProfileSelector.uplugin
LogPluginManager: Loaded Plugin WindowsMoviePlayer, From C:/Program Files/Epic Games/UE_4.14/Engine/Plugins/Runtime/WindowsMoviePlayer/WindowsMoviePlayer.uplugin
LogPluginManager: Loaded Plugin ScriptPlugin, From C:/Program Files/Epic Games/UE_4.14/Engine/Plugins/ScriptPlugin/ScriptPlugin.uplugin
LogPluginManager: Loaded Plugin SlateRemote, From C:/Program Files/Epic Games/UE_4.14/Engine/Plugins/Slate/SlateRemote/SlateRemote.uplugin
LogPluginManager: Loaded Plugin EditorTests, From C:/Program Files/Epic Games/UE_4.14/Engine/Plugins/Tests/EditorTests/EditorTests.uplugin
LogPluginManager: Loaded Plugin FbxAutomationTestBuilder, From C:/Program Files/Epic Games/UE_4.14/Engine/Plugins/Tests/FbxAutomationTestBuilder/FbxAutomationTestBuilder.uplugin
LogPluginManager: Loaded Plugin FunctionalTestingEditor, From C:/Program Files/Epic Games/UE_4.14/Engine/Plugins/Tests/FunctionalTestingEditor/FunctionalTestingEditor.uplugin
LogPluginManager: Loaded Plugin RuntimeTests, From C:/Program Files/Epic Games/UE_4.14/Engine/Plugins/Tests/RuntimeTests/RuntimeTests.uplugin
LogPluginManager: Loaded Plugin ScreenshotTools, From C:/Program Files/Epic Games/UE_4.14/Engine/Plugins/Tests/ScreenshotTools/ScreenshotTools.uplugin
LogInit: Using libcurl 7.47.1
LogInit:  - built for x86_64-pc-win32
LogInit:  - supports SSL with OpenSSL/1.0.2g
LogInit:  - supports HTTP deflate (compression) using libz 1.2.8
LogInit:  - other features:
LogInit:      CURL_VERSION_SSL
LogInit:      CURL_VERSION_LIBZ
LogInit:      CURL_VERSION_IPV6
LogInit:      CURL_VERSION_ASYNCHDNS
LogInit:      CURL_VERSION_LARGEFILE
LogInit:      CURL_VERSION_IDN
LogInit:  CurlRequestOptions (configurable via config and command line):
LogInit:  - bVerifyPeer = false  - Libcurl will NOT verify peer certificate
LogInit:  - bUseHttpProxy = false  - Libcurl will NOT use HTTP proxy
LogInit:  - bDontReuseConnections = false  - Libcurl will reuse connections
LogInit:  - CertBundlePath = nullptr  - Libcurl will use whatever was configured at build time.
LogInit: Build: ++UE4+Release-4.14-CL-3249277
LogInit: Engine Version: 4.14.3-3249277+++UE4+Release-4.14
LogInit: Compatible Engine Version: 4.14.0-3195953+++UE4+Release-4.14
LogInit: Net CL: 3195953
LogDevObjectVersion: Number of dev versions registered: 13
LogDevObjectVersion:   Dev-Blueprints (B0D832E4-1F89-4F0D-ACCF-7EB736FD4AA2): 7
LogDevObjectVersion:   Dev-Build (E1C64328-A22C-4D53-A36C-8E866417BD8C): 0
LogDevObjectVersion:   Dev-Core (375EC13C-06E4-48FB-B500-84F0262A717E): 1
LogDevObjectVersion:   Dev-Editor (E4B068ED-F494-42E9-A231-DA0B2E46BB41): 8
LogDevObjectVersion:   Dev-Framework (CFFC743F-43B0-4480-9391-14DF171D2073): 17
LogDevObjectVersion:   Dev-Mobile (B02B49B5-BB20-44E9-A304-32B752E40360): 0
LogDevObjectVersion:   Dev-Networking (A4E4105C-59A1-49B5-A7C5-40C4547EDFEE): 0
LogDevObjectVersion:   Dev-Online (39C831C9-5AE6-47DC-9A44-9C173E1C8E7C): 0
LogDevObjectVersion:   Dev-Physics (78F01B33-EBEA-4F98-B9B4-84EACCB95AA2): 0
LogDevObjectVersion:   Dev-Platform (6631380F-2D4D-43E0-8009-CF276956A95A): 0
LogDevObjectVersion:   Dev-Rendering (12F88B9F-8875-4AFC-A67C-D90C383ABD29): 12
LogDevObjectVersion:   Dev-Sequencer (7B5AE74C-D270-4C10-A958-57980B212A5A): 1
LogDevObjectVersion:   Dev-VR (D7296918-1DD6-4BDD-9DE2-64A83CC13884): 0
LogInit: Compiled (64-bit): Jan  6 2017 10:49:43
LogInit: Compiled with Visual C++: 19.00.23026.00
LogInit: Build Configuration: Development
LogInit: Branch Name: ++UE4+Release-4.14
LogInit: Command line: 
LogInit: Base directory: C:/Program Files/Epic Games/UE_4.14/Engine/Binaries/Win64/
LogInit: Installed Engine Build: 1
LogInit: Presizing for max 8388607 objects, including 0 objects not considered by GC, pre-allocating 0 bytes for permanent pool.
LogInit: Object subsystem initialized
[2017.06.01-12.47.09:669][  0]LogInit: Selected Device Profile: [Windows]
[2017.06.01-12.47.09:669][  0]LogInit: Applying CVar settings loaded from the selected device profile: [Windows]
[2017.06.01-12.47.09:729][  0]LogInit: Computer: C215CG54555TB
[2017.06.01-12.47.09:729][  0]LogInit: User: gouthambalaji
[2017.06.01-12.47.09:729][  0]LogInit: CPU Page size=65536, Cores=2
[2017.06.01-12.47.09:729][  0]LogInit: High frequency timer resolution =2.338340 MHz
[2017.06.01-12.47.09:730][  0]LogMemory: Memory total: Physical=7.9GB (8GB approx)
[2017.06.01-12.47.09:730][  0]LogMemory: Platform Memory Stats for Windows
[2017.06.01-12.47.09:730][  0]LogMemory: Process Physical Memory: 261.50 MB used, 261.50 MB peak
[2017.06.01-12.47.09:730][  0]LogMemory: Process Virtual Memory: 262.06 MB used, 262.06 MB peak
[2017.06.01-12.47.09:730][  0]LogMemory: Physical Memory: 4417.21 MB used,  3655.89 MB free, 8073.11 MB total
[2017.06.01-12.47.09:730][  0]LogMemory: Virtual Memory: 656.19 MB used,  3655.89 MB free, 134217728.00 MB total
[2017.06.01-12.47.09:820][  0]LogTextLocalizationManager: No specific translations for ('en-AU') exist, so ('en') translations will be used.
[2017.06.01-12.47.13:961][  0]LogD3D11RHI: D3D11 adapters:
[2017.06.01-12.47.13:970][  0]LogD3D11RHI:    0. 'Intel(R) HD Graphics Family' (Feature Level 11_0)
[2017.06.01-12.47.13:970][  0]LogD3D11RHI:       0/0/1792 MB DedicatedVideo/DedicatedSystem/SharedSystem, Outputs:1, VendorId:0x8086
[2017.06.01-12.47.13:972][  0]LogD3D11RHI:    1. 'Microsoft Basic Render Driver' (Feature Level 11_0)
[2017.06.01-12.47.13:972][  0]LogD3D11RHI:       0/0/256 MB DedicatedVideo/DedicatedSystem/SharedSystem, Outputs:0, VendorId:0x1414
[2017.06.01-12.47.13:972][  0]LogD3D11RHI: Chosen D3D11 Adapter: 0
[2017.06.01-12.47.13:979][  0]LogD3D11RHI: Creating new Direct3DDevice
[2017.06.01-12.47.13:979][  0]LogD3D11RHI:     GPU DeviceId: 0xa16 (for the marketing name, search the web for "GPU Device Id")
[2017.06.01-12.47.13:979][  0]LogWindows: EnumDisplayDevices:
[2017.06.01-12.47.13:979][  0]LogWindows:    0. 'Intel(R) HD Graphics Family' (P:1 D:1)
[2017.06.01-12.47.13:979][  0]LogWindows:    1. 'Intel(R) HD Graphics Family' (P:0 D:0)
[2017.06.01-12.47.13:980][  0]LogWindows:    2. 'Intel(R) HD Graphics Family' (P:0 D:0)
[2017.06.01-12.47.13:980][  0]LogWindows: DebugString: FoundDriverCount:3 
[2017.06.01-12.47.13:980][  0]LogD3D11RHI:     Adapter Name: Intel(R) HD Graphics Family
[2017.06.01-12.47.13:980][  0]LogD3D11RHI:   Driver Version: 10.18.10.3574 (internal:10.18.10.3574, unified:10.18.10.3574)
[2017.06.01-12.47.13:980][  0]LogD3D11RHI:      Driver Date: 4-23-2014
[2017.06.01-12.47.13:980][  0]LogRHI: Texture pool is 627 MB (70% of 896 MB)
[2017.06.01-12.47.13:987][  0]LogD3D11RHI: Async texture creation enabled
[2017.06.01-12.47.13:995][  0]LogD3D11RHI: GPU Timing Frequency: 12.500000 (Debug: 2 0)
[2017.06.01-12.47.13:997][  0]LogShaderCompilers: Guid format shader working directory is -23 characters bigger than the processId version (../../../../../../Users/goutham.balaji/Documents/Unreal Projects/ProjectActual/Intermediate/Shaders/WorkingDirectory/9732/).
[2017.06.01-12.47.13:998][  0]LogShaderCompilers: Cleaned the shader compiler working directory 'C:/Users/goutham.balaji/AppData/Local/Temp/UnrealShaderWorkingDir/5C7CBF5E4838F14A0BB6A395293FC68F/'.
[2017.06.01-12.47.13:998][  0]LogShaderCompilers:Display: Using Local Shader Compiler.
[2017.06.01-12.47.17:701][  0]LogTemp:Display: Loaded TP AllDesktopTargetPlatform
[2017.06.01-12.47.17:784][  0]LogTemp:Display: Loaded TP MacClientTargetPlatform
[2017.06.01-12.47.17:886][  0]LogTemp:Display: Loaded TP MacNoEditorTargetPlatform
[2017.06.01-12.47.17:976][  0]LogTemp:Display: Loaded TP MacServerTargetPlatform
[2017.06.01-12.47.18:072][  0]LogTemp:Display: Loaded TP MacTargetPlatform
[2017.06.01-12.47.18:159][  0]LogTemp:Display: Loaded TP WindowsClientTargetPlatform
[2017.06.01-12.47.18:275][  0]LogTemp:Display: Loaded TP WindowsNoEditorTargetPlatform
[2017.06.01-12.47.18:401][  0]LogTemp:Display: Loaded TP WindowsServerTargetPlatform
[2017.06.01-12.47.18:501][  0]LogTemp:Display: Loaded TP WindowsTargetPlatform
[2017.06.01-12.47.18:621][  0]LogTemp:Display: Loaded TP AndroidTargetPlatform
[2017.06.01-12.47.18:708][  0]LogTemp:Display: Loaded TP Android_ASTCTargetPlatform
[2017.06.01-12.47.18:792][  0]LogTemp:Display: Loaded TP Android_ATCTargetPlatform
[2017.06.01-12.47.18:878][  0]LogTemp:Display: Loaded TP Android_DXTTargetPlatform
[2017.06.01-12.47.18:967][  0]LogTemp:Display: Loaded TP Android_ETC1TargetPlatform
[2017.06.01-12.47.19:065][  0]LogTemp:Display: Loaded TP Android_ETC2TargetPlatform
[2017.06.01-12.47.19:246][  0]LogTemp:Display: Loaded TP Android_MultiTargetPlatform
[2017.06.01-12.47.19:246][  0]LogTemp:Display: Loaded TP Android_PVRTCTargetPlatform
[2017.06.01-12.47.19:309][  0]LogTemp:Display: Loaded TP HTML5TargetPlatform
[2017.06.01-12.47.19:444][  0]LogTemp:Display: Loaded TP IOSTargetPlatform
[2017.06.01-12.47.19:513][  0]LogTemp:Display: Loaded TP TVOSTargetPlatform
[2017.06.01-12.47.19:621][  0]LogTemp:Display: Loaded TP LinuxClientTargetPlatform
[2017.06.01-12.47.19:712][  0]LogTemp:Display: Loaded TP LinuxNoEditorTargetPlatform
[2017.06.01-12.47.19:791][  0]LogTemp:Display: Loaded TP LinuxServerTargetPlatform
[2017.06.01-12.47.19:876][  0]LogTemp:Display: Loaded TP LinuxTargetPlatform
[2017.06.01-12.47.19:876][  0]LogTargetPlatformManager:Display: Building Assets For Windows
[2017.06.01-12.47.20:469][  0]LogDerivedDataCache:Display: Max Cache Size: 512 MB
[2017.06.01-12.47.20:645][  0]LogDerivedDataCache: Loaded boot cache 0.18s 50MB C:/Users/goutham.balaji/AppData/Local/UnrealEngine/4.14/DerivedDataCache/Boot.ddc.
[2017.06.01-12.47.20:645][  0]LogDerivedDataCache:Display: Loaded Boot cache: C:/Users/goutham.balaji/AppData/Local/UnrealEngine/4.14/DerivedDataCache/Boot.ddc
[2017.06.01-12.47.20:645][  0]LogDerivedDataCache: FDerivedDataBackendGraph:  Pak pak cache file ../../../../../../Users/goutham.balaji/Documents/Unreal Projects/ProjectActual/DerivedDataCache/DDC.ddp not found, will not use a pak cache.
[2017.06.01-12.47.20:645][  0]LogDerivedDataCache: Unable to find inner node Pak for hierarchical cache Hierarchy.
[2017.06.01-12.47.20:645][  0]LogDerivedDataCache: FDerivedDataBackendGraph:  CompressedPak pak cache file ../../../../../../Users/goutham.balaji/Documents/Unreal Projects/ProjectActual/DerivedDataCache/Compressed.ddp not found, will not use a pak cache.
[2017.06.01-12.47.20:645][  0]LogDerivedDataCache: Unable to find inner node CompressedPak for hierarchical cache Hierarchy.
[2017.06.01-12.47.20:682][  0]LogDerivedDataCache:Display: Pak cache opened for reading ../../../Engine/DerivedDataCache/Compressed.ddp.
[2017.06.01-12.47.20:695][  0]LogDerivedDataCache: Using Local data cache path C:/Users/goutham.balaji/AppData/Local/UnrealEngine/Common/DerivedDataCache: Writable
[2017.06.01-12.47.22:660][  0]LogInit: Selected Device Profile: [Windows]
[2017.06.01-12.47.22:665][  0]LogContentStreaming: Texture pool size is 0.00 MB
[2017.06.01-12.47.23:068][  0]LogMeshUtilities: Using QuadricMeshReduction for automatic static mesh reduction
[2017.06.01-12.47.23:133][  0]LogSimplygon: Simplygon DLL not present - disabling.
[2017.06.01-12.47.23:201][  0]LogMeshUtilities: Using SimplygonSwarm for distributed automatic mesh merging
[2017.06.01-12.47.23:201][  0]LogMeshUtilities: No automatic skeletal mesh reduction module available
[2017.06.01-12.47.23:201][  0]LogMeshUtilities: No automatic mesh merging module available
[2017.06.01-12.47.24:205][  0]LogNetVersion: GetLocalNetworkVersion: CL: 3195953, ProjectName: projectactual, ProjectVersion: , EngineNetworkVersion: 2, GameNetworkVersion: 0, NetworkChecksum: 4264748301
[2017.06.01-12.47.24:299][  0]LogAssetRegistry: FAssetRegistry took 0.0227 seconds to start up
[2017.06.01-12.47.24:391][  0]LogPackageLocalizationCache: Processed 3 localized package path(s) for 2 prioritized culture(s) in 0.055718 seconds
[2017.06.01-12.47.24:403][  0]LogUObjectArray: 31946 objects as part of root set at end of initial load.
[2017.06.01-12.47.24:403][  0]LogUObjectAllocator: 6935848 out of 0 bytes used by permanent object pool.
[2017.06.01-12.47.24:403][  0]LogUObjectArray: CloseDisregardForGC: 0/0 objects in disregard for GC pool
[2017.06.01-12.47.24:509][  0]LogInit: WinSock: version 1.1 (2.2), MaxSocks=32767, MaxUdp=65467
[2017.06.01-12.47.25:770][  0]LogSlate: Using Freetype 2.6.0
[2017.06.01-12.47.25:771][  0]LogSlate: SlateFontCache - WITH_FREETYPE: 1, WITH_HARFBUZZ: 1
[2017.06.01-12.47.25:771][  0]LogSlate: SlateFontCache - WITH_FREETYPE: 1, WITH_HARFBUZZ: 1
[2017.06.01-12.47.28:934][  0]LogTcpMessaging: Initializing TcpMessaging bridge
[2017.06.01-12.47.28:985][  0]LogUdpMessaging: Initializing bridge on interface 0.0.0.0:0 to multicast group 230.0.0.1:6666.
[2017.06.01-12.47.29:463][  0]LogMaterial: Uniform references updated for custom material expression Custom.
[2017.06.01-12.47.30:036][  0]SourceControl: Info Source control is disabled
[2017.06.01-12.47.30:491][  0]SourceControl: Info Source control is disabled
[2017.06.01-12.47.30:564][  0]SourceControl: Info Source control is disabled
[2017.06.01-12.47.30:635][  0]SourceControl: Info Source control is disabled
[2017.06.01-12.47.32:600][  0]LogEngine: Initializing Engine...
[2017.06.01-12.47.32:600][  0]LogHMD: Failed to initialize OpenVR with code 110
[2017.06.01-12.47.33:005][  0]LogAIModule: Creating AISystem for world Untitled
[2017.06.01-12.47.33:045][  0]LogInit: XAudio2 using 'Speakers/Headphones (Realtek High Definition Audio)' : 2 channels at 48 kHz using 32 bits per sample (channel mask 0x3)
[2017.06.01-12.47.33:064][  0]LogInit: FAudioDevice initialized.
[2017.06.01-12.47.33:108][  0]LogDerivedDataCache: Saved boot cache 0.04s 50MB C:/Users/goutham.balaji/AppData/Local/UnrealEngine/4.14/DerivedDataCache/Boot.ddc.
[2017.06.01-12.47.33:125][  0]LogInit: Texture streaming: Enabled
[2017.06.01-12.47.33:403][  0]LogInit: Transaction tracking system initialized
[2017.06.01-12.47.33:915][  0]BlueprintLog: New page: Editor Load
[2017.06.01-12.47.35:251][  0]LocalizationService: Info Localization service is disabled
[2017.06.01-12.47.36:758][  0]LogConsoleResponse:Display: 
[2017.06.01-12.47.37:365][  0]LogCook:Display: Max memory allowance for cook 16384mb min free memory 0mb
[2017.06.01-12.47.37:365][  0]LogCook:Display: Mobile HDR setting 1
[2017.06.01-12.47.37:871][  0]LogFileCache: Scanning file cache for directory 'C:/Users/goutham.balaji/Documents/Unreal Projects/ProjectActual/Content/' took 0.04s
[2017.06.01-12.47.39:027][  0]SourceControl: Info Source control is disabled
[2017.06.01-12.47.39:027][  0]Cmd: MAP LOAD FILE="../../../../../../Users/goutham.balaji/Documents/Unreal Projects/ProjectActual/Content/NewLevel1.umap" TEMPLATE=0 SHOWPROGRESS=1 FEATURELEVEL=3
[2017.06.01-12.47.39:028][  0]LightingResults: New page: Lighting Build
[2017.06.01-12.47.39:091][  0]MapCheck: New page: Map Check
[2017.06.01-12.47.39:091][  0]LightingResults: New page: Lighting Build
[2017.06.01-12.47.40:677][  0]LogAIModule: Creating AISystem for world NewLevel1
[2017.06.01-12.47.41:074][  0]LogEditorServer: Finished looking for orphan Actors (0.000 secs)
[2017.06.01-12.47.41:104][  0]Cmd: MAP CHECKDEP NOCLEARLOG
[2017.06.01-12.47.41:182][  0]MapCheck: Info Map check complete: 0 Error(s), 0 Warning(s), took 77.304ms to complete.
[2017.06.01-12.47.41:182][  0]LogFileHelpers: Loading map 'NewLevel1' took 2.154
[2017.06.01-12.47.41:244][  0]LogWindowsTextInputMethodSystem:Display: IME system now deactivated.
[2017.06.01-12.47.41:398][  0]LogCollectionManager: Loaded 0 collections in 0.002965 seconds
[2017.06.01-12.47.41:495][  0]LogFileCache: Scanning file cache for directory 'C:/Users/goutham.balaji/Documents/Unreal Projects/ProjectActual/Saved/Collections/' took 0.01s
[2017.06.01-12.47.41:495][  0]LogFileCache: Scanning file cache for directory 'C:/Users/goutham.balaji/Documents/Unreal Projects/ProjectActual/Content/Developers/gouthambalaji/Collections/' took 0.01s
[2017.06.01-12.47.41:495][  0]LogFileCache: Scanning file cache for directory 'C:/Users/goutham.balaji/Documents/Unreal Projects/ProjectActual/Content/Collections/' took 0.01s
[2017.06.01-12.47.41:495][  0]LogCollectionManager: Rebuilt the GUID cache for 0 collections in 0.000002 seconds
[2017.06.01-12.47.41:513][  0]LogContentBrowser: Native class hierarchy populated in 0.0176 seconds. Added 2190 classes and 428 folders.
[2017.06.01-12.47.41:577][  0]LogStats: UGameplayTagsManager::ConstructGameplayTagTree: Construct from data asset -  0.000 s
[2017.06.01-12.47.41:577][  0]LogStats: UGameplayTagsManager::ConstructGameplayTagTree: GameplayTagTreeChangedEvent.Broadcast -  0.000 s
[2017.06.01-12.47.41:578][  0]LogContentBrowser: Native class hierarchy updated for 'GameplayTags' in 0.0010 seconds. Added 13 classes and 0 folders.
[2017.06.01-12.47.41:669][  0]LogContentBrowser: Native class hierarchy updated for 'WidgetCarousel' in 0.0009 seconds. Added 0 classes and 0 folders.
[2017.06.01-12.47.42:140][  0]LogContentBrowser: Native class hierarchy updated for 'AddContentDialog' in 0.0009 seconds. Added 0 classes and 0 folders.
[2017.06.01-12.47.42:210][  0]LogContentBrowser: Native class hierarchy updated for 'SceneOutliner' in 0.0009 seconds. Added 1 classes and 2 folders.
[2017.06.01-12.47.42:362][  0]LogCrashTracker: Crashtracker disabled due to settings.
[2017.06.01-12.47.42:368][  0]LogUObjectGlobals:Warning: Failed to find object 'Class None.'
[2017.06.01-12.47.42:512][  0]LogContentBrowser: Native class hierarchy updated for 'HierarchicalLODOutliner' in 0.0009 seconds. Added 1 classes and 2 folders.
[2017.06.01-12.47.42:513][  0]LogLoad: (Engine Initialization) Total time: 36.13 seconds
[2017.06.01-12.47.42:513][  0]LogLoad: (Engine Initialization) Total Blueprint compile time: 0.45 seconds
[2017.06.01-12.47.42:513][  0]LogExternalProfiler: No external profilers were discovered.  External profiling features will not be available.
[2017.06.01-12.47.42:531][  0]LogOcInput: OculusInput pre-init called
[2017.06.01-12.47.42:551][  0]LogContentStreaming: Texture pool size now 400 MB
[2017.06.01-12.47.42:885][  2]LogRenderer: Reallocating scene render targets to support 972x568 NumSamples 1 (Frame:2).
[2017.06.01-12.47.44:730][  4]LogAssetRegistry: Asset discovery search completed in 20.4543 seconds
[2017.06.01-12.47.44:730][  4]LogCollectionManager: Rebuilt the object cache for 0 collections in 0.000001 seconds (found 0 objects)
[2017.06.01-12.47.44:730][  4]LogCollectionManager: Fixed up redirectors for 0 collections in 0.000027 seconds (updated 0 objects)
[2017.06.01-12.47.56:050][191]LogContentBrowser: Native class hierarchy updated for 'BlueprintGraph' in 0.0015 seconds. Added 111 classes and 0 folders.
[2017.06.01-12.48.08:934][547]LogBlueprintUserMessages: Early PlayInEditor Detection: Level '/Game/NewLevel1.NewLevel1:PersistentLevel' has LevelScriptBlueprint '/Game/NewLevel1.NewLevel1:PersistentLevel.NewLevel1' with GeneratedClass '/Game/NewLevel1.NewLevel1_C' with ClassGeneratedBy '/Game/NewLevel1.NewLevel1:PersistentLevel.NewLevel1'
[2017.06.01-12.48.08:934][547]LogPlayLevel: PlayLevel: No blueprints needed recompiling
[2017.06.01-12.48.08:934][547]PIE: New page: PIE session: NewLevel1 (2 Jun 2017 7:48:08 am)
[2017.06.01-12.48.08:935][547]LogPlayLevel: Creating play world package: /Game/UEDPIE_0_NewLevel1
[2017.06.01-12.48.09:002][547]LogPlayLevel: PIE: StaticDuplicateObject took: (0.067576s)
[2017.06.01-12.48.09:003][547]LogAIModule: Creating AISystem for world NewLevel1
[2017.06.01-12.48.09:004][547]LogPlayLevel: PIE: World Init took: (0.001002s)
[2017.06.01-12.48.09:004][547]LogPlayLevel: PIE: Created PIE world by copying editor world from /Game/NewLevel1.NewLevel1 to /Game/UEDPIE_0_NewLevel1.NewLevel1 (0.069576s)
[2017.06.01-12.48.09:091][547]LogInit: XAudio2 using 'Speakers/Headphones (Realtek High Definition Audio)' : 2 channels at 48 kHz using 32 bits per sample (channel mask 0x3)
[2017.06.01-12.48.09:111][547]LogInit: FAudioDevice initialized.
[2017.06.01-12.48.09:169][547]LogLoad: Game class is 'MyGame_C'
[2017.06.01-12.48.09:194][547]LogWorld: Bringing World /Game/UEDPIE_0_NewLevel1.NewLevel1 up for play (max tick rate 60) at 2017.06.01-22.18.09
[2017.06.01-12.48.09:201][547]LogWorld: Bringing up level for play took: 0.031891
[2017.06.01-12.48.09:203][547]LogSpawn:Warning: SpawnActor failed because no class was specified
[2017.06.01-12.48.09:274][547]LogContentBrowser: Native class hierarchy updated for 'MovieSceneCapture' in 0.0009 seconds. Added 11 classes and 0 folders.
[2017.06.01-12.48.09:280][547]PIE: Info Play in editor start time for /Game/UEDPIE_0_NewLevel1 0.44
[2017.06.01-12.48.09:280][547]LogBlueprintUserMessages: Late PlayInEditor Detection: Level '/Game/NewLevel1.NewLevel1:PersistentLevel' has LevelScriptBlueprint '/Game/NewLevel1.NewLevel1:PersistentLevel.NewLevel1' with GeneratedClass '/Game/NewLevel1.NewLevel1_C' with ClassGeneratedBy '/Game/NewLevel1.NewLevel1:PersistentLevel.NewLevel1'
[2017.06.01-12.48.11:134][620]LogNet: Browse: /Game/Levels_Selection
[2017.06.01-12.48.11:134][620]LogLoad: LoadMap: /Game/Levels_Selection
[2017.06.01-12.48.11:220][620]Cmd: MEM
[2017.06.01-12.48.11:280][620]LogMemory: Platform Memory Stats for Windows
[2017.06.01-12.48.11:280][620]LogMemory: Process Physical Memory: 1236.16 MB used, 1244.63 MB peak
[2017.06.01-12.48.11:280][620]LogMemory: Process Virtual Memory: 1278.38 MB used, 1288.29 MB peak
[2017.06.01-12.48.11:280][620]LogMemory: Physical Memory: 5668.63 MB used,  2404.48 MB free, 8073.11 MB total
[2017.06.01-12.48.11:280][620]LogMemory: Virtual Memory: 2066.11 MB used,  2404.48 MB free, 134217728.00 MB total
[2017.06.01-12.48.11:280][620]LogMemory: 
[2017.06.01-12.48.11:280][620]Allocator Stats for TBB: (not implemented)
[2017.06.01-12.48.12:270][620]LogAIModule: Creating AISystem for world Levels_Selection
[2017.06.01-12.48.12:271][620]LogLoad: Game class is 'GameModeBase'
[2017.06.01-12.48.12:272][620]LogWorld: Bringing World /Game/UEDPIE_0_Levels_Selection.Levels_Selection up for play (max tick rate 60) at 2017.06.01-22.18.12
[2017.06.01-12.48.12:272][620]LogWorld: Bringing up level for play took: 0.001278
[2017.06.01-12.48.12:273][620]LogGameMode: Warning - PATHS NOT DEFINED or NO PLAYERSTART with positive rating
[2017.06.01-12.48.12:275][620]LogLoad: Took 1.140325 seconds to LoadMap(/Game/Levels_Selection)
[2017.06.01-12.48.14:056][710]LogBlueprintUserMessages: Early EndPlayMap Detection: Level '/Game/NewLevel1.NewLevel1:PersistentLevel' has LevelScriptBlueprint '/Game/NewLevel1.NewLevel1:PersistentLevel.NewLevel1' with GeneratedClass '/Game/NewLevel1.NewLevel1_C' with ClassGeneratedBy '/Game/NewLevel1.NewLevel1:PersistentLevel.NewLevel1'
[2017.06.01-12.48.14:105][710]LogBlueprintUserMessages: Late EndPlayMap Detection: Level '/Game/NewLevel1.NewLevel1:PersistentLevel' has LevelScriptBlueprint '/Game/NewLevel1.NewLevel1:PersistentLevel.NewLevel1' with GeneratedClass '/Game/NewLevel1.NewLevel1_C' with ClassGeneratedBy '/Game/NewLevel1.NewLevel1:PersistentLevel.NewLevel1'
[2017.06.01-12.48.25:077][155]BlueprintLog: New page: Compile NewLevel1
[2017.06.01-12.48.27:057][239]Cmd: OBJ SAVEPACKAGE PACKAGE="/Game/NewLevel1" FILE="../../../../../../Users/goutham.balaji/Documents/Unreal Projects/ProjectActual/Content/NewLevel1.umap" SILENT=true AUTOSAVING=false KEEPDIRTY=false
[2017.06.01-12.48.28:002][239]LogSavePackage: Save=843.61ms
[2017.06.01-12.48.28:002][239]LogSavePackage: Moving '../../../../../../Users/goutham.balaji/Documents/Unreal Projects/ProjectActual/Saved/NewLevel1E4B511E143A70ACD2270618142545CF0.tmp' to '../../../../../../Users/goutham.balaji/Documents/Unreal Projects/ProjectActual/Content/NewLevel1.umap'
[2017.06.01-12.48.28:011][239]LogSavePackage:Display: Finished SavePackage ../../../../../../Users/goutham.balaji/Documents/Unreal Projects/ProjectActual/Content/NewLevel1.umap
[2017.06.01-12.48.28:757][260]LogTemp: Repeting last play command: Selected Viewport
[2017.06.01-12.48.28:824][260]LogBlueprintUserMessages: Early PlayInEditor Detection: Level '/Game/NewLevel1.NewLevel1:PersistentLevel' has LevelScriptBlueprint '/Game/NewLevel1.NewLevel1:PersistentLevel.NewLevel1' with GeneratedClass '/Game/NewLevel1.NewLevel1_C' with ClassGeneratedBy '/Game/NewLevel1.NewLevel1:PersistentLevel.NewLevel1'
[2017.06.01-12.48.28:824][260]LogPlayLevel: PlayLevel: No blueprints needed recompiling
[2017.06.01-12.48.28:824][260]PIE: New page: PIE session: NewLevel1 (2 Jun 2017 7:48:28 am)
[2017.06.01-12.48.28:824][260]LogPlayLevel: Creating play world package: /Game/UEDPIE_0_NewLevel1
[2017.06.01-12.48.28:923][260]LogPlayLevel: PIE: StaticDuplicateObject took: (0.098570s)
[2017.06.01-12.48.28:924][260]LogAIModule: Creating AISystem for world NewLevel1
[2017.06.01-12.48.28:924][260]LogPlayLevel: PIE: World Init took: (0.001031s)
[2017.06.01-12.48.28:925][260]LogPlayLevel: PIE: Created PIE world by copying editor world from /Game/NewLevel1.NewLevel1 to /Game/UEDPIE_0_NewLevel1.NewLevel1 (0.100182s)
[2017.06.01-12.48.29:000][260]LogInit: XAudio2 using 'Speakers/Headphones (Realtek High Definition Audio)' : 2 channels at 48 kHz using 32 bits per sample (channel mask 0x3)
[2017.06.01-12.48.29:049][260]LogInit: FAudioDevice initialized.
[2017.06.01-12.48.29:088][260]LogLoad: Game class is 'MyGame_C'
[2017.06.01-12.48.29:112][260]LogWorld: Bringing World /Game/UEDPIE_0_NewLevel1.NewLevel1 up for play (max tick rate 60) at 2017.06.01-22.18.29
[2017.06.01-12.48.29:115][260]LogWorld: Bringing up level for play took: 0.026457
[2017.06.01-12.48.29:116][260]LogSpawn:Warning: SpawnActor failed because no class was specified
[2017.06.01-12.48.29:121][260]PIE: Info Play in editor start time for /Game/UEDPIE_0_NewLevel1 0.281
[2017.06.01-12.48.29:122][260]LogBlueprintUserMessages: Late PlayInEditor Detection: Level '/Game/NewLevel1.NewLevel1:PersistentLevel' has LevelScriptBlueprint '/Game/NewLevel1.NewLevel1:PersistentLevel.NewLevel1' with GeneratedClass '/Game/NewLevel1.NewLevel1_C' with ClassGeneratedBy '/Game/NewLevel1.NewLevel1:PersistentLevel.NewLevel1'
[2017.06.01-12.48.33:457][454]LogBlueprintUserMessages: Early EndPlayMap Detection: Level '/Game/NewLevel1.NewLevel1:PersistentLevel' has LevelScriptBlueprint '/Game/NewLevel1.NewLevel1:PersistentLevel.NewLevel1' with GeneratedClass '/Game/NewLevel1.NewLevel1_C' with ClassGeneratedBy '/Game/NewLevel1.NewLevel1:PersistentLevel.NewLevel1'
[2017.06.01-12.48.33:523][454]LogBlueprintUserMessages: Late EndPlayMap Detection: Level '/Game/NewLevel1.NewLevel1:PersistentLevel' has LevelScriptBlueprint '/Game/NewLevel1.NewLevel1:PersistentLevel.NewLevel1' with GeneratedClass '/Game/NewLevel1.NewLevel1_C' with ClassGeneratedBy '/Game/NewLevel1.NewLevel1:PersistentLevel.NewLevel1'
[2017.06.01-12.48.36:692][515]LogEditorViewport: Clicking on Actor (LMB): Monster1_C (Monster2)
[2017.06.01-12.48.38:127][539]Cmd: DELETE
[2017.06.01-12.48.38:127][539]Cmd: ACTOR DELETE
[2017.06.01-12.48.38:130][539]LogEditorActor: Deleted Actor: Monster1_C
[2017.06.01-12.48.38:227][539]LogEditorActor: Deleted 1 Actors (0.100 secs)
[2017.06.01-12.48.41:158][594]Cmd: OBJ SAVEPACKAGE PACKAGE="/Game/NewLevel1" FILE="../../../../../../Users/goutham.balaji/Documents/Unreal Projects/ProjectActual/Content/NewLevel1.umap" SILENT=true AUTOSAVING=false KEEPDIRTY=false
[2017.06.01-12.48.42:093][594]LogSavePackage: Save=831.18ms
[2017.06.01-12.48.42:093][594]LogSavePackage: Moving '../../../../../../Users/goutham.balaji/Documents/Unreal Projects/ProjectActual/Saved/NewLevel1D0A40FAE4F49CDE2AD71BD802E21A219.tmp' to '../../../../../../Users/goutham.balaji/Documents/Unreal Projects/ProjectActual/Content/NewLevel1.umap'
[2017.06.01-12.48.42:098][594]LogSavePackage:Display: Finished SavePackage ../../../../../../Users/goutham.balaji/Documents/Unreal Projects/ProjectActual/Content/NewLevel1.umap
[2017.06.01-12.49.00:927][348]BlueprintLog: New page: Compile Monster1
[2017.06.01-12.49.01:582][358]Cmd: OBJ SAVEPACKAGE PACKAGE="/Game/Characters/Monster1" FILE="../../../../../../Users/goutham.balaji/Documents/Unreal Projects/ProjectActual/Content/Characters/Monster1.uasset" SILENT=true
[2017.06.01-12.49.01:682][358]LogSavePackage: Save=71.03ms
[2017.06.01-12.49.01:682][358]LogSavePackage: Moving '../../../../../../Users/goutham.balaji/Documents/Unreal Projects/ProjectActual/Saved/Monster1E8FBDB304A2BA713AEA6DAADB524A921.tmp' to '../../../../../../Users/goutham.balaji/Documents/Unreal Projects/ProjectActual/Content/Characters/Monster1.uasset'
[2017.06.01-12.49.01:686][358]LogSavePackage:Display: Finished SavePackage ../../../../../../Users/goutham.balaji/Documents/Unreal Projects/ProjectActual/Content/Characters/Monster1.uasset
[2017.06.01-12.49.07:701][679]BlueprintLog: New page: Compile MyCharacter
[2017.06.01-12.49.08:794][681]Cmd: OBJ SAVEPACKAGE PACKAGE="/Game/Characters/MyCharacter" FILE="../../../../../../Users/goutham.balaji/Documents/Unreal Projects/ProjectActual/Content/Characters/MyCharacter.uasset" SILENT=true
[2017.06.01-12.49.08:919][681]LogSavePackage: Save=89.79ms
[2017.06.01-12.49.08:919][681]LogSavePackage: Moving '../../../../../../Users/goutham.balaji/Documents/Unreal Projects/ProjectActual/Saved/MyCharacter273080CD4E4C114531BEB4819032198E.tmp' to '../../../../../../Users/goutham.balaji/Documents/Unreal Projects/ProjectActual/Content/Characters/MyCharacter.uasset'
[2017.06.01-12.49.08:922][681]LogSavePackage:Display: Finished SavePackage ../../../../../../Users/goutham.balaji/Documents/Unreal Projects/ProjectActual/Content/Characters/MyCharacter.uasset
[2017.06.01-12.49.13:689][933]LogRenderer: Reallocating scene render targets to support 1016x568 NumSamples 1 (Frame:1027).
[2017.06.01-12.49.27:056][402]BlueprintLog: New page: Compile Monster1
[2017.06.01-12.49.27:139][402]LogUObjectGlobals:Warning: Guid referenced by CapsuleComponent /Game/NewLevel1.NewLevel1:PersistentLevel.Monster1_147.CollisionCylinder is already used by CapsuleComponent /Game/NewLevel1.NewLevel1:PersistentLevel.REINST_Monster1_C_0.CollisionCylinder, which should never happen in the editor but could happen at runtime with duplicate level loading or PIE
[2017.06.01-12.49.27:139][402]LogUObjectGlobals:Warning: Guid referenced by ArrowComponent /Game/NewLevel1.NewLevel1:PersistentLevel.Monster1_147.Arrow is already used by ArrowComponent /Game/NewLevel1.NewLevel1:PersistentLevel.REINST_Monster1_C_0.Arrow, which should never happen in the editor but could happen at runtime with duplicate level loading or PIE
[2017.06.01-12.49.27:139][402]LogUObjectGlobals:Warning: Guid referenced by CharacterMovementComponent /Game/NewLevel1.NewLevel1:PersistentLevel.Monster1_147.CharMoveComp is already used by CharacterMovementComponent /Game/NewLevel1.NewLevel1:PersistentLevel.REINST_Monster1_C_0.CharMoveComp, which should never happen in the editor but could happen at runtime with duplicate level loading or PIE
[2017.06.01-12.49.27:139][402]LogUObjectGlobals:Warning: Guid referenced by SkeletalMeshComponent /Game/NewLevel1.NewLevel1:PersistentLevel.Monster1_147.CharacterMesh0 is already used by SkeletalMeshComponent /Game/NewLevel1.NewLevel1:PersistentLevel.REINST_Monster1_C_0.CharacterMesh0, which should never happen in the editor but could happen at runtime with duplicate level loading or PIE
[2017.06.01-12.49.29:026][447]Cmd: OBJ SAVEPACKAGE PACKAGE="/Game/Characters/Monster1" FILE="../../../../../../Users/goutham.balaji/Documents/Unreal Projects/ProjectActual/Content/Characters/Monster1.uasset" SILENT=true
[2017.06.01-12.49.29:126][447]LogSavePackage: Save=73.36ms
[2017.06.01-12.49.29:126][447]LogSavePackage: Moving '../../../../../../Users/goutham.balaji/Documents/Unreal Projects/ProjectActual/Saved/Monster139D9FA3C42A732EFAF7B9F944282F1D5.tmp' to '../../../../../../Users/goutham.balaji/Documents/Unreal Projects/ProjectActual/Content/Characters/Monster1.uasset'
[2017.06.01-12.49.29:130][447]LogSavePackage:Display: Finished SavePackage ../../../../../../Users/goutham.balaji/Documents/Unreal Projects/ProjectActual/Content/Characters/Monster1.uasset
[2017.06.01-12.49.30:892][493]Cmd: OBJ SAVEPACKAGE PACKAGE="/Game/NewLevel1" FILE="../../../../../../Users/goutham.balaji/Documents/Unreal Projects/ProjectActual/Content/NewLevel1.umap" SILENT=true AUTOSAVING=false KEEPDIRTY=false
[2017.06.01-12.49.31:845][493]LogSavePackage: Save=859.50ms
[2017.06.01-12.49.31:845][493]LogSavePackage: Moving '../../../../../../Users/goutham.balaji/Documents/Unreal Projects/ProjectActual/Saved/NewLevel1C79E3FF643500A0281A1ECB7AF4A1937.tmp' to '../../../../../../Users/goutham.balaji/Documents/Unreal Projects/ProjectActual/Content/NewLevel1.umap'
[2017.06.01-12.49.31:850][493]LogSavePackage:Display: Finished SavePackage ../../../../../../Users/goutham.balaji/Documents/Unreal Projects/ProjectActual/Content/NewLevel1.umap
[2017.06.01-12.49.32:334][503]LogTemp: Repeting last play command: Selected Viewport
[2017.06.01-12.49.32:499][503]LogBlueprintUserMessages: Early PlayInEditor Detection: Level '/Game/NewLevel1.NewLevel1:PersistentLevel' has LevelScriptBlueprint '/Game/NewLevel1.NewLevel1:PersistentLevel.NewLevel1' with GeneratedClass '/Game/NewLevel1.NewLevel1_C' with ClassGeneratedBy '/Game/NewLevel1.NewLevel1:PersistentLevel.NewLevel1'
[2017.06.01-12.49.32:499][503]LogPlayLevel: PlayLevel: No blueprints needed recompiling
[2017.06.01-12.49.32:499][503]PIE: New page: PIE session: NewLevel1 (2 Jun 2017 7:49:32 am)
[2017.06.01-12.49.32:499][503]LogPlayLevel: Creating play world package: /Game/UEDPIE_0_NewLevel1
[2017.06.01-12.49.32:565][503]LogPlayLevel: PIE: StaticDuplicateObject took: (0.065938s)
[2017.06.01-12.49.32:567][503]LogAIModule: Creating AISystem for world NewLevel1
[2017.06.01-12.49.32:567][503]LogPlayLevel: PIE: World Init took: (0.002370s)
[2017.06.01-12.49.32:568][503]LogPlayLevel: PIE: Created PIE world by copying editor world from /Game/NewLevel1.NewLevel1 to /Game/UEDPIE_0_NewLevel1.NewLevel1 (0.068873s)
[2017.06.01-12.49.32:628][503]LogInit: XAudio2 using 'Speakers/Headphones (Realtek High Definition Audio)' : 2 channels at 48 kHz using 32 bits per sample (channel mask 0x3)
[2017.06.01-12.49.32:642][503]LogInit: FAudioDevice initialized.
[2017.06.01-12.49.32:676][503]LogLoad: Game class is 'MyGame_C'
[2017.06.01-12.49.32:697][503]LogWorld: Bringing World /Game/UEDPIE_0_NewLevel1.NewLevel1 up for play (max tick rate 60) at 2017.06.01-22.19.32
[2017.06.01-12.49.32:700][503]LogWorld: Bringing up level for play took: 0.023428
[2017.06.01-12.49.32:702][503]LogSpawn:Warning: SpawnActor failed because no class was specified
[2017.06.01-12.49.32:707][503]PIE: Info Play in editor start time for /Game/UEDPIE_0_NewLevel1 -0.134
[2017.06.01-12.49.32:707][503]LogBlueprintUserMessages: Late PlayInEditor Detection: Level '/Game/NewLevel1.NewLevel1:PersistentLevel' has LevelScriptBlueprint '/Game/NewLevel1.NewLevel1:PersistentLevel.NewLevel1' with GeneratedClass '/Game/NewLevel1.NewLevel1_C' with ClassGeneratedBy '/Game/NewLevel1.NewLevel1:PersistentLevel.NewLevel1'
[2017.06.01-12.49.39:985][830]LogBlueprintUserMessages: [Monster1_147] 190
[2017.06.01-12.49.41:094][882]LogBlueprintUserMessages: [Monster1_147] 180
[2017.06.01-12.49.54:666][527]LogBlueprintUserMessages: [Monster1_147] 170
[2017.06.01-12.49.55:395][560]LogBlueprintUserMessages: Early EndPlayMap Detection: Level '/Game/NewLevel1.NewLevel1:PersistentLevel' has LevelScriptBlueprint '/Game/NewLevel1.NewLevel1:PersistentLevel.NewLevel1' with GeneratedClass '/Game/NewLevel1.NewLevel1_C' with ClassGeneratedBy '/Game/NewLevel1.NewLevel1:PersistentLevel.NewLevel1'
[2017.06.01-12.49.55:462][560]LogBlueprintUserMessages: Late EndPlayMap Detection: Level '/Game/NewLevel1.NewLevel1:PersistentLevel' has LevelScriptBlueprint '/Game/NewLevel1.NewLevel1:PersistentLevel.NewLevel1' with GeneratedClass '/Game/NewLevel1.NewLevel1_C' with ClassGeneratedBy '/Game/NewLevel1.NewLevel1:PersistentLevel.NewLevel1'
[2017.06.01-12.49.57:753][604]Cmd: SELECT NONE
[2017.06.01-12.49.59:178][632]LogEditorViewport: Clicking on Actor (LMB): StaticMeshActor (Wall_500x567)
[2017.06.01-12.50.08:458][822]LogTemp: Repeting last play command: Selected Viewport
[2017.06.01-12.50.08:566][822]LogBlueprintUserMessages: Early PlayInEditor Detection: Level '/Game/NewLevel1.NewLevel1:PersistentLevel' has LevelScriptBlueprint '/Game/NewLevel1.NewLevel1:PersistentLevel.NewLevel1' with GeneratedClass '/Game/NewLevel1.NewLevel1_C' with ClassGeneratedBy '/Game/NewLevel1.NewLevel1:PersistentLevel.NewLevel1'
[2017.06.01-12.50.08:566][822]LogPlayLevel: PlayLevel: No blueprints needed recompiling
[2017.06.01-12.50.08:566][822]PIE: New page: PIE session: NewLevel1 (2 Jun 2017 7:50:08 am)
[2017.06.01-12.50.08:566][822]LogPlayLevel: Creating play world package: /Game/UEDPIE_0_NewLevel1
[2017.06.01-12.50.08:653][822]LogPlayLevel: PIE: StaticDuplicateObject took: (0.086940s)
[2017.06.01-12.50.08:654][822]LogAIModule: Creating AISystem for world NewLevel1
[2017.06.01-12.50.08:655][822]LogPlayLevel: PIE: World Init took: (0.001217s)
[2017.06.01-12.50.08:655][822]LogPlayLevel: PIE: Created PIE world by copying editor world from /Game/NewLevel1.NewLevel1 to /Game/UEDPIE_0_NewLevel1.NewLevel1 (0.088707s)
[2017.06.01-12.50.08:731][822]LogInit: XAudio2 using 'Speakers/Headphones (Realtek High Definition Audio)' : 2 channels at 48 kHz using 32 bits per sample (channel mask 0x3)
[2017.06.01-12.50.08:748][822]LogInit: FAudioDevice initialized.
[2017.06.01-12.50.08:787][822]LogLoad: Game class is 'MyGame_C'
[2017.06.01-12.50.08:808][822]LogWorld: Bringing World /Game/UEDPIE_0_NewLevel1.NewLevel1 up for play (max tick rate 60) at 2017.06.01-22.20.08
[2017.06.01-12.50.08:811][822]LogWorld: Bringing up level for play took: 0.023341
[2017.06.01-12.50.08:812][822]LogSpawn:Warning: SpawnActor failed because no class was specified
[2017.06.01-12.50.08:817][822]PIE: Info Play in editor start time for /Game/UEDPIE_0_NewLevel1 -0.024
[2017.06.01-12.50.08:817][822]LogBlueprintUserMessages: Late PlayInEditor Detection: Level '/Game/NewLevel1.NewLevel1:PersistentLevel' has LevelScriptBlueprint '/Game/NewLevel1.NewLevel1:PersistentLevel.NewLevel1' with GeneratedClass '/Game/NewLevel1.NewLevel1_C' with ClassGeneratedBy '/Game/NewLevel1.NewLevel1:PersistentLevel.NewLevel1'
[2017.06.01-12.50.15:586][125]LogBlueprintUserMessages: [Monster1_147] 190
[2017.06.01-12.50.16:623][176]LogBlueprintUserMessages: [Monster1_147] 180
[2017.06.01-12.50.17:153][201]LogBlueprintUserMessages: [Monster1_147] 170
[2017.06.01-12.50.38:780][236]LogBlueprintUserMessages: [Monster1_147] 160
[2017.06.01-12.50.40:144][304]LogBlueprintUserMessages: [Monster1_147] 150
[2017.06.01-12.50.40:700][333]LogBlueprintUserMessages: [Monster1_147] 140
[2017.06.01-12.50.43:020][447]LogBlueprintUserMessages: [Monster1_147] 130
[2017.06.01-12.50.45:671][577]LogBlueprintUserMessages: [Monster1_147] 120
[2017.06.01-12.50.54:314][994]LogBlueprintUserMessages: [Monster1_147] 110
[2017.06.01-12.50.54:827][ 19]LogBlueprintUserMessages: Early EndPlayMap Detection: Level '/Game/NewLevel1.NewLevel1:PersistentLevel' has LevelScriptBlueprint '/Game/NewLevel1.NewLevel1:PersistentLevel.NewLevel1' with GeneratedClass '/Game/NewLevel1.NewLevel1_C' with ClassGeneratedBy '/Game/NewLevel1.NewLevel1:PersistentLevel.NewLevel1'
[2017.06.01-12.50.54:911][ 19]LogBlueprintUserMessages: Late EndPlayMap Detection: Level '/Game/NewLevel1.NewLevel1:PersistentLevel' has LevelScriptBlueprint '/Game/NewLevel1.NewLevel1:PersistentLevel.NewLevel1' with GeneratedClass '/Game/NewLevel1.NewLevel1_C' with ClassGeneratedBy '/Game/NewLevel1.NewLevel1:PersistentLevel.NewLevel1'
[2017.06.01-12.51.02:724][340]BlueprintLog: New page: Compile MyCharacter
[2017.06.01-12.51.03:867][342]Cmd: OBJ SAVEPACKAGE PACKAGE="/Game/Characters/MyCharacter" FILE="../../../../../../Users/goutham.balaji/Documents/Unreal Projects/ProjectActual/Content/Characters/MyCharacter.uasset" SILENT=true
[2017.06.01-12.51.03:993][342]LogSavePackage: Save=94.63ms
[2017.06.01-12.51.03:993][342]LogSavePackage: Moving '../../../../../../Users/goutham.balaji/Documents/Unreal Projects/ProjectActual/Saved/MyCharacter0F814B6F4DF65ABC13A800AC838D359B.tmp' to '../../../../../../Users/goutham.balaji/Documents/Unreal Projects/ProjectActual/Content/Characters/MyCharacter.uasset'
[2017.06.01-12.51.03:997][342]LogSavePackage:Display: Finished SavePackage ../../../../../../Users/goutham.balaji/Documents/Unreal Projects/ProjectActual/Content/Characters/MyCharacter.uasset
[2017.06.01-12.51.06:558][450]Cmd: OBJ SAVEPACKAGE PACKAGE="/Game/NewLevel1" FILE="../../../../../../Users/goutham.balaji/Documents/Unreal Projects/ProjectActual/Content/NewLevel1.umap" SILENT=true AUTOSAVING=false KEEPDIRTY=false
[2017.06.01-12.51.07:474][450]LogSavePackage: Save=840.07ms
[2017.06.01-12.51.07:474][450]LogSavePackage: Moving '../../../../../../Users/goutham.balaji/Documents/Unreal Projects/ProjectActual/Saved/NewLevel1052C36B94B8AAB8ADE71D389A5A5D473.tmp' to '../../../../../../Users/goutham.balaji/Documents/Unreal Projects/ProjectActual/Content/NewLevel1.umap'
[2017.06.01-12.51.07:478][450]LogSavePackage:Display: Finished SavePackage ../../../../../../Users/goutham.balaji/Documents/Unreal Projects/ProjectActual/Content/NewLevel1.umap
[2017.06.01-12.51.09:414][486]LogActorComponent: UnregisterComponent: (/Engine/Transient.EditorFloorComp) Not registered. Aborting.
[2017.06.01-12.51.09:496][486]LogActorComponent: UnregisterComponent: (/Engine/Transient.EditorFloorComp) Not registered. Aborting.
[2017.06.01-12.51.09:596][486]LogWindowsTextInputMethodSystem:Display: IME system now deactivated.
[2017.06.01-12.51.09:893][487]Cmd: QUIT_EDITOR
[2017.06.01-12.51.10:111][487]LogExit: Preparing to exit.
[2017.06.01-12.51.10:344][487]LogDirectoryWatcher: A directory notification for 'C:/Users/goutham.balaji/Documents/Unreal Projects/ProjectActual/Content/' was aborted.
[2017.06.01-12.51.10:424][487]LogExit: Editor shut down
[2017.06.01-12.51.10:425][487]LogExit: Transaction tracking system shut down
[2017.06.01-12.51.10:731][487]LogObj: Freed 0b from 0 cluster array pools.
[2017.06.01-12.51.10:731][487]LogExit: Object subsystem successfully closed.
[2017.06.01-12.51.10:758][487]LogD3D11RHI: Shutdown
[2017.06.01-12.51.10:758][487]LogD3D11RHI: CleanupD3DDevice
[2017.06.01-12.51.10:982][487]LogD3D11RHI: ~FD3D11DynamicRHI
[2017.06.01-12.51.11:028][487]LogHttp:Display: Http module shutting down, but needs to wait on 1 outstanding Http requests:
[2017.06.01-12.51.11:028][487]LogHttp:Display: 	verb=[POST] url=[https://datarouter.ol.epicgames.com/datarouter/api/v1/public/data?SessionID=%7BB5606831-4C7C-487C-AB71-098A2FDA84B2%7D&AppID=UEEditor.Rocket.Release&AppVersion=4.14.3-3249277%2B%2B%2BUE4%2BRelease-4.14&UserID=bf8cfc4e404371cd7453d089c9ac27a0%7Cbea9a9145b174597b4f37c6fdd11633f%7C8239370e-8e74-4144-86be-ed7d41079ee3&AppEnvironment=datacollector-binary&UploadType=eteventstream] status=Processing
[2017.06.01-12.51.11:028][487]LogHttp:Display: Sleeping 0.5s to wait for 1 outstanding Http requests.
[2017.06.01-12.51.11:567][487]LogModuleManager: Shutting down and abandoning module MovieSceneCapture (245)
[2017.06.01-12.51.11:568][487]LogModuleManager: Shutting down and abandoning module SequencerWidgets (244)
[2017.06.01-12.51.11:568][487]LogModuleManager: Shutting down and abandoning module BlueprintGraph (243)
[2017.06.01-12.51.11:568][487]LogModuleManager: Shutting down and abandoning module BlueprintProfiler (242)
[2017.06.01-12.51.11:569][487]LogModuleManager: Shutting down and abandoning module HierarchicalLODOutliner (241)
[2017.06.01-12.51.11:569][487]LogModuleManager: Shutting down and abandoning module CrashTracker (240)
[2017.06.01-12.51.11:569][487]LogModuleManager: Shutting down and abandoning module SceneOutliner (239)
[2017.06.01-12.51.11:569][487]LogModuleManager: Shutting down and abandoning module WidgetCarousel (238)
[2017.06.01-12.51.11:569][487]LogModuleManager: Shutting down and abandoning module AddContentDialog (237)
[2017.06.01-12.51.11:570][487]LogDirectoryWatcher: A directory notification for 'C:/Program Files/Epic Games/UE_4.14/FeaturePacks/' was aborted.
[2017.06.01-12.51.11:573][487]LogModuleManager: Shutting down and abandoning module GameplayTags (236)
[2017.06.01-12.51.11:573][487]LogModuleManager: Shutting down and abandoning module EditorWidgets (235)
[2017.06.01-12.51.11:573][487]LogModuleManager: Shutting down and abandoning module CollectionManager (234)
[2017.06.01-12.51.11:574][487]LogDirectoryWatcher: A directory notification for 'C:/Users/goutham.balaji/Documents/Unreal Projects/ProjectActual/Content/Collections/' was aborted.
[2017.06.01-12.51.11:574][487]LogDirectoryWatcher: A directory notification for 'C:/Users/goutham.balaji/Documents/Unreal Projects/ProjectActual/Content/Developers/gouthambalaji/Collections/' was aborted.
[2017.06.01-12.51.11:574][487]LogDirectoryWatcher: A directory notification for 'C:/Users/goutham.balaji/Documents/Unreal Projects/ProjectActual/Saved/Collections/' was aborted.
[2017.06.01-12.51.11:575][487]LogModuleManager: Shutting down and abandoning module StatsViewer (233)
[2017.06.01-12.51.11:575][487]LogModuleManager: Shutting down and abandoning module FoliageEdit (232)
[2017.06.01-12.51.11:575][487]LogModuleManager: Shutting down and abandoning module LandscapeEditor (231)
[2017.06.01-12.51.11:576][487]LogModuleManager: Shutting down and abandoning module SceneDepthPickerMode (230)
[2017.06.01-12.51.11:576][487]LogModuleManager: Shutting down and abandoning module ActorPickerMode (229)
[2017.06.01-12.51.11:576][487]LogModuleManager: Shutting down and abandoning module GeometryMode (228)
[2017.06.01-12.51.11:576][487]LogModuleManager: Shutting down and abandoning module TextureAlignMode (227)
[2017.06.01-12.51.11:576][487]LogModuleManager: Shutting down and abandoning module BspMode (226)
[2017.06.01-12.51.11:576][487]LogModuleManager: Shutting down and abandoning module HardwareSurvey (225)
[2017.06.01-12.51.11:576][487]LogModuleManager: Shutting down and abandoning module SequenceRecorderSections (224)
[2017.06.01-12.51.11:576][487]LogModuleManager: Shutting down and abandoning module AutomationWorker (223)
[2017.06.01-12.51.11:577][487]LogModuleManager: Shutting down and abandoning module MatineeToLevelSequence (222)
[2017.06.01-12.51.11:577][487]LogModuleManager: Shutting down and abandoning module PlacementMode (221)
[2017.06.01-12.51.11:578][487]LogModuleManager: Shutting down and abandoning module LevelSequenceEditor (220)
[2017.06.01-12.51.11:578][487]LogModuleManager: Shutting down and abandoning module WmfMediaFactory (219)
[2017.06.01-12.51.11:578][487]LogModuleManager: Shutting down and abandoning module WmfMediaEditor (218)
[2017.06.01-12.51.11:578][487]LogModuleManager: Shutting down and abandoning module AvfMediaFactory (217)
[2017.06.01-12.51.11:578][487]LogModuleManager: Shutting down and abandoning module AvfMediaEditor (216)
[2017.06.01-12.51.11:578][487]LogModuleManager: Shutting down and abandoning module Media (215)
[2017.06.01-12.51.11:578][487]LogModuleManager: Shutting down and abandoning module AndroidMediaFactory (214)
[2017.06.01-12.51.11:578][487]LogModuleManager: Shutting down and abandoning module AndroidMediaEditor (213)
[2017.06.01-12.51.11:578][487]LogModuleManager: Shutting down and abandoning module CharacterAI (212)
[2017.06.01-12.51.11:578][487]LogModuleManager: Shutting down and abandoning module SequenceRecorder (211)
[2017.06.01-12.51.11:579][487]LogModuleManager: Shutting down and abandoning module AudioCapture (210)
[2017.06.01-12.51.11:579][487]LogModuleManager: Shutting down and abandoning module SmartSnapping (209)
[2017.06.01-12.51.11:579][487]LogModuleManager: Shutting down and abandoning module SessionServices (208)
[2017.06.01-12.51.11:579][487]LogModuleManager: Shutting down and abandoning module ViewportSnapping (207)
[2017.06.01-12.51.11:580][487]LogModuleManager: Shutting down and abandoning module ViewportInteraction (206)
[2017.06.01-12.51.11:580][487]LogModuleManager: Shutting down and abandoning module LogVisualizer (205)
[2017.06.01-12.51.11:581][487]LogModuleManager: Shutting down and abandoning module GameProjectGeneration (204)
[2017.06.01-12.51.11:582][487]LogModuleManager: Shutting down and abandoning module IntroTutorials (203)
[2017.06.01-12.51.11:582][487]LogModuleManager: Shutting down and abandoning module EditorLiveStreaming (202)
[2017.06.01-12.51.11:582][487]LogModuleManager: Shutting down and abandoning module IOSPlatformEditor (201)
[2017.06.01-12.51.11:582][487]LogModuleManager: Shutting down and abandoning module HTML5PlatformEditor (200)
[2017.06.01-12.51.11:582][487]LogModuleManager: Shutting down and abandoning module AndroidDeviceDetection (199)
[2017.06.01-12.51.12:075][487]LogModuleManager: Shutting down and abandoning module AndroidPlatformEditor (198)
[2017.06.01-12.51.12:075][487]LogModuleManager: Shutting down and abandoning module IOSRuntimeSettings (197)
[2017.06.01-12.51.12:075][487]LogModuleManager: Shutting down and abandoning module AndroidRuntimeSettings (196)
[2017.06.01-12.51.12:075][487]LogModuleManager: Shutting down and abandoning module InputBindingEditor (195)
[2017.06.01-12.51.12:075][487]LogModuleManager: Shutting down and abandoning module NiagaraEditor (194)
[2017.06.01-12.51.12:079][487]LogModuleManager: Shutting down and abandoning module MergeActors (193)
[2017.06.01-12.51.12:080][487]LogModuleManager: Shutting down and abandoning module SizeMap (192)
[2017.06.01-12.51.12:080][487]LogModuleManager: Shutting down and abandoning module TreeMap (191)
[2017.06.01-12.51.12:080][487]LogModuleManager: Shutting down and abandoning module ReferenceViewer (190)
[2017.06.01-12.51.12:080][487]LogModuleManager: Shutting down and abandoning module LocalizationService (189)
[2017.06.01-12.51.12:080][487]LogModuleManager: Shutting down and abandoning module LocalizationDashboard (188)
[2017.06.01-12.51.12:080][487]LogModuleManager: Shutting down and abandoning module HardwareTargeting (187)
[2017.06.01-12.51.12:080][487]LogModuleManager: Shutting down and abandoning module DeviceProfileEditor (186)
[2017.06.01-12.51.12:081][487]LogModuleManager: Shutting down and abandoning module UndoHistory (185)
[2017.06.01-12.51.12:081][487]LogModuleManager: Shutting down and abandoning module UserFeedback (184)
[2017.06.01-12.51.12:081][487]LogModuleManager: Shutting down and abandoning module XmlParser (183)
[2017.06.01-12.51.12:081][487]LogModuleManager: Shutting down and abandoning module Blutility (182)
[2017.06.01-12.51.12:081][487]LogModuleManager: Shutting down and abandoning module ProjectTargetPlatformEditor (181)
[2017.06.01-12.51.12:081][487]LogModuleManager: Shutting down and abandoning module ProjectSettingsViewer (180)
[2017.06.01-12.51.12:081][487]LogModuleManager: Shutting down and abandoning module EditorSettingsViewer (179)
[2017.06.01-12.51.12:081][487]LogModuleManager: Shutting down and abandoning module SettingsEditor (178)
[2017.06.01-12.51.12:082][487]LogModuleManager: Shutting down and abandoning module ProjectLauncher (177)
[2017.06.01-12.51.12:083][487]LogModuleManager: Shutting down and abandoning module SessionFrontend (176)
[2017.06.01-12.51.12:083][487]LogModuleManager: Shutting down and abandoning module ProfilerClient (175)
[2017.06.01-12.51.12:083][487]LogModuleManager: Shutting down and abandoning module TargetDeviceServices (174)
[2017.06.01-12.51.12:083][487]LogModuleManager: Shutting down and abandoning module DeviceManager (173)
[2017.06.01-12.51.12:128][487]LogModuleManager: Shutting down and abandoning module AutomationController (172)
[2017.06.01-12.51.12:128][487]LogModuleManager: Shutting down and abandoning module AutomationWindow (171)
[2017.06.01-12.51.12:128][487]LogModuleManager: Shutting down and abandoning module Layers (170)
[2017.06.01-12.51.12:129][487]LogModuleManager: Shutting down and abandoning module ComponentVisualizers (169)
[2017.06.01-12.51.12:129][487]LogModuleManager: Shutting down and abandoning module DetailCustomizations (168)
[2017.06.01-12.51.12:130][487]LogModuleManager: Shutting down and abandoning module PackagesDialog (167)
[2017.06.01-12.51.12:130][487]LogModuleManager: Shutting down and abandoning module AnimGraph (166)
[2017.06.01-12.51.12:130][487]LogModuleManager: Shutting down and abandoning module Persona (165)
[2017.06.01-12.51.12:130][487]LogModuleManager: Shutting down and abandoning module Kismet (164)
[2017.06.01-12.51.12:141][487]LogModuleManager: Shutting down and abandoning module GraphEditor (163)
[2017.06.01-12.51.12:141][487]LogModuleManager: Shutting down and abandoning module ClassViewer (162)
[2017.06.01-12.51.12:141][487]LogModuleManager: Shutting down and abandoning module Toolbox (161)
[2017.06.01-12.51.12:142][487]LogModuleManager: Shutting down and abandoning module ModuleUI (160)
[2017.06.01-12.51.12:142][487]LogModuleManager: Shutting down and abandoning module MovieSceneTools (159)
[2017.06.01-12.51.12:142][487]LogModuleManager: Shutting down and abandoning module OutputLog (158)
[2017.06.01-12.51.12:142][487]LogModuleManager: Shutting down and abandoning module GammaUI (157)
[2017.06.01-12.51.12:143][487]LogModuleManager: Shutting down and abandoning module Documentation (156)
[2017.06.01-12.51.12:143][487]LogModuleManager: Shutting down and abandoning module Niagara (155)
[2017.06.01-12.51.12:143][487]LogModuleManager: Shutting down and abandoning module StreamingPauseRendering (154)
[2017.06.01-12.51.12:143][487]LogModuleManager: Shutting down and abandoning module AnalyticsET (153)
[2017.06.01-12.51.12:143][487]LogModuleManager: Shutting down and abandoning module PortalServices (152)
[2017.06.01-12.51.12:143][487]LogModuleManager: Shutting down and abandoning module PortalRpc (151)
[2017.06.01-12.51.12:143][487]LogModuleManager: Shutting down and abandoning module MessagingRpc (150)
[2017.06.01-12.51.12:143][487]LogModuleManager: Shutting down and abandoning module GameplayDebugger (149)
[2017.06.01-12.51.12:143][487]LogModuleManager: Shutting down and abandoning module AITestSuite (148)
[2017.06.01-12.51.12:143][487]LogModuleManager: Shutting down and abandoning module AIModule (147)
[2017.06.01-12.51.12:143][487]LogModuleManager: Shutting down and abandoning module ProfilerService (146)
[2017.06.01-12.51.12:267][487]LogModuleManager: Shutting down and abandoning module TaskGraph (145)
[2017.06.01-12.51.12:268][487]LogModuleManager: Shutting down and abandoning module SlateRemote (144)
[2017.06.01-12.51.12:268][487]LogModuleManager: Shutting down and abandoning module SteamVRController (143)
[2017.06.01-12.51.12:269][487]LogModuleManager: Shutting down and abandoning module SteamVR (142)
[2017.06.01-12.51.12:269][487]LogModuleManager: Shutting down and abandoning module ProceduralMeshComponentEditor (141)
[2017.06.01-12.51.12:269][487]LogModuleManager: Shutting down and abandoning module ProceduralMeshComponent (140)
[2017.06.01-12.51.12:269][487]LogModuleManager: Shutting down and abandoning module OculusLibrary (139)
[2017.06.01-12.51.12:269][487]LogModuleManager: Shutting down and abandoning module OculusInput (138)
[2017.06.01-12.51.12:269][487]LogModuleManager: Shutting down and abandoning module MobilePatchingUtils (137)
[2017.06.01-12.51.12:269][487]LogModuleManager: Shutting down and abandoning module CustomMeshComponent (136)
[2017.06.01-12.51.12:269][487]LogModuleManager: Shutting down and abandoning module CableComponent (135)
[2017.06.01-12.51.12:269][487]LogModuleManager: Shutting down and abandoning module ArchVisCharacter (134)
[2017.06.01-12.51.12:269][487]LogModuleManager: Shutting down and abandoning module MediaPlayerEditor (132)
[2017.06.01-12.51.12:272][487]LogModuleManager: Shutting down and abandoning module HTML5Networking (131)
[2017.06.01-12.51.12:272][487]LogModuleManager: Shutting down and abandoning module GeometryCacheEd (130)
[2017.06.01-12.51.12:272][487]LogModuleManager: Shutting down and abandoning module GeometryCache (129)
[2017.06.01-12.51.12:272][487]LogModuleManager: Shutting down and abandoning module AlembicLibrary (128)
[2017.06.01-12.51.12:272][487]LogModuleManager: Shutting down and abandoning module AlembicImporter (127)
[2017.06.01-12.51.12:273][487]LogModuleManager: Shutting down and abandoning module SuperSearch (126)
[2017.06.01-12.51.12:273][487]LogModuleManager: Shutting down and abandoning module SuperSearchEditor (125)
[2017.06.01-12.51.12:273][487]LogModuleManager: Shutting down and abandoning module SpeedTreeImporter (124)
[2017.06.01-12.51.12:273][487]LogModuleManager: Shutting down and abandoning module PluginBrowser (123)
[2017.06.01-12.51.12:274][487]LogModuleManager: Shutting down and abandoning module MobileLauncherProfileWizard (122)
[2017.06.01-12.51.12:274][487]LogModuleManager: Shutting down and abandoning module EpicSurvey (121)
[2017.06.01-12.51.12:275][487]LogModuleManager: Shutting down and abandoning module DesktopPlatform (120)
[2017.06.01-12.51.12:275][487]LogModuleManager: Shutting down and abandoning module VisualStudioSourceCodeAccess (119)
[2017.06.01-12.51.12:275][487]LogModuleManager: Shutting down and abandoning module UObjectPlugin (118)
[2017.06.01-12.51.12:275][487]LogModuleManager: Shutting down and abandoning module SubversionSourceControl (117)
[2017.06.01-12.51.12:276][487]LogModuleManager: Shutting down and abandoning module PerforceSourceControl (116)
[2017.06.01-12.51.12:276][487]LogModuleManager: Shutting down and abandoning module SourceControl (115)
[2017.06.01-12.51.12:277][487]LogModuleManager: Shutting down and abandoning module GitSourceControl (114)
[2017.06.01-12.51.12:277][487]LogModuleManager: Shutting down and abandoning module LightPropagationVolumeEditor (113)
[2017.06.01-12.51.12:277][487]LogModuleManager: Shutting down and abandoning module PaperTiledImporter (112)
[2017.06.01-12.51.12:277][487]LogModuleManager: Shutting down and abandoning module PaperSpriteSheetImporter (111)
[2017.06.01-12.51.12:277][487]LogModuleManager: Shutting down and abandoning module MeshPaint (110)
[2017.06.01-12.51.12:277][487]LogModuleManager: Shutting down and abandoning module PixelInspectorModule (109)
[2017.06.01-12.51.12:278][487]LogModuleManager: Shutting down and abandoning module HotReload (108)
[2017.06.01-12.51.12:278][487]LogModuleManager: Shutting down and abandoning module MainFrame (107)
[2017.06.01-12.51.12:279][487]LogModuleManager: Shutting down and abandoning module LevelEditor (106)
[2017.06.01-12.51.12:280][487]LogModuleManager: Shutting down and abandoning module ContentBrowser (105)
[2017.06.01-12.51.12:281][487]LogModuleManager: Shutting down and abandoning module Paper2DEditor (104)
[2017.06.01-12.51.12:281][487]LogModuleManager: Shutting down and abandoning module UdpMessaging (103)
[2017.06.01-12.51.12:382][487]LogModuleManager: Shutting down and abandoning module TcpMessaging (102)
[2017.06.01-12.51.12:483][487]LogModuleManager: Shutting down and abandoning module LightPropagationVolumeRuntime (101)
[2017.06.01-12.51.12:483][487]LogModuleManager: Shutting down and abandoning module Paper2D (100)
[2017.06.01-12.51.12:485][487]LogModuleManager: Shutting down and abandoning module WindowsMoviePlayer (99)
[2017.06.01-12.51.12:486][487]LogModuleManager: Shutting down and abandoning module WmfMedia (98)
[2017.06.01-12.51.12:487][487]LogModuleManager: Shutting down and abandoning module MediaAssets (97)
[2017.06.01-12.51.12:487][487]LogModuleManager: Shutting down and abandoning module GameLiveStreaming (96)
[2017.06.01-12.51.12:487][487]LogModuleManager: Shutting down and abandoning module GameplayTagsEditor (95)
[2017.06.01-12.51.12:487][487]LogModuleManager: Shutting down and abandoning module VREditor (94)
[2017.06.01-12.51.12:487][487]LogModuleManager: Shutting down and abandoning module GameplayTasksEditor (93)
[2017.06.01-12.51.12:487][487]LogModuleManager: Shutting down and abandoning module BehaviorTreeEditor (92)
[2017.06.01-12.51.12:488][487]LogModuleManager: Shutting down and abandoning module FunctionalTesting (91)
[2017.06.01-12.51.12:488][487]LogModuleManager: Shutting down and abandoning module CollisionAnalyzer (90)
[2017.06.01-12.51.12:488][487]LogModuleManager: Shutting down and abandoning module Sequencer (89)
[2017.06.01-12.51.12:488][487]LogModuleManager: Shutting down and abandoning module WorkspaceMenuStructure (88)
[2017.06.01-12.51.12:488][487]LogModuleManager: Shutting down and abandoning module MessageLog (87)
[2017.06.01-12.51.12:488][487]LogModuleManager: Shutting down and abandoning module AssetTools (86)
[2017.06.01-12.51.12:489][487]LogModuleManager: Shutting down and abandoning module UMGEditor (85)
[2017.06.01-12.51.12:489][487]LogModuleManager: Shutting down and abandoning module UMG (84)
[2017.06.01-12.51.12:489][487]LogModuleManager: Shutting down and abandoning module SlateReflector (83)
[2017.06.01-12.51.12:490][487]LogModuleManager: Shutting down and abandoning module Slate (82)
[2017.06.01-12.51.12:490][487]LogModuleManager: Shutting down and abandoning module EditorStyle (81)
[2017.06.01-12.51.12:492][487]LogModuleManager: Shutting down and abandoning module SourceCodeAccess (80)
[2017.06.01-12.51.12:492][487]LogModuleManager: Shutting down and abandoning module HeadMountedDisplay (79)
[2017.06.01-12.51.12:492][487]LogModuleManager: Shutting down and abandoning module XAudio2 (78)
[2017.06.01-12.51.12:492][487]LogModuleManager: Shutting down and abandoning module Networking (76)
[2017.06.01-12.51.12:492][487]LogModuleManager: Shutting down and abandoning module Core (75)
[2017.06.01-12.51.12:492][487]LogModuleManager: Shutting down and abandoning module DirectoryWatcher (74)
[2017.06.01-12.51.12:492][487]LogDirectoryWatcher: A directory notification for '../../../Engine/Content/' was aborted.
[2017.06.01-12.51.12:493][487]LogDirectoryWatcher: A directory notification for '../../../../../../Users/goutham.balaji/Documents/Unreal Projects/ProjectActual/Content/' was aborted.
[2017.06.01-12.51.12:493][487]LogDirectoryWatcher: A directory notification for '../../../Engine/Plugins/2D/Paper2D/Content/' was aborted.
[2017.06.01-12.51.12:493][487]LogModuleManager: Shutting down and abandoning module AssetRegistry (73)
[2017.06.01-12.51.12:672][487]LogModuleManager: Shutting down and abandoning module KismetCompiler (72)
[2017.06.01-12.51.12:672][487]LogModuleManager: Shutting down and abandoning module PhysXFormats (71)
[2017.06.01-12.51.12:672][487]LogModuleManager: Shutting down and abandoning module SimplygonSwarm (70)
[2017.06.01-12.51.12:673][487]LogModuleManager: Shutting down and abandoning module SimplygonMeshReduction (69)
[2017.06.01-12.51.12:673][487]LogModuleManager: Shutting down and abandoning module QuadricMeshReduction (68)
[2017.06.01-12.51.12:673][487]LogModuleManager: Shutting down and abandoning module PropertyEditor (67)
[2017.06.01-12.51.12:673][487]LogModuleManager: Shutting down and abandoning module MeshUtilities (66)
[2017.06.01-12.51.12:741][487]LogModuleManager: Shutting down and abandoning module DerivedDataCache (65)
[2017.06.01-12.51.12:753][487]LogDerivedDataCache: Shutdown
[2017.06.01-12.51.12:753][487]LogModuleManager: Shutting down and abandoning module VulkanShaderFormat (64)
[2017.06.01-12.51.12:753][487]LogModuleManager: Shutting down and abandoning module ShaderFormatOpenGL (63)
[2017.06.01-12.51.12:754][487]LogModuleManager: Shutting down and abandoning module ShaderFormatD3D (62)
[2017.06.01-12.51.12:754][487]LogModuleManager: Shutting down and abandoning module MetalShaderFormat (61)
[2017.06.01-12.51.12:755][487]LogModuleManager: Shutting down and abandoning module TextureFormatUncompressed (60)
[2017.06.01-12.51.12:755][487]LogModuleManager: Shutting down and abandoning module TextureFormatPVR (59)
[2017.06.01-12.51.12:755][487]LogModuleManager: Shutting down and abandoning module TextureFormatDXT (58)
[2017.06.01-12.51.12:755][487]LogModuleManager: Shutting down and abandoning module TextureFormatIntelISPCTexComp (57)
[2017.06.01-12.51.12:756][487]LogModuleManager: Shutting down and abandoning module ImageWrapper (56)
[2017.06.01-12.51.12:756][487]LogModuleManager: Shutting down and abandoning module TextureFormatASTC (55)
[2017.06.01-12.51.12:756][487]LogModuleManager: Shutting down and abandoning module TextureFormatAndroid (54)
[2017.06.01-12.51.12:756][487]LogModuleManager: Shutting down and abandoning module AudioFormatOpus (53)
[2017.06.01-12.51.12:756][487]LogModuleManager: Shutting down and abandoning module AudioFormatOgg (52)
[2017.06.01-12.51.12:756][487]LogModuleManager: Shutting down and abandoning module AudioFormatADPCM (51)
[2017.06.01-12.51.12:756][487]LogModuleManager: Shutting down and abandoning module LinuxTargetPlatform (50)
[2017.06.01-12.51.12:756][487]LogModuleManager: Shutting down and abandoning module LinuxServerTargetPlatform (49)
[2017.06.01-12.51.12:756][487]LogModuleManager: Shutting down and abandoning module LinuxNoEditorTargetPlatform (48)
[2017.06.01-12.51.12:756][487]LogModuleManager: Shutting down and abandoning module LinuxClientTargetPlatform (47)
[2017.06.01-12.51.12:756][487]LogModuleManager: Shutting down and abandoning module TVOSTargetPlatform (46)
[2017.06.01-12.51.12:756][487]LogModuleManager: Shutting down and abandoning module Messaging (45)
[2017.06.01-12.51.12:756][487]LogModuleManager: Shutting down and abandoning module IOSTargetPlatform (44)
[2017.06.01-12.51.12:756][487]LogModuleManager: Shutting down and abandoning module HTML5TargetPlatform (43)
[2017.06.01-12.51.12:756][487]LogModuleManager: Shutting down and abandoning module Android_PVRTCTargetPlatform (42)
[2017.06.01-12.51.12:756][487]LogModuleManager: Shutting down and abandoning module Android_MultiTargetPlatform (41)
[2017.06.01-12.51.12:756][487]LogModuleManager: Shutting down and abandoning module Android_ETC2TargetPlatform (40)
[2017.06.01-12.51.12:756][487]LogModuleManager: Shutting down and abandoning module Android_ETC1TargetPlatform (39)
[2017.06.01-12.51.12:756][487]LogModuleManager: Shutting down and abandoning module Android_DXTTargetPlatform (38)
[2017.06.01-12.51.12:756][487]LogModuleManager: Shutting down and abandoning module Android_ATCTargetPlatform (37)
[2017.06.01-12.51.12:756][487]LogModuleManager: Shutting down and abandoning module Android_ASTCTargetPlatform (36)
[2017.06.01-12.51.12:756][487]LogModuleManager: Shutting down and abandoning module AndroidTargetPlatform (35)
[2017.06.01-12.51.12:757][487]LogModuleManager: Shutting down and abandoning module WindowsTargetPlatform (34)
[2017.06.01-12.51.12:757][487]LogModuleManager: Shutting down and abandoning module WindowsServerTargetPlatform (33)
[2017.06.01-12.51.12:757][487]LogModuleManager: Shutting down and abandoning module WindowsNoEditorTargetPlatform (32)
[2017.06.01-12.51.12:757][487]LogModuleManager: Shutting down and abandoning module WindowsClientTargetPlatform (31)
[2017.06.01-12.51.12:757][487]LogModuleManager: Shutting down and abandoning module MacTargetPlatform (30)
[2017.06.01-12.51.12:757][487]LogModuleManager: Shutting down and abandoning module MacServerTargetPlatform (29)
[2017.06.01-12.51.12:757][487]LogModuleManager: Shutting down and abandoning module MacNoEditorTargetPlatform (28)
[2017.06.01-12.51.12:757][487]LogModuleManager: Shutting down and abandoning module MacClientTargetPlatform (27)
[2017.06.01-12.51.12:757][487]LogModuleManager: Shutting down and abandoning module AllDesktopTargetPlatform (26)
[2017.06.01-12.51.12:757][487]LogModuleManager: Shutting down and abandoning module TargetPlatform (25)
[2017.06.01-12.51.12:757][487]LogModuleManager: Shutting down and abandoning module InputCore (24)
[2017.06.01-12.51.12:757][487]LogModuleManager: Shutting down and abandoning module Settings (23)
[2017.06.01-12.51.12:757][487]LogModuleManager: Shutting down and abandoning module OculusRift (22)
[2017.06.01-12.51.12:757][487]LogModuleManager: Shutting down and abandoning module ExampleDeviceProfileSelector (21)
[2017.06.01-12.51.12:757][487]LogModuleManager: Shutting down and abandoning module OnlineBlueprintSupport (20)
[2017.06.01-12.51.12:757][487]LogModuleManager: Shutting down and abandoning module OnlineSubsystem (18)
[2017.06.01-12.51.12:757][487]LogOnline:Display: Unloading online subsystem: NULL
[2017.06.01-12.51.12:758][487]LogModuleManager: Shutting down and abandoning module SSL (17)
[2017.06.01-12.51.12:761][487]LogModuleManager: Shutting down and abandoning module HTTP (16)
[2017.06.01-12.51.12:762][487]LogModuleManager: Shutting down and abandoning module XMPP (15)
[2017.06.01-12.51.12:763][487]LogModuleManager: Shutting down and abandoning module TextureCompressor (14)
[2017.06.01-12.51.12:764][487]LogModuleManager: Shutting down and abandoning module ShaderCore (13)
[2017.06.01-12.51.12:764][487]LogModuleManager: Shutting down and abandoning module Landscape (12)
[2017.06.01-12.51.12:764][487]LogModuleManager: Shutting down and abandoning module SlateRHIRenderer (11)
[2017.06.01-12.51.12:774][487]LogModuleManager: Shutting down and abandoning module OpenGLDrv (10)
[2017.06.01-12.51.12:775][487]LogModuleManager: Shutting down and abandoning module D3D11RHI (9)
[2017.06.01-12.51.12:775][487]LogModuleManager: Shutting down and abandoning module AnimGraphRuntime (8)
[2017.06.01-12.51.12:775][487]LogModuleManager: Shutting down and abandoning module Renderer (7)
[2017.06.01-12.51.12:775][487]LogModuleManager: Shutting down and abandoning module Engine (6)
[2017.06.01-12.51.12:775][487]LogModuleManager: Shutting down and abandoning module CoreUObject (5)
[2017.06.01-12.51.12:775][487]LogModuleManager: Shutting down and abandoning module NetworkFile (4)
[2017.06.01-12.51.12:776][487]LogModuleManager: Shutting down and abandoning module StreamingFile (3)
[2017.06.01-12.51.12:776][487]LogModuleManager: Shutting down and abandoning module SandboxFile (2)
[2017.06.01-12.51.12:776][487]LogModuleManager: Shutting down and abandoning module PakFile (1)
[2017.06.01-12.51.12:778][487]LogExit: Exiting.
[2017.06.01-12.51.12:780][487]Log file closed, 06/01/17 22:21:12
