Log file open, 04/18/17 17:05:38
LogInit:Display: Running engine for game: ProjectActual
LogPlatformFile: Not using cached read wrapper
LogInit:Display: RandInit(-957665919) SRandInit(-957665919).
LogTaskGraph: Started task graph with 5 named threads and 6 total threads with 1 sets of task threads.
LogStats: Stats thread started at 0.757474
LogPluginManager: Loaded Plugin Paper2D, From C:/Program Files/Epic Games/UE_4.14/Engine/Plugins/2D/Paper2D/Paper2D.uplugin
LogPluginManager: Loaded Plugin LightPropagationVolume, From C:/Program Files/Epic Games/UE_4.14/Engine/Plugins/Blendables/LightPropagationVolume/LightPropagationVolume.uplugin
LogPluginManager: Loaded Plugin BlankPlugin, From C:/Program Files/Epic Games/UE_4.14/Engine/Plugins/Developer/BlankPlugin/BlankPlugin.uplugin
LogPluginManager: Loaded Plugin CodeLiteSourceCodeAccess, From C:/Program Files/Epic Games/UE_4.14/Engine/Plugins/Developer/CodeLiteSourceCodeAccess/CodeLiteSourceCodeAccess.uplugin
LogPluginManager: Loaded Plugin GitSourceControl, From C:/Program Files/Epic Games/UE_4.14/Engine/Plugins/Developer/GitSourceControl/GitSourceControl.uplugin
LogPluginManager: Loaded Plugin KDevelopSourceCodeAccess, From C:/Program Files/Epic Games/UE_4.14/Engine/Plugins/Developer/KDevelopSourceCodeAccess/KDevelopSourceCodeAccess.uplugin
LogPluginManager: Loaded Plugin NullSourceCodeAccess, From C:/Program Files/Epic Games/UE_4.14/Engine/Plugins/Developer/NullSourceCodeAccess/NullSourceCodeAccess.uplugin
LogPluginManager: Loaded Plugin OneSkyLocalizationService, From C:/Program Files/Epic Games/UE_4.14/Engine/Plugins/Developer/OneSkyLocalizationService/OneSkyLocalizationService.uplugin
LogPluginManager: Loaded Plugin PerforceSourceControl, From C:/Program Files/Epic Games/UE_4.14/Engine/Plugins/Developer/PerforceSourceControl/PerforceSourceControl.uplugin
LogPluginManager: Loaded Plugin SubversionSourceControl, From C:/Program Files/Epic Games/UE_4.14/Engine/Plugins/Developer/SubversionSourceControl/SubversionSourceControl.uplugin
LogPluginManager: Loaded Plugin UObjectPlugin, From C:/Program Files/Epic Games/UE_4.14/Engine/Plugins/Developer/UObjectPlugin/UObjectPlugin.uplugin
LogPluginManager: Loaded Plugin VisualStudioSourceCodeAccess, From C:/Program Files/Epic Games/UE_4.14/Engine/Plugins/Developer/VisualStudioSourceCodeAccess/VisualStudioSourceCodeAccess.uplugin
LogPluginManager: Loaded Plugin XCodeSourceCodeAccess, From C:/Program Files/Epic Games/UE_4.14/Engine/Plugins/Developer/XCodeSourceCodeAccess/XCodeSourceCodeAccess.uplugin
LogPluginManager: Loaded Plugin AudioCapture, From C:/Program Files/Epic Games/UE_4.14/Engine/Plugins/Editor/AudioCapture/AudioCapture.uplugin
LogPluginManager: Loaded Plugin EpicSurvey, From C:/Program Files/Epic Games/UE_4.14/Engine/Plugins/Editor/EpicSurvey/EpicSurvey.uplugin
LogPluginManager: Loaded Plugin MacGraphicsSwitching, From C:/Program Files/Epic Games/UE_4.14/Engine/Plugins/Editor/MacGraphicsSwitching/MacGraphicsSwitching.uplugin
LogPluginManager: Loaded Plugin MobileLauncherProfileWizard, From C:/Program Files/Epic Games/UE_4.14/Engine/Plugins/Editor/MobileLauncherProfileWizard/MobileLauncherProfileWizard.uplugin
LogPluginManager: Loaded Plugin PluginBrowser, From C:/Program Files/Epic Games/UE_4.14/Engine/Plugins/Editor/PluginBrowser/PluginBrowser.uplugin
LogPluginManager: Loaded Plugin SpeedTreeImporter, From C:/Program Files/Epic Games/UE_4.14/Engine/Plugins/Editor/SpeedTreeImporter/SpeedTreeImporter.uplugin
LogPluginManager: Loaded Plugin SuperSearchEditor, From C:/Program Files/Epic Games/UE_4.14/Engine/Plugins/Editor/SuperSearchEditor/SuperSearchEditor.uplugin
LogPluginManager: Loaded Plugin AlembicImporter, From C:/Program Files/Epic Games/UE_4.14/Engine/Plugins/Experimental/AlembicImporter/AlembicImporter.uplugin
LogPluginManager: Loaded Plugin BlueprintStats, From C:/Program Files/Epic Games/UE_4.14/Engine/Plugins/Experimental/BlueprintStats/BlueprintStats.uplugin
LogPluginManager: Loaded Plugin CharacterAI, From C:/Program Files/Epic Games/UE_4.14/Engine/Plugins/Experimental/CharacterAI/CharacterAI.uplugin
LogPluginManager: Loaded Plugin CodeEditor, From C:/Program Files/Epic Games/UE_4.14/Engine/Plugins/Experimental/CodeEditor/CodeEditor.uplugin
LogPluginManager: Loaded Plugin CodeView, From C:/Program Files/Epic Games/UE_4.14/Engine/Plugins/Experimental/CodeView/CodeView.uplugin
LogPluginManager: Loaded Plugin HTML5Networking, From C:/Program Files/Epic Games/UE_4.14/Engine/Plugins/Experimental/HTML5Networking/HTML5Networking.uplugin
LogPluginManager: Loaded Plugin OSVR, From C:/Program Files/Epic Games/UE_4.14/Engine/Plugins/Experimental/OSVR/OSVR.uplugin
LogPluginManager: Loaded Plugin Phya, From C:/Program Files/Epic Games/UE_4.14/Engine/Plugins/Experimental/Phya/Phya.uplugin
LogPluginManager: Loaded Plugin SignificanceManager, From C:/Program Files/Epic Games/UE_4.14/Engine/Plugins/Experimental/SignificanceManager/SignificanceManager.uplugin
LogPluginManager: Loaded Plugin SimpleHMD, From C:/Program Files/Epic Games/UE_4.14/Engine/Plugins/Experimental/SimpleHMD/SimpleHMD.uplugin
LogPluginManager: Loaded Plugin StereoPanorama, From C:/Program Files/Epic Games/UE_4.14/Engine/Plugins/Experimental/StereoPanorama/StereoPanorama.uplugin
LogPluginManager: Loaded Plugin StructBox, From C:/Program Files/Epic Games/UE_4.14/Engine/Plugins/Experimental/StructBox/StructBox.uplugin
LogPluginManager: Loaded Plugin AndroidMedia, From C:/Program Files/Epic Games/UE_4.14/Engine/Plugins/Media/AndroidMedia/AndroidMedia.uplugin
LogPluginManager: Loaded Plugin AvfMedia, From C:/Program Files/Epic Games/UE_4.14/Engine/Plugins/Media/AvfMedia/AvfMedia.uplugin
LogPluginManager: Loaded Plugin MediaPlayerEditor, From C:/Program Files/Epic Games/UE_4.14/Engine/Plugins/Media/MediaPlayerEditor/MediaPlayerEditor.uplugin
LogPluginManager: Loaded Plugin WmfMedia, From C:/Program Files/Epic Games/UE_4.14/Engine/Plugins/Media/WmfMedia/WmfMedia.uplugin
LogPluginManager: Loaded Plugin MessagingDebugger, From C:/Program Files/Epic Games/UE_4.14/Engine/Plugins/Messaging/MessagingDebugger/MessagingDebugger.uplugin
LogPluginManager: Loaded Plugin TcpMessaging, From C:/Program Files/Epic Games/UE_4.14/Engine/Plugins/Messaging/TcpMessaging/TcpMessaging.uplugin
LogPluginManager: Loaded Plugin UdpMessaging, From C:/Program Files/Epic Games/UE_4.14/Engine/Plugins/Messaging/UdpMessaging/UdpMessaging.uplugin
LogPluginManager: Loaded Plugin LevelSequenceEditor, From C:/Program Files/Epic Games/UE_4.14/Engine/Plugins/MovieScene/LevelSequenceEditor/LevelSequenceEditor.uplugin
LogPluginManager: Loaded Plugin MatineeToLevelSequence, From C:/Program Files/Epic Games/UE_4.14/Engine/Plugins/MovieScene/MatineeToLevelSequence/MatineeToLevelSequence.uplugin
LogPluginManager: Loaded Plugin NetcodeUnitTest, From C:/Program Files/Epic Games/UE_4.14/Engine/Plugins/NetcodeUnitTest/NetcodeUnitTest/NetcodeUnitTest.uplugin
LogPluginManager: Loaded Plugin NUTUnrealEngine4, From C:/Program Files/Epic Games/UE_4.14/Engine/Plugins/NetcodeUnitTest/NUTUnrealEngine4/NUTUnrealEngine4.uplugin
LogPluginManager: Loaded Plugin OnlineSubsystemGameCircle, From C:/Program Files/Epic Games/UE_4.14/Engine/Plugins/Online/Android/OnlineSubsystemGameCircle/OnlineSubsystemGameCircle.uplugin
LogPluginManager: Loaded Plugin OnlineSubsystemGooglePlay, From C:/Program Files/Epic Games/UE_4.14/Engine/Plugins/Online/Android/OnlineSubsystemGooglePlay/OnlineSubsystemGooglePlay.uplugin
LogPluginManager: Loaded Plugin OnlineSubsystemIOS, From C:/Program Files/Epic Games/UE_4.14/Engine/Plugins/Online/IOS/OnlineSubsystemIOS/OnlineSubsystemIOS.uplugin
LogPluginManager: Loaded Plugin OnlineFramework, From C:/Program Files/Epic Games/UE_4.14/Engine/Plugins/Online/OnlineFramework/OnlineFramework.uplugin
LogPluginManager: Loaded Plugin OnlineSubsystem, From C:/Program Files/Epic Games/UE_4.14/Engine/Plugins/Online/OnlineSubsystem/OnlineSubsystem.uplugin
LogPluginManager: Loaded Plugin OnlineSubsystemAmazon, From C:/Program Files/Epic Games/UE_4.14/Engine/Plugins/Online/OnlineSubsystemAmazon/OnlineSubsystemAmazon.uplugin
LogPluginManager: Loaded Plugin OnlineSubsystemFacebook, From C:/Program Files/Epic Games/UE_4.14/Engine/Plugins/Online/OnlineSubsystemFacebook/OnlineSubsystemFacebook.uplugin
LogPluginManager: Loaded Plugin OnlineSubsystemNull, From C:/Program Files/Epic Games/UE_4.14/Engine/Plugins/Online/OnlineSubsystemNull/OnlineSubsystemNull.uplugin
LogPluginManager: Loaded Plugin OnlineSubsystemOculus, From C:/Program Files/Epic Games/UE_4.14/Engine/Plugins/Online/OnlineSubsystemOculus/OnlineSubsystemOculus.uplugin
LogPluginManager: Loaded Plugin OnlineSubsystemSteam, From C:/Program Files/Epic Games/UE_4.14/Engine/Plugins/Online/OnlineSubsystemSteam/OnlineSubsystemSteam.uplugin
LogPluginManager: Loaded Plugin OnlineSubsystemUtils, From C:/Program Files/Epic Games/UE_4.14/Engine/Plugins/Online/OnlineSubsystemUtils/OnlineSubsystemUtils.uplugin
LogPluginManager: Loaded Plugin IOSTapJoy, From C:/Program Files/Epic Games/UE_4.14/Engine/Plugins/Runtime/Advertising/IOSTapJoy/IOSTapJoy.uplugin
LogPluginManager: Loaded Plugin AnalyticsBlueprintLibrary, From C:/Program Files/Epic Games/UE_4.14/Engine/Plugins/Runtime/Analytics/AnalyticsBlueprintLibrary/AnalyticsBlueprintLibrary.uplugin
LogPluginManager: Loaded Plugin AnalyticsMulticast, From C:/Program Files/Epic Games/UE_4.14/Engine/Plugins/Runtime/Analytics/AnalyticsMulticast/AnalyticsMulticast.uplugin
LogPluginManager: Loaded Plugin Apsalar, From C:/Program Files/Epic Games/UE_4.14/Engine/Plugins/Runtime/Analytics/Apsalar/Apsalar.uplugin
LogPluginManager: Loaded Plugin FileLogging, From C:/Program Files/Epic Games/UE_4.14/Engine/Plugins/Runtime/Analytics/FileLogging/FileLogging.uplugin
LogPluginManager: Loaded Plugin Flurry, From C:/Program Files/Epic Games/UE_4.14/Engine/Plugins/Runtime/Analytics/Flurry/Flurry.uplugin
LogPluginManager: Loaded Plugin AndroidDeviceProfileSelector, From C:/Program Files/Epic Games/UE_4.14/Engine/Plugins/Runtime/AndroidDeviceProfileSelector/AndroidDeviceProfileSelector.uplugin
LogPluginManager: Loaded Plugin AndroidMoviePlayer, From C:/Program Files/Epic Games/UE_4.14/Engine/Plugins/Runtime/AndroidMoviePlayer/AndroidMoviePlayer.uplugin
LogPluginManager: Loaded Plugin AppleMoviePlayer, From C:/Program Files/Epic Games/UE_4.14/Engine/Plugins/Runtime/AppleMoviePlayer/AppleMoviePlayer.uplugin
LogPluginManager: Loaded Plugin ArchVisCharacter, From C:/Program Files/Epic Games/UE_4.14/Engine/Plugins/Runtime/ArchVisCharacter/ArchVisCharacter.uplugin
LogPluginManager: Loaded Plugin CableComponent, From C:/Program Files/Epic Games/UE_4.14/Engine/Plugins/Runtime/CableComponent/CableComponent.uplugin
LogPluginManager: Loaded Plugin CustomMeshComponent, From C:/Program Files/Epic Games/UE_4.14/Engine/Plugins/Runtime/CustomMeshComponent/CustomMeshComponent.uplugin
LogPluginManager: Loaded Plugin ExampleDeviceProfileSelector, From C:/Program Files/Epic Games/UE_4.14/Engine/Plugins/Runtime/ExampleDeviceProfileSelector/ExampleDeviceProfileSelector.uplugin
LogPluginManager: Loaded Plugin GearVR, From C:/Program Files/Epic Games/UE_4.14/Engine/Plugins/Runtime/GearVR/GearVR.uplugin
LogPluginManager: Loaded Plugin GoogleVRController, From C:/Program Files/Epic Games/UE_4.14/Engine/Plugins/Runtime/GoogleVR/GoogleVRController/GoogleVRController.uplugin
LogPluginManager: Loaded Plugin GoogleVRHMD, From C:/Program Files/Epic Games/UE_4.14/Engine/Plugins/Runtime/GoogleVR/GoogleVRHMD/GoogleVRHMD.uplugin
LogPluginManager: Loaded Plugin IOSDeviceProfileSelector, From C:/Program Files/Epic Games/UE_4.14/Engine/Plugins/Runtime/IOSDeviceProfileSelector/IOSDeviceProfileSelector.uplugin
LogPluginManager: Loaded Plugin LeapMotion, From C:/Program Files/Epic Games/UE_4.14/Engine/Plugins/Runtime/LeapMotion/LeapMotion.uplugin
LogPluginManager: Loaded Plugin LinuxDeviceProfileSelector, From C:/Program Files/Epic Games/UE_4.14/Engine/Plugins/Runtime/LinuxDeviceProfileSelector/LinuxDeviceProfileSelector.uplugin
LogPluginManager: Loaded Plugin MIDIDevice, From C:/Program Files/Epic Games/UE_4.14/Engine/Plugins/Runtime/MIDIDevice/MIDIDevice.uplugin
LogPluginManager: Loaded Plugin MobilePatchingUtils, From C:/Program Files/Epic Games/UE_4.14/Engine/Plugins/Runtime/MobilePatchingUtils/MobilePatchingUtils.uplugin
LogPluginManager: Loaded Plugin Ansel, From C:/Program Files/Epic Games/UE_4.14/Engine/Plugins/Runtime/Nvidia/Ansel/Ansel.uplugin
LogPluginManager: Loaded Plugin OculusAudio, From C:/Program Files/Epic Games/UE_4.14/Engine/Plugins/Runtime/OculusAudio/OculusAudio.uplugin
LogPluginManager: Loaded Plugin OculusInput, From C:/Program Files/Epic Games/UE_4.14/Engine/Plugins/Runtime/OculusInput/OculusInput.uplugin
LogPluginManager: Loaded Plugin OculusLibrary, From C:/Program Files/Epic Games/UE_4.14/Engine/Plugins/Runtime/OculusLibrary/OculusLibrary.uplugin
LogPluginManager: Loaded Plugin OculusRift, From C:/Program Files/Epic Games/UE_4.14/Engine/Plugins/Runtime/OculusRift/OculusRift.uplugin
LogPluginManager: Loaded Plugin Oodle, From C:/Program Files/Epic Games/UE_4.14/Engine/Plugins/Runtime/PacketHandlers/CompressionComponents/Oodle/Oodle.uplugin
LogPluginManager: Loaded Plugin ProceduralMeshComponent, From C:/Program Files/Epic Games/UE_4.14/Engine/Plugins/Runtime/ProceduralMeshComponent/ProceduralMeshComponent.uplugin
LogPluginManager: Loaded Plugin SoundMod, From C:/Program Files/Epic Games/UE_4.14/Engine/Plugins/Runtime/SoundMod/SoundMod.uplugin
LogPluginManager: Loaded Plugin SoundVisualizations, From C:/Program Files/Epic Games/UE_4.14/Engine/Plugins/Runtime/SoundVisualizations/SoundVisualizations.uplugin
LogPluginManager: Loaded Plugin SteamController, From C:/Program Files/Epic Games/UE_4.14/Engine/Plugins/Runtime/Steam/SteamController/SteamController.uplugin
LogPluginManager: Loaded Plugin SteamVR, From C:/Program Files/Epic Games/UE_4.14/Engine/Plugins/Runtime/Steam/SteamVR/SteamVR.uplugin
LogPluginManager: Loaded Plugin WebBrowserWidget, From C:/Program Files/Epic Games/UE_4.14/Engine/Plugins/Runtime/WebBrowserWidget/WebBrowserWidget.uplugin
LogPluginManager: Loaded Plugin WindowsDeviceProfileSelector, From C:/Program Files/Epic Games/UE_4.14/Engine/Plugins/Runtime/WindowsDeviceProfileSelector/WindowsDeviceProfileSelector.uplugin
LogPluginManager: Loaded Plugin WindowsMoviePlayer, From C:/Program Files/Epic Games/UE_4.14/Engine/Plugins/Runtime/WindowsMoviePlayer/WindowsMoviePlayer.uplugin
LogPluginManager: Loaded Plugin ScriptPlugin, From C:/Program Files/Epic Games/UE_4.14/Engine/Plugins/ScriptPlugin/ScriptPlugin.uplugin
LogPluginManager: Loaded Plugin SlateRemote, From C:/Program Files/Epic Games/UE_4.14/Engine/Plugins/Slate/SlateRemote/SlateRemote.uplugin
LogPluginManager: Loaded Plugin EditorTests, From C:/Program Files/Epic Games/UE_4.14/Engine/Plugins/Tests/EditorTests/EditorTests.uplugin
LogPluginManager: Loaded Plugin FbxAutomationTestBuilder, From C:/Program Files/Epic Games/UE_4.14/Engine/Plugins/Tests/FbxAutomationTestBuilder/FbxAutomationTestBuilder.uplugin
LogPluginManager: Loaded Plugin FunctionalTestingEditor, From C:/Program Files/Epic Games/UE_4.14/Engine/Plugins/Tests/FunctionalTestingEditor/FunctionalTestingEditor.uplugin
LogPluginManager: Loaded Plugin RuntimeTests, From C:/Program Files/Epic Games/UE_4.14/Engine/Plugins/Tests/RuntimeTests/RuntimeTests.uplugin
LogPluginManager: Loaded Plugin ScreenshotTools, From C:/Program Files/Epic Games/UE_4.14/Engine/Plugins/Tests/ScreenshotTools/ScreenshotTools.uplugin
LogInit: Using libcurl 7.47.1
LogInit:  - built for x86_64-pc-win32
LogInit:  - supports SSL with OpenSSL/1.0.2g
LogInit:  - supports HTTP deflate (compression) using libz 1.2.8
LogInit:  - other features:
LogInit:      CURL_VERSION_SSL
LogInit:      CURL_VERSION_LIBZ
LogInit:      CURL_VERSION_IPV6
LogInit:      CURL_VERSION_ASYNCHDNS
LogInit:      CURL_VERSION_LARGEFILE
LogInit:      CURL_VERSION_IDN
LogInit:  CurlRequestOptions (configurable via config and command line):
LogInit:  - bVerifyPeer = false  - Libcurl will NOT verify peer certificate
LogInit:  - bUseHttpProxy = false  - Libcurl will NOT use HTTP proxy
LogInit:  - bDontReuseConnections = false  - Libcurl will reuse connections
LogInit:  - CertBundlePath = nullptr  - Libcurl will use whatever was configured at build time.
LogInit: Build: ++UE4+Release-4.14-CL-3249277
LogInit: Engine Version: 4.14.3-3249277+++UE4+Release-4.14
LogInit: Compatible Engine Version: 4.14.0-3195953+++UE4+Release-4.14
LogInit: Net CL: 3195953
LogDevObjectVersion: Number of dev versions registered: 13
LogDevObjectVersion:   Dev-Blueprints (B0D832E4-1F89-4F0D-ACCF-7EB736FD4AA2): 7
LogDevObjectVersion:   Dev-Build (E1C64328-A22C-4D53-A36C-8E866417BD8C): 0
LogDevObjectVersion:   Dev-Core (375EC13C-06E4-48FB-B500-84F0262A717E): 1
LogDevObjectVersion:   Dev-Editor (E4B068ED-F494-42E9-A231-DA0B2E46BB41): 8
LogDevObjectVersion:   Dev-Framework (CFFC743F-43B0-4480-9391-14DF171D2073): 17
LogDevObjectVersion:   Dev-Mobile (B02B49B5-BB20-44E9-A304-32B752E40360): 0
LogDevObjectVersion:   Dev-Networking (A4E4105C-59A1-49B5-A7C5-40C4547EDFEE): 0
LogDevObjectVersion:   Dev-Online (39C831C9-5AE6-47DC-9A44-9C173E1C8E7C): 0
LogDevObjectVersion:   Dev-Physics (78F01B33-EBEA-4F98-B9B4-84EACCB95AA2): 0
LogDevObjectVersion:   Dev-Platform (6631380F-2D4D-43E0-8009-CF276956A95A): 0
LogDevObjectVersion:   Dev-Rendering (12F88B9F-8875-4AFC-A67C-D90C383ABD29): 12
LogDevObjectVersion:   Dev-Sequencer (7B5AE74C-D270-4C10-A958-57980B212A5A): 1
LogDevObjectVersion:   Dev-VR (D7296918-1DD6-4BDD-9DE2-64A83CC13884): 0
LogInit: Compiled (64-bit): Jan  6 2017 10:49:43
LogInit: Compiled with Visual C++: 19.00.23026.00
LogInit: Build Configuration: Development
LogInit: Branch Name: ++UE4+Release-4.14
LogInit: Command line:  
LogInit: Base directory: C:/Program Files/Epic Games/UE_4.14/Engine/Binaries/Win64/
LogInit: Installed Engine Build: 1
LogInit: Presizing for max 8388607 objects, including 0 objects not considered by GC, pre-allocating 0 bytes for permanent pool.
LogInit: Object subsystem initialized
[2017.04.18-07.35.39:396][  0]LogInit: Selected Device Profile: [Windows]
[2017.04.18-07.35.39:396][  0]LogInit: Applying CVar settings loaded from the selected device profile: [Windows]
[2017.04.18-07.35.39:487][  0]LogInit: Computer: C215CG54555TB
[2017.04.18-07.35.39:487][  0]LogInit: User: gouthambalaji
[2017.04.18-07.35.39:487][  0]LogInit: CPU Page size=65536, Cores=2
[2017.04.18-07.35.39:487][  0]LogInit: High frequency timer resolution =2.338338 MHz
[2017.04.18-07.35.39:488][  0]LogMemory: Memory total: Physical=7.9GB (8GB approx)
[2017.04.18-07.35.39:488][  0]LogMemory: Platform Memory Stats for Windows
[2017.04.18-07.35.39:488][  0]LogMemory: Process Physical Memory: 261.74 MB used, 261.74 MB peak
[2017.04.18-07.35.39:488][  0]LogMemory: Process Virtual Memory: 262.00 MB used, 262.00 MB peak
[2017.04.18-07.35.39:488][  0]LogMemory: Physical Memory: 4162.04 MB used,  3911.07 MB free, 8073.11 MB total
[2017.04.18-07.35.39:488][  0]LogMemory: Virtual Memory: 654.19 MB used,  3911.07 MB free, 134217728.00 MB total
[2017.04.18-07.35.40:166][  0]LogTextLocalizationManager: No specific translations for ('en-AU') exist, so ('en') translations will be used.
[2017.04.18-07.35.46:753][  0]LogD3D11RHI: D3D11 adapters:
[2017.04.18-07.35.46:770][  0]LogD3D11RHI:    0. 'Intel(R) HD Graphics Family' (Feature Level 11_0)
[2017.04.18-07.35.46:770][  0]LogD3D11RHI:       0/0/1792 MB DedicatedVideo/DedicatedSystem/SharedSystem, Outputs:1, VendorId:0x8086
[2017.04.18-07.35.46:772][  0]LogD3D11RHI:    1. 'Microsoft Basic Render Driver' (Feature Level 11_0)
[2017.04.18-07.35.46:772][  0]LogD3D11RHI:       0/0/256 MB DedicatedVideo/DedicatedSystem/SharedSystem, Outputs:0, VendorId:0x1414
[2017.04.18-07.35.46:772][  0]LogD3D11RHI: Chosen D3D11 Adapter: 0
[2017.04.18-07.35.46:782][  0]LogD3D11RHI: Creating new Direct3DDevice
[2017.04.18-07.35.46:782][  0]LogD3D11RHI:     GPU DeviceId: 0xa16 (for the marketing name, search the web for "GPU Device Id")
[2017.04.18-07.35.46:782][  0]LogWindows: EnumDisplayDevices:
[2017.04.18-07.35.46:782][  0]LogWindows:    0. 'Intel(R) HD Graphics Family' (P:1 D:1)
[2017.04.18-07.35.46:783][  0]LogWindows:    1. 'Intel(R) HD Graphics Family' (P:0 D:0)
[2017.04.18-07.35.46:783][  0]LogWindows:    2. 'Intel(R) HD Graphics Family' (P:0 D:0)
[2017.04.18-07.35.46:783][  0]LogWindows: DebugString: FoundDriverCount:3 
[2017.04.18-07.35.46:783][  0]LogD3D11RHI:     Adapter Name: Intel(R) HD Graphics Family
[2017.04.18-07.35.46:783][  0]LogD3D11RHI:   Driver Version: 10.18.10.3574 (internal:10.18.10.3574, unified:10.18.10.3574)
[2017.04.18-07.35.46:783][  0]LogD3D11RHI:      Driver Date: 4-23-2014
[2017.04.18-07.35.46:784][  0]LogRHI: Texture pool is 627 MB (70% of 896 MB)
[2017.04.18-07.35.46:793][  0]LogD3D11RHI: Async texture creation enabled
[2017.04.18-07.35.46:823][  0]LogD3D11RHI: GPU Timing Frequency: 12.500000 (Debug: 2 0)
[2017.04.18-07.35.46:833][  0]LogShaderCompilers: Guid format shader working directory is -23 characters bigger than the processId version (../../../../../../Users/goutham.balaji/Documents/Unreal Projects/ProjectActual/Intermediate/Shaders/WorkingDirectory/1552/).
[2017.04.18-07.35.46:833][  0]LogShaderCompilers: Cleaned the shader compiler working directory 'C:/Users/goutham.balaji/AppData/Local/Temp/UnrealShaderWorkingDir/75CBBAA64B0D0D13759134A2D67F1108/'.
[2017.04.18-07.35.46:834][  0]LogShaderCompilers:Display: Using Local Shader Compiler.
[2017.04.18-07.35.52:874][  0]LogTemp:Display: Loaded TP AllDesktopTargetPlatform
[2017.04.18-07.35.53:037][  0]LogTemp:Display: Loaded TP MacClientTargetPlatform
[2017.04.18-07.35.53:207][  0]LogTemp:Display: Loaded TP MacNoEditorTargetPlatform
[2017.04.18-07.35.53:370][  0]LogTemp:Display: Loaded TP MacServerTargetPlatform
[2017.04.18-07.35.53:552][  0]LogTemp:Display: Loaded TP MacTargetPlatform
[2017.04.18-07.35.53:717][  0]LogTemp:Display: Loaded TP WindowsClientTargetPlatform
[2017.04.18-07.35.53:893][  0]LogTemp:Display: Loaded TP WindowsNoEditorTargetPlatform
[2017.04.18-07.35.54:053][  0]LogTemp:Display: Loaded TP WindowsServerTargetPlatform
[2017.04.18-07.35.54:211][  0]LogTemp:Display: Loaded TP WindowsTargetPlatform
[2017.04.18-07.35.54:425][  0]LogTemp:Display: Loaded TP AndroidTargetPlatform
[2017.04.18-07.35.54:614][  0]LogTemp:Display: Loaded TP Android_ASTCTargetPlatform
[2017.04.18-07.35.54:803][  0]LogTemp:Display: Loaded TP Android_ATCTargetPlatform
[2017.04.18-07.35.54:988][  0]LogTemp:Display: Loaded TP Android_DXTTargetPlatform
[2017.04.18-07.35.55:177][  0]LogTemp:Display: Loaded TP Android_ETC1TargetPlatform
[2017.04.18-07.35.55:320][  0]LogTemp:Display: Loaded TP Android_ETC2TargetPlatform
[2017.04.18-07.35.55:673][  0]LogTemp:Display: Loaded TP Android_MultiTargetPlatform
[2017.04.18-07.35.55:673][  0]LogTemp:Display: Loaded TP Android_PVRTCTargetPlatform
[2017.04.18-07.35.55:792][  0]LogTemp:Display: Loaded TP HTML5TargetPlatform
[2017.04.18-07.35.56:092][  0]LogTemp:Display: Loaded TP IOSTargetPlatform
[2017.04.18-07.35.56:210][  0]LogTemp:Display: Loaded TP TVOSTargetPlatform
[2017.04.18-07.35.56:334][  0]LogTemp:Display: Loaded TP LinuxClientTargetPlatform
[2017.04.18-07.35.56:499][  0]LogTemp:Display: Loaded TP LinuxNoEditorTargetPlatform
[2017.04.18-07.35.56:645][  0]LogTemp:Display: Loaded TP LinuxServerTargetPlatform
[2017.04.18-07.35.56:788][  0]LogTemp:Display: Loaded TP LinuxTargetPlatform
[2017.04.18-07.35.56:788][  0]LogTargetPlatformManager:Display: Building Assets For Windows
[2017.04.18-07.35.58:467][  0]LogDerivedDataCache:Display: Max Cache Size: 512 MB
[2017.04.18-07.35.58:967][  0]LogDerivedDataCache: Loaded boot cache 0.50s 50MB C:/Users/goutham.balaji/AppData/Local/UnrealEngine/4.14/DerivedDataCache/Boot.ddc.
[2017.04.18-07.35.58:967][  0]LogDerivedDataCache:Display: Loaded Boot cache: C:/Users/goutham.balaji/AppData/Local/UnrealEngine/4.14/DerivedDataCache/Boot.ddc
[2017.04.18-07.35.58:967][  0]LogDerivedDataCache: FDerivedDataBackendGraph:  Pak pak cache file ../../../../../../Users/goutham.balaji/Documents/Unreal Projects/ProjectActual/DerivedDataCache/DDC.ddp not found, will not use a pak cache.
[2017.04.18-07.35.58:967][  0]LogDerivedDataCache: Unable to find inner node Pak for hierarchical cache Hierarchy.
[2017.04.18-07.35.58:967][  0]LogDerivedDataCache: FDerivedDataBackendGraph:  CompressedPak pak cache file ../../../../../../Users/goutham.balaji/Documents/Unreal Projects/ProjectActual/DerivedDataCache/Compressed.ddp not found, will not use a pak cache.
[2017.04.18-07.35.58:967][  0]LogDerivedDataCache: Unable to find inner node CompressedPak for hierarchical cache Hierarchy.
[2017.04.18-07.35.59:044][  0]LogDerivedDataCache:Display: Pak cache opened for reading ../../../Engine/DerivedDataCache/Compressed.ddp.
[2017.04.18-07.35.59:057][  0]LogDerivedDataCache: Using Local data cache path C:/Users/goutham.balaji/AppData/Local/UnrealEngine/Common/DerivedDataCache: Writable
[2017.04.18-07.36.06:028][  0]LogInit: Selected Device Profile: [Windows]
[2017.04.18-07.36.06:045][  0]LogContentStreaming: Texture pool size is 0.00 MB
[2017.04.18-07.36.06:680][  0]LogMeshUtilities: Using QuadricMeshReduction for automatic static mesh reduction
[2017.04.18-07.36.06:808][  0]LogSimplygon: Simplygon DLL not present - disabling.
[2017.04.18-07.36.06:945][  0]LogMeshUtilities: Using SimplygonSwarm for distributed automatic mesh merging
[2017.04.18-07.36.06:945][  0]LogMeshUtilities: No automatic skeletal mesh reduction module available
[2017.04.18-07.36.06:945][  0]LogMeshUtilities: No automatic mesh merging module available
[2017.04.18-07.36.10:014][  0]LogNetVersion: GetLocalNetworkVersion: CL: 3195953, ProjectName: projectactual, ProjectVersion: , EngineNetworkVersion: 2, GameNetworkVersion: 0, NetworkChecksum: 4264748301
[2017.04.18-07.36.10:181][  0]LogAssetRegistry: FAssetRegistry took 0.0258 seconds to start up
[2017.04.18-07.36.10:338][  0]LogPackageLocalizationCache: Processed 3 localized package path(s) for 2 prioritized culture(s) in 0.079216 seconds
[2017.04.18-07.36.10:354][  0]LogUObjectArray: 31946 objects as part of root set at end of initial load.
[2017.04.18-07.36.10:354][  0]LogUObjectAllocator: 6935840 out of 0 bytes used by permanent object pool.
[2017.04.18-07.36.10:354][  0]LogUObjectArray: CloseDisregardForGC: 0/0 objects in disregard for GC pool
[2017.04.18-07.36.10:522][  0]LogInit: WinSock: version 1.1 (2.2), MaxSocks=32767, MaxUdp=65467
[2017.04.18-07.36.12:422][  0]LogSlate: Using Freetype 2.6.0
[2017.04.18-07.36.12:446][  0]LogSlate: SlateFontCache - WITH_FREETYPE: 1, WITH_HARFBUZZ: 1
[2017.04.18-07.36.12:446][  0]LogSlate: SlateFontCache - WITH_FREETYPE: 1, WITH_HARFBUZZ: 1
[2017.04.18-07.36.18:148][  0]LogTcpMessaging: Initializing TcpMessaging bridge
[2017.04.18-07.36.18:257][  0]LogUdpMessaging: Initializing bridge on interface 0.0.0.0:0 to multicast group 230.0.0.1:6666.
[2017.04.18-07.36.19:331][  0]LogMaterial: Uniform references updated for custom material expression Custom.
[2017.04.18-07.36.20:611][  0]SourceControl: Info Source control is disabled
[2017.04.18-07.36.21:041][  0]SourceControl: Info Source control is disabled
[2017.04.18-07.36.21:197][  0]SourceControl: Info Source control is disabled
[2017.04.18-07.36.21:316][  0]SourceControl: Info Source control is disabled
[2017.04.18-07.36.24:701][  0]LogEngine: Initializing Engine...
[2017.04.18-07.36.24:705][  0]LogHMD: Failed to initialize OpenVR with code 110
[2017.04.18-07.36.25:653][  0]LogAIModule: Creating AISystem for world Untitled
[2017.04.18-07.36.25:676][  0]LogInit: XAudio2 using 'Speakers/Headphones (Realtek High Definition Audio)' : 2 channels at 48 kHz using 32 bits per sample (channel mask 0x3)
[2017.04.18-07.36.25:704][  0]LogInit: FAudioDevice initialized.
[2017.04.18-07.36.25:762][  0]LogDerivedDataCache: Saved boot cache 0.06s 50MB C:/Users/goutham.balaji/AppData/Local/UnrealEngine/4.14/DerivedDataCache/Boot.ddc.
[2017.04.18-07.36.25:780][  0]LogInit: Texture streaming: Enabled
[2017.04.18-07.36.26:431][  0]LogInit: Transaction tracking system initialized
[2017.04.18-07.36.27:717][  0]BlueprintLog: New page: Editor Load
[2017.04.18-07.36.31:029][  0]LocalizationService: Info Localization service is disabled
[2017.04.18-07.36.34:673][  0]LogConsoleResponse:Display: 
[2017.04.18-07.36.36:537][  0]LogCook:Display: Max memory allowance for cook 16384mb min free memory 0mb
[2017.04.18-07.36.36:537][  0]LogCook:Display: Mobile HDR setting 1
[2017.04.18-07.36.36:907][  0]LogFileCache: Scanning file cache for directory 'C:/Users/goutham.balaji/Documents/Unreal Projects/ProjectActual/Content/' took 0.04s
[2017.04.18-07.36.38:763][  0]SourceControl: Info Source control is disabled
[2017.04.18-07.36.38:764][  0]Cmd: MAP LOAD FILE="../../../../../../Users/goutham.balaji/Documents/Unreal Projects/ProjectActual/Content/StarterContent/Maps/Minimal_Default.umap" TEMPLATE=0 SHOWPROGRESS=1 FEATURELEVEL=3
[2017.04.18-07.36.38:774][  0]LightingResults: New page: Lighting Build
[2017.04.18-07.36.38:855][  0]MapCheck: New page: Map Check
[2017.04.18-07.36.38:856][  0]LightingResults: New page: Lighting Build
[2017.04.18-07.36.40:836][  0]LogAIModule: Creating AISystem for world Minimal_Default
[2017.04.18-07.36.41:442][  0]LogEditorServer: Finished looking for orphan Actors (0.001 secs)
[2017.04.18-07.36.41:445][  0]Cmd: MAP CHECKDEP NOCLEARLOG
[2017.04.18-07.36.41:632][  0]MapCheck: Info Map check complete: 0 Error(s), 0 Warning(s), took 186.757ms to complete.
[2017.04.18-07.36.41:632][  0]LogFileHelpers: Loading map 'Minimal_Default' took 2.869
[2017.04.18-07.36.42:187][  0]LogCollectionManager: Loaded 0 collections in 0.003898 seconds
[2017.04.18-07.36.42:394][  0]LogFileCache: Scanning file cache for directory 'C:/Users/goutham.balaji/Documents/Unreal Projects/ProjectActual/Saved/Collections/' took 0.01s
[2017.04.18-07.36.42:394][  0]LogFileCache: Scanning file cache for directory 'C:/Users/goutham.balaji/Documents/Unreal Projects/ProjectActual/Content/Developers/gouthambalaji/Collections/' took 0.01s
[2017.04.18-07.36.42:394][  0]LogFileCache: Scanning file cache for directory 'C:/Users/goutham.balaji/Documents/Unreal Projects/ProjectActual/Content/Collections/' took 0.01s
[2017.04.18-07.36.42:394][  0]LogCollectionManager: Rebuilt the GUID cache for 0 collections in 0.000003 seconds
[2017.04.18-07.36.42:421][  0]LogContentBrowser: Native class hierarchy populated in 0.0231 seconds. Added 2190 classes and 428 folders.
[2017.04.18-07.36.42:521][  0]LogStats: UGameplayTagsManager::ConstructGameplayTagTree: Construct from data asset -  0.000 s
[2017.04.18-07.36.42:521][  0]LogStats: UGameplayTagsManager::ConstructGameplayTagTree: GameplayTagTreeChangedEvent.Broadcast -  0.000 s
[2017.04.18-07.36.42:523][  0]LogContentBrowser: Native class hierarchy updated for 'GameplayTags' in 0.0019 seconds. Added 13 classes and 0 folders.
[2017.04.18-07.36.42:710][  0]LogContentBrowser: Native class hierarchy updated for 'WidgetCarousel' in 0.0013 seconds. Added 0 classes and 0 folders.
[2017.04.18-07.36.43:688][  0]LogContentBrowser: Native class hierarchy updated for 'AddContentDialog' in 0.0013 seconds. Added 0 classes and 0 folders.
[2017.04.18-07.36.43:825][  0]LogContentBrowser: Native class hierarchy updated for 'SceneOutliner' in 0.0015 seconds. Added 1 classes and 2 folders.
[2017.04.18-07.36.44:474][  0]LogCrashTracker: Crashtracker disabled due to settings.
[2017.04.18-07.36.44:511][  0]LogUObjectGlobals:Warning: Failed to find object 'Class None.'
[2017.04.18-07.36.44:714][  0]LogContentBrowser: Native class hierarchy updated for 'HierarchicalLODOutliner' in 0.0014 seconds. Added 1 classes and 2 folders.
[2017.04.18-07.36.44:733][  0]LogLoad: (Engine Initialization) Total time: 73.43 seconds
[2017.04.18-07.36.44:733][  0]LogLoad: (Engine Initialization) Total Blueprint compile time: 0.39 seconds
[2017.04.18-07.36.44:733][  0]LogExternalProfiler: No external profilers were discovered.  External profiling features will not be available.
[2017.04.18-07.36.45:101][  0]LogOcInput: OculusInput pre-init called
[2017.04.18-07.36.45:125][  0]LogContentStreaming: Texture pool size now 400 MB
[2017.04.18-07.36.45:501][  0]LogRenderer: Reallocating scene render targets to support 1272x588 NumSamples 1 (Frame:2).
[2017.04.18-07.36.47:371][  3]LogAssetRegistry: Asset discovery search completed in 37.2126 seconds
[2017.04.18-07.36.47:371][  3]LogCollectionManager: Rebuilt the object cache for 0 collections in 0.000002 seconds (found 0 objects)
[2017.04.18-07.36.47:371][  3]LogCollectionManager: Fixed up redirectors for 0 collections in 0.000405 seconds (updated 0 objects)
[2017.04.18-07.36.58:003][715]LogTemp: Repeting last play command: Selected Viewport
[2017.04.18-07.36.58:082][715]LogBlueprintUserMessages: Early PlayInEditor Detection: Level '/Game/StarterContent/Maps/Minimal_Default.Minimal_Default:PersistentLevel' has LevelScriptBlueprint '/Game/StarterContent/Maps/Minimal_Default.Minimal_Default:PersistentLevel.Minimal_Default' with GeneratedClass '/Game/StarterContent/Maps/Minimal_Default.Minimal_Default_C' with ClassGeneratedBy '/Game/StarterContent/Maps/Minimal_Default.Minimal_Default:PersistentLevel.Minimal_Default'
[2017.04.18-07.36.58:083][715]LogPlayLevel: PlayLevel: No blueprints needed recompiling
[2017.04.18-07.36.58:086][715]PIE: New page: PIE session: Minimal_Default (19 Apr 2017 2:36:58 am)
[2017.04.18-07.36.58:087][715]LogPlayLevel: Creating play world package: /Game/StarterContent/Maps/UEDPIE_0_Minimal_Default
[2017.04.18-07.36.58:117][715]LogPlayLevel: PIE: StaticDuplicateObject took: (0.029470s)
[2017.04.18-07.36.58:123][715]LogAIModule: Creating AISystem for world Minimal_Default
[2017.04.18-07.36.58:124][715]LogPlayLevel: PIE: World Init took: (0.007346s)
[2017.04.18-07.36.58:125][715]LogPlayLevel: PIE: Created PIE world by copying editor world from /Game/StarterContent/Maps/Minimal_Default.Minimal_Default to /Game/StarterContent/Maps/UEDPIE_0_Minimal_Default.Minimal_Default (0.037987s)
[2017.04.18-07.36.58:266][715]LogInit: XAudio2 using 'Speakers/Headphones (Realtek High Definition Audio)' : 2 channels at 48 kHz using 32 bits per sample (channel mask 0x3)
[2017.04.18-07.36.58:277][715]LogAudio:Error: CreateMasteringVoice error: Unhandled error code -2004287465
[2017.04.18-07.36.58:277][715]LogInit:Warning: Failed to create the mastering voice for XAudio2
[2017.04.18-07.36.58:386][715]LogLoad: Game class is 'MyGame_C'
[2017.04.18-07.36.58:412][715]LogWorld: Bringing World /Game/StarterContent/Maps/UEDPIE_0_Minimal_Default.Minimal_Default up for play (max tick rate 0) at 2017.04.18-17.06.58
[2017.04.18-07.36.58:413][715]LogWorld: Bringing up level for play took: 0.021165
[2017.04.18-07.36.58:610][715]LogContentBrowser: Native class hierarchy updated for 'MovieSceneCapture' in 0.0027 seconds. Added 11 classes and 0 folders.
[2017.04.18-07.36.58:634][715]PIE: Info Play in editor start time for /Game/StarterContent/Maps/UEDPIE_0_Minimal_Default 0.232
[2017.04.18-07.36.58:635][715]LogBlueprintUserMessages: Late PlayInEditor Detection: Level '/Game/StarterContent/Maps/Minimal_Default.Minimal_Default:PersistentLevel' has LevelScriptBlueprint '/Game/StarterContent/Maps/Minimal_Default.Minimal_Default:PersistentLevel.Minimal_Default' with GeneratedClass '/Game/StarterContent/Maps/Minimal_Default.Minimal_Default_C' with ClassGeneratedBy '/Game/StarterContent/Maps/Minimal_Default.Minimal_Default:PersistentLevel.Minimal_Default'
[2017.04.18-07.38.01:451][659]LogBlueprintUserMessages: Early EndPlayMap Detection: Level '/Game/StarterContent/Maps/Minimal_Default.Minimal_Default:PersistentLevel' has LevelScriptBlueprint '/Game/StarterContent/Maps/Minimal_Default.Minimal_Default:PersistentLevel.Minimal_Default' with GeneratedClass '/Game/StarterContent/Maps/Minimal_Default.Minimal_Default_C' with ClassGeneratedBy '/Game/StarterContent/Maps/Minimal_Default.Minimal_Default:PersistentLevel.Minimal_Default'
[2017.04.18-07.38.01:538][659]LogBlueprintUserMessages: Late EndPlayMap Detection: Level '/Game/StarterContent/Maps/Minimal_Default.Minimal_Default:PersistentLevel' has LevelScriptBlueprint '/Game/StarterContent/Maps/Minimal_Default.Minimal_Default:PersistentLevel.Minimal_Default' with GeneratedClass '/Game/StarterContent/Maps/Minimal_Default.Minimal_Default_C' with ClassGeneratedBy '/Game/StarterContent/Maps/Minimal_Default.Minimal_Default:PersistentLevel.Minimal_Default'
[2017.04.18-07.38.06:164][995]LogTemp: Repeting last play command: Selected Viewport
[2017.04.18-07.38.06:246][995]LogBlueprintUserMessages: Early PlayInEditor Detection: Level '/Game/StarterContent/Maps/Minimal_Default.Minimal_Default:PersistentLevel' has LevelScriptBlueprint '/Game/StarterContent/Maps/Minimal_Default.Minimal_Default:PersistentLevel.Minimal_Default' with GeneratedClass '/Game/StarterContent/Maps/Minimal_Default.Minimal_Default_C' with ClassGeneratedBy '/Game/StarterContent/Maps/Minimal_Default.Minimal_Default:PersistentLevel.Minimal_Default'
[2017.04.18-07.38.06:246][995]LogPlayLevel: PlayLevel: No blueprints needed recompiling
[2017.04.18-07.38.06:247][995]PIE: New page: PIE session: Minimal_Default (19 Apr 2017 2:38:06 am)
[2017.04.18-07.38.06:247][995]LogPlayLevel: Creating play world package: /Game/StarterContent/Maps/UEDPIE_0_Minimal_Default
[2017.04.18-07.38.06:268][995]LogPlayLevel: PIE: StaticDuplicateObject took: (0.020971s)
[2017.04.18-07.38.06:270][995]LogAIModule: Creating AISystem for world Minimal_Default
[2017.04.18-07.38.06:271][995]LogPlayLevel: PIE: World Init took: (0.002504s)
[2017.04.18-07.38.06:271][995]LogPlayLevel: PIE: Created PIE world by copying editor world from /Game/StarterContent/Maps/Minimal_Default.Minimal_Default to /Game/StarterContent/Maps/UEDPIE_0_Minimal_Default.Minimal_Default (0.024230s)
[2017.04.18-07.38.06:401][995]LogInit: XAudio2 using 'Speakers/Headphones (Realtek High Definition Audio)' : 2 channels at 48 kHz using 32 bits per sample (channel mask 0x3)
[2017.04.18-07.38.06:411][995]LogAudio:Error: CreateMasteringVoice error: Unhandled error code -2004287465
[2017.04.18-07.38.06:411][995]LogInit:Warning: Failed to create the mastering voice for XAudio2
[2017.04.18-07.38.06:465][995]LogLoad: Game class is 'MyGame_C'
[2017.04.18-07.38.06:471][995]LogWorld: Bringing World /Game/StarterContent/Maps/UEDPIE_0_Minimal_Default.Minimal_Default up for play (max tick rate 0) at 2017.04.18-17.08.06
[2017.04.18-07.38.06:473][995]LogWorld: Bringing up level for play took: 0.005560
[2017.04.18-07.38.06:485][995]PIE: Info Play in editor start time for /Game/StarterContent/Maps/UEDPIE_0_Minimal_Default 0.083
[2017.04.18-07.38.06:486][995]LogBlueprintUserMessages: Late PlayInEditor Detection: Level '/Game/StarterContent/Maps/Minimal_Default.Minimal_Default:PersistentLevel' has LevelScriptBlueprint '/Game/StarterContent/Maps/Minimal_Default.Minimal_Default:PersistentLevel.Minimal_Default' with GeneratedClass '/Game/StarterContent/Maps/Minimal_Default.Minimal_Default_C' with ClassGeneratedBy '/Game/StarterContent/Maps/Minimal_Default.Minimal_Default:PersistentLevel.Minimal_Default'
[2017.04.18-07.38.07:280][ 11]LogBlueprintUserMessages: Early EndPlayMap Detection: Level '/Game/StarterContent/Maps/Minimal_Default.Minimal_Default:PersistentLevel' has LevelScriptBlueprint '/Game/StarterContent/Maps/Minimal_Default.Minimal_Default:PersistentLevel.Minimal_Default' with GeneratedClass '/Game/StarterContent/Maps/Minimal_Default.Minimal_Default_C' with ClassGeneratedBy '/Game/StarterContent/Maps/Minimal_Default.Minimal_Default:PersistentLevel.Minimal_Default'
[2017.04.18-07.38.07:359][ 11]LogBlueprintUserMessages: Late EndPlayMap Detection: Level '/Game/StarterContent/Maps/Minimal_Default.Minimal_Default:PersistentLevel' has LevelScriptBlueprint '/Game/StarterContent/Maps/Minimal_Default.Minimal_Default:PersistentLevel.Minimal_Default' with GeneratedClass '/Game/StarterContent/Maps/Minimal_Default.Minimal_Default_C' with ClassGeneratedBy '/Game/StarterContent/Maps/Minimal_Default.Minimal_Default:PersistentLevel.Minimal_Default'
[2017.04.18-07.38.30:402][993]LogContentBrowser: Native class hierarchy updated for 'BlueprintGraph' in 0.0015 seconds. Added 111 classes and 0 folders.
[2017.04.18-07.38.31:392][993]LogSkeletalMesh: InitArticulated: Bodies already created (/Engine/Transient.DebugSkelMeshComponent_0) - call TermArticulated first.
[2017.04.18-07.38.31:918][993]LogContentBrowser:Verbose: The majority of assets in the view are of type: AnimSequence
[2017.04.18-07.38.58:083][287]LogSkeletalMesh: InitArticulated: Bodies already created (/Engine/Transient.DebugSkelMeshComponent_2) - call TermArticulated first.
[2017.04.18-07.38.58:760][287]LogContentBrowser:Verbose: The majority of assets in the view are of type: AnimSequence
[2017.04.18-07.40.07:283][801]LogSkeletalMesh: InitArticulated: Bodies already created (/Engine/Transient.DebugSkelMeshComponent_5) - call TermArticulated first.
[2017.04.18-07.40.08:065][801]LogContentBrowser:Verbose: The majority of assets in the view are of type: AnimSequence
[2017.04.18-07.40.22:816][537]LogSavePackage: Save=31.40ms
[2017.04.18-07.40.22:816][537]LogSavePackage: Moving '../../../../../../Users/goutham.balaji/Documents/Unreal Projects/ProjectActual/Saved/PunchingMontage07937E1C43A323090FFA428DA546598F.tmp' to '../../../../../../Users/goutham.balaji/Documents/Unreal Projects/ProjectActual/Content/Characters/Animations/PunchingMontage.uasset'
[2017.04.18-07.40.22:826][537]LogSavePackage:Display: Finished SavePackage ../../../../../../Users/goutham.balaji/Documents/Unreal Projects/ProjectActual/Content/Characters/Animations/PunchingMontage.uasset
[2017.04.18-07.40.37:730][841]LogUObjectGlobals:Warning: Failed to find object 'Object /Game/Characters/Animations/NewAnimMontage.NewAnimMontage'
[2017.04.18-07.40.37:736][841]LogWindows: Windows GetLastError: The operation completed successfully. (0)
[2017.04.18-07.40.38:386][841]LogCrashTracker: 


[2017.04.18-07.40.38:386][841]LogCrashTracker: 


[2017.04.18-07.40.38:386][841]LogWindows:Error: === Critical error: ===
[2017.04.18-07.40.38:386][841]LogWindows:Error: 
[2017.04.18-07.40.38:386][841]LogWindows:Error: Assertion failed: Asset [File:D:\Build\++UE4+Release-4.14+Compile\Sync\Engine\Source\Editor\UnrealEd\Private\Toolkits\AssetEditorManager.cpp] [Line: 270] 
[2017.04.18-07.40.38:386][841]LogWindows:Error: 
[2017.04.18-07.40.38:386][841]LogWindows:Error: 
[2017.04.18-07.40.38:386][841]LogWindows:Error: 
[2017.04.18-07.40.38:386][841]LogWindows:Error: KERNELBASE.dll
[2017.04.18-07.40.38:386][841]LogWindows:Error: UE4Editor-Core.dll
[2017.04.18-07.40.38:386][841]LogWindows:Error: UE4Editor-Core.dll
[2017.04.18-07.40.38:386][841]LogWindows:Error: UE4Editor-Core.dll
[2017.04.18-07.40.38:386][841]LogWindows:Error: UE4Editor-UnrealEd.dll
[2017.04.18-07.40.38:386][841]LogWindows:Error: UE4Editor-UnrealEd.dll
[2017.04.18-07.40.38:386][841]LogWindows:Error: UE4Editor-Persona.dll
[2017.04.18-07.40.38:386][841]LogWindows:Error: UE4Editor-Persona.dll
[2017.04.18-07.40.38:386][841]LogWindows:Error: UE4Editor-Persona.dll
[2017.04.18-07.40.38:386][841]LogWindows:Error: UE4Editor-Slate.dll
[2017.04.18-07.40.38:386][841]LogWindows:Error: UE4Editor-Slate.dll
[2017.04.18-07.40.38:386][841]LogWindows:Error: UE4Editor-Slate.dll
[2017.04.18-07.40.38:386][841]LogWindows:Error: UE4Editor-Slate.dll
[2017.04.18-07.40.38:386][841]LogWindows:Error: UE4Editor-Slate.dll
[2017.04.18-07.40.38:386][841]LogWindows:Error: UE4Editor-Slate.dll
[2017.04.18-07.40.38:386][841]LogWindows:Error: UE4Editor-Slate.dll
[2017.04.18-07.40.38:386][841]LogWindows:Error: UE4Editor-Core.dll
[2017.04.18-07.40.38:386][841]LogWindows:Error: UE4Editor-Core.dll
[2017.04.18-07.40.38:386][841]LogWindows:Error: UE4Editor-Core.dll
[2017.04.18-07.40.38:386][841]LogWindows:Error: UE4Editor-Core.dll
[2017.04.18-07.40.38:386][841]LogWindows:Error: USER32.dll
[2017.04.18-07.40.38:386][841]LogWindows:Error: USER32.dll
[2017.04.18-07.40.38:386][841]LogWindows:Error: UE4Editor-Core.dll
[2017.04.18-07.40.38:386][841]LogWindows:Error: UE4Editor.exe
[2017.04.18-07.40.38:386][841]LogWindows:Error: UE4Editor.exe
[2017.04.18-07.40.38:386][841]LogWindows:Error: UE4Editor.exe
[2017.04.18-07.40.38:386][841]LogWindows:Error: UE4Editor.exe
[2017.04.18-07.40.38:386][841]LogWindows:Error: UE4Editor.exe
[2017.04.18-07.40.38:386][841]LogWindows:Error: KERNEL32.DLL
[2017.04.18-07.40.38:386][841]LogWindows:Error: ntdll.dll
[2017.04.18-07.40.38:386][841]LogWindows:Error: ntdll.dll
[2017.04.18-07.40.38:386][841]LogWindows:Error: 
[2017.04.18-07.40.38:486][841]LogExit: Executing StaticShutdownAfterError
[2017.04.18-07.40.38:502][841]LogWindows: FPlatformMisc::RequestExit(1)
[2017.04.18-07.40.38:502][841]Log file closed, 04/18/17 17:10:38
