Log file open, 05/30/17 08:39:42
LogInit:Display: Running engine for game: ProjectActual
LogPlatformFile: Not using cached read wrapper
LogInit:Display: RandInit(825169275) SRandInit(825169275).
LogTaskGraph: Started task graph with 5 named threads and 6 total threads with 1 sets of task threads.
LogStats: Stats thread started at 0.526911
LogPluginManager: Loaded Plugin Paper2D, From C:/Program Files/Epic Games/UE_4.14/Engine/Plugins/2D/Paper2D/Paper2D.uplugin
LogPluginManager: Loaded Plugin LightPropagationVolume, From C:/Program Files/Epic Games/UE_4.14/Engine/Plugins/Blendables/LightPropagationVolume/LightPropagationVolume.uplugin
LogPluginManager: Loaded Plugin BlankPlugin, From C:/Program Files/Epic Games/UE_4.14/Engine/Plugins/Developer/BlankPlugin/BlankPlugin.uplugin
LogPluginManager: Loaded Plugin CodeLiteSourceCodeAccess, From C:/Program Files/Epic Games/UE_4.14/Engine/Plugins/Developer/CodeLiteSourceCodeAccess/CodeLiteSourceCodeAccess.uplugin
LogPluginManager: Loaded Plugin GitSourceControl, From C:/Program Files/Epic Games/UE_4.14/Engine/Plugins/Developer/GitSourceControl/GitSourceControl.uplugin
LogPluginManager: Loaded Plugin KDevelopSourceCodeAccess, From C:/Program Files/Epic Games/UE_4.14/Engine/Plugins/Developer/KDevelopSourceCodeAccess/KDevelopSourceCodeAccess.uplugin
LogPluginManager: Loaded Plugin NullSourceCodeAccess, From C:/Program Files/Epic Games/UE_4.14/Engine/Plugins/Developer/NullSourceCodeAccess/NullSourceCodeAccess.uplugin
LogPluginManager: Loaded Plugin OneSkyLocalizationService, From C:/Program Files/Epic Games/UE_4.14/Engine/Plugins/Developer/OneSkyLocalizationService/OneSkyLocalizationService.uplugin
LogPluginManager: Loaded Plugin PerforceSourceControl, From C:/Program Files/Epic Games/UE_4.14/Engine/Plugins/Developer/PerforceSourceControl/PerforceSourceControl.uplugin
LogPluginManager: Loaded Plugin SubversionSourceControl, From C:/Program Files/Epic Games/UE_4.14/Engine/Plugins/Developer/SubversionSourceControl/SubversionSourceControl.uplugin
LogPluginManager: Loaded Plugin UObjectPlugin, From C:/Program Files/Epic Games/UE_4.14/Engine/Plugins/Developer/UObjectPlugin/UObjectPlugin.uplugin
LogPluginManager: Loaded Plugin VisualStudioSourceCodeAccess, From C:/Program Files/Epic Games/UE_4.14/Engine/Plugins/Developer/VisualStudioSourceCodeAccess/VisualStudioSourceCodeAccess.uplugin
LogPluginManager: Loaded Plugin XCodeSourceCodeAccess, From C:/Program Files/Epic Games/UE_4.14/Engine/Plugins/Developer/XCodeSourceCodeAccess/XCodeSourceCodeAccess.uplugin
LogPluginManager: Loaded Plugin AudioCapture, From C:/Program Files/Epic Games/UE_4.14/Engine/Plugins/Editor/AudioCapture/AudioCapture.uplugin
LogPluginManager: Loaded Plugin EpicSurvey, From C:/Program Files/Epic Games/UE_4.14/Engine/Plugins/Editor/EpicSurvey/EpicSurvey.uplugin
LogPluginManager: Loaded Plugin MacGraphicsSwitching, From C:/Program Files/Epic Games/UE_4.14/Engine/Plugins/Editor/MacGraphicsSwitching/MacGraphicsSwitching.uplugin
LogPluginManager: Loaded Plugin MobileLauncherProfileWizard, From C:/Program Files/Epic Games/UE_4.14/Engine/Plugins/Editor/MobileLauncherProfileWizard/MobileLauncherProfileWizard.uplugin
LogPluginManager: Loaded Plugin PluginBrowser, From C:/Program Files/Epic Games/UE_4.14/Engine/Plugins/Editor/PluginBrowser/PluginBrowser.uplugin
LogPluginManager: Loaded Plugin SpeedTreeImporter, From C:/Program Files/Epic Games/UE_4.14/Engine/Plugins/Editor/SpeedTreeImporter/SpeedTreeImporter.uplugin
LogPluginManager: Loaded Plugin SuperSearchEditor, From C:/Program Files/Epic Games/UE_4.14/Engine/Plugins/Editor/SuperSearchEditor/SuperSearchEditor.uplugin
LogPluginManager: Loaded Plugin AlembicImporter, From C:/Program Files/Epic Games/UE_4.14/Engine/Plugins/Experimental/AlembicImporter/AlembicImporter.uplugin
LogPluginManager: Loaded Plugin BlueprintStats, From C:/Program Files/Epic Games/UE_4.14/Engine/Plugins/Experimental/BlueprintStats/BlueprintStats.uplugin
LogPluginManager: Loaded Plugin CharacterAI, From C:/Program Files/Epic Games/UE_4.14/Engine/Plugins/Experimental/CharacterAI/CharacterAI.uplugin
LogPluginManager: Loaded Plugin CodeEditor, From C:/Program Files/Epic Games/UE_4.14/Engine/Plugins/Experimental/CodeEditor/CodeEditor.uplugin
LogPluginManager: Loaded Plugin CodeView, From C:/Program Files/Epic Games/UE_4.14/Engine/Plugins/Experimental/CodeView/CodeView.uplugin
LogPluginManager: Loaded Plugin HTML5Networking, From C:/Program Files/Epic Games/UE_4.14/Engine/Plugins/Experimental/HTML5Networking/HTML5Networking.uplugin
LogPluginManager: Loaded Plugin OSVR, From C:/Program Files/Epic Games/UE_4.14/Engine/Plugins/Experimental/OSVR/OSVR.uplugin
LogPluginManager: Loaded Plugin Phya, From C:/Program Files/Epic Games/UE_4.14/Engine/Plugins/Experimental/Phya/Phya.uplugin
LogPluginManager: Loaded Plugin SignificanceManager, From C:/Program Files/Epic Games/UE_4.14/Engine/Plugins/Experimental/SignificanceManager/SignificanceManager.uplugin
LogPluginManager: Loaded Plugin SimpleHMD, From C:/Program Files/Epic Games/UE_4.14/Engine/Plugins/Experimental/SimpleHMD/SimpleHMD.uplugin
LogPluginManager: Loaded Plugin StereoPanorama, From C:/Program Files/Epic Games/UE_4.14/Engine/Plugins/Experimental/StereoPanorama/StereoPanorama.uplugin
LogPluginManager: Loaded Plugin StructBox, From C:/Program Files/Epic Games/UE_4.14/Engine/Plugins/Experimental/StructBox/StructBox.uplugin
LogPluginManager: Loaded Plugin AndroidMedia, From C:/Program Files/Epic Games/UE_4.14/Engine/Plugins/Media/AndroidMedia/AndroidMedia.uplugin
LogPluginManager: Loaded Plugin AvfMedia, From C:/Program Files/Epic Games/UE_4.14/Engine/Plugins/Media/AvfMedia/AvfMedia.uplugin
LogPluginManager: Loaded Plugin MediaPlayerEditor, From C:/Program Files/Epic Games/UE_4.14/Engine/Plugins/Media/MediaPlayerEditor/MediaPlayerEditor.uplugin
LogPluginManager: Loaded Plugin WmfMedia, From C:/Program Files/Epic Games/UE_4.14/Engine/Plugins/Media/WmfMedia/WmfMedia.uplugin
LogPluginManager: Loaded Plugin MessagingDebugger, From C:/Program Files/Epic Games/UE_4.14/Engine/Plugins/Messaging/MessagingDebugger/MessagingDebugger.uplugin
LogPluginManager: Loaded Plugin TcpMessaging, From C:/Program Files/Epic Games/UE_4.14/Engine/Plugins/Messaging/TcpMessaging/TcpMessaging.uplugin
LogPluginManager: Loaded Plugin UdpMessaging, From C:/Program Files/Epic Games/UE_4.14/Engine/Plugins/Messaging/UdpMessaging/UdpMessaging.uplugin
LogPluginManager: Loaded Plugin LevelSequenceEditor, From C:/Program Files/Epic Games/UE_4.14/Engine/Plugins/MovieScene/LevelSequenceEditor/LevelSequenceEditor.uplugin
LogPluginManager: Loaded Plugin MatineeToLevelSequence, From C:/Program Files/Epic Games/UE_4.14/Engine/Plugins/MovieScene/MatineeToLevelSequence/MatineeToLevelSequence.uplugin
LogPluginManager: Loaded Plugin NetcodeUnitTest, From C:/Program Files/Epic Games/UE_4.14/Engine/Plugins/NetcodeUnitTest/NetcodeUnitTest/NetcodeUnitTest.uplugin
LogPluginManager: Loaded Plugin NUTUnrealEngine4, From C:/Program Files/Epic Games/UE_4.14/Engine/Plugins/NetcodeUnitTest/NUTUnrealEngine4/NUTUnrealEngine4.uplugin
LogPluginManager: Loaded Plugin OnlineSubsystemGameCircle, From C:/Program Files/Epic Games/UE_4.14/Engine/Plugins/Online/Android/OnlineSubsystemGameCircle/OnlineSubsystemGameCircle.uplugin
LogPluginManager: Loaded Plugin OnlineSubsystemGooglePlay, From C:/Program Files/Epic Games/UE_4.14/Engine/Plugins/Online/Android/OnlineSubsystemGooglePlay/OnlineSubsystemGooglePlay.uplugin
LogPluginManager: Loaded Plugin OnlineSubsystemIOS, From C:/Program Files/Epic Games/UE_4.14/Engine/Plugins/Online/IOS/OnlineSubsystemIOS/OnlineSubsystemIOS.uplugin
LogPluginManager: Loaded Plugin OnlineFramework, From C:/Program Files/Epic Games/UE_4.14/Engine/Plugins/Online/OnlineFramework/OnlineFramework.uplugin
LogPluginManager: Loaded Plugin OnlineSubsystem, From C:/Program Files/Epic Games/UE_4.14/Engine/Plugins/Online/OnlineSubsystem/OnlineSubsystem.uplugin
LogPluginManager: Loaded Plugin OnlineSubsystemAmazon, From C:/Program Files/Epic Games/UE_4.14/Engine/Plugins/Online/OnlineSubsystemAmazon/OnlineSubsystemAmazon.uplugin
LogPluginManager: Loaded Plugin OnlineSubsystemFacebook, From C:/Program Files/Epic Games/UE_4.14/Engine/Plugins/Online/OnlineSubsystemFacebook/OnlineSubsystemFacebook.uplugin
LogPluginManager: Loaded Plugin OnlineSubsystemNull, From C:/Program Files/Epic Games/UE_4.14/Engine/Plugins/Online/OnlineSubsystemNull/OnlineSubsystemNull.uplugin
LogPluginManager: Loaded Plugin OnlineSubsystemOculus, From C:/Program Files/Epic Games/UE_4.14/Engine/Plugins/Online/OnlineSubsystemOculus/OnlineSubsystemOculus.uplugin
LogPluginManager: Loaded Plugin OnlineSubsystemSteam, From C:/Program Files/Epic Games/UE_4.14/Engine/Plugins/Online/OnlineSubsystemSteam/OnlineSubsystemSteam.uplugin
LogPluginManager: Loaded Plugin OnlineSubsystemUtils, From C:/Program Files/Epic Games/UE_4.14/Engine/Plugins/Online/OnlineSubsystemUtils/OnlineSubsystemUtils.uplugin
LogPluginManager: Loaded Plugin IOSTapJoy, From C:/Program Files/Epic Games/UE_4.14/Engine/Plugins/Runtime/Advertising/IOSTapJoy/IOSTapJoy.uplugin
LogPluginManager: Loaded Plugin AnalyticsBlueprintLibrary, From C:/Program Files/Epic Games/UE_4.14/Engine/Plugins/Runtime/Analytics/AnalyticsBlueprintLibrary/AnalyticsBlueprintLibrary.uplugin
LogPluginManager: Loaded Plugin AnalyticsMulticast, From C:/Program Files/Epic Games/UE_4.14/Engine/Plugins/Runtime/Analytics/AnalyticsMulticast/AnalyticsMulticast.uplugin
LogPluginManager: Loaded Plugin Apsalar, From C:/Program Files/Epic Games/UE_4.14/Engine/Plugins/Runtime/Analytics/Apsalar/Apsalar.uplugin
LogPluginManager: Loaded Plugin FileLogging, From C:/Program Files/Epic Games/UE_4.14/Engine/Plugins/Runtime/Analytics/FileLogging/FileLogging.uplugin
LogPluginManager: Loaded Plugin Flurry, From C:/Program Files/Epic Games/UE_4.14/Engine/Plugins/Runtime/Analytics/Flurry/Flurry.uplugin
LogPluginManager: Loaded Plugin AndroidDeviceProfileSelector, From C:/Program Files/Epic Games/UE_4.14/Engine/Plugins/Runtime/AndroidDeviceProfileSelector/AndroidDeviceProfileSelector.uplugin
LogPluginManager: Loaded Plugin AndroidMoviePlayer, From C:/Program Files/Epic Games/UE_4.14/Engine/Plugins/Runtime/AndroidMoviePlayer/AndroidMoviePlayer.uplugin
LogPluginManager: Loaded Plugin AppleMoviePlayer, From C:/Program Files/Epic Games/UE_4.14/Engine/Plugins/Runtime/AppleMoviePlayer/AppleMoviePlayer.uplugin
LogPluginManager: Loaded Plugin ArchVisCharacter, From C:/Program Files/Epic Games/UE_4.14/Engine/Plugins/Runtime/ArchVisCharacter/ArchVisCharacter.uplugin
LogPluginManager: Loaded Plugin CableComponent, From C:/Program Files/Epic Games/UE_4.14/Engine/Plugins/Runtime/CableComponent/CableComponent.uplugin
LogPluginManager: Loaded Plugin CustomMeshComponent, From C:/Program Files/Epic Games/UE_4.14/Engine/Plugins/Runtime/CustomMeshComponent/CustomMeshComponent.uplugin
LogPluginManager: Loaded Plugin ExampleDeviceProfileSelector, From C:/Program Files/Epic Games/UE_4.14/Engine/Plugins/Runtime/ExampleDeviceProfileSelector/ExampleDeviceProfileSelector.uplugin
LogPluginManager: Loaded Plugin GearVR, From C:/Program Files/Epic Games/UE_4.14/Engine/Plugins/Runtime/GearVR/GearVR.uplugin
LogPluginManager: Loaded Plugin GoogleVRController, From C:/Program Files/Epic Games/UE_4.14/Engine/Plugins/Runtime/GoogleVR/GoogleVRController/GoogleVRController.uplugin
LogPluginManager: Loaded Plugin GoogleVRHMD, From C:/Program Files/Epic Games/UE_4.14/Engine/Plugins/Runtime/GoogleVR/GoogleVRHMD/GoogleVRHMD.uplugin
LogPluginManager: Loaded Plugin IOSDeviceProfileSelector, From C:/Program Files/Epic Games/UE_4.14/Engine/Plugins/Runtime/IOSDeviceProfileSelector/IOSDeviceProfileSelector.uplugin
LogPluginManager: Loaded Plugin LeapMotion, From C:/Program Files/Epic Games/UE_4.14/Engine/Plugins/Runtime/LeapMotion/LeapMotion.uplugin
LogPluginManager: Loaded Plugin LinuxDeviceProfileSelector, From C:/Program Files/Epic Games/UE_4.14/Engine/Plugins/Runtime/LinuxDeviceProfileSelector/LinuxDeviceProfileSelector.uplugin
LogPluginManager: Loaded Plugin MIDIDevice, From C:/Program Files/Epic Games/UE_4.14/Engine/Plugins/Runtime/MIDIDevice/MIDIDevice.uplugin
LogPluginManager: Loaded Plugin MobilePatchingUtils, From C:/Program Files/Epic Games/UE_4.14/Engine/Plugins/Runtime/MobilePatchingUtils/MobilePatchingUtils.uplugin
LogPluginManager: Loaded Plugin Ansel, From C:/Program Files/Epic Games/UE_4.14/Engine/Plugins/Runtime/Nvidia/Ansel/Ansel.uplugin
LogPluginManager: Loaded Plugin OculusAudio, From C:/Program Files/Epic Games/UE_4.14/Engine/Plugins/Runtime/OculusAudio/OculusAudio.uplugin
LogPluginManager: Loaded Plugin OculusInput, From C:/Program Files/Epic Games/UE_4.14/Engine/Plugins/Runtime/OculusInput/OculusInput.uplugin
LogPluginManager: Loaded Plugin OculusLibrary, From C:/Program Files/Epic Games/UE_4.14/Engine/Plugins/Runtime/OculusLibrary/OculusLibrary.uplugin
LogPluginManager: Loaded Plugin OculusRift, From C:/Program Files/Epic Games/UE_4.14/Engine/Plugins/Runtime/OculusRift/OculusRift.uplugin
LogPluginManager: Loaded Plugin Oodle, From C:/Program Files/Epic Games/UE_4.14/Engine/Plugins/Runtime/PacketHandlers/CompressionComponents/Oodle/Oodle.uplugin
LogPluginManager: Loaded Plugin ProceduralMeshComponent, From C:/Program Files/Epic Games/UE_4.14/Engine/Plugins/Runtime/ProceduralMeshComponent/ProceduralMeshComponent.uplugin
LogPluginManager: Loaded Plugin SoundMod, From C:/Program Files/Epic Games/UE_4.14/Engine/Plugins/Runtime/SoundMod/SoundMod.uplugin
LogPluginManager: Loaded Plugin SoundVisualizations, From C:/Program Files/Epic Games/UE_4.14/Engine/Plugins/Runtime/SoundVisualizations/SoundVisualizations.uplugin
LogPluginManager: Loaded Plugin SteamController, From C:/Program Files/Epic Games/UE_4.14/Engine/Plugins/Runtime/Steam/SteamController/SteamController.uplugin
LogPluginManager: Loaded Plugin SteamVR, From C:/Program Files/Epic Games/UE_4.14/Engine/Plugins/Runtime/Steam/SteamVR/SteamVR.uplugin
LogPluginManager: Loaded Plugin WebBrowserWidget, From C:/Program Files/Epic Games/UE_4.14/Engine/Plugins/Runtime/WebBrowserWidget/WebBrowserWidget.uplugin
LogPluginManager: Loaded Plugin WindowsDeviceProfileSelector, From C:/Program Files/Epic Games/UE_4.14/Engine/Plugins/Runtime/WindowsDeviceProfileSelector/WindowsDeviceProfileSelector.uplugin
LogPluginManager: Loaded Plugin WindowsMoviePlayer, From C:/Program Files/Epic Games/UE_4.14/Engine/Plugins/Runtime/WindowsMoviePlayer/WindowsMoviePlayer.uplugin
LogPluginManager: Loaded Plugin ScriptPlugin, From C:/Program Files/Epic Games/UE_4.14/Engine/Plugins/ScriptPlugin/ScriptPlugin.uplugin
LogPluginManager: Loaded Plugin SlateRemote, From C:/Program Files/Epic Games/UE_4.14/Engine/Plugins/Slate/SlateRemote/SlateRemote.uplugin
LogPluginManager: Loaded Plugin EditorTests, From C:/Program Files/Epic Games/UE_4.14/Engine/Plugins/Tests/EditorTests/EditorTests.uplugin
LogPluginManager: Loaded Plugin FbxAutomationTestBuilder, From C:/Program Files/Epic Games/UE_4.14/Engine/Plugins/Tests/FbxAutomationTestBuilder/FbxAutomationTestBuilder.uplugin
LogPluginManager: Loaded Plugin FunctionalTestingEditor, From C:/Program Files/Epic Games/UE_4.14/Engine/Plugins/Tests/FunctionalTestingEditor/FunctionalTestingEditor.uplugin
LogPluginManager: Loaded Plugin RuntimeTests, From C:/Program Files/Epic Games/UE_4.14/Engine/Plugins/Tests/RuntimeTests/RuntimeTests.uplugin
LogPluginManager: Loaded Plugin ScreenshotTools, From C:/Program Files/Epic Games/UE_4.14/Engine/Plugins/Tests/ScreenshotTools/ScreenshotTools.uplugin
LogInit: Using libcurl 7.47.1
LogInit:  - built for x86_64-pc-win32
LogInit:  - supports SSL with OpenSSL/1.0.2g
LogInit:  - supports HTTP deflate (compression) using libz 1.2.8
LogInit:  - other features:
LogInit:      CURL_VERSION_SSL
LogInit:      CURL_VERSION_LIBZ
LogInit:      CURL_VERSION_IPV6
LogInit:      CURL_VERSION_ASYNCHDNS
LogInit:      CURL_VERSION_LARGEFILE
LogInit:      CURL_VERSION_IDN
LogInit:  CurlRequestOptions (configurable via config and command line):
LogInit:  - bVerifyPeer = false  - Libcurl will NOT verify peer certificate
LogInit:  - bUseHttpProxy = false  - Libcurl will NOT use HTTP proxy
LogInit:  - bDontReuseConnections = false  - Libcurl will reuse connections
LogInit:  - CertBundlePath = nullptr  - Libcurl will use whatever was configured at build time.
LogInit: Build: ++UE4+Release-4.14-CL-3249277
LogInit: Engine Version: 4.14.3-3249277+++UE4+Release-4.14
LogInit: Compatible Engine Version: 4.14.0-3195953+++UE4+Release-4.14
LogInit: Net CL: 3195953
LogDevObjectVersion: Number of dev versions registered: 13
LogDevObjectVersion:   Dev-Blueprints (B0D832E4-1F89-4F0D-ACCF-7EB736FD4AA2): 7
LogDevObjectVersion:   Dev-Build (E1C64328-A22C-4D53-A36C-8E866417BD8C): 0
LogDevObjectVersion:   Dev-Core (375EC13C-06E4-48FB-B500-84F0262A717E): 1
LogDevObjectVersion:   Dev-Editor (E4B068ED-F494-42E9-A231-DA0B2E46BB41): 8
LogDevObjectVersion:   Dev-Framework (CFFC743F-43B0-4480-9391-14DF171D2073): 17
LogDevObjectVersion:   Dev-Mobile (B02B49B5-BB20-44E9-A304-32B752E40360): 0
LogDevObjectVersion:   Dev-Networking (A4E4105C-59A1-49B5-A7C5-40C4547EDFEE): 0
LogDevObjectVersion:   Dev-Online (39C831C9-5AE6-47DC-9A44-9C173E1C8E7C): 0
LogDevObjectVersion:   Dev-Physics (78F01B33-EBEA-4F98-B9B4-84EACCB95AA2): 0
LogDevObjectVersion:   Dev-Platform (6631380F-2D4D-43E0-8009-CF276956A95A): 0
LogDevObjectVersion:   Dev-Rendering (12F88B9F-8875-4AFC-A67C-D90C383ABD29): 12
LogDevObjectVersion:   Dev-Sequencer (7B5AE74C-D270-4C10-A958-57980B212A5A): 1
LogDevObjectVersion:   Dev-VR (D7296918-1DD6-4BDD-9DE2-64A83CC13884): 0
LogInit: Compiled (64-bit): Jan  6 2017 10:49:43
LogInit: Compiled with Visual C++: 19.00.23026.00
LogInit: Build Configuration: Development
LogInit: Branch Name: ++UE4+Release-4.14
LogInit: Command line:  
LogInit: Base directory: C:/Program Files/Epic Games/UE_4.14/Engine/Binaries/Win64/
LogInit: Installed Engine Build: 1
LogInit: Presizing for max 8388607 objects, including 0 objects not considered by GC, pre-allocating 0 bytes for permanent pool.
LogInit: Object subsystem initialized
[2017.05.29-23.09.42:671][  0]LogInit: Selected Device Profile: [Windows]
[2017.05.29-23.09.42:671][  0]LogInit: Applying CVar settings loaded from the selected device profile: [Windows]
[2017.05.29-23.09.42:733][  0]LogInit: Computer: C215CG54555TB
[2017.05.29-23.09.42:733][  0]LogInit: User: gouthambalaji
[2017.05.29-23.09.42:733][  0]LogInit: CPU Page size=65536, Cores=2
[2017.05.29-23.09.42:733][  0]LogInit: High frequency timer resolution =2.338340 MHz
[2017.05.29-23.09.42:733][  0]LogMemory: Memory total: Physical=7.9GB (8GB approx)
[2017.05.29-23.09.42:733][  0]LogMemory: Platform Memory Stats for Windows
[2017.05.29-23.09.42:733][  0]LogMemory: Process Physical Memory: 262.26 MB used, 262.26 MB peak
[2017.05.29-23.09.42:733][  0]LogMemory: Process Virtual Memory: 261.96 MB used, 261.96 MB peak
[2017.05.29-23.09.42:733][  0]LogMemory: Physical Memory: 2385.38 MB used,  5687.73 MB free, 8073.11 MB total
[2017.05.29-23.09.42:733][  0]LogMemory: Virtual Memory: 656.19 MB used,  5687.73 MB free, 134217728.00 MB total
[2017.05.29-23.09.43:195][  0]LogTextLocalizationManager: No specific translations for ('en-AU') exist, so ('en') translations will be used.
[2017.05.29-23.09.47:294][  0]LogD3D11RHI: D3D11 adapters:
[2017.05.29-23.09.47:303][  0]LogD3D11RHI:    0. 'Intel(R) HD Graphics Family' (Feature Level 11_0)
[2017.05.29-23.09.47:303][  0]LogD3D11RHI:       0/0/1792 MB DedicatedVideo/DedicatedSystem/SharedSystem, Outputs:1, VendorId:0x8086
[2017.05.29-23.09.47:305][  0]LogD3D11RHI:    1. 'Microsoft Basic Render Driver' (Feature Level 11_0)
[2017.05.29-23.09.47:305][  0]LogD3D11RHI:       0/0/256 MB DedicatedVideo/DedicatedSystem/SharedSystem, Outputs:0, VendorId:0x1414
[2017.05.29-23.09.47:305][  0]LogD3D11RHI: Chosen D3D11 Adapter: 0
[2017.05.29-23.09.47:312][  0]LogD3D11RHI: Creating new Direct3DDevice
[2017.05.29-23.09.47:312][  0]LogD3D11RHI:     GPU DeviceId: 0xa16 (for the marketing name, search the web for "GPU Device Id")
[2017.05.29-23.09.47:312][  0]LogWindows: EnumDisplayDevices:
[2017.05.29-23.09.47:312][  0]LogWindows:    0. 'Intel(R) HD Graphics Family' (P:1 D:1)
[2017.05.29-23.09.47:312][  0]LogWindows:    1. 'Intel(R) HD Graphics Family' (P:0 D:0)
[2017.05.29-23.09.47:313][  0]LogWindows:    2. 'Intel(R) HD Graphics Family' (P:0 D:0)
[2017.05.29-23.09.47:313][  0]LogWindows: DebugString: FoundDriverCount:3 
[2017.05.29-23.09.47:313][  0]LogD3D11RHI:     Adapter Name: Intel(R) HD Graphics Family
[2017.05.29-23.09.47:313][  0]LogD3D11RHI:   Driver Version: 10.18.10.3574 (internal:10.18.10.3574, unified:10.18.10.3574)
[2017.05.29-23.09.47:313][  0]LogD3D11RHI:      Driver Date: 4-23-2014
[2017.05.29-23.09.47:313][  0]LogRHI: Texture pool is 627 MB (70% of 896 MB)
[2017.05.29-23.09.47:322][  0]LogD3D11RHI: Async texture creation enabled
[2017.05.29-23.09.47:350][  0]LogD3D11RHI: GPU Timing Frequency: 12.500000 (Debug: 2 0)
[2017.05.29-23.09.47:356][  0]LogShaderCompilers: Guid format shader working directory is -24 characters bigger than the processId version (../../../../../../Users/goutham.balaji/Documents/Unreal Projects/ProjectActual/Intermediate/Shaders/WorkingDirectory/22220/).
[2017.05.29-23.09.47:356][  0]LogShaderCompilers: Cleaned the shader compiler working directory 'C:/Users/goutham.balaji/AppData/Local/Temp/UnrealShaderWorkingDir/AB02D8B94601DF709D31B7AE381E4E16/'.
[2017.05.29-23.09.47:356][  0]LogShaderCompilers:Display: Using Local Shader Compiler.
[2017.05.29-23.09.55:536][  0]LogTemp:Display: Loaded TP AllDesktopTargetPlatform
[2017.05.29-23.09.55:761][  0]LogTemp:Display: Loaded TP MacClientTargetPlatform
[2017.05.29-23.09.55:979][  0]LogTemp:Display: Loaded TP MacNoEditorTargetPlatform
[2017.05.29-23.09.56:206][  0]LogTemp:Display: Loaded TP MacServerTargetPlatform
[2017.05.29-23.09.56:442][  0]LogTemp:Display: Loaded TP MacTargetPlatform
[2017.05.29-23.09.56:673][  0]LogTemp:Display: Loaded TP WindowsClientTargetPlatform
[2017.05.29-23.09.56:912][  0]LogTemp:Display: Loaded TP WindowsNoEditorTargetPlatform
[2017.05.29-23.09.57:141][  0]LogTemp:Display: Loaded TP WindowsServerTargetPlatform
[2017.05.29-23.09.57:315][  0]LogTemp:Display: Loaded TP WindowsTargetPlatform
[2017.05.29-23.09.57:565][  0]LogTemp:Display: Loaded TP AndroidTargetPlatform
[2017.05.29-23.09.57:793][  0]LogTemp:Display: Loaded TP Android_ASTCTargetPlatform
[2017.05.29-23.09.58:003][  0]LogTemp:Display: Loaded TP Android_ATCTargetPlatform
[2017.05.29-23.09.58:218][  0]LogTemp:Display: Loaded TP Android_DXTTargetPlatform
[2017.05.29-23.09.58:451][  0]LogTemp:Display: Loaded TP Android_ETC1TargetPlatform
[2017.05.29-23.09.58:672][  0]LogTemp:Display: Loaded TP Android_ETC2TargetPlatform
[2017.05.29-23.09.59:090][  0]LogTemp:Display: Loaded TP Android_MultiTargetPlatform
[2017.05.29-23.09.59:090][  0]LogTemp:Display: Loaded TP Android_PVRTCTargetPlatform
[2017.05.29-23.09.59:217][  0]LogTemp:Display: Loaded TP HTML5TargetPlatform
[2017.05.29-23.09.59:613][  0]LogTemp:Display: Loaded TP IOSTargetPlatform
[2017.05.29-23.09.59:780][  0]LogTemp:Display: Loaded TP TVOSTargetPlatform
[2017.05.29-23.09.59:969][  0]LogTemp:Display: Loaded TP LinuxClientTargetPlatform
[2017.05.29-23.10.00:180][  0]LogTemp:Display: Loaded TP LinuxNoEditorTargetPlatform
[2017.05.29-23.10.00:407][  0]LogTemp:Display: Loaded TP LinuxServerTargetPlatform
[2017.05.29-23.10.00:636][  0]LogTemp:Display: Loaded TP LinuxTargetPlatform
[2017.05.29-23.10.00:636][  0]LogTargetPlatformManager:Display: Building Assets For Windows
[2017.05.29-23.10.03:091][  0]LogDerivedDataCache:Display: Max Cache Size: 512 MB
[2017.05.29-23.10.03:388][  0]LogDerivedDataCache: Loaded boot cache 0.30s 50MB C:/Users/goutham.balaji/AppData/Local/UnrealEngine/4.14/DerivedDataCache/Boot.ddc.
[2017.05.29-23.10.03:388][  0]LogDerivedDataCache:Display: Loaded Boot cache: C:/Users/goutham.balaji/AppData/Local/UnrealEngine/4.14/DerivedDataCache/Boot.ddc
[2017.05.29-23.10.03:388][  0]LogDerivedDataCache: FDerivedDataBackendGraph:  Pak pak cache file ../../../../../../Users/goutham.balaji/Documents/Unreal Projects/ProjectActual/DerivedDataCache/DDC.ddp not found, will not use a pak cache.
[2017.05.29-23.10.03:388][  0]LogDerivedDataCache: Unable to find inner node Pak for hierarchical cache Hierarchy.
[2017.05.29-23.10.03:389][  0]LogDerivedDataCache: FDerivedDataBackendGraph:  CompressedPak pak cache file ../../../../../../Users/goutham.balaji/Documents/Unreal Projects/ProjectActual/DerivedDataCache/Compressed.ddp not found, will not use a pak cache.
[2017.05.29-23.10.03:389][  0]LogDerivedDataCache: Unable to find inner node CompressedPak for hierarchical cache Hierarchy.
[2017.05.29-23.10.03:484][  0]LogDerivedDataCache:Display: Pak cache opened for reading ../../../Engine/DerivedDataCache/Compressed.ddp.
[2017.05.29-23.10.03:499][  0]LogDerivedDataCache: Using Local data cache path C:/Users/goutham.balaji/AppData/Local/UnrealEngine/Common/DerivedDataCache: Writable
[2017.05.29-23.10.12:460][  0]LogInit: Selected Device Profile: [Windows]
[2017.05.29-23.10.12:478][  0]LogContentStreaming: Texture pool size is 0.00 MB
[2017.05.29-23.10.13:415][  0]LogMeshUtilities: Using QuadricMeshReduction for automatic static mesh reduction
[2017.05.29-23.10.13:622][  0]LogSimplygon: Simplygon DLL not present - disabling.
[2017.05.29-23.10.13:780][  0]LogMeshUtilities: Using SimplygonSwarm for distributed automatic mesh merging
[2017.05.29-23.10.13:780][  0]LogMeshUtilities: No automatic skeletal mesh reduction module available
[2017.05.29-23.10.13:780][  0]LogMeshUtilities: No automatic mesh merging module available
[2017.05.29-23.10.18:205][  0]LogNetVersion: GetLocalNetworkVersion: CL: 3195953, ProjectName: projectactual, ProjectVersion: , EngineNetworkVersion: 2, GameNetworkVersion: 0, NetworkChecksum: 4264748301
[2017.05.29-23.10.18:402][  0]LogAssetRegistry: FAssetRegistry took 0.0270 seconds to start up
[2017.05.29-23.10.18:641][  0]LogPackageLocalizationCache: Processed 3 localized package path(s) for 2 prioritized culture(s) in 0.127093 seconds
[2017.05.29-23.10.18:668][  0]LogUObjectArray: 31946 objects as part of root set at end of initial load.
[2017.05.29-23.10.18:668][  0]LogUObjectAllocator: 6935848 out of 0 bytes used by permanent object pool.
[2017.05.29-23.10.18:668][  0]LogUObjectArray: CloseDisregardForGC: 0/0 objects in disregard for GC pool
[2017.05.29-23.10.18:971][  0]LogInit: WinSock: version 1.1 (2.2), MaxSocks=32767, MaxUdp=65467
[2017.05.29-23.10.21:989][  0]LogSlate: Using Freetype 2.6.0
[2017.05.29-23.10.22:047][  0]LogSlate: SlateFontCache - WITH_FREETYPE: 1, WITH_HARFBUZZ: 1
[2017.05.29-23.10.22:047][  0]LogSlate: SlateFontCache - WITH_FREETYPE: 1, WITH_HARFBUZZ: 1
[2017.05.29-23.10.29:268][  0]LogTcpMessaging: Initializing TcpMessaging bridge
[2017.05.29-23.10.29:383][  0]LogUdpMessaging: Initializing bridge on interface 0.0.0.0:0 to multicast group 230.0.0.1:6666.
[2017.05.29-23.10.29:385][  0]FUdpSocketBuilder: Failed to subscribe UdpMessageMulticastSocket to multicast group 230.0.0.1
[2017.05.29-23.10.29:385][  0]FUdpSocketBuilder: Failed to create and initialize socket UdpMessageMulticastSocket (last error: 0)
[2017.05.29-23.10.29:385][  0]LogUdpMessaging:Warning: StartTransport failed to create multicast socket on 0.0.0.0:0, joined to 230.0.0.1:6666 with TTL 1
[2017.05.29-23.10.30:864][  0]LogMaterial: Uniform references updated for custom material expression Custom.
[2017.05.29-23.10.32:423][  0]SourceControl: Info Source control is disabled
[2017.05.29-23.10.32:841][  0]SourceControl: Info Source control is disabled
[2017.05.29-23.10.32:957][  0]SourceControl: Info Source control is disabled
[2017.05.29-23.10.33:066][  0]SourceControl: Info Source control is disabled
[2017.05.29-23.10.37:399][  0]LogEngine: Initializing Engine...
[2017.05.29-23.10.37:401][  0]LogHMD: Failed to initialize OpenVR with code 110
[2017.05.29-23.10.38:799][  0]LogAIModule: Creating AISystem for world Untitled
[2017.05.29-23.10.38:826][  0]LogInit: XAudio2 using 'Speakers/Headphones (Realtek High Definition Audio)' : 2 channels at 48 kHz using 32 bits per sample (channel mask 0x3)
[2017.05.29-23.10.39:159][  0]LogInit: FAudioDevice initialized.
[2017.05.29-23.10.39:243][  0]LogDerivedDataCache: Saved boot cache 0.08s 50MB C:/Users/goutham.balaji/AppData/Local/UnrealEngine/4.14/DerivedDataCache/Boot.ddc.
[2017.05.29-23.10.39:272][  0]LogInit: Texture streaming: Enabled
[2017.05.29-23.10.40:139][  0]LogInit: Transaction tracking system initialized
[2017.05.29-23.10.41:190][  0]BlueprintLog: New page: Editor Load
[2017.05.29-23.10.43:319][  0]LocalizationService: Info Localization service is disabled
[2017.05.29-23.10.45:177][  0]LogConsoleResponse:Display: 
[2017.05.29-23.10.46:334][  0]LogCook:Display: Max memory allowance for cook 16384mb min free memory 0mb
[2017.05.29-23.10.46:334][  0]LogCook:Display: Mobile HDR setting 1
[2017.05.29-23.10.46:702][  0]LogFileCache: Scanning file cache for directory 'C:/Users/goutham.balaji/Documents/Unreal Projects/ProjectActual/Content/' took 0.05s
[2017.05.29-23.10.48:526][  0]SourceControl: Info Source control is disabled
[2017.05.29-23.10.48:528][  0]Cmd: MAP LOAD FILE="../../../../../../Users/goutham.balaji/Documents/Unreal Projects/ProjectActual/Content/NewLevel1.umap" TEMPLATE=0 SHOWPROGRESS=1 FEATURELEVEL=3
[2017.05.29-23.10.48:530][  0]LightingResults: New page: Lighting Build
[2017.05.29-23.10.48:690][  0]MapCheck: New page: Map Check
[2017.05.29-23.10.48:690][  0]LightingResults: New page: Lighting Build
[2017.05.29-23.10.53:744][  0]LogAIModule: Creating AISystem for world NewLevel1
[2017.05.29-23.10.57:124][  0]LogEditorServer: Finished looking for orphan Actors (0.000 secs)
[2017.05.29-23.10.57:210][  0]Cmd: MAP CHECKDEP NOCLEARLOG
[2017.05.29-23.10.57:403][  0]MapCheck: Info Map check complete: 0 Error(s), 0 Warning(s), took 193.046ms to complete.
[2017.05.29-23.10.57:403][  0]LogFileHelpers: Loading map 'NewLevel1' took 8.876
[2017.05.29-23.10.57:908][  0]LogCollectionManager: Loaded 0 collections in 0.005815 seconds
[2017.05.29-23.10.58:138][  0]LogFileCache: Scanning file cache for directory 'C:/Users/goutham.balaji/Documents/Unreal Projects/ProjectActual/Saved/Collections/' took 0.01s
[2017.05.29-23.10.58:138][  0]LogFileCache: Scanning file cache for directory 'C:/Users/goutham.balaji/Documents/Unreal Projects/ProjectActual/Content/Developers/gouthambalaji/Collections/' took 0.01s
[2017.05.29-23.10.58:138][  0]LogFileCache: Scanning file cache for directory 'C:/Users/goutham.balaji/Documents/Unreal Projects/ProjectActual/Content/Collections/' took 0.01s
[2017.05.29-23.10.58:138][  0]LogCollectionManager: Rebuilt the GUID cache for 0 collections in 0.000005 seconds
[2017.05.29-23.10.58:186][  0]LogContentBrowser: Native class hierarchy populated in 0.0439 seconds. Added 2190 classes and 428 folders.
[2017.05.29-23.10.58:324][  0]LogStats: UGameplayTagsManager::ConstructGameplayTagTree: Construct from data asset -  0.000 s
[2017.05.29-23.10.58:324][  0]LogStats: UGameplayTagsManager::ConstructGameplayTagTree: GameplayTagTreeChangedEvent.Broadcast -  0.000 s
[2017.05.29-23.10.58:327][  0]LogContentBrowser: Native class hierarchy updated for 'GameplayTags' in 0.0021 seconds. Added 13 classes and 0 folders.
[2017.05.29-23.10.58:569][  0]LogContentBrowser: Native class hierarchy updated for 'WidgetCarousel' in 0.0024 seconds. Added 0 classes and 0 folders.
[2017.05.29-23.10.59:617][  0]LogContentBrowser: Native class hierarchy updated for 'AddContentDialog' in 0.0017 seconds. Added 0 classes and 0 folders.
[2017.05.29-23.10.59:774][  0]LogContentBrowser: Native class hierarchy updated for 'SceneOutliner' in 0.0021 seconds. Added 1 classes and 2 folders.
[2017.05.29-23.11.00:251][  0]LogCrashTracker: Crashtracker disabled due to settings.
[2017.05.29-23.11.00:276][  0]LogUObjectGlobals:Warning: Failed to find object 'Class None.'
[2017.05.29-23.11.00:497][  0]LogContentBrowser: Native class hierarchy updated for 'HierarchicalLODOutliner' in 0.0025 seconds. Added 1 classes and 2 folders.
[2017.05.29-23.11.00:497][  0]LogLoad: (Engine Initialization) Total time: 83.71 seconds
[2017.05.29-23.11.00:497][  0]LogLoad: (Engine Initialization) Total Blueprint compile time: 1.03 seconds
[2017.05.29-23.11.00:497][  0]LogExternalProfiler: No external profilers were discovered.  External profiling features will not be available.
[2017.05.29-23.11.00:841][  0]LogOcInput: OculusInput pre-init called
[2017.05.29-23.11.00:872][  0]LogContentStreaming: Texture pool size now 400 MB
[2017.05.29-23.11.01:694][  0]LogRenderer: Reallocating scene render targets to support 820x524 NumSamples 1 (Frame:2).
[2017.05.29-23.11.04:649][  1]LogHttp:Warning: 0000008DE668A080: request failed, libcurl error: 6 (Couldn't resolve host name)
[2017.05.29-23.11.04:649][  1]LogHttp:Warning: 0000008DE668A080: libcurl info message cache 0 (Could not resolve host: cdn.unrealengine.com)
[2017.05.29-23.11.04:649][  1]LogHttp:Warning: 0000008DE668A080: libcurl info message cache 1 (Closing connection 0)
[2017.05.29-23.11.04:949][  2]LogHttp:Warning: 0000008DE940AE00: request failed, libcurl error: 6 (Couldn't resolve host name)
[2017.05.29-23.11.04:949][  2]LogHttp:Warning: 0000008DE940AE00: libcurl info message cache 0 (Could not resolve host: cdn.unrealengine.com)
[2017.05.29-23.11.04:949][  2]LogHttp:Warning: 0000008DE940AE00: libcurl info message cache 1 (Closing connection 1)
[2017.05.29-23.11.05:342][  3]LogHttp:Warning: 0000008DE9409900: request failed, libcurl error: 6 (Couldn't resolve host name)
[2017.05.29-23.11.05:342][  3]LogHttp:Warning: 0000008DE9409900: libcurl info message cache 0 (Could not resolve host: cdn.unrealengine.com)
[2017.05.29-23.11.05:342][  3]LogHttp:Warning: 0000008DE9409900: libcurl info message cache 1 (Closing connection 2)
[2017.05.29-23.11.08:156][ 11]LogAssetRegistry: Asset discovery search completed in 49.7775 seconds
[2017.05.29-23.11.08:159][ 11]LogCollectionManager: Rebuilt the object cache for 0 collections in 0.000001 seconds (found 0 objects)
[2017.05.29-23.11.08:159][ 11]LogCollectionManager: Fixed up redirectors for 0 collections in 0.003068 seconds (updated 0 objects)
[2017.05.29-23.11.11:615][ 25]LogTemp: Repeting last play command: Selected Viewport
[2017.05.29-23.11.11:741][ 25]LogBlueprintUserMessages: Early PlayInEditor Detection: Level '/Game/NewLevel1.NewLevel1:PersistentLevel' has LevelScriptBlueprint '/Game/NewLevel1.NewLevel1:PersistentLevel.NewLevel1' with GeneratedClass '/Game/NewLevel1.NewLevel1_C' with ClassGeneratedBy '/Game/NewLevel1.NewLevel1:PersistentLevel.NewLevel1'
[2017.05.29-23.11.11:741][ 25]LogPlayLevel: PlayLevel: No blueprints needed recompiling
[2017.05.29-23.11.11:744][ 25]PIE: New page: PIE session: NewLevel1 (30 May 2017 6:11:11 pm)
[2017.05.29-23.11.11:745][ 25]LogPlayLevel: Creating play world package: /Game/UEDPIE_0_NewLevel1
[2017.05.29-23.11.11:962][ 25]LogPlayLevel: PIE: StaticDuplicateObject took: (0.217357s)
[2017.05.29-23.11.11:965][ 25]LogAIModule: Creating AISystem for world NewLevel1
[2017.05.29-23.11.11:966][ 25]LogPlayLevel: PIE: World Init took: (0.003716s)
[2017.05.29-23.11.11:967][ 25]LogPlayLevel: PIE: Created PIE world by copying editor world from /Game/NewLevel1.NewLevel1 to /Game/UEDPIE_0_NewLevel1.NewLevel1 (0.223106s)
[2017.05.29-23.11.12:097][ 25]LogInit: XAudio2 using 'Speakers/Headphones (Realtek High Definition Audio)' : 2 channels at 48 kHz using 32 bits per sample (channel mask 0x3)
[2017.05.29-23.11.12:142][ 25]LogInit: FAudioDevice initialized.
[2017.05.29-23.11.12:266][ 25]LogLoad: Game class is 'MyGame_C'
[2017.05.29-23.11.12:330][ 25]LogWorld: Bringing World /Game/UEDPIE_0_NewLevel1.NewLevel1 up for play (max tick rate 60) at 2017.05.30-08.41.12
[2017.05.29-23.11.12:337][ 25]LogWorld: Bringing up level for play took: 0.067867
[2017.05.29-23.11.12:498][ 25]LogContentBrowser: Native class hierarchy updated for 'MovieSceneCapture' in 0.0027 seconds. Added 11 classes and 0 folders.
[2017.05.29-23.11.12:515][ 25]PIE: Info Play in editor start time for /Game/UEDPIE_0_NewLevel1 0.475
[2017.05.29-23.11.12:516][ 25]LogBlueprintUserMessages: Late PlayInEditor Detection: Level '/Game/NewLevel1.NewLevel1:PersistentLevel' has LevelScriptBlueprint '/Game/NewLevel1.NewLevel1:PersistentLevel.NewLevel1' with GeneratedClass '/Game/NewLevel1.NewLevel1_C' with ClassGeneratedBy '/Game/NewLevel1.NewLevel1:PersistentLevel.NewLevel1'
[2017.05.29-23.11.14:434][ 80]LogBlueprintUserMessages: Early EndPlayMap Detection: Level '/Game/NewLevel1.NewLevel1:PersistentLevel' has LevelScriptBlueprint '/Game/NewLevel1.NewLevel1:PersistentLevel.NewLevel1' with GeneratedClass '/Game/NewLevel1.NewLevel1_C' with ClassGeneratedBy '/Game/NewLevel1.NewLevel1:PersistentLevel.NewLevel1'
[2017.05.29-23.11.14:523][ 80]LogBlueprintUserMessages: Late EndPlayMap Detection: Level '/Game/NewLevel1.NewLevel1:PersistentLevel' has LevelScriptBlueprint '/Game/NewLevel1.NewLevel1:PersistentLevel.NewLevel1' with GeneratedClass '/Game/NewLevel1.NewLevel1_C' with ClassGeneratedBy '/Game/NewLevel1.NewLevel1:PersistentLevel.NewLevel1'
[2017.05.29-23.11.17:949][150]LogRenderer: Reallocating scene render targets to support 844x524 NumSamples 1 (Frame:116).
[2017.05.29-23.11.18:192][151]LogRenderer: Reallocating scene render targets to support 976x524 NumSamples 1 (Frame:118).
[2017.05.29-23.11.18:497][152]LogRenderer: Reallocating scene render targets to support 1096x524 NumSamples 1 (Frame:120).
[2017.05.29-23.11.18:674][153]LogRenderer: Reallocating scene render targets to support 1120x524 NumSamples 1 (Frame:121).
[2017.05.29-23.11.18:871][154]LogRenderer: Reallocating scene render targets to support 1148x524 NumSamples 1 (Frame:123).
[2017.05.29-23.11.21:994][226]LogTemp: Repeting last play command: Selected Viewport
[2017.05.29-23.11.22:105][226]LogBlueprintUserMessages: Early PlayInEditor Detection: Level '/Game/NewLevel1.NewLevel1:PersistentLevel' has LevelScriptBlueprint '/Game/NewLevel1.NewLevel1:PersistentLevel.NewLevel1' with GeneratedClass '/Game/NewLevel1.NewLevel1_C' with ClassGeneratedBy '/Game/NewLevel1.NewLevel1:PersistentLevel.NewLevel1'
[2017.05.29-23.11.22:105][226]LogPlayLevel: PlayLevel: No blueprints needed recompiling
[2017.05.29-23.11.22:105][226]PIE: New page: PIE session: NewLevel1 (30 May 2017 6:11:22 pm)
[2017.05.29-23.11.22:105][226]LogPlayLevel: Creating play world package: /Game/UEDPIE_0_NewLevel1
[2017.05.29-23.11.22:303][226]LogPlayLevel: PIE: StaticDuplicateObject took: (0.196634s)
[2017.05.29-23.11.22:305][226]LogAIModule: Creating AISystem for world NewLevel1
[2017.05.29-23.11.22:305][226]LogPlayLevel: PIE: World Init took: (0.002270s)
[2017.05.29-23.11.22:307][226]LogPlayLevel: PIE: Created PIE world by copying editor world from /Game/NewLevel1.NewLevel1 to /Game/UEDPIE_0_NewLevel1.NewLevel1 (0.200361s)
[2017.05.29-23.11.22:415][226]LogInit: XAudio2 using 'Speakers/Headphones (Realtek High Definition Audio)' : 2 channels at 48 kHz using 32 bits per sample (channel mask 0x3)
[2017.05.29-23.11.22:453][226]LogInit: FAudioDevice initialized.
[2017.05.29-23.11.22:499][226]LogLoad: Game class is 'MyGame_C'
[2017.05.29-23.11.22:565][226]LogWorld: Bringing World /Game/UEDPIE_0_NewLevel1.NewLevel1 up for play (max tick rate 60) at 2017.05.30-08.41.22
[2017.05.29-23.11.22:570][226]LogWorld: Bringing up level for play took: 0.069619
[2017.05.29-23.11.22:584][226]PIE: Info Play in editor start time for /Game/UEDPIE_0_NewLevel1 0.545
[2017.05.29-23.11.22:586][226]LogBlueprintUserMessages: Late PlayInEditor Detection: Level '/Game/NewLevel1.NewLevel1:PersistentLevel' has LevelScriptBlueprint '/Game/NewLevel1.NewLevel1:PersistentLevel.NewLevel1' with GeneratedClass '/Game/NewLevel1.NewLevel1_C' with ClassGeneratedBy '/Game/NewLevel1.NewLevel1:PersistentLevel.NewLevel1'
[2017.05.29-23.11.40:472][ 22]LogBlueprintUserMessages: Early EndPlayMap Detection: Level '/Game/NewLevel1.NewLevel1:PersistentLevel' has LevelScriptBlueprint '/Game/NewLevel1.NewLevel1:PersistentLevel.NewLevel1' with GeneratedClass '/Game/NewLevel1.NewLevel1_C' with ClassGeneratedBy '/Game/NewLevel1.NewLevel1:PersistentLevel.NewLevel1'
[2017.05.29-23.11.40:523][ 22]LogBlueprintUserMessages: Late EndPlayMap Detection: Level '/Game/NewLevel1.NewLevel1:PersistentLevel' has LevelScriptBlueprint '/Game/NewLevel1.NewLevel1:PersistentLevel.NewLevel1' with GeneratedClass '/Game/NewLevel1.NewLevel1_C' with ClassGeneratedBy '/Game/NewLevel1.NewLevel1:PersistentLevel.NewLevel1'
[2017.05.29-23.11.50:604][213]LogTemp: Repeting last play command: Selected Viewport
[2017.05.29-23.11.50:735][213]LogBlueprintUserMessages: Early PlayInEditor Detection: Level '/Game/NewLevel1.NewLevel1:PersistentLevel' has LevelScriptBlueprint '/Game/NewLevel1.NewLevel1:PersistentLevel.NewLevel1' with GeneratedClass '/Game/NewLevel1.NewLevel1_C' with ClassGeneratedBy '/Game/NewLevel1.NewLevel1:PersistentLevel.NewLevel1'
[2017.05.29-23.11.50:735][213]LogPlayLevel: PlayLevel: No blueprints needed recompiling
[2017.05.29-23.11.50:735][213]PIE: New page: PIE session: NewLevel1 (30 May 2017 6:11:50 pm)
[2017.05.29-23.11.50:736][213]LogPlayLevel: Creating play world package: /Game/UEDPIE_0_NewLevel1
[2017.05.29-23.11.50:921][213]LogPlayLevel: PIE: StaticDuplicateObject took: (0.184912s)
[2017.05.29-23.11.50:922][213]LogAIModule: Creating AISystem for world NewLevel1
[2017.05.29-23.11.50:922][213]LogPlayLevel: PIE: World Init took: (0.001573s)
[2017.05.29-23.11.50:923][213]LogPlayLevel: PIE: Created PIE world by copying editor world from /Game/NewLevel1.NewLevel1 to /Game/UEDPIE_0_NewLevel1.NewLevel1 (0.187246s)
[2017.05.29-23.11.51:000][213]LogInit: XAudio2 using 'Speakers/Headphones (Realtek High Definition Audio)' : 2 channels at 48 kHz using 32 bits per sample (channel mask 0x3)
[2017.05.29-23.11.51:028][213]LogInit: FAudioDevice initialized.
[2017.05.29-23.11.51:075][213]LogLoad: Game class is 'MyGame_C'
[2017.05.29-23.11.51:113][213]LogWorld: Bringing World /Game/UEDPIE_0_NewLevel1.NewLevel1 up for play (max tick rate 60) at 2017.05.30-08.41.51
[2017.05.29-23.11.51:117][213]LogWorld: Bringing up level for play took: 0.040012
[2017.05.29-23.11.51:127][213]PIE: Info Play in editor start time for /Game/UEDPIE_0_NewLevel1 1.088
[2017.05.29-23.11.51:129][213]LogBlueprintUserMessages: Late PlayInEditor Detection: Level '/Game/NewLevel1.NewLevel1:PersistentLevel' has LevelScriptBlueprint '/Game/NewLevel1.NewLevel1:PersistentLevel.NewLevel1' with GeneratedClass '/Game/NewLevel1.NewLevel1_C' with ClassGeneratedBy '/Game/NewLevel1.NewLevel1:PersistentLevel.NewLevel1'
[2017.05.29-23.12.00:591][628]LogHttp:Warning: 0000008DCA959C00: request failed, libcurl error: 6 (Couldn't resolve host name)
[2017.05.29-23.12.00:591][628]LogHttp:Warning: 0000008DCA959C00: libcurl info message cache 0 (Could not resolve host: datarouter.ol.epicgames.com)
[2017.05.29-23.12.00:591][628]LogHttp:Warning: 0000008DCA959C00: libcurl info message cache 1 (Closing connection 3)
[2017.05.29-23.12.01:347][664]LogBlueprintUserMessages: Early EndPlayMap Detection: Level '/Game/NewLevel1.NewLevel1:PersistentLevel' has LevelScriptBlueprint '/Game/NewLevel1.NewLevel1:PersistentLevel.NewLevel1' with GeneratedClass '/Game/NewLevel1.NewLevel1_C' with ClassGeneratedBy '/Game/NewLevel1.NewLevel1:PersistentLevel.NewLevel1'
[2017.05.29-23.12.01:399][664]LogBlueprintUserMessages: Late EndPlayMap Detection: Level '/Game/NewLevel1.NewLevel1:PersistentLevel' has LevelScriptBlueprint '/Game/NewLevel1.NewLevel1:PersistentLevel.NewLevel1' with GeneratedClass '/Game/NewLevel1.NewLevel1_C' with ClassGeneratedBy '/Game/NewLevel1.NewLevel1:PersistentLevel.NewLevel1'
[2017.05.29-23.12.04:980][734]LogTemp: Repeting last play command: Selected Viewport
[2017.05.29-23.12.05:110][734]LogBlueprintUserMessages: Early PlayInEditor Detection: Level '/Game/NewLevel1.NewLevel1:PersistentLevel' has LevelScriptBlueprint '/Game/NewLevel1.NewLevel1:PersistentLevel.NewLevel1' with GeneratedClass '/Game/NewLevel1.NewLevel1_C' with ClassGeneratedBy '/Game/NewLevel1.NewLevel1:PersistentLevel.NewLevel1'
[2017.05.29-23.12.05:110][734]LogPlayLevel: PlayLevel: No blueprints needed recompiling
[2017.05.29-23.12.05:111][734]PIE: New page: PIE session: NewLevel1 (30 May 2017 6:12:05 pm)
[2017.05.29-23.12.05:111][734]LogPlayLevel: Creating play world package: /Game/UEDPIE_0_NewLevel1
[2017.05.29-23.12.05:286][734]LogPlayLevel: PIE: StaticDuplicateObject took: (0.174839s)
[2017.05.29-23.12.05:289][734]LogAIModule: Creating AISystem for world NewLevel1
[2017.05.29-23.12.05:289][734]LogPlayLevel: PIE: World Init took: (0.003261s)
[2017.05.29-23.12.05:291][734]LogPlayLevel: PIE: Created PIE world by copying editor world from /Game/NewLevel1.NewLevel1 to /Game/UEDPIE_0_NewLevel1.NewLevel1 (0.179474s)
[2017.05.29-23.12.05:399][734]LogInit: XAudio2 using 'Speakers/Headphones (Realtek High Definition Audio)' : 2 channels at 48 kHz using 32 bits per sample (channel mask 0x3)
[2017.05.29-23.12.05:433][734]LogInit: FAudioDevice initialized.
[2017.05.29-23.12.05:482][734]LogLoad: Game class is 'MyGame_C'
[2017.05.29-23.12.05:541][734]LogWorld: Bringing World /Game/UEDPIE_0_NewLevel1.NewLevel1 up for play (max tick rate 60) at 2017.05.30-08.42.05
[2017.05.29-23.12.05:545][734]LogWorld: Bringing up level for play took: 0.061063
[2017.05.29-23.12.05:555][734]PIE: Info Play in editor start time for /Game/UEDPIE_0_NewLevel1 -0.483
[2017.05.29-23.12.05:557][734]LogBlueprintUserMessages: Late PlayInEditor Detection: Level '/Game/NewLevel1.NewLevel1:PersistentLevel' has LevelScriptBlueprint '/Game/NewLevel1.NewLevel1:PersistentLevel.NewLevel1' with GeneratedClass '/Game/NewLevel1.NewLevel1_C' with ClassGeneratedBy '/Game/NewLevel1.NewLevel1:PersistentLevel.NewLevel1'
[2017.05.29-23.12.20:019][377]LogBlueprintUserMessages: Early EndPlayMap Detection: Level '/Game/NewLevel1.NewLevel1:PersistentLevel' has LevelScriptBlueprint '/Game/NewLevel1.NewLevel1:PersistentLevel.NewLevel1' with GeneratedClass '/Game/NewLevel1.NewLevel1_C' with ClassGeneratedBy '/Game/NewLevel1.NewLevel1:PersistentLevel.NewLevel1'
[2017.05.29-23.12.20:068][377]LogBlueprintUserMessages: Late EndPlayMap Detection: Level '/Game/NewLevel1.NewLevel1:PersistentLevel' has LevelScriptBlueprint '/Game/NewLevel1.NewLevel1:PersistentLevel.NewLevel1' with GeneratedClass '/Game/NewLevel1.NewLevel1_C' with ClassGeneratedBy '/Game/NewLevel1.NewLevel1:PersistentLevel.NewLevel1'
[2017.05.29-23.12.25:458][486]LogTemp: Repeting last play command: Selected Viewport
[2017.05.29-23.12.25:587][486]LogBlueprintUserMessages: Early PlayInEditor Detection: Level '/Game/NewLevel1.NewLevel1:PersistentLevel' has LevelScriptBlueprint '/Game/NewLevel1.NewLevel1:PersistentLevel.NewLevel1' with GeneratedClass '/Game/NewLevel1.NewLevel1_C' with ClassGeneratedBy '/Game/NewLevel1.NewLevel1:PersistentLevel.NewLevel1'
[2017.05.29-23.12.25:587][486]LogPlayLevel: PlayLevel: No blueprints needed recompiling
[2017.05.29-23.12.25:587][486]PIE: New page: PIE session: NewLevel1 (30 May 2017 6:12:25 pm)
[2017.05.29-23.12.25:587][486]LogPlayLevel: Creating play world package: /Game/UEDPIE_0_NewLevel1
[2017.05.29-23.12.25:772][486]LogPlayLevel: PIE: StaticDuplicateObject took: (0.183355s)
[2017.05.29-23.12.25:774][486]LogAIModule: Creating AISystem for world NewLevel1
[2017.05.29-23.12.25:775][486]LogPlayLevel: PIE: World Init took: (0.003069s)
[2017.05.29-23.12.25:776][486]LogPlayLevel: PIE: Created PIE world by copying editor world from /Game/NewLevel1.NewLevel1 to /Game/UEDPIE_0_NewLevel1.NewLevel1 (0.187727s)
[2017.05.29-23.12.25:881][486]LogInit: XAudio2 using 'Speakers/Headphones (Realtek High Definition Audio)' : 2 channels at 48 kHz using 32 bits per sample (channel mask 0x3)
[2017.05.29-23.12.25:920][486]LogInit: FAudioDevice initialized.
[2017.05.29-23.12.25:967][486]LogLoad: Game class is 'MyGame_C'
[2017.05.29-23.12.26:026][486]LogWorld: Bringing World /Game/UEDPIE_0_NewLevel1.NewLevel1 up for play (max tick rate 60) at 2017.05.30-08.42.26
[2017.05.29-23.12.26:031][486]LogWorld: Bringing up level for play took: 0.063007
[2017.05.29-23.12.26:043][486]PIE: Info Play in editor start time for /Game/UEDPIE_0_NewLevel1 0.004
[2017.05.29-23.12.26:044][486]LogBlueprintUserMessages: Late PlayInEditor Detection: Level '/Game/NewLevel1.NewLevel1:PersistentLevel' has LevelScriptBlueprint '/Game/NewLevel1.NewLevel1:PersistentLevel.NewLevel1' with GeneratedClass '/Game/NewLevel1.NewLevel1_C' with ClassGeneratedBy '/Game/NewLevel1.NewLevel1:PersistentLevel.NewLevel1'
[2017.05.29-23.12.37:357][960]LogBlueprintUserMessages: Early EndPlayMap Detection: Level '/Game/NewLevel1.NewLevel1:PersistentLevel' has LevelScriptBlueprint '/Game/NewLevel1.NewLevel1:PersistentLevel.NewLevel1' with GeneratedClass '/Game/NewLevel1.NewLevel1_C' with ClassGeneratedBy '/Game/NewLevel1.NewLevel1:PersistentLevel.NewLevel1'
[2017.05.29-23.12.37:410][960]LogBlueprintUserMessages: Late EndPlayMap Detection: Level '/Game/NewLevel1.NewLevel1:PersistentLevel' has LevelScriptBlueprint '/Game/NewLevel1.NewLevel1:PersistentLevel.NewLevel1' with GeneratedClass '/Game/NewLevel1.NewLevel1_C' with ClassGeneratedBy '/Game/NewLevel1.NewLevel1:PersistentLevel.NewLevel1'
[2017.05.29-23.12.39:925][  9]LogTemp: Repeting last play command: Selected Viewport
[2017.05.29-23.12.40:058][  9]LogBlueprintUserMessages: Early PlayInEditor Detection: Level '/Game/NewLevel1.NewLevel1:PersistentLevel' has LevelScriptBlueprint '/Game/NewLevel1.NewLevel1:PersistentLevel.NewLevel1' with GeneratedClass '/Game/NewLevel1.NewLevel1_C' with ClassGeneratedBy '/Game/NewLevel1.NewLevel1:PersistentLevel.NewLevel1'
[2017.05.29-23.12.40:058][  9]LogPlayLevel: PlayLevel: No blueprints needed recompiling
[2017.05.29-23.12.40:059][  9]PIE: New page: PIE session: NewLevel1 (30 May 2017 6:12:40 pm)
[2017.05.29-23.12.40:059][  9]LogPlayLevel: Creating play world package: /Game/UEDPIE_0_NewLevel1
[2017.05.29-23.12.40:268][  9]LogPlayLevel: PIE: StaticDuplicateObject took: (0.209097s)
[2017.05.29-23.12.40:270][  9]LogAIModule: Creating AISystem for world NewLevel1
[2017.05.29-23.12.40:270][  9]LogPlayLevel: PIE: World Init took: (0.001982s)
[2017.05.29-23.12.40:271][  9]LogPlayLevel: PIE: Created PIE world by copying editor world from /Game/NewLevel1.NewLevel1 to /Game/UEDPIE_0_NewLevel1.NewLevel1 (0.212299s)
[2017.05.29-23.12.40:397][  9]LogInit: XAudio2 using 'Speakers/Headphones (Realtek High Definition Audio)' : 2 channels at 48 kHz using 32 bits per sample (channel mask 0x3)
[2017.05.29-23.12.40:440][  9]LogInit: FAudioDevice initialized.
[2017.05.29-23.12.40:491][  9]LogLoad: Game class is 'MyGame_C'
[2017.05.29-23.12.40:548][  9]LogWorld: Bringing World /Game/UEDPIE_0_NewLevel1.NewLevel1 up for play (max tick rate 60) at 2017.05.30-08.42.40
[2017.05.29-23.12.40:553][  9]LogWorld: Bringing up level for play took: 0.060708
[2017.05.29-23.12.40:573][  9]PIE: Info Play in editor start time for /Game/UEDPIE_0_NewLevel1 0.534
[2017.05.29-23.12.40:574][  9]LogBlueprintUserMessages: Late PlayInEditor Detection: Level '/Game/NewLevel1.NewLevel1:PersistentLevel' has LevelScriptBlueprint '/Game/NewLevel1.NewLevel1:PersistentLevel.NewLevel1' with GeneratedClass '/Game/NewLevel1.NewLevel1_C' with ClassGeneratedBy '/Game/NewLevel1.NewLevel1:PersistentLevel.NewLevel1'
[2017.05.29-23.12.55:842][679]LogBlueprintUserMessages: [Monster1_54] Is working
[2017.05.29-23.12.55:842][679]LogBlueprintUserMessages: [Monster1_54] 25
[2017.05.29-23.12.55:863][680]LogBlueprintUserMessages: [Monster1_54] Is working
[2017.05.29-23.12.55:863][680]LogBlueprintUserMessages: [Monster1_54] 0
[2017.05.29-23.12.55:863][680]LogBlueprintUserMessages: [Monster1_54] I commited suicide
[2017.05.29-23.12.56:270][701]LogBlueprintUserMessages: Early EndPlayMap Detection: Level '/Game/NewLevel1.NewLevel1:PersistentLevel' has LevelScriptBlueprint '/Game/NewLevel1.NewLevel1:PersistentLevel.NewLevel1' with GeneratedClass '/Game/NewLevel1.NewLevel1_C' with ClassGeneratedBy '/Game/NewLevel1.NewLevel1:PersistentLevel.NewLevel1'
[2017.05.29-23.12.56:321][701]LogBlueprintUserMessages: Late EndPlayMap Detection: Level '/Game/NewLevel1.NewLevel1:PersistentLevel' has LevelScriptBlueprint '/Game/NewLevel1.NewLevel1:PersistentLevel.NewLevel1' with GeneratedClass '/Game/NewLevel1.NewLevel1_C' with ClassGeneratedBy '/Game/NewLevel1.NewLevel1:PersistentLevel.NewLevel1'
[2017.05.29-23.12.59:559][764]LogEditorViewport: Clicking on Actor (LMB): StaticMeshActor (Wall_500x653)
[2017.05.29-23.13.00:999][778]LogHttp:Warning: 0000008DC9C94D00: request failed, libcurl error: 6 (Couldn't resolve host name)
[2017.05.29-23.13.00:999][778]LogHttp:Warning: 0000008DC9C94D00: libcurl info message cache 0 (Could not resolve host: datarouter.ol.epicgames.com)
[2017.05.29-23.13.00:999][778]LogHttp:Warning: 0000008DC9C94D00: libcurl info message cache 1 (Closing connection 4)
[2017.05.29-23.13.01:814][794]LogTemp: Repeting last play command: Selected Viewport
[2017.05.29-23.13.01:948][794]LogBlueprintUserMessages: Early PlayInEditor Detection: Level '/Game/NewLevel1.NewLevel1:PersistentLevel' has LevelScriptBlueprint '/Game/NewLevel1.NewLevel1:PersistentLevel.NewLevel1' with GeneratedClass '/Game/NewLevel1.NewLevel1_C' with ClassGeneratedBy '/Game/NewLevel1.NewLevel1:PersistentLevel.NewLevel1'
[2017.05.29-23.13.01:949][794]LogPlayLevel: PlayLevel: No blueprints needed recompiling
[2017.05.29-23.13.01:949][794]PIE: New page: PIE session: NewLevel1 (30 May 2017 6:13:01 pm)
[2017.05.29-23.13.01:949][794]LogPlayLevel: Creating play world package: /Game/UEDPIE_0_NewLevel1
[2017.05.29-23.13.02:134][794]LogPlayLevel: PIE: StaticDuplicateObject took: (0.185184s)
[2017.05.29-23.13.02:140][794]LogAIModule: Creating AISystem for world NewLevel1
[2017.05.29-23.13.02:140][794]LogPlayLevel: PIE: World Init took: (0.005628s)
[2017.05.29-23.13.02:141][794]LogPlayLevel: PIE: Created PIE world by copying editor world from /Game/NewLevel1.NewLevel1 to /Game/UEDPIE_0_NewLevel1.NewLevel1 (0.192202s)
[2017.05.29-23.13.02:250][794]LogInit: XAudio2 using 'Speakers/Headphones (Realtek High Definition Audio)' : 2 channels at 48 kHz using 32 bits per sample (channel mask 0x3)
[2017.05.29-23.13.02:286][794]LogInit: FAudioDevice initialized.
[2017.05.29-23.13.02:336][794]LogLoad: Game class is 'MyGame_C'
[2017.05.29-23.13.02:390][794]LogWorld: Bringing World /Game/UEDPIE_0_NewLevel1.NewLevel1 up for play (max tick rate 60) at 2017.05.30-08.43.02
[2017.05.29-23.13.02:395][794]LogWorld: Bringing up level for play took: 0.057302
[2017.05.29-23.13.02:406][794]PIE: Info Play in editor start time for /Game/UEDPIE_0_NewLevel1 0.367
[2017.05.29-23.13.02:408][794]LogBlueprintUserMessages: Late PlayInEditor Detection: Level '/Game/NewLevel1.NewLevel1:PersistentLevel' has LevelScriptBlueprint '/Game/NewLevel1.NewLevel1:PersistentLevel.NewLevel1' with GeneratedClass '/Game/NewLevel1.NewLevel1_C' with ClassGeneratedBy '/Game/NewLevel1.NewLevel1:PersistentLevel.NewLevel1'
[2017.05.29-23.13.13:452][264]LogBlueprintUserMessages: [Monster1_54] Is working
[2017.05.29-23.13.13:452][264]LogBlueprintUserMessages: [Monster1_54] 25
[2017.05.29-23.13.13:479][265]LogBlueprintUserMessages: [Monster1_54] Is working
[2017.05.29-23.13.13:479][265]LogBlueprintUserMessages: [Monster1_54] 0
[2017.05.29-23.13.13:479][265]LogBlueprintUserMessages: [Monster1_54] I commited suicide
[2017.05.29-23.13.13:968][291]LogBlueprintUserMessages: Early EndPlayMap Detection: Level '/Game/NewLevel1.NewLevel1:PersistentLevel' has LevelScriptBlueprint '/Game/NewLevel1.NewLevel1:PersistentLevel.NewLevel1' with GeneratedClass '/Game/NewLevel1.NewLevel1_C' with ClassGeneratedBy '/Game/NewLevel1.NewLevel1:PersistentLevel.NewLevel1'
[2017.05.29-23.13.14:044][291]LogBlueprintUserMessages: Late EndPlayMap Detection: Level '/Game/NewLevel1.NewLevel1:PersistentLevel' has LevelScriptBlueprint '/Game/NewLevel1.NewLevel1:PersistentLevel.NewLevel1' with GeneratedClass '/Game/NewLevel1.NewLevel1_C' with ClassGeneratedBy '/Game/NewLevel1.NewLevel1:PersistentLevel.NewLevel1'
[2017.05.29-23.13.30:700][528]LogContentBrowser: Native class hierarchy updated for 'BlueprintGraph' in 0.0049 seconds. Added 111 classes and 0 folders.
[2017.05.29-23.13.59:389][467]BlueprintLog: New page: Compile MyCharacter
[2017.05.29-23.14.01:837][478]LogHttp:Warning: 0000008D81809180: request failed, libcurl error: 6 (Couldn't resolve host name)
[2017.05.29-23.14.01:837][478]LogHttp:Warning: 0000008D81809180: libcurl info message cache 0 (Could not resolve host: datarouter.ol.epicgames.com)
[2017.05.29-23.14.01:837][478]LogHttp:Warning: 0000008D81809180: libcurl info message cache 1 (Closing connection 5)
[2017.05.29-23.14.02:164][486]Cmd: OBJ SAVEPACKAGE PACKAGE="/Game/Characters/MyCharacter" FILE="../../../../../../Users/goutham.balaji/Documents/Unreal Projects/ProjectActual/Content/Characters/MyCharacter.uasset" SILENT=true
[2017.05.29-23.14.02:502][486]LogSavePackage: Save=230.13ms
[2017.05.29-23.14.02:502][486]LogSavePackage: Moving '../../../../../../Users/goutham.balaji/Documents/Unreal Projects/ProjectActual/Saved/MyCharacterFDE4CEB246779C838432A39E8BC44B77.tmp' to '../../../../../../Users/goutham.balaji/Documents/Unreal Projects/ProjectActual/Content/Characters/MyCharacter.uasset'
[2017.05.29-23.14.02:513][486]LogSavePackage:Display: Finished SavePackage ../../../../../../Users/goutham.balaji/Documents/Unreal Projects/ProjectActual/Content/Characters/MyCharacter.uasset
[2017.05.29-23.14.06:798][592]LogTemp: Repeting last play command: Selected Viewport
[2017.05.29-23.14.06:984][592]LogBlueprintUserMessages: Early PlayInEditor Detection: Level '/Game/NewLevel1.NewLevel1:PersistentLevel' has LevelScriptBlueprint '/Game/NewLevel1.NewLevel1:PersistentLevel.NewLevel1' with GeneratedClass '/Game/NewLevel1.NewLevel1_C' with ClassGeneratedBy '/Game/NewLevel1.NewLevel1:PersistentLevel.NewLevel1'
[2017.05.29-23.14.06:984][592]LogPlayLevel: PlayLevel: No blueprints needed recompiling
[2017.05.29-23.14.06:985][592]PIE: New page: PIE session: NewLevel1 (30 May 2017 6:14:06 pm)
[2017.05.29-23.14.06:985][592]LogPlayLevel: Creating play world package: /Game/UEDPIE_0_NewLevel1
[2017.05.29-23.14.07:190][592]LogPlayLevel: PIE: StaticDuplicateObject took: (0.203724s)
[2017.05.29-23.14.07:193][592]LogAIModule: Creating AISystem for world NewLevel1
[2017.05.29-23.14.07:193][592]LogPlayLevel: PIE: World Init took: (0.003267s)
[2017.05.29-23.14.07:194][592]LogPlayLevel: PIE: Created PIE world by copying editor world from /Game/NewLevel1.NewLevel1 to /Game/UEDPIE_0_NewLevel1.NewLevel1 (0.208400s)
[2017.05.29-23.14.07:361][592]LogInit: XAudio2 using 'Speakers/Headphones (Realtek High Definition Audio)' : 2 channels at 48 kHz using 32 bits per sample (channel mask 0x3)
[2017.05.29-23.14.07:399][592]LogInit: FAudioDevice initialized.
[2017.05.29-23.14.07:446][592]LogLoad: Game class is 'MyGame_C'
[2017.05.29-23.14.07:500][592]LogWorld: Bringing World /Game/UEDPIE_0_NewLevel1.NewLevel1 up for play (max tick rate 60) at 2017.05.30-08.44.07
[2017.05.29-23.14.07:505][592]LogWorld: Bringing up level for play took: 0.056794
[2017.05.29-23.14.07:520][592]PIE: Info Play in editor start time for /Game/UEDPIE_0_NewLevel1 1.481
[2017.05.29-23.14.07:521][592]LogBlueprintUserMessages: Late PlayInEditor Detection: Level '/Game/NewLevel1.NewLevel1:PersistentLevel' has LevelScriptBlueprint '/Game/NewLevel1.NewLevel1:PersistentLevel.NewLevel1' with GeneratedClass '/Game/NewLevel1.NewLevel1_C' with ClassGeneratedBy '/Game/NewLevel1.NewLevel1:PersistentLevel.NewLevel1'
[2017.05.29-23.14.14:561][883]LogBlueprintUserMessages: [Monster1_54] Is working
[2017.05.29-23.14.14:561][883]LogBlueprintUserMessages: [Monster1_54] 25
[2017.05.29-23.14.14:581][884]LogBlueprintUserMessages: [Monster1_54] Is working
[2017.05.29-23.14.14:581][884]LogBlueprintUserMessages: [Monster1_54] 0
[2017.05.29-23.14.14:581][884]LogBlueprintUserMessages: [Monster1_54] I commited suicide
[2017.05.29-23.14.16:796][996]LogBlueprintUserMessages: Early EndPlayMap Detection: Level '/Game/NewLevel1.NewLevel1:PersistentLevel' has LevelScriptBlueprint '/Game/NewLevel1.NewLevel1:PersistentLevel.NewLevel1' with GeneratedClass '/Game/NewLevel1.NewLevel1_C' with ClassGeneratedBy '/Game/NewLevel1.NewLevel1:PersistentLevel.NewLevel1'
[2017.05.29-23.14.16:888][996]LogBlueprintUserMessages: Late EndPlayMap Detection: Level '/Game/NewLevel1.NewLevel1:PersistentLevel' has LevelScriptBlueprint '/Game/NewLevel1.NewLevel1:PersistentLevel.NewLevel1' with GeneratedClass '/Game/NewLevel1.NewLevel1_C' with ClassGeneratedBy '/Game/NewLevel1.NewLevel1:PersistentLevel.NewLevel1'
[2017.05.29-23.14.20:950][ 70]LogTemp: Repeting last play command: Selected Viewport
[2017.05.29-23.14.21:084][ 70]LogBlueprintUserMessages: Early PlayInEditor Detection: Level '/Game/NewLevel1.NewLevel1:PersistentLevel' has LevelScriptBlueprint '/Game/NewLevel1.NewLevel1:PersistentLevel.NewLevel1' with GeneratedClass '/Game/NewLevel1.NewLevel1_C' with ClassGeneratedBy '/Game/NewLevel1.NewLevel1:PersistentLevel.NewLevel1'
[2017.05.29-23.14.21:084][ 70]LogPlayLevel: PlayLevel: No blueprints needed recompiling
[2017.05.29-23.14.21:084][ 70]PIE: New page: PIE session: NewLevel1 (30 May 2017 6:14:21 pm)
[2017.05.29-23.14.21:085][ 70]LogPlayLevel: Creating play world package: /Game/UEDPIE_0_NewLevel1
[2017.05.29-23.14.21:264][ 70]LogPlayLevel: PIE: StaticDuplicateObject took: (0.178001s)
[2017.05.29-23.14.21:267][ 70]LogAIModule: Creating AISystem for world NewLevel1
[2017.05.29-23.14.21:267][ 70]LogPlayLevel: PIE: World Init took: (0.003169s)
[2017.05.29-23.14.21:268][ 70]LogPlayLevel: PIE: Created PIE world by copying editor world from /Game/NewLevel1.NewLevel1 to /Game/UEDPIE_0_NewLevel1.NewLevel1 (0.182560s)
[2017.05.29-23.14.21:407][ 70]LogInit: XAudio2 using 'Speakers/Headphones (Realtek High Definition Audio)' : 2 channels at 48 kHz using 32 bits per sample (channel mask 0x3)
[2017.05.29-23.14.21:441][ 70]LogInit: FAudioDevice initialized.
[2017.05.29-23.14.21:485][ 70]LogLoad: Game class is 'MyGame_C'
[2017.05.29-23.14.21:541][ 70]LogWorld: Bringing World /Game/UEDPIE_0_NewLevel1.NewLevel1 up for play (max tick rate 60) at 2017.05.30-08.44.21
[2017.05.29-23.14.21:545][ 70]LogWorld: Bringing up level for play took: 0.058509
[2017.05.29-23.14.21:556][ 70]PIE: Info Play in editor start time for /Game/UEDPIE_0_NewLevel1 -0.483
[2017.05.29-23.14.21:557][ 70]LogBlueprintUserMessages: Late PlayInEditor Detection: Level '/Game/NewLevel1.NewLevel1:PersistentLevel' has LevelScriptBlueprint '/Game/NewLevel1.NewLevel1:PersistentLevel.NewLevel1' with GeneratedClass '/Game/NewLevel1.NewLevel1_C' with ClassGeneratedBy '/Game/NewLevel1.NewLevel1:PersistentLevel.NewLevel1'
[2017.05.29-23.14.59:995][867]LogBlueprintUserMessages: Early EndPlayMap Detection: Level '/Game/NewLevel1.NewLevel1:PersistentLevel' has LevelScriptBlueprint '/Game/NewLevel1.NewLevel1:PersistentLevel.NewLevel1' with GeneratedClass '/Game/NewLevel1.NewLevel1_C' with ClassGeneratedBy '/Game/NewLevel1.NewLevel1:PersistentLevel.NewLevel1'
[2017.05.29-23.15.00:097][867]LogBlueprintUserMessages: Late EndPlayMap Detection: Level '/Game/NewLevel1.NewLevel1:PersistentLevel' has LevelScriptBlueprint '/Game/NewLevel1.NewLevel1:PersistentLevel.NewLevel1' with GeneratedClass '/Game/NewLevel1.NewLevel1_C' with ClassGeneratedBy '/Game/NewLevel1.NewLevel1:PersistentLevel.NewLevel1'
[2017.05.29-23.15.03:399][925]LogTemp: Repeting last play command: Selected Viewport
[2017.05.29-23.15.03:546][925]LogBlueprintUserMessages: Early PlayInEditor Detection: Level '/Game/NewLevel1.NewLevel1:PersistentLevel' has LevelScriptBlueprint '/Game/NewLevel1.NewLevel1:PersistentLevel.NewLevel1' with GeneratedClass '/Game/NewLevel1.NewLevel1_C' with ClassGeneratedBy '/Game/NewLevel1.NewLevel1:PersistentLevel.NewLevel1'
[2017.05.29-23.15.03:546][925]LogPlayLevel: PlayLevel: No blueprints needed recompiling
[2017.05.29-23.15.03:547][925]PIE: New page: PIE session: NewLevel1 (30 May 2017 6:15:03 pm)
[2017.05.29-23.15.03:547][925]LogPlayLevel: Creating play world package: /Game/UEDPIE_0_NewLevel1
[2017.05.29-23.15.03:736][925]LogPlayLevel: PIE: StaticDuplicateObject took: (0.188544s)
[2017.05.29-23.15.03:738][925]LogAIModule: Creating AISystem for world NewLevel1
[2017.05.29-23.15.03:738][925]LogPlayLevel: PIE: World Init took: (0.002102s)
[2017.05.29-23.15.03:739][925]LogPlayLevel: PIE: Created PIE world by copying editor world from /Game/NewLevel1.NewLevel1 to /Game/UEDPIE_0_NewLevel1.NewLevel1 (0.191980s)
[2017.05.29-23.15.03:886][925]LogInit: XAudio2 using 'Speakers/Headphones (Realtek High Definition Audio)' : 2 channels at 48 kHz using 32 bits per sample (channel mask 0x3)
[2017.05.29-23.15.03:929][925]LogInit: FAudioDevice initialized.
[2017.05.29-23.15.03:979][925]LogLoad: Game class is 'MyGame_C'
[2017.05.29-23.15.04:039][925]LogWorld: Bringing World /Game/UEDPIE_0_NewLevel1.NewLevel1 up for play (max tick rate 60) at 2017.05.30-08.45.04
[2017.05.29-23.15.04:043][925]LogWorld: Bringing up level for play took: 0.062129
[2017.05.29-23.15.04:054][925]PIE: Info Play in editor start time for /Game/UEDPIE_0_NewLevel1 0.014
[2017.05.29-23.15.04:055][925]LogBlueprintUserMessages: Late PlayInEditor Detection: Level '/Game/NewLevel1.NewLevel1:PersistentLevel' has LevelScriptBlueprint '/Game/NewLevel1.NewLevel1:PersistentLevel.NewLevel1' with GeneratedClass '/Game/NewLevel1.NewLevel1_C' with ClassGeneratedBy '/Game/NewLevel1.NewLevel1:PersistentLevel.NewLevel1'
[2017.05.29-23.15.06:873][ 13]LogHttp:Warning: 0000008D81292C80: request failed, libcurl error: 6 (Couldn't resolve host name)
[2017.05.29-23.15.06:873][ 13]LogHttp:Warning: 0000008D81292C80: libcurl info message cache 0 (Could not resolve host: datarouter.ol.epicgames.com)
[2017.05.29-23.15.06:873][ 13]LogHttp:Warning: 0000008D81292C80: libcurl info message cache 1 (Closing connection 6)
[2017.05.29-23.16.47:837][912]LogBlueprintUserMessages: Early EndPlayMap Detection: Level '/Game/NewLevel1.NewLevel1:PersistentLevel' has LevelScriptBlueprint '/Game/NewLevel1.NewLevel1:PersistentLevel.NewLevel1' with GeneratedClass '/Game/NewLevel1.NewLevel1_C' with ClassGeneratedBy '/Game/NewLevel1.NewLevel1:PersistentLevel.NewLevel1'
[2017.05.29-23.16.47:947][912]LogBlueprintUserMessages: Late EndPlayMap Detection: Level '/Game/NewLevel1.NewLevel1:PersistentLevel' has LevelScriptBlueprint '/Game/NewLevel1.NewLevel1:PersistentLevel.NewLevel1' with GeneratedClass '/Game/NewLevel1.NewLevel1_C' with ClassGeneratedBy '/Game/NewLevel1.NewLevel1:PersistentLevel.NewLevel1'
[2017.05.29-23.16.55:204][ 40]LogWindowsTextInputMethodSystem:Display: IME system now deactivated.
[2017.05.29-23.16.55:800][ 41]Cmd: QUIT_EDITOR
[2017.05.29-23.16.56:848][ 41]LogExit: Preparing to exit.
[2017.05.29-23.16.57:796][ 41]LogDirectoryWatcher: A directory notification for 'C:/Users/goutham.balaji/Documents/Unreal Projects/ProjectActual/Content/' was aborted.
[2017.05.29-23.16.57:937][ 41]LogExit: Editor shut down
[2017.05.29-23.16.57:938][ 41]LogExit: Transaction tracking system shut down
[2017.05.29-23.16.58:287][ 41]LogObj: Freed 0b from 0 cluster array pools.
[2017.05.29-23.16.58:288][ 41]LogExit: Object subsystem successfully closed.
[2017.05.29-23.16.58:321][ 41]LogD3D11RHI: Shutdown
[2017.05.29-23.16.58:321][ 41]LogD3D11RHI: CleanupD3DDevice
[2017.05.29-23.16.58:668][ 41]LogD3D11RHI: ~FD3D11DynamicRHI
[2017.05.29-23.16.58:739][ 41]LogHttp:Display: Http module shutting down, but needs to wait on 1 outstanding Http requests:
[2017.05.29-23.16.58:739][ 41]LogHttp:Display: 	verb=[POST] url=[https://datarouter.ol.epicgames.com/datarouter/api/v1/public/data?SessionID=%7BBA1F98AA-48C4-0E4D-A636-68802C715A7D%7D&AppID=UEEditor.Rocket.Release&AppVersion=4.14.3-3249277%2B%2B%2BUE4%2BRelease-4.14&UserID=bf8cfc4e404371cd7453d089c9ac27a0%7Cbea9a9145b174597b4f37c6fdd11633f%7C8239370e-8e74-4144-86be-ed7d41079ee3&AppEnvironment=datacollector-binary&UploadType=eteventstream] status=Processing
[2017.05.29-23.16.58:740][ 41]LogHttp:Warning: 0000008DC9CFB280: request failed, libcurl error: 6 (Couldn't resolve host name)
[2017.05.29-23.16.58:740][ 41]LogHttp:Warning: 0000008DC9CFB280: libcurl info message cache 0 (Could not resolve host: datarouter.ol.epicgames.com)
[2017.05.29-23.16.58:740][ 41]LogHttp:Warning: 0000008DC9CFB280: libcurl info message cache 1 (Closing connection 7)
[2017.05.29-23.16.58:753][ 41]LogModuleManager: Shutting down and abandoning module BlueprintGraph (244)
[2017.05.29-23.16.58:753][ 41]LogModuleManager: Shutting down and abandoning module BlueprintProfiler (243)
[2017.05.29-23.16.58:754][ 41]LogModuleManager: Shutting down and abandoning module MovieSceneCapture (242)
[2017.05.29-23.16.58:755][ 41]LogModuleManager: Shutting down and abandoning module HierarchicalLODOutliner (241)
[2017.05.29-23.16.58:755][ 41]LogModuleManager: Shutting down and abandoning module CrashTracker (240)
[2017.05.29-23.16.58:755][ 41]LogModuleManager: Shutting down and abandoning module SceneOutliner (239)
[2017.05.29-23.16.58:755][ 41]LogModuleManager: Shutting down and abandoning module WidgetCarousel (238)
[2017.05.29-23.16.58:755][ 41]LogModuleManager: Shutting down and abandoning module AddContentDialog (237)
[2017.05.29-23.16.58:755][ 41]LogDirectoryWatcher: A directory notification for 'C:/Program Files/Epic Games/UE_4.14/FeaturePacks/' was aborted.
[2017.05.29-23.16.58:759][ 41]LogModuleManager: Shutting down and abandoning module GameplayTags (236)
[2017.05.29-23.16.58:759][ 41]LogModuleManager: Shutting down and abandoning module EditorWidgets (235)
[2017.05.29-23.16.58:759][ 41]LogModuleManager: Shutting down and abandoning module CollectionManager (234)
[2017.05.29-23.16.58:759][ 41]LogDirectoryWatcher: A directory notification for 'C:/Users/goutham.balaji/Documents/Unreal Projects/ProjectActual/Content/Collections/' was aborted.
[2017.05.29-23.16.58:759][ 41]LogDirectoryWatcher: A directory notification for 'C:/Users/goutham.balaji/Documents/Unreal Projects/ProjectActual/Content/Developers/gouthambalaji/Collections/' was aborted.
[2017.05.29-23.16.58:759][ 41]LogDirectoryWatcher: A directory notification for 'C:/Users/goutham.balaji/Documents/Unreal Projects/ProjectActual/Saved/Collections/' was aborted.
[2017.05.29-23.16.58:759][ 41]LogModuleManager: Shutting down and abandoning module StatsViewer (233)
[2017.05.29-23.16.58:760][ 41]LogModuleManager: Shutting down and abandoning module FoliageEdit (232)
[2017.05.29-23.16.58:760][ 41]LogModuleManager: Shutting down and abandoning module LandscapeEditor (231)
[2017.05.29-23.16.58:761][ 41]LogModuleManager: Shutting down and abandoning module SceneDepthPickerMode (230)
[2017.05.29-23.16.58:761][ 41]LogModuleManager: Shutting down and abandoning module ActorPickerMode (229)
[2017.05.29-23.16.58:761][ 41]LogModuleManager: Shutting down and abandoning module GeometryMode (228)
[2017.05.29-23.16.58:761][ 41]LogModuleManager: Shutting down and abandoning module TextureAlignMode (227)
[2017.05.29-23.16.58:761][ 41]LogModuleManager: Shutting down and abandoning module BspMode (226)
[2017.05.29-23.16.58:761][ 41]LogModuleManager: Shutting down and abandoning module HardwareSurvey (225)
[2017.05.29-23.16.58:761][ 41]LogModuleManager: Shutting down and abandoning module SequenceRecorderSections (224)
[2017.05.29-23.16.58:761][ 41]LogModuleManager: Shutting down and abandoning module AutomationWorker (223)
[2017.05.29-23.16.58:761][ 41]LogModuleManager: Shutting down and abandoning module MatineeToLevelSequence (222)
[2017.05.29-23.16.58:761][ 41]LogModuleManager: Shutting down and abandoning module PlacementMode (221)
[2017.05.29-23.16.58:761][ 41]LogModuleManager: Shutting down and abandoning module LevelSequenceEditor (220)
[2017.05.29-23.16.58:762][ 41]LogModuleManager: Shutting down and abandoning module WmfMediaFactory (219)
[2017.05.29-23.16.58:762][ 41]LogModuleManager: Shutting down and abandoning module WmfMediaEditor (218)
[2017.05.29-23.16.58:762][ 41]LogModuleManager: Shutting down and abandoning module AvfMediaFactory (217)
[2017.05.29-23.16.58:762][ 41]LogModuleManager: Shutting down and abandoning module AvfMediaEditor (216)
[2017.05.29-23.16.58:762][ 41]LogModuleManager: Shutting down and abandoning module Media (215)
[2017.05.29-23.16.58:762][ 41]LogModuleManager: Shutting down and abandoning module AndroidMediaFactory (214)
[2017.05.29-23.16.58:762][ 41]LogModuleManager: Shutting down and abandoning module AndroidMediaEditor (213)
[2017.05.29-23.16.58:762][ 41]LogModuleManager: Shutting down and abandoning module CharacterAI (212)
[2017.05.29-23.16.58:762][ 41]LogModuleManager: Shutting down and abandoning module SequenceRecorder (211)
[2017.05.29-23.16.58:762][ 41]LogModuleManager: Shutting down and abandoning module AudioCapture (210)
[2017.05.29-23.16.58:762][ 41]LogModuleManager: Shutting down and abandoning module SmartSnapping (209)
[2017.05.29-23.16.58:763][ 41]LogModuleManager: Shutting down and abandoning module SessionServices (208)
[2017.05.29-23.16.58:763][ 41]LogModuleManager: Shutting down and abandoning module ViewportSnapping (207)
[2017.05.29-23.16.58:763][ 41]LogModuleManager: Shutting down and abandoning module ViewportInteraction (206)
[2017.05.29-23.16.58:763][ 41]LogModuleManager: Shutting down and abandoning module LogVisualizer (205)
[2017.05.29-23.16.58:763][ 41]LogModuleManager: Shutting down and abandoning module GameProjectGeneration (204)
[2017.05.29-23.16.58:764][ 41]LogModuleManager: Shutting down and abandoning module IntroTutorials (203)
[2017.05.29-23.16.58:764][ 41]LogModuleManager: Shutting down and abandoning module EditorLiveStreaming (202)
[2017.05.29-23.16.58:765][ 41]LogModuleManager: Shutting down and abandoning module IOSPlatformEditor (201)
[2017.05.29-23.16.58:765][ 41]LogModuleManager: Shutting down and abandoning module HTML5PlatformEditor (200)
[2017.05.29-23.16.58:765][ 41]LogModuleManager: Shutting down and abandoning module AndroidDeviceDetection (199)
[2017.05.29-23.16.59:339][ 41]LogModuleManager: Shutting down and abandoning module AndroidPlatformEditor (198)
[2017.05.29-23.16.59:339][ 41]LogModuleManager: Shutting down and abandoning module IOSRuntimeSettings (197)
[2017.05.29-23.16.59:339][ 41]LogModuleManager: Shutting down and abandoning module AndroidRuntimeSettings (196)
[2017.05.29-23.16.59:339][ 41]LogModuleManager: Shutting down and abandoning module InputBindingEditor (195)
[2017.05.29-23.16.59:339][ 41]LogModuleManager: Shutting down and abandoning module NiagaraEditor (194)
[2017.05.29-23.16.59:343][ 41]LogModuleManager: Shutting down and abandoning module MergeActors (193)
[2017.05.29-23.16.59:343][ 41]LogModuleManager: Shutting down and abandoning module SizeMap (192)
[2017.05.29-23.16.59:343][ 41]LogModuleManager: Shutting down and abandoning module TreeMap (191)
[2017.05.29-23.16.59:343][ 41]LogModuleManager: Shutting down and abandoning module ReferenceViewer (190)
[2017.05.29-23.16.59:343][ 41]LogModuleManager: Shutting down and abandoning module LocalizationService (189)
[2017.05.29-23.16.59:343][ 41]LogModuleManager: Shutting down and abandoning module LocalizationDashboard (188)
[2017.05.29-23.16.59:344][ 41]LogModuleManager: Shutting down and abandoning module HardwareTargeting (187)
[2017.05.29-23.16.59:344][ 41]LogModuleManager: Shutting down and abandoning module DeviceProfileEditor (186)
[2017.05.29-23.16.59:344][ 41]LogModuleManager: Shutting down and abandoning module UndoHistory (185)
[2017.05.29-23.16.59:345][ 41]LogModuleManager: Shutting down and abandoning module UserFeedback (184)
[2017.05.29-23.16.59:345][ 41]LogModuleManager: Shutting down and abandoning module XmlParser (183)
[2017.05.29-23.16.59:345][ 41]LogModuleManager: Shutting down and abandoning module Blutility (182)
[2017.05.29-23.16.59:345][ 41]LogModuleManager: Shutting down and abandoning module ProjectTargetPlatformEditor (181)
[2017.05.29-23.16.59:345][ 41]LogModuleManager: Shutting down and abandoning module ProjectSettingsViewer (180)
[2017.05.29-23.16.59:345][ 41]LogModuleManager: Shutting down and abandoning module EditorSettingsViewer (179)
[2017.05.29-23.16.59:345][ 41]LogModuleManager: Shutting down and abandoning module SettingsEditor (178)
[2017.05.29-23.16.59:346][ 41]LogModuleManager: Shutting down and abandoning module ProjectLauncher (177)
[2017.05.29-23.16.59:347][ 41]LogModuleManager: Shutting down and abandoning module SessionFrontend (176)
[2017.05.29-23.16.59:347][ 41]LogModuleManager: Shutting down and abandoning module ProfilerClient (175)
[2017.05.29-23.16.59:348][ 41]LogModuleManager: Shutting down and abandoning module TargetDeviceServices (174)
[2017.05.29-23.16.59:348][ 41]LogModuleManager: Shutting down and abandoning module DeviceManager (173)
[2017.05.29-23.16.59:393][ 41]LogModuleManager: Shutting down and abandoning module AutomationController (172)
[2017.05.29-23.16.59:393][ 41]LogModuleManager: Shutting down and abandoning module AutomationWindow (171)
[2017.05.29-23.16.59:394][ 41]LogModuleManager: Shutting down and abandoning module Layers (170)
[2017.05.29-23.16.59:395][ 41]LogModuleManager: Shutting down and abandoning module ComponentVisualizers (169)
[2017.05.29-23.16.59:395][ 41]LogModuleManager: Shutting down and abandoning module DetailCustomizations (168)
[2017.05.29-23.16.59:396][ 41]LogModuleManager: Shutting down and abandoning module PackagesDialog (167)
[2017.05.29-23.16.59:396][ 41]LogModuleManager: Shutting down and abandoning module AnimGraph (166)
[2017.05.29-23.16.59:396][ 41]LogModuleManager: Shutting down and abandoning module Persona (165)
[2017.05.29-23.16.59:396][ 41]LogModuleManager: Shutting down and abandoning module Kismet (164)
[2017.05.29-23.16.59:418][ 41]LogModuleManager: Shutting down and abandoning module GraphEditor (163)
[2017.05.29-23.16.59:418][ 41]LogModuleManager: Shutting down and abandoning module ClassViewer (162)
[2017.05.29-23.16.59:419][ 41]LogModuleManager: Shutting down and abandoning module Toolbox (161)
[2017.05.29-23.16.59:419][ 41]LogModuleManager: Shutting down and abandoning module ModuleUI (160)
[2017.05.29-23.16.59:419][ 41]LogModuleManager: Shutting down and abandoning module MovieSceneTools (159)
[2017.05.29-23.16.59:420][ 41]LogModuleManager: Shutting down and abandoning module OutputLog (158)
[2017.05.29-23.16.59:421][ 41]LogModuleManager: Shutting down and abandoning module GammaUI (157)
[2017.05.29-23.16.59:421][ 41]LogModuleManager: Shutting down and abandoning module Documentation (156)
[2017.05.29-23.16.59:421][ 41]LogModuleManager: Shutting down and abandoning module Niagara (155)
[2017.05.29-23.16.59:421][ 41]LogModuleManager: Shutting down and abandoning module StreamingPauseRendering (154)
[2017.05.29-23.16.59:421][ 41]LogModuleManager: Shutting down and abandoning module AnalyticsET (153)
[2017.05.29-23.16.59:422][ 41]LogModuleManager: Shutting down and abandoning module PortalServices (152)
[2017.05.29-23.16.59:422][ 41]LogModuleManager: Shutting down and abandoning module PortalRpc (151)
[2017.05.29-23.16.59:422][ 41]LogModuleManager: Shutting down and abandoning module MessagingRpc (150)
[2017.05.29-23.16.59:422][ 41]LogModuleManager: Shutting down and abandoning module GameplayDebugger (149)
[2017.05.29-23.16.59:422][ 41]LogModuleManager: Shutting down and abandoning module AITestSuite (148)
[2017.05.29-23.16.59:422][ 41]LogModuleManager: Shutting down and abandoning module AIModule (147)
[2017.05.29-23.16.59:422][ 41]LogModuleManager: Shutting down and abandoning module ProfilerService (146)
[2017.05.29-23.16.59:566][ 41]LogModuleManager: Shutting down and abandoning module TaskGraph (145)
[2017.05.29-23.16.59:569][ 41]LogModuleManager: Shutting down and abandoning module SlateRemote (144)
[2017.05.29-23.16.59:569][ 41]LogModuleManager: Shutting down and abandoning module SteamVRController (143)
[2017.05.29-23.16.59:569][ 41]LogModuleManager: Shutting down and abandoning module SteamVR (142)
[2017.05.29-23.16.59:569][ 41]LogModuleManager: Shutting down and abandoning module ProceduralMeshComponentEditor (141)
[2017.05.29-23.16.59:569][ 41]LogModuleManager: Shutting down and abandoning module ProceduralMeshComponent (140)
[2017.05.29-23.16.59:569][ 41]LogModuleManager: Shutting down and abandoning module OculusLibrary (139)
[2017.05.29-23.16.59:569][ 41]LogModuleManager: Shutting down and abandoning module OculusInput (138)
[2017.05.29-23.16.59:569][ 41]LogModuleManager: Shutting down and abandoning module MobilePatchingUtils (137)
[2017.05.29-23.16.59:569][ 41]LogModuleManager: Shutting down and abandoning module CustomMeshComponent (136)
[2017.05.29-23.16.59:569][ 41]LogModuleManager: Shutting down and abandoning module CableComponent (135)
[2017.05.29-23.16.59:569][ 41]LogModuleManager: Shutting down and abandoning module ArchVisCharacter (134)
[2017.05.29-23.16.59:569][ 41]LogModuleManager: Shutting down and abandoning module MediaPlayerEditor (132)
[2017.05.29-23.16.59:570][ 41]LogModuleManager: Shutting down and abandoning module HTML5Networking (131)
[2017.05.29-23.16.59:571][ 41]LogModuleManager: Shutting down and abandoning module GeometryCacheEd (130)
[2017.05.29-23.16.59:571][ 41]LogModuleManager: Shutting down and abandoning module GeometryCache (129)
[2017.05.29-23.16.59:571][ 41]LogModuleManager: Shutting down and abandoning module AlembicLibrary (128)
[2017.05.29-23.16.59:571][ 41]LogModuleManager: Shutting down and abandoning module AlembicImporter (127)
[2017.05.29-23.16.59:571][ 41]LogModuleManager: Shutting down and abandoning module SuperSearch (126)
[2017.05.29-23.16.59:571][ 41]LogModuleManager: Shutting down and abandoning module SuperSearchEditor (125)
[2017.05.29-23.16.59:571][ 41]LogModuleManager: Shutting down and abandoning module SpeedTreeImporter (124)
[2017.05.29-23.16.59:571][ 41]LogModuleManager: Shutting down and abandoning module PluginBrowser (123)
[2017.05.29-23.16.59:571][ 41]LogModuleManager: Shutting down and abandoning module MobileLauncherProfileWizard (122)
[2017.05.29-23.16.59:572][ 41]LogModuleManager: Shutting down and abandoning module EpicSurvey (121)
[2017.05.29-23.16.59:572][ 41]LogModuleManager: Shutting down and abandoning module DesktopPlatform (120)
[2017.05.29-23.16.59:572][ 41]LogModuleManager: Shutting down and abandoning module VisualStudioSourceCodeAccess (119)
[2017.05.29-23.16.59:572][ 41]LogModuleManager: Shutting down and abandoning module UObjectPlugin (118)
[2017.05.29-23.16.59:572][ 41]LogModuleManager: Shutting down and abandoning module SubversionSourceControl (117)
[2017.05.29-23.16.59:572][ 41]LogModuleManager: Shutting down and abandoning module PerforceSourceControl (116)
[2017.05.29-23.16.59:572][ 41]LogModuleManager: Shutting down and abandoning module SourceControl (115)
[2017.05.29-23.16.59:572][ 41]LogModuleManager: Shutting down and abandoning module GitSourceControl (114)
[2017.05.29-23.16.59:573][ 41]LogModuleManager: Shutting down and abandoning module LightPropagationVolumeEditor (113)
[2017.05.29-23.16.59:573][ 41]LogModuleManager: Shutting down and abandoning module PaperTiledImporter (112)
[2017.05.29-23.16.59:573][ 41]LogModuleManager: Shutting down and abandoning module PaperSpriteSheetImporter (111)
[2017.05.29-23.16.59:573][ 41]LogModuleManager: Shutting down and abandoning module MeshPaint (110)
[2017.05.29-23.16.59:573][ 41]LogModuleManager: Shutting down and abandoning module PixelInspectorModule (109)
[2017.05.29-23.16.59:573][ 41]LogModuleManager: Shutting down and abandoning module HotReload (108)
[2017.05.29-23.16.59:574][ 41]LogModuleManager: Shutting down and abandoning module MainFrame (107)
[2017.05.29-23.16.59:574][ 41]LogModuleManager: Shutting down and abandoning module LevelEditor (106)
[2017.05.29-23.16.59:576][ 41]LogModuleManager: Shutting down and abandoning module ContentBrowser (105)
[2017.05.29-23.16.59:579][ 41]LogModuleManager: Shutting down and abandoning module Paper2DEditor (104)
[2017.05.29-23.16.59:579][ 41]LogModuleManager: Shutting down and abandoning module UdpMessaging (103)
[2017.05.29-23.16.59:680][ 41]LogModuleManager: Shutting down and abandoning module TcpMessaging (102)
[2017.05.29-23.16.59:781][ 41]LogModuleManager: Shutting down and abandoning module LightPropagationVolumeRuntime (101)
[2017.05.29-23.16.59:781][ 41]LogModuleManager: Shutting down and abandoning module Paper2D (100)
[2017.05.29-23.16.59:781][ 41]LogModuleManager: Shutting down and abandoning module WindowsMoviePlayer (99)
[2017.05.29-23.16.59:784][ 41]LogModuleManager: Shutting down and abandoning module WmfMedia (98)
[2017.05.29-23.16.59:785][ 41]LogModuleManager: Shutting down and abandoning module MediaAssets (97)
[2017.05.29-23.16.59:785][ 41]LogModuleManager: Shutting down and abandoning module GameLiveStreaming (96)
[2017.05.29-23.16.59:786][ 41]LogModuleManager: Shutting down and abandoning module GameplayTagsEditor (95)
[2017.05.29-23.16.59:786][ 41]LogModuleManager: Shutting down and abandoning module VREditor (94)
[2017.05.29-23.16.59:786][ 41]LogModuleManager: Shutting down and abandoning module GameplayTasksEditor (93)
[2017.05.29-23.16.59:786][ 41]LogModuleManager: Shutting down and abandoning module BehaviorTreeEditor (92)
[2017.05.29-23.16.59:786][ 41]LogModuleManager: Shutting down and abandoning module FunctionalTesting (91)
[2017.05.29-23.16.59:786][ 41]LogModuleManager: Shutting down and abandoning module CollisionAnalyzer (90)
[2017.05.29-23.16.59:787][ 41]LogModuleManager: Shutting down and abandoning module Sequencer (89)
[2017.05.29-23.16.59:787][ 41]LogModuleManager: Shutting down and abandoning module WorkspaceMenuStructure (88)
[2017.05.29-23.16.59:787][ 41]LogModuleManager: Shutting down and abandoning module MessageLog (87)
[2017.05.29-23.16.59:787][ 41]LogModuleManager: Shutting down and abandoning module AssetTools (86)
[2017.05.29-23.16.59:787][ 41]LogModuleManager: Shutting down and abandoning module UMGEditor (85)
[2017.05.29-23.16.59:787][ 41]LogModuleManager: Shutting down and abandoning module UMG (84)
[2017.05.29-23.16.59:788][ 41]LogModuleManager: Shutting down and abandoning module SlateReflector (83)
[2017.05.29-23.16.59:788][ 41]LogModuleManager: Shutting down and abandoning module Slate (82)
[2017.05.29-23.16.59:789][ 41]LogModuleManager: Shutting down and abandoning module EditorStyle (81)
[2017.05.29-23.16.59:796][ 41]LogModuleManager: Shutting down and abandoning module SourceCodeAccess (80)
[2017.05.29-23.16.59:796][ 41]LogModuleManager: Shutting down and abandoning module HeadMountedDisplay (79)
[2017.05.29-23.16.59:796][ 41]LogModuleManager: Shutting down and abandoning module XAudio2 (78)
[2017.05.29-23.16.59:796][ 41]LogModuleManager: Shutting down and abandoning module Networking (76)
[2017.05.29-23.16.59:796][ 41]LogModuleManager: Shutting down and abandoning module Core (75)
[2017.05.29-23.16.59:796][ 41]LogModuleManager: Shutting down and abandoning module DirectoryWatcher (74)
[2017.05.29-23.16.59:796][ 41]LogDirectoryWatcher: A directory notification for '../../../Engine/Content/' was aborted.
[2017.05.29-23.16.59:796][ 41]LogDirectoryWatcher: A directory notification for '../../../../../../Users/goutham.balaji/Documents/Unreal Projects/ProjectActual/Content/' was aborted.
[2017.05.29-23.16.59:797][ 41]LogDirectoryWatcher: A directory notification for '../../../Engine/Plugins/2D/Paper2D/Content/' was aborted.
[2017.05.29-23.16.59:798][ 41]LogModuleManager: Shutting down and abandoning module AssetRegistry (73)
[2017.05.29-23.17.00:099][ 41]LogModuleManager: Shutting down and abandoning module KismetCompiler (72)
[2017.05.29-23.17.00:099][ 41]LogModuleManager: Shutting down and abandoning module PhysXFormats (71)
[2017.05.29-23.17.00:099][ 41]LogModuleManager: Shutting down and abandoning module SimplygonSwarm (70)
[2017.05.29-23.17.00:100][ 41]LogModuleManager: Shutting down and abandoning module SimplygonMeshReduction (69)
[2017.05.29-23.17.00:100][ 41]LogModuleManager: Shutting down and abandoning module QuadricMeshReduction (68)
[2017.05.29-23.17.00:100][ 41]LogModuleManager: Shutting down and abandoning module PropertyEditor (67)
[2017.05.29-23.17.00:100][ 41]LogModuleManager: Shutting down and abandoning module MeshUtilities (66)
[2017.05.29-23.17.00:100][ 41]LogModuleManager: Shutting down and abandoning module DerivedDataCache (65)
[2017.05.29-23.17.00:123][ 41]LogDerivedDataCache: Shutdown
[2017.05.29-23.17.00:123][ 41]LogModuleManager: Shutting down and abandoning module VulkanShaderFormat (64)
[2017.05.29-23.17.00:123][ 41]LogModuleManager: Shutting down and abandoning module ShaderFormatOpenGL (63)
[2017.05.29-23.17.00:124][ 41]LogModuleManager: Shutting down and abandoning module ShaderFormatD3D (62)
[2017.05.29-23.17.00:124][ 41]LogModuleManager: Shutting down and abandoning module MetalShaderFormat (61)
[2017.05.29-23.17.00:124][ 41]LogModuleManager: Shutting down and abandoning module TextureFormatUncompressed (60)
[2017.05.29-23.17.00:125][ 41]LogModuleManager: Shutting down and abandoning module TextureFormatPVR (59)
[2017.05.29-23.17.00:125][ 41]LogModuleManager: Shutting down and abandoning module TextureFormatDXT (58)
[2017.05.29-23.17.00:125][ 41]LogModuleManager: Shutting down and abandoning module TextureFormatIntelISPCTexComp (57)
[2017.05.29-23.17.00:125][ 41]LogModuleManager: Shutting down and abandoning module ImageWrapper (56)
[2017.05.29-23.17.00:125][ 41]LogModuleManager: Shutting down and abandoning module TextureFormatASTC (55)
[2017.05.29-23.17.00:125][ 41]LogModuleManager: Shutting down and abandoning module TextureFormatAndroid (54)
[2017.05.29-23.17.00:125][ 41]LogModuleManager: Shutting down and abandoning module AudioFormatOpus (53)
[2017.05.29-23.17.00:125][ 41]LogModuleManager: Shutting down and abandoning module AudioFormatOgg (52)
[2017.05.29-23.17.00:126][ 41]LogModuleManager: Shutting down and abandoning module AudioFormatADPCM (51)
[2017.05.29-23.17.00:126][ 41]LogModuleManager: Shutting down and abandoning module LinuxTargetPlatform (50)
[2017.05.29-23.17.00:126][ 41]LogModuleManager: Shutting down and abandoning module LinuxServerTargetPlatform (49)
[2017.05.29-23.17.00:126][ 41]LogModuleManager: Shutting down and abandoning module LinuxNoEditorTargetPlatform (48)
[2017.05.29-23.17.00:126][ 41]LogModuleManager: Shutting down and abandoning module LinuxClientTargetPlatform (47)
[2017.05.29-23.17.00:126][ 41]LogModuleManager: Shutting down and abandoning module TVOSTargetPlatform (46)
[2017.05.29-23.17.00:126][ 41]LogModuleManager: Shutting down and abandoning module Messaging (45)
[2017.05.29-23.17.00:126][ 41]LogModuleManager: Shutting down and abandoning module IOSTargetPlatform (44)
[2017.05.29-23.17.00:126][ 41]LogModuleManager: Shutting down and abandoning module HTML5TargetPlatform (43)
[2017.05.29-23.17.00:126][ 41]LogModuleManager: Shutting down and abandoning module Android_PVRTCTargetPlatform (42)
[2017.05.29-23.17.00:126][ 41]LogModuleManager: Shutting down and abandoning module Android_MultiTargetPlatform (41)
[2017.05.29-23.17.00:126][ 41]LogModuleManager: Shutting down and abandoning module Android_ETC2TargetPlatform (40)
[2017.05.29-23.17.00:126][ 41]LogModuleManager: Shutting down and abandoning module Android_ETC1TargetPlatform (39)
[2017.05.29-23.17.00:126][ 41]LogModuleManager: Shutting down and abandoning module Android_DXTTargetPlatform (38)
[2017.05.29-23.17.00:126][ 41]LogModuleManager: Shutting down and abandoning module Android_ATCTargetPlatform (37)
[2017.05.29-23.17.00:126][ 41]LogModuleManager: Shutting down and abandoning module Android_ASTCTargetPlatform (36)
[2017.05.29-23.17.00:126][ 41]LogModuleManager: Shutting down and abandoning module AndroidTargetPlatform (35)
[2017.05.29-23.17.00:126][ 41]LogModuleManager: Shutting down and abandoning module WindowsTargetPlatform (34)
[2017.05.29-23.17.00:126][ 41]LogModuleManager: Shutting down and abandoning module WindowsServerTargetPlatform (33)
[2017.05.29-23.17.00:126][ 41]LogModuleManager: Shutting down and abandoning module WindowsNoEditorTargetPlatform (32)
[2017.05.29-23.17.00:126][ 41]LogModuleManager: Shutting down and abandoning module WindowsClientTargetPlatform (31)
[2017.05.29-23.17.00:126][ 41]LogModuleManager: Shutting down and abandoning module MacTargetPlatform (30)
[2017.05.29-23.17.00:127][ 41]LogModuleManager: Shutting down and abandoning module MacServerTargetPlatform (29)
[2017.05.29-23.17.00:127][ 41]LogModuleManager: Shutting down and abandoning module MacNoEditorTargetPlatform (28)
[2017.05.29-23.17.00:127][ 41]LogModuleManager: Shutting down and abandoning module MacClientTargetPlatform (27)
[2017.05.29-23.17.00:127][ 41]LogModuleManager: Shutting down and abandoning module AllDesktopTargetPlatform (26)
[2017.05.29-23.17.00:127][ 41]LogModuleManager: Shutting down and abandoning module TargetPlatform (25)
[2017.05.29-23.17.00:127][ 41]LogModuleManager: Shutting down and abandoning module InputCore (24)
[2017.05.29-23.17.00:127][ 41]LogModuleManager: Shutting down and abandoning module Settings (23)
[2017.05.29-23.17.00:127][ 41]LogModuleManager: Shutting down and abandoning module OculusRift (22)
[2017.05.29-23.17.00:127][ 41]LogModuleManager: Shutting down and abandoning module ExampleDeviceProfileSelector (21)
[2017.05.29-23.17.00:127][ 41]LogModuleManager: Shutting down and abandoning module OnlineBlueprintSupport (20)
[2017.05.29-23.17.00:127][ 41]LogModuleManager: Shutting down and abandoning module OnlineSubsystem (18)
[2017.05.29-23.17.00:127][ 41]LogOnline:Display: Unloading online subsystem: NULL
[2017.05.29-23.17.00:128][ 41]LogModuleManager: Shutting down and abandoning module SSL (17)
[2017.05.29-23.17.00:132][ 41]LogModuleManager: Shutting down and abandoning module HTTP (16)
[2017.05.29-23.17.00:132][ 41]LogModuleManager: Shutting down and abandoning module XMPP (15)
[2017.05.29-23.17.00:133][ 41]LogModuleManager: Shutting down and abandoning module TextureCompressor (14)
[2017.05.29-23.17.00:134][ 41]LogModuleManager: Shutting down and abandoning module ShaderCore (13)
[2017.05.29-23.17.00:134][ 41]LogModuleManager: Shutting down and abandoning module Landscape (12)
[2017.05.29-23.17.00:134][ 41]LogModuleManager: Shutting down and abandoning module SlateRHIRenderer (11)
[2017.05.29-23.17.00:137][ 41]LogModuleManager: Shutting down and abandoning module OpenGLDrv (10)
[2017.05.29-23.17.00:138][ 41]LogModuleManager: Shutting down and abandoning module D3D11RHI (9)
[2017.05.29-23.17.00:138][ 41]LogModuleManager: Shutting down and abandoning module AnimGraphRuntime (8)
[2017.05.29-23.17.00:138][ 41]LogModuleManager: Shutting down and abandoning module Renderer (7)
[2017.05.29-23.17.00:138][ 41]LogModuleManager: Shutting down and abandoning module Engine (6)
[2017.05.29-23.17.00:138][ 41]LogModuleManager: Shutting down and abandoning module CoreUObject (5)
[2017.05.29-23.17.00:138][ 41]LogModuleManager: Shutting down and abandoning module NetworkFile (4)
[2017.05.29-23.17.00:139][ 41]LogModuleManager: Shutting down and abandoning module StreamingFile (3)
[2017.05.29-23.17.00:139][ 41]LogModuleManager: Shutting down and abandoning module SandboxFile (2)
[2017.05.29-23.17.00:139][ 41]LogModuleManager: Shutting down and abandoning module PakFile (1)
[2017.05.29-23.17.00:142][ 41]LogExit: Exiting.
[2017.05.29-23.17.00:149][ 41]Log file closed, 05/30/17 08:47:00
